Graph files exist. Skipping construction.
Loaded edges. Users=58,867 Items=261,728 Train=370,745 Val=46,461 Test=46,508
Using device: cuda
[CRED] Cred CSV not found: /home/dsai-st125024/project/Beyond-Binary-Fake-User-Detection-A-Credibility-Aware-Graph-based-Recommender-System/dataset/graph_pyg_parent_asin/credibility_scores_minmax.csv -> using all ones.
[POP] item_deg: min=0 max=1965 mean=1.42 nonzero=220138/261728
[POP] alpha_i:  min=0.131861 median=1.442695 max=1.442695
Epoch 01 | loss=0.690991
VAL metrics:
  K=10: P=0.0039 R=0.0393 NDCG=0.0158 (sampled(1pos+neg))
  K=20: P=0.0061 R=0.1213 NDCG=0.0361 (sampled(1pos+neg))
  ✅ Saved best model to /home/dsai-st125024/project/Beyond-Binary-Fake-User-Detection-A-Credibility-Aware-Graph-based-Recommender-System/dataset/lightgcn_pipeline_cu_message_parent/model/best_model.pt (val Recall@20=0.1213)
Epoch 02 | loss=0.687663
VAL metrics:
  K=10: P=0.0045 R=0.0453 NDCG=0.0183 (sampled(1pos+neg))
  K=20: P=0.0064 R=0.1289 NDCG=0.0391 (sampled(1pos+neg))
  ✅ Saved best model to /home/dsai-st125024/project/Beyond-Binary-Fake-User-Detection-A-Credibility-Aware-Graph-based-Recommender-System/dataset/lightgcn_pipeline_cu_message_parent/model/best_model.pt (val Recall@20=0.1289)
Epoch 03 | loss=0.682435
VAL metrics:
  K=10: P=0.0048 R=0.0483 NDCG=0.0194 (sampled(1pos+neg))
  K=20: P=0.0067 R=0.1348 NDCG=0.0408 (sampled(1pos+neg))
  ✅ Saved best model to /home/dsai-st125024/project/Beyond-Binary-Fake-User-Detection-A-Credibility-Aware-Graph-based-Recommender-System/dataset/lightgcn_pipeline_cu_message_parent/model/best_model.pt (val Recall@20=0.1348)
Epoch 04 | loss=0.674845
VAL metrics:
  K=10: P=0.0051 R=0.0507 NDCG=0.0203 (sampled(1pos+neg))
  K=20: P=0.0069 R=0.1377 NDCG=0.0419 (sampled(1pos+neg))
  ✅ Saved best model to /home/dsai-st125024/project/Beyond-Binary-Fake-User-Detection-A-Credibility-Aware-Graph-based-Recommender-System/dataset/lightgcn_pipeline_cu_message_parent/model/best_model.pt (val Recall@20=0.1377)
Epoch 05 | loss=0.664541
VAL metrics:
  K=10: P=0.0055 R=0.0550 NDCG=0.0218 (sampled(1pos+neg))
  K=20: P=0.0070 R=0.1391 NDCG=0.0427 (sampled(1pos+neg))
  ✅ Saved best model to /home/dsai-st125024/project/Beyond-Binary-Fake-User-Detection-A-Credibility-Aware-Graph-based-Recommender-System/dataset/lightgcn_pipeline_cu_message_parent/model/best_model.pt (val Recall@20=0.1391)
Epoch 06 | loss=0.652286
VAL metrics:
  K=10: P=0.0056 R=0.0556 NDCG=0.0222 (sampled(1pos+neg))
  K=20: P=0.0070 R=0.1406 NDCG=0.0434 (sampled(1pos+neg))
  ✅ Saved best model to /home/dsai-st125024/project/Beyond-Binary-Fake-User-Detection-A-Credibility-Aware-Graph-based-Recommender-System/dataset/lightgcn_pipeline_cu_message_parent/model/best_model.pt (val Recall@20=0.1406)
Epoch 07 | loss=0.638529
VAL metrics:
  K=10: P=0.0058 R=0.0576 NDCG=0.0230 (sampled(1pos+neg))
  K=20: P=0.0071 R=0.1428 NDCG=0.0443 (sampled(1pos+neg))
  ✅ Saved best model to /home/dsai-st125024/project/Beyond-Binary-Fake-User-Detection-A-Credibility-Aware-Graph-based-Recommender-System/dataset/lightgcn_pipeline_cu_message_parent/model/best_model.pt (val Recall@20=0.1428)
Epoch 08 | loss=0.624335
VAL metrics:
  K=10: P=0.0059 R=0.0587 NDCG=0.0234 (sampled(1pos+neg))
  K=20: P=0.0073 R=0.1463 NDCG=0.0453 (sampled(1pos+neg))
  ✅ Saved best model to /home/dsai-st125024/project/Beyond-Binary-Fake-User-Detection-A-Credibility-Aware-Graph-based-Recommender-System/dataset/lightgcn_pipeline_cu_message_parent/model/best_model.pt (val Recall@20=0.1463)
Epoch 09 | loss=0.610240
VAL metrics:
  K=10: P=0.0059 R=0.0590 NDCG=0.0238 (sampled(1pos+neg))
  K=20: P=0.0073 R=0.1460 NDCG=0.0455 (sampled(1pos+neg))
Epoch 10 | loss=0.597053
VAL metrics:
  K=10: P=0.0061 R=0.0606 NDCG=0.0243 (sampled(1pos+neg))
  K=20: P=0.0073 R=0.1469 NDCG=0.0459 (sampled(1pos+neg))
  ✅ Saved best model to /home/dsai-st125024/project/Beyond-Binary-Fake-User-Detection-A-Credibility-Aware-Graph-based-Recommender-System/dataset/lightgcn_pipeline_cu_message_parent/model/best_model.pt (val Recall@20=0.1469)
Epoch 11 | loss=0.584869
VAL metrics:
  K=10: P=0.0060 R=0.0604 NDCG=0.0244 (sampled(1pos+neg))
  K=20: P=0.0074 R=0.1486 NDCG=0.0464 (sampled(1pos+neg))
  ✅ Saved best model to /home/dsai-st125024/project/Beyond-Binary-Fake-User-Detection-A-Credibility-Aware-Graph-based-Recommender-System/dataset/lightgcn_pipeline_cu_message_parent/model/best_model.pt (val Recall@20=0.1486)
Epoch 12 | loss=0.574018
VAL metrics:
  K=10: P=0.0062 R=0.0616 NDCG=0.0248 (sampled(1pos+neg))
  K=20: P=0.0075 R=0.1496 NDCG=0.0468 (sampled(1pos+neg))
  ✅ Saved best model to /home/dsai-st125024/project/Beyond-Binary-Fake-User-Detection-A-Credibility-Aware-Graph-based-Recommender-System/dataset/lightgcn_pipeline_cu_message_parent/model/best_model.pt (val Recall@20=0.1496)
Epoch 13 | loss=0.563886
VAL metrics:
  K=10: P=0.0062 R=0.0619 NDCG=0.0251 (sampled(1pos+neg))
  K=20: P=0.0075 R=0.1504 NDCG=0.0472 (sampled(1pos+neg))
  ✅ Saved best model to /home/dsai-st125024/project/Beyond-Binary-Fake-User-Detection-A-Credibility-Aware-Graph-based-Recommender-System/dataset/lightgcn_pipeline_cu_message_parent/model/best_model.pt (val Recall@20=0.1504)
Epoch 14 | loss=0.554137
VAL metrics:
  K=10: P=0.0063 R=0.0632 NDCG=0.0256 (sampled(1pos+neg))
  K=20: P=0.0076 R=0.1523 NDCG=0.0478 (sampled(1pos+neg))
  ✅ Saved best model to /home/dsai-st125024/project/Beyond-Binary-Fake-User-Detection-A-Credibility-Aware-Graph-based-Recommender-System/dataset/lightgcn_pipeline_cu_message_parent/model/best_model.pt (val Recall@20=0.1523)
Epoch 15 | loss=0.545205
VAL metrics:
  K=10: P=0.0064 R=0.0635 NDCG=0.0258 (sampled(1pos+neg))
  K=20: P=0.0076 R=0.1511 NDCG=0.0477 (sampled(1pos+neg))
Epoch 16 | loss=0.536789
VAL metrics:
  K=10: P=0.0064 R=0.0639 NDCG=0.0260 (sampled(1pos+neg))
  K=20: P=0.0076 R=0.1523 NDCG=0.0481 (sampled(1pos+neg))
Epoch 17 | loss=0.528289
VAL metrics:
  K=10: P=0.0065 R=0.0655 NDCG=0.0265 (sampled(1pos+neg))
  K=20: P=0.0076 R=0.1517 NDCG=0.0481 (sampled(1pos+neg))
Epoch 18 | loss=0.520497
VAL metrics:
  K=10: P=0.0066 R=0.0656 NDCG=0.0267 (sampled(1pos+neg))
  K=20: P=0.0076 R=0.1520 NDCG=0.0483 (sampled(1pos+neg))
Epoch 19 | loss=0.512158
VAL metrics:
  K=10: P=0.0067 R=0.0668 NDCG=0.0272 (sampled(1pos+neg))
  K=20: P=0.0076 R=0.1526 NDCG=0.0487 (sampled(1pos+neg))
  ✅ Saved best model to /home/dsai-st125024/project/Beyond-Binary-Fake-User-Detection-A-Credibility-Aware-Graph-based-Recommender-System/dataset/lightgcn_pipeline_cu_message_parent/model/best_model.pt (val Recall@20=0.1526)
Epoch 20 | loss=0.504671
VAL metrics:
  K=10: P=0.0067 R=0.0670 NDCG=0.0275 (sampled(1pos+neg))
  K=20: P=0.0077 R=0.1540 NDCG=0.0492 (sampled(1pos+neg))
  ✅ Saved best model to /home/dsai-st125024/project/Beyond-Binary-Fake-User-Detection-A-Credibility-Aware-Graph-based-Recommender-System/dataset/lightgcn_pipeline_cu_message_parent/model/best_model.pt (val Recall@20=0.1540)
Epoch 21 | loss=0.496547
VAL metrics:
  K=10: P=0.0066 R=0.0664 NDCG=0.0275 (sampled(1pos+neg))
  K=20: P=0.0078 R=0.1555 NDCG=0.0498 (sampled(1pos+neg))
  ✅ Saved best model to /home/dsai-st125024/project/Beyond-Binary-Fake-User-Detection-A-Credibility-Aware-Graph-based-Recommender-System/dataset/lightgcn_pipeline_cu_message_parent/model/best_model.pt (val Recall@20=0.1555)
Epoch 22 | loss=0.489256
VAL metrics:
  K=10: P=0.0066 R=0.0662 NDCG=0.0275 (sampled(1pos+neg))
  K=20: P=0.0078 R=0.1565 NDCG=0.0501 (sampled(1pos+neg))
  ✅ Saved best model to /home/dsai-st125024/project/Beyond-Binary-Fake-User-Detection-A-Credibility-Aware-Graph-based-Recommender-System/dataset/lightgcn_pipeline_cu_message_parent/model/best_model.pt (val Recall@20=0.1565)
Epoch 23 | loss=0.481418
VAL metrics:
  K=10: P=0.0067 R=0.0669 NDCG=0.0279 (sampled(1pos+neg))
  K=20: P=0.0078 R=0.1565 NDCG=0.0503 (sampled(1pos+neg))
Epoch 24 | loss=0.474222
VAL metrics:
  K=10: P=0.0068 R=0.0677 NDCG=0.0283 (sampled(1pos+neg))
  K=20: P=0.0079 R=0.1572 NDCG=0.0506 (sampled(1pos+neg))
  ✅ Saved best model to /home/dsai-st125024/project/Beyond-Binary-Fake-User-Detection-A-Credibility-Aware-Graph-based-Recommender-System/dataset/lightgcn_pipeline_cu_message_parent/model/best_model.pt (val Recall@20=0.1572)
Epoch 25 | loss=0.466606
VAL metrics:
  K=10: P=0.0067 R=0.0674 NDCG=0.0283 (sampled(1pos+neg))
  K=20: P=0.0078 R=0.1562 NDCG=0.0505 (sampled(1pos+neg))
Epoch 26 | loss=0.459386
VAL metrics:
  K=10: P=0.0068 R=0.0681 NDCG=0.0286 (sampled(1pos+neg))
  K=20: P=0.0078 R=0.1565 NDCG=0.0507 (sampled(1pos+neg))
Epoch 27 | loss=0.452421
VAL metrics:
  K=10: P=0.0069 R=0.0694 NDCG=0.0289 (sampled(1pos+neg))
  K=20: P=0.0079 R=0.1577 NDCG=0.0510 (sampled(1pos+neg))
  ✅ Saved best model to /home/dsai-st125024/project/Beyond-Binary-Fake-User-Detection-A-Credibility-Aware-Graph-based-Recommender-System/dataset/lightgcn_pipeline_cu_message_parent/model/best_model.pt (val Recall@20=0.1577)
Epoch 28 | loss=0.445730
VAL metrics:
  K=10: P=0.0071 R=0.0706 NDCG=0.0294 (sampled(1pos+neg))
  K=20: P=0.0079 R=0.1585 NDCG=0.0513 (sampled(1pos+neg))
  ✅ Saved best model to /home/dsai-st125024/project/Beyond-Binary-Fake-User-Detection-A-Credibility-Aware-Graph-based-Recommender-System/dataset/lightgcn_pipeline_cu_message_parent/model/best_model.pt (val Recall@20=0.1585)
Epoch 29 | loss=0.437980
VAL metrics:
  K=10: P=0.0072 R=0.0716 NDCG=0.0299 (sampled(1pos+neg))
  K=20: P=0.0080 R=0.1591 NDCG=0.0517 (sampled(1pos+neg))
  ✅ Saved best model to /home/dsai-st125024/project/Beyond-Binary-Fake-User-Detection-A-Credibility-Aware-Graph-based-Recommender-System/dataset/lightgcn_pipeline_cu_message_parent/model/best_model.pt (val Recall@20=0.1591)
Epoch 30 | loss=0.432042
VAL metrics:
  K=10: P=0.0071 R=0.0714 NDCG=0.0300 (sampled(1pos+neg))
  K=20: P=0.0080 R=0.1607 NDCG=0.0522 (sampled(1pos+neg))
  ✅ Saved best model to /home/dsai-st125024/project/Beyond-Binary-Fake-User-Detection-A-Credibility-Aware-Graph-based-Recommender-System/dataset/lightgcn_pipeline_cu_message_parent/model/best_model.pt (val Recall@20=0.1607)
Epoch 31 | loss=0.425123
VAL metrics:
  K=10: P=0.0072 R=0.0716 NDCG=0.0301 (sampled(1pos+neg))
  K=20: P=0.0081 R=0.1614 NDCG=0.0525 (sampled(1pos+neg))
  ✅ Saved best model to /home/dsai-st125024/project/Beyond-Binary-Fake-User-Detection-A-Credibility-Aware-Graph-based-Recommender-System/dataset/lightgcn_pipeline_cu_message_parent/model/best_model.pt (val Recall@20=0.1614)
Epoch 32 | loss=0.418472
VAL metrics:
  K=10: P=0.0072 R=0.0722 NDCG=0.0303 (sampled(1pos+neg))
  K=20: P=0.0081 R=0.1610 NDCG=0.0525 (sampled(1pos+neg))
Epoch 33 | loss=0.411956
VAL metrics:
  K=10: P=0.0072 R=0.0723 NDCG=0.0306 (sampled(1pos+neg))
  K=20: P=0.0081 R=0.1618 NDCG=0.0529 (sampled(1pos+neg))
  ✅ Saved best model to /home/dsai-st125024/project/Beyond-Binary-Fake-User-Detection-A-Credibility-Aware-Graph-based-Recommender-System/dataset/lightgcn_pipeline_cu_message_parent/model/best_model.pt (val Recall@20=0.1618)
Epoch 34 | loss=0.405442
VAL metrics:
  K=10: P=0.0073 R=0.0732 NDCG=0.0309 (sampled(1pos+neg))
  K=20: P=0.0080 R=0.1603 NDCG=0.0527 (sampled(1pos+neg))
Epoch 35 | loss=0.400283
VAL metrics:
  K=10: P=0.0073 R=0.0733 NDCG=0.0310 (sampled(1pos+neg))
  K=20: P=0.0080 R=0.1609 NDCG=0.0529 (sampled(1pos+neg))
Epoch 36 | loss=0.393073
VAL metrics:
  K=10: P=0.0074 R=0.0738 NDCG=0.0312 (sampled(1pos+neg))
  K=20: P=0.0080 R=0.1608 NDCG=0.0530 (sampled(1pos+neg))
Epoch 37 | loss=0.387457
VAL metrics:
  K=10: P=0.0075 R=0.0748 NDCG=0.0317 (sampled(1pos+neg))
  K=20: P=0.0081 R=0.1611 NDCG=0.0532 (sampled(1pos+neg))
Epoch 38 | loss=0.381459
VAL metrics:
  K=10: P=0.0075 R=0.0748 NDCG=0.0318 (sampled(1pos+neg))
  K=20: P=0.0081 R=0.1611 NDCG=0.0533 (sampled(1pos+neg))
Epoch 39 | loss=0.375601
VAL metrics:
  K=10: P=0.0076 R=0.0757 NDCG=0.0321 (sampled(1pos+neg))
  K=20: P=0.0081 R=0.1615 NDCG=0.0536 (sampled(1pos+neg))
Epoch 40 | loss=0.370065
VAL metrics:
  K=10: P=0.0076 R=0.0757 NDCG=0.0322 (sampled(1pos+neg))
  K=20: P=0.0081 R=0.1618 NDCG=0.0537 (sampled(1pos+neg))
Epoch 41 | loss=0.364939
VAL metrics:
  K=10: P=0.0076 R=0.0760 NDCG=0.0324 (sampled(1pos+neg))
  K=20: P=0.0081 R=0.1618 NDCG=0.0539 (sampled(1pos+neg))
Epoch 42 | loss=0.358571
VAL metrics:
  K=10: P=0.0076 R=0.0762 NDCG=0.0326 (sampled(1pos+neg))
  K=20: P=0.0081 R=0.1620 NDCG=0.0541 (sampled(1pos+neg))
  ✅ Saved best model to /home/dsai-st125024/project/Beyond-Binary-Fake-User-Detection-A-Credibility-Aware-Graph-based-Recommender-System/dataset/lightgcn_pipeline_cu_message_parent/model/best_model.pt (val Recall@20=0.1620)
Epoch 43 | loss=0.353808
VAL metrics:
  K=10: P=0.0076 R=0.0763 NDCG=0.0328 (sampled(1pos+neg))
  K=20: P=0.0081 R=0.1621 NDCG=0.0543 (sampled(1pos+neg))
  ✅ Saved best model to /home/dsai-st125024/project/Beyond-Binary-Fake-User-Detection-A-Credibility-Aware-Graph-based-Recommender-System/dataset/lightgcn_pipeline_cu_message_parent/model/best_model.pt (val Recall@20=0.1621)
Epoch 44 | loss=0.348411
VAL metrics:
  K=10: P=0.0077 R=0.0768 NDCG=0.0330 (sampled(1pos+neg))
  K=20: P=0.0081 R=0.1620 NDCG=0.0543 (sampled(1pos+neg))
Epoch 45 | loss=0.343058
VAL metrics:
  K=10: P=0.0077 R=0.0773 NDCG=0.0332 (sampled(1pos+neg))
  K=20: P=0.0081 R=0.1629 NDCG=0.0546 (sampled(1pos+neg))
  ✅ Saved best model to /home/dsai-st125024/project/Beyond-Binary-Fake-User-Detection-A-Credibility-Aware-Graph-based-Recommender-System/dataset/lightgcn_pipeline_cu_message_parent/model/best_model.pt (val Recall@20=0.1629)
Epoch 46 | loss=0.338215
VAL metrics:
  K=10: P=0.0078 R=0.0780 NDCG=0.0335 (sampled(1pos+neg))
  K=20: P=0.0082 R=0.1634 NDCG=0.0548 (sampled(1pos+neg))
  ✅ Saved best model to /home/dsai-st125024/project/Beyond-Binary-Fake-User-Detection-A-Credibility-Aware-Graph-based-Recommender-System/dataset/lightgcn_pipeline_cu_message_parent/model/best_model.pt (val Recall@20=0.1634)
Epoch 47 | loss=0.332590
VAL metrics:
  K=10: P=0.0078 R=0.0783 NDCG=0.0337 (sampled(1pos+neg))
  K=20: P=0.0082 R=0.1638 NDCG=0.0550 (sampled(1pos+neg))
  ✅ Saved best model to /home/dsai-st125024/project/Beyond-Binary-Fake-User-Detection-A-Credibility-Aware-Graph-based-Recommender-System/dataset/lightgcn_pipeline_cu_message_parent/model/best_model.pt (val Recall@20=0.1638)
Epoch 48 | loss=0.327627
VAL metrics:
  K=10: P=0.0078 R=0.0784 NDCG=0.0339 (sampled(1pos+neg))
  K=20: P=0.0082 R=0.1638 NDCG=0.0552 (sampled(1pos+neg))
Epoch 49 | loss=0.322829
VAL metrics:
  K=10: P=0.0079 R=0.0787 NDCG=0.0341 (sampled(1pos+neg))
  K=20: P=0.0082 R=0.1640 NDCG=0.0554 (sampled(1pos+neg))
  ✅ Saved best model to /home/dsai-st125024/project/Beyond-Binary-Fake-User-Detection-A-Credibility-Aware-Graph-based-Recommender-System/dataset/lightgcn_pipeline_cu_message_parent/model/best_model.pt (val Recall@20=0.1640)
Epoch 50 | loss=0.318134
VAL metrics:
  K=10: P=0.0079 R=0.0790 NDCG=0.0343 (sampled(1pos+neg))
  K=20: P=0.0082 R=0.1641 NDCG=0.0555 (sampled(1pos+neg))
  ✅ Saved best model to /home/dsai-st125024/project/Beyond-Binary-Fake-User-Detection-A-Credibility-Aware-Graph-based-Recommender-System/dataset/lightgcn_pipeline_cu_message_parent/model/best_model.pt (val Recall@20=0.1641)
Epoch 51 | loss=0.313539
VAL metrics:
  K=10: P=0.0079 R=0.0794 NDCG=0.0345 (sampled(1pos+neg))
  K=20: P=0.0082 R=0.1640 NDCG=0.0557 (sampled(1pos+neg))
Epoch 52 | loss=0.308984
VAL metrics:
  K=10: P=0.0079 R=0.0791 NDCG=0.0345 (sampled(1pos+neg))
  K=20: P=0.0082 R=0.1641 NDCG=0.0557 (sampled(1pos+neg))
Epoch 53 | loss=0.303882
VAL metrics:
  K=10: P=0.0079 R=0.0786 NDCG=0.0344 (sampled(1pos+neg))
  K=20: P=0.0082 R=0.1646 NDCG=0.0559 (sampled(1pos+neg))
  ✅ Saved best model to /home/dsai-st125024/project/Beyond-Binary-Fake-User-Detection-A-Credibility-Aware-Graph-based-Recommender-System/dataset/lightgcn_pipeline_cu_message_parent/model/best_model.pt (val Recall@20=0.1646)
Epoch 54 | loss=0.299772
VAL metrics:
  K=10: P=0.0079 R=0.0790 NDCG=0.0346 (sampled(1pos+neg))
  K=20: P=0.0082 R=0.1648 NDCG=0.0561 (sampled(1pos+neg))
  ✅ Saved best model to /home/dsai-st125024/project/Beyond-Binary-Fake-User-Detection-A-Credibility-Aware-Graph-based-Recommender-System/dataset/lightgcn_pipeline_cu_message_parent/model/best_model.pt (val Recall@20=0.1648)
Epoch 55 | loss=0.295659
VAL metrics:
  K=10: P=0.0080 R=0.0795 NDCG=0.0349 (sampled(1pos+neg))
  K=20: P=0.0083 R=0.1651 NDCG=0.0563 (sampled(1pos+neg))
  ✅ Saved best model to /home/dsai-st125024/project/Beyond-Binary-Fake-User-Detection-A-Credibility-Aware-Graph-based-Recommender-System/dataset/lightgcn_pipeline_cu_message_parent/model/best_model.pt (val Recall@20=0.1651)
Epoch 56 | loss=0.290288
VAL metrics:
  K=10: P=0.0080 R=0.0800 NDCG=0.0351 (sampled(1pos+neg))
  K=20: P=0.0083 R=0.1655 NDCG=0.0565 (sampled(1pos+neg))
  ✅ Saved best model to /home/dsai-st125024/project/Beyond-Binary-Fake-User-Detection-A-Credibility-Aware-Graph-based-Recommender-System/dataset/lightgcn_pipeline_cu_message_parent/model/best_model.pt (val Recall@20=0.1655)
Epoch 57 | loss=0.286975
VAL metrics:
  K=10: P=0.0080 R=0.0803 NDCG=0.0353 (sampled(1pos+neg))
  K=20: P=0.0082 R=0.1648 NDCG=0.0565 (sampled(1pos+neg))
Epoch 58 | loss=0.282996
VAL metrics:
  K=10: P=0.0081 R=0.0805 NDCG=0.0354 (sampled(1pos+neg))
  K=20: P=0.0083 R=0.1651 NDCG=0.0566 (sampled(1pos+neg))
Epoch 59 | loss=0.278674
VAL metrics:
  K=10: P=0.0081 R=0.0811 NDCG=0.0356 (sampled(1pos+neg))
  K=20: P=0.0082 R=0.1642 NDCG=0.0565 (sampled(1pos+neg))
Epoch 60 | loss=0.274229
VAL metrics:
  K=10: P=0.0082 R=0.0816 NDCG=0.0359 (sampled(1pos+neg))
  K=20: P=0.0083 R=0.1655 NDCG=0.0569 (sampled(1pos+neg))
Epoch 61 | loss=0.270540
VAL metrics:
  K=10: P=0.0082 R=0.0820 NDCG=0.0361 (sampled(1pos+neg))
  K=20: P=0.0083 R=0.1654 NDCG=0.0570 (sampled(1pos+neg))
Epoch 62 | loss=0.266537
VAL metrics:
  K=10: P=0.0082 R=0.0820 NDCG=0.0363 (sampled(1pos+neg))
  K=20: P=0.0083 R=0.1654 NDCG=0.0572 (sampled(1pos+neg))
Epoch 63 | loss=0.262066
VAL metrics:
  K=10: P=0.0082 R=0.0823 NDCG=0.0364 (sampled(1pos+neg))
  K=20: P=0.0083 R=0.1657 NDCG=0.0573 (sampled(1pos+neg))
  ✅ Saved best model to /home/dsai-st125024/project/Beyond-Binary-Fake-User-Detection-A-Credibility-Aware-Graph-based-Recommender-System/dataset/lightgcn_pipeline_cu_message_parent/model/best_model.pt (val Recall@20=0.1657)
Epoch 64 | loss=0.258958
VAL metrics:
  K=10: P=0.0083 R=0.0829 NDCG=0.0366 (sampled(1pos+neg))
  K=20: P=0.0083 R=0.1658 NDCG=0.0574 (sampled(1pos+neg))
  ✅ Saved best model to /home/dsai-st125024/project/Beyond-Binary-Fake-User-Detection-A-Credibility-Aware-Graph-based-Recommender-System/dataset/lightgcn_pipeline_cu_message_parent/model/best_model.pt (val Recall@20=0.1658)
Epoch 65 | loss=0.255410
VAL metrics:
  K=10: P=0.0083 R=0.0830 NDCG=0.0367 (sampled(1pos+neg))
  K=20: P=0.0083 R=0.1659 NDCG=0.0574 (sampled(1pos+neg))
  ✅ Saved best model to /home/dsai-st125024/project/Beyond-Binary-Fake-User-Detection-A-Credibility-Aware-Graph-based-Recommender-System/dataset/lightgcn_pipeline_cu_message_parent/model/best_model.pt (val Recall@20=0.1659)
Epoch 66 | loss=0.252267
VAL metrics:
  K=10: P=0.0083 R=0.0832 NDCG=0.0368 (sampled(1pos+neg))
  K=20: P=0.0083 R=0.1664 NDCG=0.0576 (sampled(1pos+neg))
  ✅ Saved best model to /home/dsai-st125024/project/Beyond-Binary-Fake-User-Detection-A-Credibility-Aware-Graph-based-Recommender-System/dataset/lightgcn_pipeline_cu_message_parent/model/best_model.pt (val Recall@20=0.1664)
Epoch 67 | loss=0.247819
VAL metrics:
  K=10: P=0.0083 R=0.0832 NDCG=0.0369 (sampled(1pos+neg))
  K=20: P=0.0083 R=0.1670 NDCG=0.0578 (sampled(1pos+neg))
  ✅ Saved best model to /home/dsai-st125024/project/Beyond-Binary-Fake-User-Detection-A-Credibility-Aware-Graph-based-Recommender-System/dataset/lightgcn_pipeline_cu_message_parent/model/best_model.pt (val Recall@20=0.1670)
Epoch 68 | loss=0.244703
VAL metrics:
  K=10: P=0.0084 R=0.0836 NDCG=0.0370 (sampled(1pos+neg))
  K=20: P=0.0084 R=0.1674 NDCG=0.0580 (sampled(1pos+neg))
  ✅ Saved best model to /home/dsai-st125024/project/Beyond-Binary-Fake-User-Detection-A-Credibility-Aware-Graph-based-Recommender-System/dataset/lightgcn_pipeline_cu_message_parent/model/best_model.pt (val Recall@20=0.1674)
Epoch 69 | loss=0.241154
VAL metrics:
  K=10: P=0.0084 R=0.0842 NDCG=0.0373 (sampled(1pos+neg))
  K=20: P=0.0084 R=0.1680 NDCG=0.0583 (sampled(1pos+neg))
  ✅ Saved best model to /home/dsai-st125024/project/Beyond-Binary-Fake-User-Detection-A-Credibility-Aware-Graph-based-Recommender-System/dataset/lightgcn_pipeline_cu_message_parent/model/best_model.pt (val Recall@20=0.1680)
Epoch 70 | loss=0.238011
VAL metrics:
  K=10: P=0.0085 R=0.0849 NDCG=0.0377 (sampled(1pos+neg))
  K=20: P=0.0084 R=0.1683 NDCG=0.0585 (sampled(1pos+neg))
  ✅ Saved best model to /home/dsai-st125024/project/Beyond-Binary-Fake-User-Detection-A-Credibility-Aware-Graph-based-Recommender-System/dataset/lightgcn_pipeline_cu_message_parent/model/best_model.pt (val Recall@20=0.1683)
Epoch 71 | loss=0.234817
VAL metrics:
  K=10: P=0.0085 R=0.0854 NDCG=0.0378 (sampled(1pos+neg))
  K=20: P=0.0084 R=0.1682 NDCG=0.0585 (sampled(1pos+neg))
Epoch 72 | loss=0.231286
VAL metrics:
  K=10: P=0.0086 R=0.0856 NDCG=0.0380 (sampled(1pos+neg))
  K=20: P=0.0084 R=0.1683 NDCG=0.0587 (sampled(1pos+neg))
Epoch 73 | loss=0.228087
VAL metrics:
  K=10: P=0.0086 R=0.0856 NDCG=0.0381 (sampled(1pos+neg))
  K=20: P=0.0084 R=0.1686 NDCG=0.0589 (sampled(1pos+neg))
  ✅ Saved best model to /home/dsai-st125024/project/Beyond-Binary-Fake-User-Detection-A-Credibility-Aware-Graph-based-Recommender-System/dataset/lightgcn_pipeline_cu_message_parent/model/best_model.pt (val Recall@20=0.1686)
Epoch 74 | loss=0.225182
VAL metrics:
  K=10: P=0.0086 R=0.0859 NDCG=0.0383 (sampled(1pos+neg))
  K=20: P=0.0084 R=0.1688 NDCG=0.0590 (sampled(1pos+neg))
  ✅ Saved best model to /home/dsai-st125024/project/Beyond-Binary-Fake-User-Detection-A-Credibility-Aware-Graph-based-Recommender-System/dataset/lightgcn_pipeline_cu_message_parent/model/best_model.pt (val Recall@20=0.1688)
Epoch 75 | loss=0.221282
VAL metrics:
  K=10: P=0.0086 R=0.0859 NDCG=0.0383 (sampled(1pos+neg))
  K=20: P=0.0084 R=0.1687 NDCG=0.0590 (sampled(1pos+neg))
Epoch 76 | loss=0.218257
VAL metrics:
  K=10: P=0.0086 R=0.0864 NDCG=0.0386 (sampled(1pos+neg))
  K=20: P=0.0084 R=0.1689 NDCG=0.0592 (sampled(1pos+neg))
  ✅ Saved best model to /home/dsai-st125024/project/Beyond-Binary-Fake-User-Detection-A-Credibility-Aware-Graph-based-Recommender-System/dataset/lightgcn_pipeline_cu_message_parent/model/best_model.pt (val Recall@20=0.1689)
Epoch 77 | loss=0.215606
VAL metrics:
  K=10: P=0.0087 R=0.0865 NDCG=0.0386 (sampled(1pos+neg))
  K=20: P=0.0084 R=0.1686 NDCG=0.0592 (sampled(1pos+neg))
Epoch 78 | loss=0.212912
VAL metrics:
  K=10: P=0.0087 R=0.0866 NDCG=0.0387 (sampled(1pos+neg))
  K=20: P=0.0084 R=0.1687 NDCG=0.0593 (sampled(1pos+neg))
Epoch 79 | loss=0.209406
VAL metrics:
  K=10: P=0.0087 R=0.0870 NDCG=0.0389 (sampled(1pos+neg))
  K=20: P=0.0084 R=0.1688 NDCG=0.0594 (sampled(1pos+neg))
Epoch 80 | loss=0.206829
VAL metrics:
  K=10: P=0.0087 R=0.0872 NDCG=0.0392 (sampled(1pos+neg))
  K=20: P=0.0085 R=0.1691 NDCG=0.0596 (sampled(1pos+neg))
  ✅ Saved best model to /home/dsai-st125024/project/Beyond-Binary-Fake-User-Detection-A-Credibility-Aware-Graph-based-Recommender-System/dataset/lightgcn_pipeline_cu_message_parent/model/best_model.pt (val Recall@20=0.1691)
Epoch 81 | loss=0.204042
VAL metrics:
  K=10: P=0.0087 R=0.0873 NDCG=0.0393 (sampled(1pos+neg))
  K=20: P=0.0085 R=0.1693 NDCG=0.0598 (sampled(1pos+neg))
  ✅ Saved best model to /home/dsai-st125024/project/Beyond-Binary-Fake-User-Detection-A-Credibility-Aware-Graph-based-Recommender-System/dataset/lightgcn_pipeline_cu_message_parent/model/best_model.pt (val Recall@20=0.1693)
Epoch 82 | loss=0.201035
VAL metrics:
  K=10: P=0.0088 R=0.0876 NDCG=0.0395 (sampled(1pos+neg))
  K=20: P=0.0085 R=0.1693 NDCG=0.0599 (sampled(1pos+neg))
  ✅ Saved best model to /home/dsai-st125024/project/Beyond-Binary-Fake-User-Detection-A-Credibility-Aware-Graph-based-Recommender-System/dataset/lightgcn_pipeline_cu_message_parent/model/best_model.pt (val Recall@20=0.1693)
Epoch 83 | loss=0.199012
VAL metrics:
  K=10: P=0.0088 R=0.0880 NDCG=0.0397 (sampled(1pos+neg))
  K=20: P=0.0085 R=0.1690 NDCG=0.0600 (sampled(1pos+neg))
Epoch 84 | loss=0.195577
VAL metrics:
  K=10: P=0.0088 R=0.0880 NDCG=0.0397 (sampled(1pos+neg))
  K=20: P=0.0085 R=0.1693 NDCG=0.0600 (sampled(1pos+neg))
Epoch 85 | loss=0.192703
VAL metrics:
  K=10: P=0.0088 R=0.0881 NDCG=0.0398 (sampled(1pos+neg))
  K=20: P=0.0085 R=0.1696 NDCG=0.0602 (sampled(1pos+neg))
  ✅ Saved best model to /home/dsai-st125024/project/Beyond-Binary-Fake-User-Detection-A-Credibility-Aware-Graph-based-Recommender-System/dataset/lightgcn_pipeline_cu_message_parent/model/best_model.pt (val Recall@20=0.1696)
Epoch 86 | loss=0.190237
VAL metrics:
  K=10: P=0.0088 R=0.0882 NDCG=0.0399 (sampled(1pos+neg))
  K=20: P=0.0085 R=0.1694 NDCG=0.0602 (sampled(1pos+neg))
Epoch 87 | loss=0.188381
VAL metrics:
  K=10: P=0.0088 R=0.0878 NDCG=0.0400 (sampled(1pos+neg))
  K=20: P=0.0085 R=0.1694 NDCG=0.0604 (sampled(1pos+neg))
Epoch 88 | loss=0.185277
VAL metrics:
  K=10: P=0.0088 R=0.0877 NDCG=0.0400 (sampled(1pos+neg))
  K=20: P=0.0085 R=0.1697 NDCG=0.0606 (sampled(1pos+neg))
  ✅ Saved best model to /home/dsai-st125024/project/Beyond-Binary-Fake-User-Detection-A-Credibility-Aware-Graph-based-Recommender-System/dataset/lightgcn_pipeline_cu_message_parent/model/best_model.pt (val Recall@20=0.1697)
Epoch 89 | loss=0.182800
VAL metrics:
  K=10: P=0.0088 R=0.0878 NDCG=0.0401 (sampled(1pos+neg))
  K=20: P=0.0085 R=0.1700 NDCG=0.0607 (sampled(1pos+neg))
  ✅ Saved best model to /home/dsai-st125024/project/Beyond-Binary-Fake-User-Detection-A-Credibility-Aware-Graph-based-Recommender-System/dataset/lightgcn_pipeline_cu_message_parent/model/best_model.pt (val Recall@20=0.1700)
Epoch 90 | loss=0.180215
VAL metrics:
  K=10: P=0.0089 R=0.0888 NDCG=0.0405 (sampled(1pos+neg))
  K=20: P=0.0085 R=0.1698 NDCG=0.0608 (sampled(1pos+neg))
Epoch 91 | loss=0.178082
VAL metrics:
  K=10: P=0.0089 R=0.0886 NDCG=0.0405 (sampled(1pos+neg))
  K=20: P=0.0085 R=0.1699 NDCG=0.0609 (sampled(1pos+neg))
Epoch 92 | loss=0.175660
VAL metrics:
  K=10: P=0.0089 R=0.0889 NDCG=0.0407 (sampled(1pos+neg))
  K=20: P=0.0085 R=0.1705 NDCG=0.0611 (sampled(1pos+neg))
  ✅ Saved best model to /home/dsai-st125024/project/Beyond-Binary-Fake-User-Detection-A-Credibility-Aware-Graph-based-Recommender-System/dataset/lightgcn_pipeline_cu_message_parent/model/best_model.pt (val Recall@20=0.1705)
Epoch 93 | loss=0.173361
VAL metrics:
  K=10: P=0.0089 R=0.0891 NDCG=0.0409 (sampled(1pos+neg))
  K=20: P=0.0085 R=0.1708 NDCG=0.0613 (sampled(1pos+neg))
  ✅ Saved best model to /home/dsai-st125024/project/Beyond-Binary-Fake-User-Detection-A-Credibility-Aware-Graph-based-Recommender-System/dataset/lightgcn_pipeline_cu_message_parent/model/best_model.pt (val Recall@20=0.1708)
Epoch 94 | loss=0.170263
VAL metrics:
  K=10: P=0.0090 R=0.0896 NDCG=0.0411 (sampled(1pos+neg))
  K=20: P=0.0086 R=0.1712 NDCG=0.0615 (sampled(1pos+neg))
  ✅ Saved best model to /home/dsai-st125024/project/Beyond-Binary-Fake-User-Detection-A-Credibility-Aware-Graph-based-Recommender-System/dataset/lightgcn_pipeline_cu_message_parent/model/best_model.pt (val Recall@20=0.1712)
Epoch 95 | loss=0.168190
VAL metrics:
  K=10: P=0.0089 R=0.0895 NDCG=0.0411 (sampled(1pos+neg))
  K=20: P=0.0086 R=0.1712 NDCG=0.0616 (sampled(1pos+neg))
Epoch 96 | loss=0.166383
VAL metrics:
  K=10: P=0.0090 R=0.0904 NDCG=0.0414 (sampled(1pos+neg))
  K=20: P=0.0086 R=0.1713 NDCG=0.0617 (sampled(1pos+neg))
  ✅ Saved best model to /home/dsai-st125024/project/Beyond-Binary-Fake-User-Detection-A-Credibility-Aware-Graph-based-Recommender-System/dataset/lightgcn_pipeline_cu_message_parent/model/best_model.pt (val Recall@20=0.1713)
Epoch 97 | loss=0.164118
VAL metrics:
  K=10: P=0.0090 R=0.0902 NDCG=0.0414 (sampled(1pos+neg))
  K=20: P=0.0086 R=0.1719 NDCG=0.0618 (sampled(1pos+neg))
  ✅ Saved best model to /home/dsai-st125024/project/Beyond-Binary-Fake-User-Detection-A-Credibility-Aware-Graph-based-Recommender-System/dataset/lightgcn_pipeline_cu_message_parent/model/best_model.pt (val Recall@20=0.1719)
Epoch 98 | loss=0.161862
VAL metrics:
  K=10: P=0.0090 R=0.0904 NDCG=0.0416 (sampled(1pos+neg))
  K=20: P=0.0086 R=0.1722 NDCG=0.0620 (sampled(1pos+neg))
  ✅ Saved best model to /home/dsai-st125024/project/Beyond-Binary-Fake-User-Detection-A-Credibility-Aware-Graph-based-Recommender-System/dataset/lightgcn_pipeline_cu_message_parent/model/best_model.pt (val Recall@20=0.1722)
Epoch 99 | loss=0.160127
VAL metrics:
  K=10: P=0.0090 R=0.0905 NDCG=0.0417 (sampled(1pos+neg))
  K=20: P=0.0086 R=0.1720 NDCG=0.0621 (sampled(1pos+neg))
Epoch 100 | loss=0.158134
VAL metrics:
  K=10: P=0.0090 R=0.0905 NDCG=0.0417 (sampled(1pos+neg))
  K=20: P=0.0086 R=0.1720 NDCG=0.0621 (sampled(1pos+neg))
Epoch 101 | loss=0.155805
VAL metrics:
  K=10: P=0.0091 R=0.0907 NDCG=0.0419 (sampled(1pos+neg))
  K=20: P=0.0086 R=0.1717 NDCG=0.0622 (sampled(1pos+neg))
Epoch 102 | loss=0.154378
VAL metrics:
  K=10: P=0.0091 R=0.0908 NDCG=0.0420 (sampled(1pos+neg))
  K=20: P=0.0086 R=0.1718 NDCG=0.0623 (sampled(1pos+neg))
Epoch 103 | loss=0.151993
VAL metrics:
  K=10: P=0.0091 R=0.0909 NDCG=0.0421 (sampled(1pos+neg))
  K=20: P=0.0086 R=0.1725 NDCG=0.0625 (sampled(1pos+neg))
  ✅ Saved best model to /home/dsai-st125024/project/Beyond-Binary-Fake-User-Detection-A-Credibility-Aware-Graph-based-Recommender-System/dataset/lightgcn_pipeline_cu_message_parent/model/best_model.pt (val Recall@20=0.1725)
Epoch 104 | loss=0.150193
VAL metrics:
  K=10: P=0.0091 R=0.0913 NDCG=0.0423 (sampled(1pos+neg))
  K=20: P=0.0086 R=0.1722 NDCG=0.0625 (sampled(1pos+neg))
Epoch 105 | loss=0.147915
VAL metrics:
  K=10: P=0.0092 R=0.0915 NDCG=0.0424 (sampled(1pos+neg))
  K=20: P=0.0086 R=0.1723 NDCG=0.0627 (sampled(1pos+neg))
Epoch 106 | loss=0.146723
VAL metrics:
  K=10: P=0.0092 R=0.0920 NDCG=0.0426 (sampled(1pos+neg))
  K=20: P=0.0086 R=0.1720 NDCG=0.0626 (sampled(1pos+neg))
Epoch 107 | loss=0.143930
VAL metrics:
  K=10: P=0.0092 R=0.0921 NDCG=0.0427 (sampled(1pos+neg))
  K=20: P=0.0086 R=0.1720 NDCG=0.0627 (sampled(1pos+neg))
Epoch 108 | loss=0.143025
VAL metrics:
  K=10: P=0.0092 R=0.0920 NDCG=0.0427 (sampled(1pos+neg))
  K=20: P=0.0086 R=0.1720 NDCG=0.0628 (sampled(1pos+neg))
Epoch 109 | loss=0.140492
VAL metrics:
  K=10: P=0.0092 R=0.0923 NDCG=0.0429 (sampled(1pos+neg))
  K=20: P=0.0086 R=0.1722 NDCG=0.0630 (sampled(1pos+neg))
Epoch 110 | loss=0.138743
VAL metrics:
  K=10: P=0.0093 R=0.0928 NDCG=0.0432 (sampled(1pos+neg))
  K=20: P=0.0086 R=0.1726 NDCG=0.0632 (sampled(1pos+neg))
  ✅ Saved best model to /home/dsai-st125024/project/Beyond-Binary-Fake-User-Detection-A-Credibility-Aware-Graph-based-Recommender-System/dataset/lightgcn_pipeline_cu_message_parent/model/best_model.pt (val Recall@20=0.1726)
Epoch 111 | loss=0.137445
VAL metrics:
  K=10: P=0.0093 R=0.0927 NDCG=0.0433 (sampled(1pos+neg))
  K=20: P=0.0086 R=0.1728 NDCG=0.0633 (sampled(1pos+neg))
  ✅ Saved best model to /home/dsai-st125024/project/Beyond-Binary-Fake-User-Detection-A-Credibility-Aware-Graph-based-Recommender-System/dataset/lightgcn_pipeline_cu_message_parent/model/best_model.pt (val Recall@20=0.1728)
Epoch 112 | loss=0.135390
VAL metrics:
  K=10: P=0.0093 R=0.0927 NDCG=0.0433 (sampled(1pos+neg))
  K=20: P=0.0086 R=0.1728 NDCG=0.0634 (sampled(1pos+neg))
Epoch 113 | loss=0.134418
VAL metrics:
  K=10: P=0.0093 R=0.0931 NDCG=0.0435 (sampled(1pos+neg))
  K=20: P=0.0086 R=0.1729 NDCG=0.0635 (sampled(1pos+neg))
  ✅ Saved best model to /home/dsai-st125024/project/Beyond-Binary-Fake-User-Detection-A-Credibility-Aware-Graph-based-Recommender-System/dataset/lightgcn_pipeline_cu_message_parent/model/best_model.pt (val Recall@20=0.1729)
Epoch 114 | loss=0.132298
VAL metrics:
  K=10: P=0.0094 R=0.0936 NDCG=0.0437 (sampled(1pos+neg))
  K=20: P=0.0087 R=0.1732 NDCG=0.0636 (sampled(1pos+neg))
  ✅ Saved best model to /home/dsai-st125024/project/Beyond-Binary-Fake-User-Detection-A-Credibility-Aware-Graph-based-Recommender-System/dataset/lightgcn_pipeline_cu_message_parent/model/best_model.pt (val Recall@20=0.1732)
Epoch 115 | loss=0.130220
VAL metrics:
  K=10: P=0.0094 R=0.0937 NDCG=0.0438 (sampled(1pos+neg))
  K=20: P=0.0087 R=0.1732 NDCG=0.0637 (sampled(1pos+neg))
Epoch 116 | loss=0.129073
VAL metrics:
  K=10: P=0.0094 R=0.0942 NDCG=0.0440 (sampled(1pos+neg))
  K=20: P=0.0087 R=0.1734 NDCG=0.0638 (sampled(1pos+neg))
  ✅ Saved best model to /home/dsai-st125024/project/Beyond-Binary-Fake-User-Detection-A-Credibility-Aware-Graph-based-Recommender-System/dataset/lightgcn_pipeline_cu_message_parent/model/best_model.pt (val Recall@20=0.1734)
Epoch 117 | loss=0.127300
VAL metrics:
  K=10: P=0.0094 R=0.0945 NDCG=0.0441 (sampled(1pos+neg))
  K=20: P=0.0087 R=0.1739 NDCG=0.0640 (sampled(1pos+neg))
  ✅ Saved best model to /home/dsai-st125024/project/Beyond-Binary-Fake-User-Detection-A-Credibility-Aware-Graph-based-Recommender-System/dataset/lightgcn_pipeline_cu_message_parent/model/best_model.pt (val Recall@20=0.1739)
Epoch 118 | loss=0.126470
VAL metrics:
  K=10: P=0.0095 R=0.0945 NDCG=0.0442 (sampled(1pos+neg))
  K=20: P=0.0087 R=0.1741 NDCG=0.0641 (sampled(1pos+neg))
  ✅ Saved best model to /home/dsai-st125024/project/Beyond-Binary-Fake-User-Detection-A-Credibility-Aware-Graph-based-Recommender-System/dataset/lightgcn_pipeline_cu_message_parent/model/best_model.pt (val Recall@20=0.1741)
Epoch 119 | loss=0.124181
VAL metrics:
  K=10: P=0.0095 R=0.0950 NDCG=0.0444 (sampled(1pos+neg))
  K=20: P=0.0087 R=0.1740 NDCG=0.0642 (sampled(1pos+neg))
Epoch 120 | loss=0.123276
VAL metrics:
  K=10: P=0.0095 R=0.0954 NDCG=0.0445 (sampled(1pos+neg))
  K=20: P=0.0087 R=0.1740 NDCG=0.0641 (sampled(1pos+neg))
Epoch 121 | loss=0.120969
VAL metrics:
  K=10: P=0.0095 R=0.0954 NDCG=0.0446 (sampled(1pos+neg))
  K=20: P=0.0087 R=0.1737 NDCG=0.0642 (sampled(1pos+neg))
Epoch 122 | loss=0.120275
VAL metrics:
  K=10: P=0.0095 R=0.0951 NDCG=0.0446 (sampled(1pos+neg))
  K=20: P=0.0087 R=0.1737 NDCG=0.0643 (sampled(1pos+neg))
Epoch 123 | loss=0.118733
VAL metrics:
  K=10: P=0.0095 R=0.0951 NDCG=0.0447 (sampled(1pos+neg))
  K=20: P=0.0087 R=0.1734 NDCG=0.0643 (sampled(1pos+neg))
Epoch 124 | loss=0.117317
VAL metrics:
  K=10: P=0.0095 R=0.0950 NDCG=0.0448 (sampled(1pos+neg))
  K=20: P=0.0087 R=0.1732 NDCG=0.0644 (sampled(1pos+neg))
Epoch 125 | loss=0.115642
VAL metrics:
  K=10: P=0.0096 R=0.0956 NDCG=0.0450 (sampled(1pos+neg))
  K=20: P=0.0087 R=0.1736 NDCG=0.0645 (sampled(1pos+neg))
Epoch 126 | loss=0.114146
VAL metrics:
  K=10: P=0.0096 R=0.0963 NDCG=0.0453 (sampled(1pos+neg))
  K=20: P=0.0087 R=0.1741 NDCG=0.0648 (sampled(1pos+neg))
  ✅ Saved best model to /home/dsai-st125024/project/Beyond-Binary-Fake-User-Detection-A-Credibility-Aware-Graph-based-Recommender-System/dataset/lightgcn_pipeline_cu_message_parent/model/best_model.pt (val Recall@20=0.1741)
Epoch 127 | loss=0.113237
VAL metrics:
  K=10: P=0.0097 R=0.0968 NDCG=0.0455 (sampled(1pos+neg))
  K=20: P=0.0087 R=0.1741 NDCG=0.0648 (sampled(1pos+neg))
Epoch 128 | loss=0.112218
VAL metrics:
  K=10: P=0.0097 R=0.0968 NDCG=0.0456 (sampled(1pos+neg))
  K=20: P=0.0087 R=0.1743 NDCG=0.0650 (sampled(1pos+neg))
  ✅ Saved best model to /home/dsai-st125024/project/Beyond-Binary-Fake-User-Detection-A-Credibility-Aware-Graph-based-Recommender-System/dataset/lightgcn_pipeline_cu_message_parent/model/best_model.pt (val Recall@20=0.1743)
Epoch 129 | loss=0.110663
VAL metrics:
  K=10: P=0.0097 R=0.0969 NDCG=0.0457 (sampled(1pos+neg))
  K=20: P=0.0087 R=0.1743 NDCG=0.0651 (sampled(1pos+neg))
Epoch 130 | loss=0.109165
VAL metrics:
  K=10: P=0.0097 R=0.0972 NDCG=0.0458 (sampled(1pos+neg))
  K=20: P=0.0087 R=0.1742 NDCG=0.0651 (sampled(1pos+neg))
Epoch 131 | loss=0.107307
VAL metrics:
  K=10: P=0.0097 R=0.0974 NDCG=0.0460 (sampled(1pos+neg))
  K=20: P=0.0087 R=0.1741 NDCG=0.0652 (sampled(1pos+neg))
Epoch 132 | loss=0.106555
VAL metrics:
  K=10: P=0.0098 R=0.0978 NDCG=0.0462 (sampled(1pos+neg))
  K=20: P=0.0087 R=0.1742 NDCG=0.0654 (sampled(1pos+neg))
Epoch 133 | loss=0.105072
VAL metrics:
  K=10: P=0.0098 R=0.0979 NDCG=0.0463 (sampled(1pos+neg))
  K=20: P=0.0087 R=0.1742 NDCG=0.0654 (sampled(1pos+neg))
Epoch 134 | loss=0.104219
VAL metrics:
  K=10: P=0.0098 R=0.0979 NDCG=0.0463 (sampled(1pos+neg))
  K=20: P=0.0087 R=0.1746 NDCG=0.0656 (sampled(1pos+neg))
  ✅ Saved best model to /home/dsai-st125024/project/Beyond-Binary-Fake-User-Detection-A-Credibility-Aware-Graph-based-Recommender-System/dataset/lightgcn_pipeline_cu_message_parent/model/best_model.pt (val Recall@20=0.1746)
Epoch 135 | loss=0.102917
VAL metrics:
  K=10: P=0.0098 R=0.0980 NDCG=0.0464 (sampled(1pos+neg))
  K=20: P=0.0087 R=0.1747 NDCG=0.0656 (sampled(1pos+neg))
  ✅ Saved best model to /home/dsai-st125024/project/Beyond-Binary-Fake-User-Detection-A-Credibility-Aware-Graph-based-Recommender-System/dataset/lightgcn_pipeline_cu_message_parent/model/best_model.pt (val Recall@20=0.1747)
Epoch 136 | loss=0.102274
VAL metrics:
  K=10: P=0.0098 R=0.0981 NDCG=0.0466 (sampled(1pos+neg))
  K=20: P=0.0088 R=0.1751 NDCG=0.0658 (sampled(1pos+neg))
  ✅ Saved best model to /home/dsai-st125024/project/Beyond-Binary-Fake-User-Detection-A-Credibility-Aware-Graph-based-Recommender-System/dataset/lightgcn_pipeline_cu_message_parent/model/best_model.pt (val Recall@20=0.1751)
Epoch 137 | loss=0.100694
VAL metrics:
  K=10: P=0.0098 R=0.0982 NDCG=0.0466 (sampled(1pos+neg))
  K=20: P=0.0088 R=0.1752 NDCG=0.0659 (sampled(1pos+neg))
  ✅ Saved best model to /home/dsai-st125024/project/Beyond-Binary-Fake-User-Detection-A-Credibility-Aware-Graph-based-Recommender-System/dataset/lightgcn_pipeline_cu_message_parent/model/best_model.pt (val Recall@20=0.1752)
Epoch 138 | loss=0.099663
VAL metrics:
  K=10: P=0.0098 R=0.0983 NDCG=0.0467 (sampled(1pos+neg))
  K=20: P=0.0088 R=0.1751 NDCG=0.0659 (sampled(1pos+neg))
Epoch 139 | loss=0.097578
VAL metrics:
  K=10: P=0.0098 R=0.0983 NDCG=0.0468 (sampled(1pos+neg))
  K=20: P=0.0088 R=0.1754 NDCG=0.0661 (sampled(1pos+neg))
  ✅ Saved best model to /home/dsai-st125024/project/Beyond-Binary-Fake-User-Detection-A-Credibility-Aware-Graph-based-Recommender-System/dataset/lightgcn_pipeline_cu_message_parent/model/best_model.pt (val Recall@20=0.1754)
Epoch 140 | loss=0.097356
VAL metrics:
  K=10: P=0.0099 R=0.0986 NDCG=0.0470 (sampled(1pos+neg))
  K=20: P=0.0088 R=0.1756 NDCG=0.0662 (sampled(1pos+neg))
  ✅ Saved best model to /home/dsai-st125024/project/Beyond-Binary-Fake-User-Detection-A-Credibility-Aware-Graph-based-Recommender-System/dataset/lightgcn_pipeline_cu_message_parent/model/best_model.pt (val Recall@20=0.1756)
Epoch 141 | loss=0.096094
VAL metrics:
  K=10: P=0.0098 R=0.0984 NDCG=0.0470 (sampled(1pos+neg))
  K=20: P=0.0088 R=0.1754 NDCG=0.0663 (sampled(1pos+neg))
Epoch 142 | loss=0.094836
VAL metrics:
  K=10: P=0.0098 R=0.0984 NDCG=0.0470 (sampled(1pos+neg))
  K=20: P=0.0088 R=0.1754 NDCG=0.0663 (sampled(1pos+neg))
Epoch 143 | loss=0.094238
VAL metrics:
  K=10: P=0.0098 R=0.0982 NDCG=0.0469 (sampled(1pos+neg))
  K=20: P=0.0088 R=0.1761 NDCG=0.0665 (sampled(1pos+neg))
  ✅ Saved best model to /home/dsai-st125024/project/Beyond-Binary-Fake-User-Detection-A-Credibility-Aware-Graph-based-Recommender-System/dataset/lightgcn_pipeline_cu_message_parent/model/best_model.pt (val Recall@20=0.1761)
Epoch 144 | loss=0.093172
VAL metrics:
  K=10: P=0.0099 R=0.0985 NDCG=0.0471 (sampled(1pos+neg))
  K=20: P=0.0088 R=0.1761 NDCG=0.0665 (sampled(1pos+neg))
Epoch 145 | loss=0.091982
VAL metrics:
  K=10: P=0.0099 R=0.0987 NDCG=0.0472 (sampled(1pos+neg))
  K=20: P=0.0088 R=0.1759 NDCG=0.0665 (sampled(1pos+neg))
Epoch 146 | loss=0.090840
VAL metrics:
  K=10: P=0.0099 R=0.0990 NDCG=0.0474 (sampled(1pos+neg))
  K=20: P=0.0088 R=0.1768 NDCG=0.0668 (sampled(1pos+neg))
  ✅ Saved best model to /home/dsai-st125024/project/Beyond-Binary-Fake-User-Detection-A-Credibility-Aware-Graph-based-Recommender-System/dataset/lightgcn_pipeline_cu_message_parent/model/best_model.pt (val Recall@20=0.1768)
Epoch 147 | loss=0.090017
VAL metrics:
  K=10: P=0.0099 R=0.0990 NDCG=0.0475 (sampled(1pos+neg))
  K=20: P=0.0088 R=0.1767 NDCG=0.0669 (sampled(1pos+neg))
Epoch 148 | loss=0.088631
VAL metrics:
  K=10: P=0.0099 R=0.0992 NDCG=0.0475 (sampled(1pos+neg))
  K=20: P=0.0089 R=0.1770 NDCG=0.0670 (sampled(1pos+neg))
  ✅ Saved best model to /home/dsai-st125024/project/Beyond-Binary-Fake-User-Detection-A-Credibility-Aware-Graph-based-Recommender-System/dataset/lightgcn_pipeline_cu_message_parent/model/best_model.pt (val Recall@20=0.1770)
Epoch 149 | loss=0.088112
VAL metrics:
  K=10: P=0.0099 R=0.0991 NDCG=0.0476 (sampled(1pos+neg))
  K=20: P=0.0089 R=0.1771 NDCG=0.0671 (sampled(1pos+neg))
  ✅ Saved best model to /home/dsai-st125024/project/Beyond-Binary-Fake-User-Detection-A-Credibility-Aware-Graph-based-Recommender-System/dataset/lightgcn_pipeline_cu_message_parent/model/best_model.pt (val Recall@20=0.1771)
Epoch 150 | loss=0.086933
VAL metrics:
  K=10: P=0.0099 R=0.0991 NDCG=0.0476 (sampled(1pos+neg))
  K=20: P=0.0089 R=0.1773 NDCG=0.0672 (sampled(1pos+neg))
  ✅ Saved best model to /home/dsai-st125024/project/Beyond-Binary-Fake-User-Detection-A-Credibility-Aware-Graph-based-Recommender-System/dataset/lightgcn_pipeline_cu_message_parent/model/best_model.pt (val Recall@20=0.1773)
Epoch 151 | loss=0.085760
VAL metrics:
  K=10: P=0.0099 R=0.0993 NDCG=0.0477 (sampled(1pos+neg))
  K=20: P=0.0089 R=0.1770 NDCG=0.0672 (sampled(1pos+neg))
Epoch 152 | loss=0.085411
VAL metrics:
  K=10: P=0.0100 R=0.0996 NDCG=0.0479 (sampled(1pos+neg))
  K=20: P=0.0088 R=0.1769 NDCG=0.0672 (sampled(1pos+neg))
Epoch 153 | loss=0.084517
VAL metrics:
  K=10: P=0.0099 R=0.0994 NDCG=0.0479 (sampled(1pos+neg))
  K=20: P=0.0088 R=0.1767 NDCG=0.0672 (sampled(1pos+neg))
Epoch 154 | loss=0.083199
VAL metrics:
  K=10: P=0.0100 R=0.0997 NDCG=0.0481 (sampled(1pos+neg))
  K=20: P=0.0088 R=0.1768 NDCG=0.0674 (sampled(1pos+neg))
Epoch 155 | loss=0.082530
VAL metrics:
  K=10: P=0.0100 R=0.0998 NDCG=0.0481 (sampled(1pos+neg))
  K=20: P=0.0088 R=0.1769 NDCG=0.0674 (sampled(1pos+neg))
Epoch 156 | loss=0.081467
VAL metrics:
  K=10: P=0.0100 R=0.1003 NDCG=0.0482 (sampled(1pos+neg))
  K=20: P=0.0089 R=0.1772 NDCG=0.0675 (sampled(1pos+neg))
Epoch 157 | loss=0.080841
VAL metrics:
  K=10: P=0.0100 R=0.1005 NDCG=0.0483 (sampled(1pos+neg))
  K=20: P=0.0089 R=0.1772 NDCG=0.0675 (sampled(1pos+neg))
Epoch 158 | loss=0.079562
VAL metrics:
  K=10: P=0.0101 R=0.1007 NDCG=0.0485 (sampled(1pos+neg))
  K=20: P=0.0089 R=0.1773 NDCG=0.0676 (sampled(1pos+neg))
Epoch 159 | loss=0.078975
VAL metrics:
  K=10: P=0.0100 R=0.1005 NDCG=0.0485 (sampled(1pos+neg))
  K=20: P=0.0089 R=0.1773 NDCG=0.0677 (sampled(1pos+neg))
Epoch 160 | loss=0.078597
VAL metrics:
  K=10: P=0.0101 R=0.1008 NDCG=0.0487 (sampled(1pos+neg))
  K=20: P=0.0089 R=0.1771 NDCG=0.0678 (sampled(1pos+neg))
Epoch 161 | loss=0.077044
VAL metrics:
  K=10: P=0.0101 R=0.1010 NDCG=0.0489 (sampled(1pos+neg))
  K=20: P=0.0088 R=0.1769 NDCG=0.0679 (sampled(1pos+neg))
Epoch 162 | loss=0.076708
VAL metrics:
  K=10: P=0.0101 R=0.1005 NDCG=0.0488 (sampled(1pos+neg))
  K=20: P=0.0088 R=0.1768 NDCG=0.0680 (sampled(1pos+neg))
Epoch 163 | loss=0.075531
VAL metrics:
  K=10: P=0.0101 R=0.1007 NDCG=0.0489 (sampled(1pos+neg))
  K=20: P=0.0088 R=0.1764 NDCG=0.0679 (sampled(1pos+neg))
Epoch 164 | loss=0.075272
VAL metrics:
  K=10: P=0.0101 R=0.1009 NDCG=0.0490 (sampled(1pos+neg))
  K=20: P=0.0088 R=0.1762 NDCG=0.0679 (sampled(1pos+neg))
Epoch 165 | loss=0.074257
VAL metrics:
  K=10: P=0.0101 R=0.1011 NDCG=0.0491 (sampled(1pos+neg))
  K=20: P=0.0088 R=0.1769 NDCG=0.0681 (sampled(1pos+neg))
Epoch 166 | loss=0.073755
VAL metrics:
  K=10: P=0.0101 R=0.1014 NDCG=0.0492 (sampled(1pos+neg))
  K=20: P=0.0089 R=0.1774 NDCG=0.0682 (sampled(1pos+neg))
  ✅ Saved best model to /home/dsai-st125024/project/Beyond-Binary-Fake-User-Detection-A-Credibility-Aware-Graph-based-Recommender-System/dataset/lightgcn_pipeline_cu_message_parent/model/best_model.pt (val Recall@20=0.1774)
Epoch 167 | loss=0.073052
VAL metrics:
  K=10: P=0.0101 R=0.1013 NDCG=0.0492 (sampled(1pos+neg))
  K=20: P=0.0089 R=0.1775 NDCG=0.0683 (sampled(1pos+neg))
  ✅ Saved best model to /home/dsai-st125024/project/Beyond-Binary-Fake-User-Detection-A-Credibility-Aware-Graph-based-Recommender-System/dataset/lightgcn_pipeline_cu_message_parent/model/best_model.pt (val Recall@20=0.1775)
Epoch 168 | loss=0.071785
VAL metrics:
  K=10: P=0.0102 R=0.1016 NDCG=0.0493 (sampled(1pos+neg))
  K=20: P=0.0089 R=0.1780 NDCG=0.0684 (sampled(1pos+neg))
  ✅ Saved best model to /home/dsai-st125024/project/Beyond-Binary-Fake-User-Detection-A-Credibility-Aware-Graph-based-Recommender-System/dataset/lightgcn_pipeline_cu_message_parent/model/best_model.pt (val Recall@20=0.1780)
Epoch 169 | loss=0.071114
VAL metrics:
  K=10: P=0.0102 R=0.1018 NDCG=0.0494 (sampled(1pos+neg))
  K=20: P=0.0089 R=0.1781 NDCG=0.0685 (sampled(1pos+neg))
  ✅ Saved best model to /home/dsai-st125024/project/Beyond-Binary-Fake-User-Detection-A-Credibility-Aware-Graph-based-Recommender-System/dataset/lightgcn_pipeline_cu_message_parent/model/best_model.pt (val Recall@20=0.1781)
Epoch 170 | loss=0.070612
VAL metrics:
  K=10: P=0.0102 R=0.1021 NDCG=0.0496 (sampled(1pos+neg))
  K=20: P=0.0089 R=0.1782 NDCG=0.0686 (sampled(1pos+neg))
  ✅ Saved best model to /home/dsai-st125024/project/Beyond-Binary-Fake-User-Detection-A-Credibility-Aware-Graph-based-Recommender-System/dataset/lightgcn_pipeline_cu_message_parent/model/best_model.pt (val Recall@20=0.1782)
Epoch 171 | loss=0.069430
VAL metrics:
  K=10: P=0.0102 R=0.1023 NDCG=0.0497 (sampled(1pos+neg))
  K=20: P=0.0089 R=0.1784 NDCG=0.0687 (sampled(1pos+neg))
  ✅ Saved best model to /home/dsai-st125024/project/Beyond-Binary-Fake-User-Detection-A-Credibility-Aware-Graph-based-Recommender-System/dataset/lightgcn_pipeline_cu_message_parent/model/best_model.pt (val Recall@20=0.1784)
Epoch 172 | loss=0.069236
VAL metrics:
  K=10: P=0.0102 R=0.1025 NDCG=0.0497 (sampled(1pos+neg))
  K=20: P=0.0089 R=0.1783 NDCG=0.0687 (sampled(1pos+neg))
Epoch 173 | loss=0.068430
VAL metrics:
  K=10: P=0.0103 R=0.1025 NDCG=0.0497 (sampled(1pos+neg))
  K=20: P=0.0089 R=0.1781 NDCG=0.0686 (sampled(1pos+neg))
Epoch 174 | loss=0.067802
VAL metrics:
  K=10: P=0.0102 R=0.1022 NDCG=0.0496 (sampled(1pos+neg))
  K=20: P=0.0089 R=0.1783 NDCG=0.0687 (sampled(1pos+neg))
Epoch 175 | loss=0.066535
VAL metrics:
  K=10: P=0.0102 R=0.1022 NDCG=0.0497 (sampled(1pos+neg))
  K=20: P=0.0089 R=0.1783 NDCG=0.0687 (sampled(1pos+neg))
Epoch 176 | loss=0.066326
VAL metrics:
  K=10: P=0.0102 R=0.1023 NDCG=0.0498 (sampled(1pos+neg))
  K=20: P=0.0089 R=0.1780 NDCG=0.0688 (sampled(1pos+neg))
Epoch 177 | loss=0.065515
VAL metrics:
  K=10: P=0.0102 R=0.1022 NDCG=0.0499 (sampled(1pos+neg))
  K=20: P=0.0089 R=0.1782 NDCG=0.0689 (sampled(1pos+neg))
Epoch 178 | loss=0.065405
VAL metrics:
  K=10: P=0.0102 R=0.1024 NDCG=0.0500 (sampled(1pos+neg))
  K=20: P=0.0089 R=0.1780 NDCG=0.0690 (sampled(1pos+neg))
Epoch 179 | loss=0.063855
VAL metrics:
  K=10: P=0.0103 R=0.1027 NDCG=0.0501 (sampled(1pos+neg))
  K=20: P=0.0089 R=0.1783 NDCG=0.0691 (sampled(1pos+neg))
Epoch 180 | loss=0.064088
VAL metrics:
  K=10: P=0.0102 R=0.1023 NDCG=0.0501 (sampled(1pos+neg))
  K=20: P=0.0089 R=0.1782 NDCG=0.0691 (sampled(1pos+neg))
Epoch 181 | loss=0.063383
VAL metrics:
  K=10: P=0.0103 R=0.1029 NDCG=0.0503 (sampled(1pos+neg))
  K=20: P=0.0089 R=0.1784 NDCG=0.0692 (sampled(1pos+neg))
Epoch 182 | loss=0.062382
VAL metrics:
  K=10: P=0.0103 R=0.1033 NDCG=0.0505 (sampled(1pos+neg))
  K=20: P=0.0089 R=0.1785 NDCG=0.0693 (sampled(1pos+neg))
  ✅ Saved best model to /home/dsai-st125024/project/Beyond-Binary-Fake-User-Detection-A-Credibility-Aware-Graph-based-Recommender-System/dataset/lightgcn_pipeline_cu_message_parent/model/best_model.pt (val Recall@20=0.1785)
Epoch 183 | loss=0.062020
VAL metrics:
  K=10: P=0.0104 R=0.1035 NDCG=0.0506 (sampled(1pos+neg))
  K=20: P=0.0089 R=0.1789 NDCG=0.0695 (sampled(1pos+neg))
  ✅ Saved best model to /home/dsai-st125024/project/Beyond-Binary-Fake-User-Detection-A-Credibility-Aware-Graph-based-Recommender-System/dataset/lightgcn_pipeline_cu_message_parent/model/best_model.pt (val Recall@20=0.1789)
Epoch 184 | loss=0.060978
VAL metrics:
  K=10: P=0.0104 R=0.1036 NDCG=0.0507 (sampled(1pos+neg))
  K=20: P=0.0089 R=0.1790 NDCG=0.0695 (sampled(1pos+neg))
  ✅ Saved best model to /home/dsai-st125024/project/Beyond-Binary-Fake-User-Detection-A-Credibility-Aware-Graph-based-Recommender-System/dataset/lightgcn_pipeline_cu_message_parent/model/best_model.pt (val Recall@20=0.1790)
Epoch 185 | loss=0.060521
VAL metrics:
  K=10: P=0.0104 R=0.1035 NDCG=0.0507 (sampled(1pos+neg))
  K=20: P=0.0090 R=0.1794 NDCG=0.0697 (sampled(1pos+neg))
  ✅ Saved best model to /home/dsai-st125024/project/Beyond-Binary-Fake-User-Detection-A-Credibility-Aware-Graph-based-Recommender-System/dataset/lightgcn_pipeline_cu_message_parent/model/best_model.pt (val Recall@20=0.1794)
Epoch 186 | loss=0.060089
VAL metrics:
  K=10: P=0.0104 R=0.1035 NDCG=0.0508 (sampled(1pos+neg))
  K=20: P=0.0090 R=0.1793 NDCG=0.0698 (sampled(1pos+neg))
Epoch 187 | loss=0.059849
VAL metrics:
  K=10: P=0.0104 R=0.1036 NDCG=0.0509 (sampled(1pos+neg))
  K=20: P=0.0090 R=0.1794 NDCG=0.0699 (sampled(1pos+neg))
  ✅ Saved best model to /home/dsai-st125024/project/Beyond-Binary-Fake-User-Detection-A-Credibility-Aware-Graph-based-Recommender-System/dataset/lightgcn_pipeline_cu_message_parent/model/best_model.pt (val Recall@20=0.1794)
Epoch 188 | loss=0.058726
VAL metrics:
  K=10: P=0.0104 R=0.1037 NDCG=0.0510 (sampled(1pos+neg))
  K=20: P=0.0090 R=0.1797 NDCG=0.0700 (sampled(1pos+neg))
  ✅ Saved best model to /home/dsai-st125024/project/Beyond-Binary-Fake-User-Detection-A-Credibility-Aware-Graph-based-Recommender-System/dataset/lightgcn_pipeline_cu_message_parent/model/best_model.pt (val Recall@20=0.1797)
Epoch 189 | loss=0.058693
VAL metrics:
  K=10: P=0.0104 R=0.1036 NDCG=0.0510 (sampled(1pos+neg))
  K=20: P=0.0090 R=0.1796 NDCG=0.0700 (sampled(1pos+neg))
Epoch 190 | loss=0.058086
VAL metrics:
  K=10: P=0.0104 R=0.1036 NDCG=0.0511 (sampled(1pos+neg))
  K=20: P=0.0090 R=0.1792 NDCG=0.0700 (sampled(1pos+neg))
Epoch 191 | loss=0.057468
VAL metrics:
  K=10: P=0.0104 R=0.1039 NDCG=0.0512 (sampled(1pos+neg))
  K=20: P=0.0090 R=0.1796 NDCG=0.0702 (sampled(1pos+neg))
Epoch 192 | loss=0.056586
VAL metrics:
  K=10: P=0.0104 R=0.1041 NDCG=0.0513 (sampled(1pos+neg))
  K=20: P=0.0090 R=0.1797 NDCG=0.0702 (sampled(1pos+neg))
Epoch 193 | loss=0.056595
VAL metrics:
  K=10: P=0.0104 R=0.1040 NDCG=0.0514 (sampled(1pos+neg))
  K=20: P=0.0090 R=0.1797 NDCG=0.0703 (sampled(1pos+neg))
Epoch 194 | loss=0.055994
VAL metrics:
  K=10: P=0.0104 R=0.1039 NDCG=0.0513 (sampled(1pos+neg))
  K=20: P=0.0090 R=0.1796 NDCG=0.0703 (sampled(1pos+neg))
Epoch 195 | loss=0.055131
VAL metrics:
  K=10: P=0.0104 R=0.1041 NDCG=0.0514 (sampled(1pos+neg))
  K=20: P=0.0090 R=0.1797 NDCG=0.0703 (sampled(1pos+neg))
Epoch 196 | loss=0.054763
VAL metrics:
  K=10: P=0.0104 R=0.1045 NDCG=0.0515 (sampled(1pos+neg))
  K=20: P=0.0090 R=0.1796 NDCG=0.0703 (sampled(1pos+neg))
Epoch 197 | loss=0.054280
VAL metrics:
  K=10: P=0.0104 R=0.1044 NDCG=0.0515 (sampled(1pos+neg))
  K=20: P=0.0090 R=0.1795 NDCG=0.0703 (sampled(1pos+neg))
Epoch 198 | loss=0.053810
VAL metrics:
  K=10: P=0.0104 R=0.1043 NDCG=0.0515 (sampled(1pos+neg))
  K=20: P=0.0090 R=0.1798 NDCG=0.0704 (sampled(1pos+neg))
  ✅ Saved best model to /home/dsai-st125024/project/Beyond-Binary-Fake-User-Detection-A-Credibility-Aware-Graph-based-Recommender-System/dataset/lightgcn_pipeline_cu_message_parent/model/best_model.pt (val Recall@20=0.1798)
Epoch 199 | loss=0.053442
VAL metrics:
  K=10: P=0.0104 R=0.1042 NDCG=0.0515 (sampled(1pos+neg))
  K=20: P=0.0090 R=0.1798 NDCG=0.0704 (sampled(1pos+neg))
Epoch 200 | loss=0.052867
VAL metrics:
  K=10: P=0.0104 R=0.1040 NDCG=0.0514 (sampled(1pos+neg))
  K=20: P=0.0090 R=0.1796 NDCG=0.0704 (sampled(1pos+neg))
Epoch 201 | loss=0.052425
VAL metrics:
  K=10: P=0.0104 R=0.1038 NDCG=0.0514 (sampled(1pos+neg))
  K=20: P=0.0090 R=0.1800 NDCG=0.0705 (sampled(1pos+neg))
  ✅ Saved best model to /home/dsai-st125024/project/Beyond-Binary-Fake-User-Detection-A-Credibility-Aware-Graph-based-Recommender-System/dataset/lightgcn_pipeline_cu_message_parent/model/best_model.pt (val Recall@20=0.1800)
Epoch 202 | loss=0.052311
VAL metrics:
  K=10: P=0.0104 R=0.1039 NDCG=0.0515 (sampled(1pos+neg))
  K=20: P=0.0090 R=0.1800 NDCG=0.0706 (sampled(1pos+neg))
Epoch 203 | loss=0.051487
VAL metrics:
  K=10: P=0.0104 R=0.1041 NDCG=0.0517 (sampled(1pos+neg))
  K=20: P=0.0090 R=0.1800 NDCG=0.0707 (sampled(1pos+neg))
  ✅ Saved best model to /home/dsai-st125024/project/Beyond-Binary-Fake-User-Detection-A-Credibility-Aware-Graph-based-Recommender-System/dataset/lightgcn_pipeline_cu_message_parent/model/best_model.pt (val Recall@20=0.1800)
Epoch 204 | loss=0.051247
VAL metrics:
  K=10: P=0.0105 R=0.1046 NDCG=0.0518 (sampled(1pos+neg))
  K=20: P=0.0090 R=0.1804 NDCG=0.0708 (sampled(1pos+neg))
  ✅ Saved best model to /home/dsai-st125024/project/Beyond-Binary-Fake-User-Detection-A-Credibility-Aware-Graph-based-Recommender-System/dataset/lightgcn_pipeline_cu_message_parent/model/best_model.pt (val Recall@20=0.1804)
Epoch 205 | loss=0.050773
VAL metrics:
  K=10: P=0.0105 R=0.1050 NDCG=0.0520 (sampled(1pos+neg))
  K=20: P=0.0090 R=0.1806 NDCG=0.0709 (sampled(1pos+neg))
  ✅ Saved best model to /home/dsai-st125024/project/Beyond-Binary-Fake-User-Detection-A-Credibility-Aware-Graph-based-Recommender-System/dataset/lightgcn_pipeline_cu_message_parent/model/best_model.pt (val Recall@20=0.1806)
Epoch 206 | loss=0.050026
VAL metrics:
  K=10: P=0.0105 R=0.1051 NDCG=0.0520 (sampled(1pos+neg))
  K=20: P=0.0090 R=0.1806 NDCG=0.0709 (sampled(1pos+neg))
Epoch 207 | loss=0.049670
VAL metrics:
  K=10: P=0.0105 R=0.1053 NDCG=0.0521 (sampled(1pos+neg))
  K=20: P=0.0090 R=0.1806 NDCG=0.0710 (sampled(1pos+neg))
  ✅ Saved best model to /home/dsai-st125024/project/Beyond-Binary-Fake-User-Detection-A-Credibility-Aware-Graph-based-Recommender-System/dataset/lightgcn_pipeline_cu_message_parent/model/best_model.pt (val Recall@20=0.1806)
Epoch 208 | loss=0.049156
VAL metrics:
  K=10: P=0.0105 R=0.1054 NDCG=0.0522 (sampled(1pos+neg))
  K=20: P=0.0090 R=0.1807 NDCG=0.0710 (sampled(1pos+neg))
  ✅ Saved best model to /home/dsai-st125024/project/Beyond-Binary-Fake-User-Detection-A-Credibility-Aware-Graph-based-Recommender-System/dataset/lightgcn_pipeline_cu_message_parent/model/best_model.pt (val Recall@20=0.1807)
Epoch 209 | loss=0.048726
VAL metrics:
  K=10: P=0.0106 R=0.1055 NDCG=0.0523 (sampled(1pos+neg))
  K=20: P=0.0090 R=0.1808 NDCG=0.0712 (sampled(1pos+neg))
  ✅ Saved best model to /home/dsai-st125024/project/Beyond-Binary-Fake-User-Detection-A-Credibility-Aware-Graph-based-Recommender-System/dataset/lightgcn_pipeline_cu_message_parent/model/best_model.pt (val Recall@20=0.1808)
Epoch 210 | loss=0.048626
VAL metrics:
  K=10: P=0.0105 R=0.1054 NDCG=0.0523 (sampled(1pos+neg))
  K=20: P=0.0091 R=0.1810 NDCG=0.0712 (sampled(1pos+neg))
  ✅ Saved best model to /home/dsai-st125024/project/Beyond-Binary-Fake-User-Detection-A-Credibility-Aware-Graph-based-Recommender-System/dataset/lightgcn_pipeline_cu_message_parent/model/best_model.pt (val Recall@20=0.1810)
Epoch 211 | loss=0.048114
VAL metrics:
  K=10: P=0.0106 R=0.1055 NDCG=0.0523 (sampled(1pos+neg))
  K=20: P=0.0091 R=0.1812 NDCG=0.0712 (sampled(1pos+neg))
  ✅ Saved best model to /home/dsai-st125024/project/Beyond-Binary-Fake-User-Detection-A-Credibility-Aware-Graph-based-Recommender-System/dataset/lightgcn_pipeline_cu_message_parent/model/best_model.pt (val Recall@20=0.1812)
Epoch 212 | loss=0.047769
VAL metrics:
  K=10: P=0.0106 R=0.1056 NDCG=0.0523 (sampled(1pos+neg))
  K=20: P=0.0091 R=0.1814 NDCG=0.0713 (sampled(1pos+neg))
  ✅ Saved best model to /home/dsai-st125024/project/Beyond-Binary-Fake-User-Detection-A-Credibility-Aware-Graph-based-Recommender-System/dataset/lightgcn_pipeline_cu_message_parent/model/best_model.pt (val Recall@20=0.1814)
Epoch 213 | loss=0.047265
VAL metrics:
  K=10: P=0.0106 R=0.1057 NDCG=0.0524 (sampled(1pos+neg))
  K=20: P=0.0091 R=0.1814 NDCG=0.0714 (sampled(1pos+neg))
Epoch 214 | loss=0.046974
VAL metrics:
  K=10: P=0.0106 R=0.1057 NDCG=0.0525 (sampled(1pos+neg))
  K=20: P=0.0091 R=0.1815 NDCG=0.0714 (sampled(1pos+neg))
  ✅ Saved best model to /home/dsai-st125024/project/Beyond-Binary-Fake-User-Detection-A-Credibility-Aware-Graph-based-Recommender-System/dataset/lightgcn_pipeline_cu_message_parent/model/best_model.pt (val Recall@20=0.1815)
Epoch 215 | loss=0.046626
VAL metrics:
  K=10: P=0.0106 R=0.1057 NDCG=0.0525 (sampled(1pos+neg))
  K=20: P=0.0091 R=0.1814 NDCG=0.0714 (sampled(1pos+neg))
Epoch 216 | loss=0.046032
VAL metrics:
  K=10: P=0.0106 R=0.1059 NDCG=0.0526 (sampled(1pos+neg))
  K=20: P=0.0091 R=0.1816 NDCG=0.0715 (sampled(1pos+neg))
  ✅ Saved best model to /home/dsai-st125024/project/Beyond-Binary-Fake-User-Detection-A-Credibility-Aware-Graph-based-Recommender-System/dataset/lightgcn_pipeline_cu_message_parent/model/best_model.pt (val Recall@20=0.1816)
Epoch 217 | loss=0.045480
VAL metrics:
  K=10: P=0.0106 R=0.1056 NDCG=0.0525 (sampled(1pos+neg))
  K=20: P=0.0091 R=0.1814 NDCG=0.0715 (sampled(1pos+neg))
Epoch 218 | loss=0.045225
VAL metrics:
  K=10: P=0.0105 R=0.1052 NDCG=0.0525 (sampled(1pos+neg))
  K=20: P=0.0091 R=0.1819 NDCG=0.0717 (sampled(1pos+neg))
  ✅ Saved best model to /home/dsai-st125024/project/Beyond-Binary-Fake-User-Detection-A-Credibility-Aware-Graph-based-Recommender-System/dataset/lightgcn_pipeline_cu_message_parent/model/best_model.pt (val Recall@20=0.1819)
Epoch 219 | loss=0.044587
VAL metrics:
  K=10: P=0.0106 R=0.1055 NDCG=0.0526 (sampled(1pos+neg))
  K=20: P=0.0091 R=0.1816 NDCG=0.0716 (sampled(1pos+neg))
Epoch 220 | loss=0.044244
VAL metrics:
  K=10: P=0.0106 R=0.1059 NDCG=0.0528 (sampled(1pos+neg))
  K=20: P=0.0091 R=0.1817 NDCG=0.0718 (sampled(1pos+neg))
Epoch 221 | loss=0.044430
VAL metrics:
  K=10: P=0.0106 R=0.1058 NDCG=0.0528 (sampled(1pos+neg))
  K=20: P=0.0091 R=0.1822 NDCG=0.0719 (sampled(1pos+neg))
  ✅ Saved best model to /home/dsai-st125024/project/Beyond-Binary-Fake-User-Detection-A-Credibility-Aware-Graph-based-Recommender-System/dataset/lightgcn_pipeline_cu_message_parent/model/best_model.pt (val Recall@20=0.1822)
Epoch 222 | loss=0.043777
VAL metrics:
  K=10: P=0.0106 R=0.1059 NDCG=0.0529 (sampled(1pos+neg))
  K=20: P=0.0091 R=0.1822 NDCG=0.0720 (sampled(1pos+neg))
Epoch 223 | loss=0.043333
VAL metrics:
  K=10: P=0.0106 R=0.1061 NDCG=0.0530 (sampled(1pos+neg))
  K=20: P=0.0091 R=0.1822 NDCG=0.0720 (sampled(1pos+neg))
Epoch 224 | loss=0.042550
VAL metrics:
  K=10: P=0.0106 R=0.1059 NDCG=0.0530 (sampled(1pos+neg))
  K=20: P=0.0091 R=0.1822 NDCG=0.0721 (sampled(1pos+neg))
Epoch 225 | loss=0.042714
VAL metrics:
  K=10: P=0.0106 R=0.1062 NDCG=0.0531 (sampled(1pos+neg))
  K=20: P=0.0091 R=0.1821 NDCG=0.0721 (sampled(1pos+neg))
Epoch 226 | loss=0.042063
VAL metrics:
  K=10: P=0.0106 R=0.1063 NDCG=0.0531 (sampled(1pos+neg))
  K=20: P=0.0091 R=0.1821 NDCG=0.0721 (sampled(1pos+neg))
Epoch 227 | loss=0.041898
VAL metrics:
  K=10: P=0.0106 R=0.1062 NDCG=0.0530 (sampled(1pos+neg))
  K=20: P=0.0091 R=0.1821 NDCG=0.0721 (sampled(1pos+neg))
Epoch 228 | loss=0.041669
VAL metrics:
  K=10: P=0.0106 R=0.1062 NDCG=0.0531 (sampled(1pos+neg))
  K=20: P=0.0091 R=0.1821 NDCG=0.0721 (sampled(1pos+neg))
Epoch 229 | loss=0.041095
VAL metrics:
  K=10: P=0.0106 R=0.1063 NDCG=0.0531 (sampled(1pos+neg))
  K=20: P=0.0091 R=0.1821 NDCG=0.0721 (sampled(1pos+neg))
Epoch 230 | loss=0.040848
VAL metrics:
  K=10: P=0.0106 R=0.1061 NDCG=0.0531 (sampled(1pos+neg))
  K=20: P=0.0091 R=0.1825 NDCG=0.0722 (sampled(1pos+neg))
  ✅ Saved best model to /home/dsai-st125024/project/Beyond-Binary-Fake-User-Detection-A-Credibility-Aware-Graph-based-Recommender-System/dataset/lightgcn_pipeline_cu_message_parent/model/best_model.pt (val Recall@20=0.1825)
Epoch 231 | loss=0.040383
VAL metrics:
  K=10: P=0.0107 R=0.1068 NDCG=0.0533 (sampled(1pos+neg))
  K=20: P=0.0091 R=0.1827 NDCG=0.0723 (sampled(1pos+neg))
  ✅ Saved best model to /home/dsai-st125024/project/Beyond-Binary-Fake-User-Detection-A-Credibility-Aware-Graph-based-Recommender-System/dataset/lightgcn_pipeline_cu_message_parent/model/best_model.pt (val Recall@20=0.1827)
Epoch 232 | loss=0.039993
VAL metrics:
  K=10: P=0.0107 R=0.1066 NDCG=0.0533 (sampled(1pos+neg))
  K=20: P=0.0091 R=0.1829 NDCG=0.0724 (sampled(1pos+neg))
  ✅ Saved best model to /home/dsai-st125024/project/Beyond-Binary-Fake-User-Detection-A-Credibility-Aware-Graph-based-Recommender-System/dataset/lightgcn_pipeline_cu_message_parent/model/best_model.pt (val Recall@20=0.1829)
Epoch 233 | loss=0.039793
VAL metrics:
  K=10: P=0.0107 R=0.1066 NDCG=0.0533 (sampled(1pos+neg))
  K=20: P=0.0092 R=0.1831 NDCG=0.0725 (sampled(1pos+neg))
  ✅ Saved best model to /home/dsai-st125024/project/Beyond-Binary-Fake-User-Detection-A-Credibility-Aware-Graph-based-Recommender-System/dataset/lightgcn_pipeline_cu_message_parent/model/best_model.pt (val Recall@20=0.1831)
Epoch 234 | loss=0.039828
VAL metrics:
  K=10: P=0.0107 R=0.1067 NDCG=0.0534 (sampled(1pos+neg))
  K=20: P=0.0091 R=0.1829 NDCG=0.0725 (sampled(1pos+neg))
Epoch 235 | loss=0.039306
VAL metrics:
  K=10: P=0.0106 R=0.1065 NDCG=0.0534 (sampled(1pos+neg))
  K=20: P=0.0091 R=0.1830 NDCG=0.0725 (sampled(1pos+neg))
Epoch 236 | loss=0.039094
VAL metrics:
  K=10: P=0.0106 R=0.1064 NDCG=0.0534 (sampled(1pos+neg))
  K=20: P=0.0092 R=0.1830 NDCG=0.0726 (sampled(1pos+neg))
Epoch 237 | loss=0.038524
VAL metrics:
  K=10: P=0.0106 R=0.1064 NDCG=0.0535 (sampled(1pos+neg))
  K=20: P=0.0091 R=0.1830 NDCG=0.0726 (sampled(1pos+neg))
Epoch 238 | loss=0.038397
VAL metrics:
  K=10: P=0.0107 R=0.1068 NDCG=0.0535 (sampled(1pos+neg))
  K=20: P=0.0091 R=0.1827 NDCG=0.0726 (sampled(1pos+neg))
Epoch 239 | loss=0.038228
VAL metrics:
  K=10: P=0.0107 R=0.1069 NDCG=0.0536 (sampled(1pos+neg))
  K=20: P=0.0091 R=0.1826 NDCG=0.0725 (sampled(1pos+neg))
Epoch 240 | loss=0.037921
VAL metrics:
  K=10: P=0.0107 R=0.1071 NDCG=0.0536 (sampled(1pos+neg))
  K=20: P=0.0091 R=0.1823 NDCG=0.0725 (sampled(1pos+neg))
Epoch 241 | loss=0.037383
VAL metrics:
  K=10: P=0.0107 R=0.1074 NDCG=0.0537 (sampled(1pos+neg))
  K=20: P=0.0091 R=0.1825 NDCG=0.0725 (sampled(1pos+neg))
Epoch 242 | loss=0.037298
VAL metrics:
  K=10: P=0.0107 R=0.1071 NDCG=0.0537 (sampled(1pos+neg))
  K=20: P=0.0091 R=0.1826 NDCG=0.0727 (sampled(1pos+neg))
Epoch 243 | loss=0.036736
VAL metrics:
  K=10: P=0.0107 R=0.1073 NDCG=0.0538 (sampled(1pos+neg))
  K=20: P=0.0091 R=0.1825 NDCG=0.0726 (sampled(1pos+neg))
Epoch 244 | loss=0.036398
VAL metrics:
  K=10: P=0.0107 R=0.1073 NDCG=0.0538 (sampled(1pos+neg))
  K=20: P=0.0091 R=0.1828 NDCG=0.0727 (sampled(1pos+neg))
Epoch 245 | loss=0.036590
VAL metrics:
  K=10: P=0.0107 R=0.1070 NDCG=0.0537 (sampled(1pos+neg))
  K=20: P=0.0092 R=0.1831 NDCG=0.0728 (sampled(1pos+neg))
  ✅ Saved best model to /home/dsai-st125024/project/Beyond-Binary-Fake-User-Detection-A-Credibility-Aware-Graph-based-Recommender-System/dataset/lightgcn_pipeline_cu_message_parent/model/best_model.pt (val Recall@20=0.1831)
Epoch 246 | loss=0.036006
VAL metrics:
  K=10: P=0.0107 R=0.1073 NDCG=0.0539 (sampled(1pos+neg))
  K=20: P=0.0092 R=0.1831 NDCG=0.0729 (sampled(1pos+neg))
Epoch 247 | loss=0.035630
VAL metrics:
  K=10: P=0.0107 R=0.1074 NDCG=0.0540 (sampled(1pos+neg))
  K=20: P=0.0092 R=0.1834 NDCG=0.0730 (sampled(1pos+neg))
  ✅ Saved best model to /home/dsai-st125024/project/Beyond-Binary-Fake-User-Detection-A-Credibility-Aware-Graph-based-Recommender-System/dataset/lightgcn_pipeline_cu_message_parent/model/best_model.pt (val Recall@20=0.1834)
Epoch 248 | loss=0.035346
VAL metrics:
  K=10: P=0.0108 R=0.1075 NDCG=0.0541 (sampled(1pos+neg))
  K=20: P=0.0092 R=0.1832 NDCG=0.0730 (sampled(1pos+neg))
Epoch 249 | loss=0.035099
VAL metrics:
  K=10: P=0.0107 R=0.1073 NDCG=0.0540 (sampled(1pos+neg))
  K=20: P=0.0092 R=0.1833 NDCG=0.0730 (sampled(1pos+neg))
Epoch 250 | loss=0.034901
VAL metrics:
  K=10: P=0.0107 R=0.1073 NDCG=0.0540 (sampled(1pos+neg))
  K=20: P=0.0092 R=0.1832 NDCG=0.0731 (sampled(1pos+neg))
Epoch 251 | loss=0.035117
VAL metrics:
  K=10: P=0.0107 R=0.1074 NDCG=0.0541 (sampled(1pos+neg))
  K=20: P=0.0092 R=0.1833 NDCG=0.0731 (sampled(1pos+neg))
Epoch 252 | loss=0.034435
VAL metrics:
  K=10: P=0.0108 R=0.1079 NDCG=0.0542 (sampled(1pos+neg))
  K=20: P=0.0092 R=0.1836 NDCG=0.0732 (sampled(1pos+neg))
  ✅ Saved best model to /home/dsai-st125024/project/Beyond-Binary-Fake-User-Detection-A-Credibility-Aware-Graph-based-Recommender-System/dataset/lightgcn_pipeline_cu_message_parent/model/best_model.pt (val Recall@20=0.1836)
Epoch 253 | loss=0.034223
VAL metrics:
  K=10: P=0.0108 R=0.1079 NDCG=0.0542 (sampled(1pos+neg))
  K=20: P=0.0092 R=0.1837 NDCG=0.0731 (sampled(1pos+neg))
  ✅ Saved best model to /home/dsai-st125024/project/Beyond-Binary-Fake-User-Detection-A-Credibility-Aware-Graph-based-Recommender-System/dataset/lightgcn_pipeline_cu_message_parent/model/best_model.pt (val Recall@20=0.1837)
Epoch 254 | loss=0.034075
VAL metrics:
  K=10: P=0.0108 R=0.1079 NDCG=0.0541 (sampled(1pos+neg))
  K=20: P=0.0092 R=0.1833 NDCG=0.0730 (sampled(1pos+neg))
Epoch 255 | loss=0.033770
VAL metrics:
  K=10: P=0.0108 R=0.1078 NDCG=0.0542 (sampled(1pos+neg))
  K=20: P=0.0092 R=0.1837 NDCG=0.0732 (sampled(1pos+neg))
Epoch 256 | loss=0.033730
VAL metrics:
  K=10: P=0.0108 R=0.1078 NDCG=0.0543 (sampled(1pos+neg))
  K=20: P=0.0092 R=0.1839 NDCG=0.0733 (sampled(1pos+neg))
  ✅ Saved best model to /home/dsai-st125024/project/Beyond-Binary-Fake-User-Detection-A-Credibility-Aware-Graph-based-Recommender-System/dataset/lightgcn_pipeline_cu_message_parent/model/best_model.pt (val Recall@20=0.1839)
Epoch 257 | loss=0.033092
VAL metrics:
  K=10: P=0.0108 R=0.1078 NDCG=0.0544 (sampled(1pos+neg))
  K=20: P=0.0092 R=0.1839 NDCG=0.0734 (sampled(1pos+neg))
Epoch 258 | loss=0.032943
VAL metrics:
  K=10: P=0.0108 R=0.1081 NDCG=0.0544 (sampled(1pos+neg))
  K=20: P=0.0092 R=0.1838 NDCG=0.0734 (sampled(1pos+neg))
Epoch 259 | loss=0.032790
VAL metrics:
  K=10: P=0.0108 R=0.1081 NDCG=0.0544 (sampled(1pos+neg))
  K=20: P=0.0092 R=0.1838 NDCG=0.0734 (sampled(1pos+neg))
Epoch 260 | loss=0.032488
VAL metrics:
  K=10: P=0.0108 R=0.1085 NDCG=0.0546 (sampled(1pos+neg))
  K=20: P=0.0092 R=0.1839 NDCG=0.0734 (sampled(1pos+neg))
Epoch 261 | loss=0.032496
VAL metrics:
  K=10: P=0.0108 R=0.1084 NDCG=0.0545 (sampled(1pos+neg))
  K=20: P=0.0092 R=0.1838 NDCG=0.0734 (sampled(1pos+neg))
Epoch 262 | loss=0.031851
VAL metrics:
  K=10: P=0.0109 R=0.1087 NDCG=0.0547 (sampled(1pos+neg))
  K=20: P=0.0092 R=0.1838 NDCG=0.0735 (sampled(1pos+neg))
Epoch 263 | loss=0.031775
VAL metrics:
  K=10: P=0.0109 R=0.1090 NDCG=0.0548 (sampled(1pos+neg))
  K=20: P=0.0092 R=0.1840 NDCG=0.0736 (sampled(1pos+neg))
  ✅ Saved best model to /home/dsai-st125024/project/Beyond-Binary-Fake-User-Detection-A-Credibility-Aware-Graph-based-Recommender-System/dataset/lightgcn_pipeline_cu_message_parent/model/best_model.pt (val Recall@20=0.1840)
Epoch 264 | loss=0.031672
VAL metrics:
  K=10: P=0.0109 R=0.1092 NDCG=0.0549 (sampled(1pos+neg))
  K=20: P=0.0092 R=0.1840 NDCG=0.0736 (sampled(1pos+neg))
Epoch 265 | loss=0.031069
VAL metrics:
  K=10: P=0.0109 R=0.1094 NDCG=0.0549 (sampled(1pos+neg))
  K=20: P=0.0092 R=0.1839 NDCG=0.0736 (sampled(1pos+neg))
Epoch 266 | loss=0.031138
VAL metrics:
  K=10: P=0.0109 R=0.1093 NDCG=0.0549 (sampled(1pos+neg))
  K=20: P=0.0092 R=0.1838 NDCG=0.0736 (sampled(1pos+neg))
Epoch 267 | loss=0.030742
VAL metrics:
  K=10: P=0.0109 R=0.1094 NDCG=0.0550 (sampled(1pos+neg))
  K=20: P=0.0092 R=0.1838 NDCG=0.0736 (sampled(1pos+neg))
Epoch 268 | loss=0.030631
VAL metrics:
  K=10: P=0.0109 R=0.1092 NDCG=0.0549 (sampled(1pos+neg))
  K=20: P=0.0092 R=0.1837 NDCG=0.0736 (sampled(1pos+neg))
Epoch 269 | loss=0.030610
VAL metrics:
  K=10: P=0.0109 R=0.1093 NDCG=0.0550 (sampled(1pos+neg))
  K=20: P=0.0092 R=0.1838 NDCG=0.0737 (sampled(1pos+neg))
Epoch 270 | loss=0.030306
VAL metrics:
  K=10: P=0.0109 R=0.1093 NDCG=0.0550 (sampled(1pos+neg))
  K=20: P=0.0092 R=0.1839 NDCG=0.0737 (sampled(1pos+neg))
Epoch 271 | loss=0.030112
VAL metrics:
  K=10: P=0.0110 R=0.1096 NDCG=0.0552 (sampled(1pos+neg))
  K=20: P=0.0092 R=0.1839 NDCG=0.0738 (sampled(1pos+neg))
Epoch 272 | loss=0.029743
VAL metrics:
  K=10: P=0.0110 R=0.1097 NDCG=0.0552 (sampled(1pos+neg))
  K=20: P=0.0092 R=0.1839 NDCG=0.0738 (sampled(1pos+neg))
Epoch 273 | loss=0.029605
VAL metrics:
  K=10: P=0.0109 R=0.1095 NDCG=0.0552 (sampled(1pos+neg))
  K=20: P=0.0092 R=0.1838 NDCG=0.0738 (sampled(1pos+neg))
Epoch 274 | loss=0.029367
VAL metrics:
  K=10: P=0.0110 R=0.1097 NDCG=0.0553 (sampled(1pos+neg))
  K=20: P=0.0092 R=0.1836 NDCG=0.0738 (sampled(1pos+neg))
Epoch 275 | loss=0.029399
VAL metrics:
  K=10: P=0.0110 R=0.1100 NDCG=0.0554 (sampled(1pos+neg))
  K=20: P=0.0092 R=0.1839 NDCG=0.0739 (sampled(1pos+neg))
Epoch 276 | loss=0.028931
VAL metrics:
  K=10: P=0.0110 R=0.1100 NDCG=0.0554 (sampled(1pos+neg))
  K=20: P=0.0092 R=0.1838 NDCG=0.0739 (sampled(1pos+neg))
Epoch 277 | loss=0.028965
VAL metrics:
  K=10: P=0.0110 R=0.1101 NDCG=0.0554 (sampled(1pos+neg))
  K=20: P=0.0092 R=0.1838 NDCG=0.0739 (sampled(1pos+neg))
Epoch 278 | loss=0.028562
VAL metrics:
  K=10: P=0.0110 R=0.1100 NDCG=0.0555 (sampled(1pos+neg))
  K=20: P=0.0092 R=0.1837 NDCG=0.0740 (sampled(1pos+neg))
Epoch 279 | loss=0.028581
VAL metrics:
  K=10: P=0.0110 R=0.1101 NDCG=0.0556 (sampled(1pos+neg))
  K=20: P=0.0092 R=0.1839 NDCG=0.0740 (sampled(1pos+neg))
Epoch 280 | loss=0.028325
VAL metrics:
  K=10: P=0.0110 R=0.1101 NDCG=0.0555 (sampled(1pos+neg))
  K=20: P=0.0092 R=0.1839 NDCG=0.0740 (sampled(1pos+neg))
Epoch 281 | loss=0.027897
VAL metrics:
  K=10: P=0.0110 R=0.1103 NDCG=0.0556 (sampled(1pos+neg))
  K=20: P=0.0092 R=0.1834 NDCG=0.0739 (sampled(1pos+neg))
Epoch 282 | loss=0.027779
VAL metrics:
  K=10: P=0.0110 R=0.1102 NDCG=0.0556 (sampled(1pos+neg))
  K=20: P=0.0092 R=0.1833 NDCG=0.0740 (sampled(1pos+neg))
Epoch 283 | loss=0.027836
VAL metrics:
  K=10: P=0.0110 R=0.1103 NDCG=0.0557 (sampled(1pos+neg))
  K=20: P=0.0092 R=0.1835 NDCG=0.0741 (sampled(1pos+neg))
Epoch 284 | loss=0.027533
VAL metrics:
  K=10: P=0.0110 R=0.1103 NDCG=0.0558 (sampled(1pos+neg))
  K=20: P=0.0092 R=0.1834 NDCG=0.0741 (sampled(1pos+neg))
Epoch 285 | loss=0.027459
VAL metrics:
  K=10: P=0.0110 R=0.1101 NDCG=0.0558 (sampled(1pos+neg))
  K=20: P=0.0092 R=0.1835 NDCG=0.0742 (sampled(1pos+neg))
Epoch 286 | loss=0.026860
VAL metrics:
  K=10: P=0.0110 R=0.1100 NDCG=0.0557 (sampled(1pos+neg))
  K=20: P=0.0092 R=0.1837 NDCG=0.0742 (sampled(1pos+neg))
Epoch 287 | loss=0.026956
VAL metrics:
  K=10: P=0.0110 R=0.1099 NDCG=0.0557 (sampled(1pos+neg))
  K=20: P=0.0092 R=0.1837 NDCG=0.0742 (sampled(1pos+neg))
Epoch 288 | loss=0.026539
VAL metrics:
  K=10: P=0.0110 R=0.1101 NDCG=0.0558 (sampled(1pos+neg))
  K=20: P=0.0092 R=0.1838 NDCG=0.0743 (sampled(1pos+neg))
Epoch 289 | loss=0.026342
VAL metrics:
  K=10: P=0.0110 R=0.1104 NDCG=0.0559 (sampled(1pos+neg))
  K=20: P=0.0092 R=0.1838 NDCG=0.0743 (sampled(1pos+neg))
Epoch 290 | loss=0.026334
VAL metrics:
  K=10: P=0.0110 R=0.1103 NDCG=0.0560 (sampled(1pos+neg))
  K=20: P=0.0092 R=0.1842 NDCG=0.0745 (sampled(1pos+neg))
  ✅ Saved best model to /home/dsai-st125024/project/Beyond-Binary-Fake-User-Detection-A-Credibility-Aware-Graph-based-Recommender-System/dataset/lightgcn_pipeline_cu_message_parent/model/best_model.pt (val Recall@20=0.1842)
Epoch 291 | loss=0.026345
VAL metrics:
  K=10: P=0.0110 R=0.1103 NDCG=0.0560 (sampled(1pos+neg))
  K=20: P=0.0092 R=0.1843 NDCG=0.0745 (sampled(1pos+neg))
  ✅ Saved best model to /home/dsai-st125024/project/Beyond-Binary-Fake-User-Detection-A-Credibility-Aware-Graph-based-Recommender-System/dataset/lightgcn_pipeline_cu_message_parent/model/best_model.pt (val Recall@20=0.1843)
Epoch 292 | loss=0.025800
VAL metrics:
  K=10: P=0.0111 R=0.1106 NDCG=0.0561 (sampled(1pos+neg))
  K=20: P=0.0092 R=0.1840 NDCG=0.0745 (sampled(1pos+neg))
Epoch 293 | loss=0.025880
VAL metrics:
  K=10: P=0.0111 R=0.1108 NDCG=0.0562 (sampled(1pos+neg))
  K=20: P=0.0092 R=0.1842 NDCG=0.0746 (sampled(1pos+neg))
Epoch 294 | loss=0.026007
VAL metrics:
  K=10: P=0.0111 R=0.1106 NDCG=0.0562 (sampled(1pos+neg))
  K=20: P=0.0092 R=0.1842 NDCG=0.0746 (sampled(1pos+neg))
Epoch 295 | loss=0.025466
VAL metrics:
  K=10: P=0.0111 R=0.1107 NDCG=0.0562 (sampled(1pos+neg))
  K=20: P=0.0092 R=0.1844 NDCG=0.0747 (sampled(1pos+neg))
  ✅ Saved best model to /home/dsai-st125024/project/Beyond-Binary-Fake-User-Detection-A-Credibility-Aware-Graph-based-Recommender-System/dataset/lightgcn_pipeline_cu_message_parent/model/best_model.pt (val Recall@20=0.1844)
Epoch 296 | loss=0.025549
VAL metrics:
  K=10: P=0.0111 R=0.1107 NDCG=0.0563 (sampled(1pos+neg))
  K=20: P=0.0092 R=0.1844 NDCG=0.0747 (sampled(1pos+neg))
Epoch 297 | loss=0.025460
VAL metrics:
  K=10: P=0.0111 R=0.1106 NDCG=0.0562 (sampled(1pos+neg))
  K=20: P=0.0092 R=0.1841 NDCG=0.0746 (sampled(1pos+neg))
Epoch 298 | loss=0.024885
VAL metrics:
  K=10: P=0.0110 R=0.1104 NDCG=0.0561 (sampled(1pos+neg))
  K=20: P=0.0092 R=0.1844 NDCG=0.0747 (sampled(1pos+neg))
Epoch 299 | loss=0.024620
VAL metrics:
  K=10: P=0.0110 R=0.1104 NDCG=0.0562 (sampled(1pos+neg))
  K=20: P=0.0092 R=0.1847 NDCG=0.0748 (sampled(1pos+neg))
  ✅ Saved best model to /home/dsai-st125024/project/Beyond-Binary-Fake-User-Detection-A-Credibility-Aware-Graph-based-Recommender-System/dataset/lightgcn_pipeline_cu_message_parent/model/best_model.pt (val Recall@20=0.1847)
Epoch 300 | loss=0.024922
VAL metrics:
  K=10: P=0.0110 R=0.1104 NDCG=0.0563 (sampled(1pos+neg))
  K=20: P=0.0093 R=0.1850 NDCG=0.0750 (sampled(1pos+neg))
  ✅ Saved best model to /home/dsai-st125024/project/Beyond-Binary-Fake-User-Detection-A-Credibility-Aware-Graph-based-Recommender-System/dataset/lightgcn_pipeline_cu_message_parent/model/best_model.pt (val Recall@20=0.1850)
Epoch 301 | loss=0.024428
VAL metrics:
  K=10: P=0.0110 R=0.1104 NDCG=0.0563 (sampled(1pos+neg))
  K=20: P=0.0092 R=0.1847 NDCG=0.0750 (sampled(1pos+neg))
Epoch 302 | loss=0.024461
VAL metrics:
  K=10: P=0.0111 R=0.1106 NDCG=0.0563 (sampled(1pos+neg))
  K=20: P=0.0092 R=0.1849 NDCG=0.0750 (sampled(1pos+neg))
Epoch 303 | loss=0.024255
VAL metrics:
  K=10: P=0.0111 R=0.1107 NDCG=0.0564 (sampled(1pos+neg))
  K=20: P=0.0092 R=0.1850 NDCG=0.0750 (sampled(1pos+neg))
Epoch 304 | loss=0.024414
VAL metrics:
  K=10: P=0.0111 R=0.1106 NDCG=0.0564 (sampled(1pos+neg))
  K=20: P=0.0092 R=0.1848 NDCG=0.0750 (sampled(1pos+neg))
Epoch 305 | loss=0.024095
VAL metrics:
  K=10: P=0.0111 R=0.1108 NDCG=0.0565 (sampled(1pos+neg))
  K=20: P=0.0092 R=0.1849 NDCG=0.0751 (sampled(1pos+neg))
Epoch 306 | loss=0.024163
VAL metrics:
  K=10: P=0.0111 R=0.1110 NDCG=0.0566 (sampled(1pos+neg))
  K=20: P=0.0092 R=0.1848 NDCG=0.0751 (sampled(1pos+neg))
Epoch 307 | loss=0.023739
VAL metrics:
  K=10: P=0.0111 R=0.1110 NDCG=0.0567 (sampled(1pos+neg))
  K=20: P=0.0092 R=0.1849 NDCG=0.0752 (sampled(1pos+neg))
Epoch 308 | loss=0.023792
VAL metrics:
  K=10: P=0.0111 R=0.1110 NDCG=0.0567 (sampled(1pos+neg))
  K=20: P=0.0093 R=0.1850 NDCG=0.0752 (sampled(1pos+neg))
Epoch 309 | loss=0.023460
VAL metrics:
  K=10: P=0.0111 R=0.1110 NDCG=0.0567 (sampled(1pos+neg))
  K=20: P=0.0093 R=0.1851 NDCG=0.0753 (sampled(1pos+neg))
  ✅ Saved best model to /home/dsai-st125024/project/Beyond-Binary-Fake-User-Detection-A-Credibility-Aware-Graph-based-Recommender-System/dataset/lightgcn_pipeline_cu_message_parent/model/best_model.pt (val Recall@20=0.1851)
Epoch 310 | loss=0.023411
VAL metrics:
  K=10: P=0.0111 R=0.1108 NDCG=0.0567 (sampled(1pos+neg))
  K=20: P=0.0093 R=0.1853 NDCG=0.0754 (sampled(1pos+neg))
  ✅ Saved best model to /home/dsai-st125024/project/Beyond-Binary-Fake-User-Detection-A-Credibility-Aware-Graph-based-Recommender-System/dataset/lightgcn_pipeline_cu_message_parent/model/best_model.pt (val Recall@20=0.1853)
Epoch 311 | loss=0.023352
VAL metrics:
  K=10: P=0.0111 R=0.1110 NDCG=0.0567 (sampled(1pos+neg))
  K=20: P=0.0093 R=0.1854 NDCG=0.0754 (sampled(1pos+neg))
  ✅ Saved best model to /home/dsai-st125024/project/Beyond-Binary-Fake-User-Detection-A-Credibility-Aware-Graph-based-Recommender-System/dataset/lightgcn_pipeline_cu_message_parent/model/best_model.pt (val Recall@20=0.1854)
Epoch 312 | loss=0.022747
VAL metrics:
  K=10: P=0.0111 R=0.1110 NDCG=0.0567 (sampled(1pos+neg))
  K=20: P=0.0093 R=0.1854 NDCG=0.0754 (sampled(1pos+neg))
Epoch 313 | loss=0.022722
VAL metrics:
  K=10: P=0.0111 R=0.1110 NDCG=0.0568 (sampled(1pos+neg))
  K=20: P=0.0093 R=0.1854 NDCG=0.0755 (sampled(1pos+neg))
Epoch 314 | loss=0.023012
VAL metrics:
  K=10: P=0.0111 R=0.1111 NDCG=0.0569 (sampled(1pos+neg))
  K=20: P=0.0093 R=0.1855 NDCG=0.0755 (sampled(1pos+neg))
  ✅ Saved best model to /home/dsai-st125024/project/Beyond-Binary-Fake-User-Detection-A-Credibility-Aware-Graph-based-Recommender-System/dataset/lightgcn_pipeline_cu_message_parent/model/best_model.pt (val Recall@20=0.1855)
Epoch 315 | loss=0.022837
VAL metrics:
  K=10: P=0.0111 R=0.1113 NDCG=0.0570 (sampled(1pos+neg))
  K=20: P=0.0093 R=0.1855 NDCG=0.0756 (sampled(1pos+neg))
Epoch 316 | loss=0.022555
VAL metrics:
  K=10: P=0.0111 R=0.1115 NDCG=0.0571 (sampled(1pos+neg))
  K=20: P=0.0093 R=0.1855 NDCG=0.0757 (sampled(1pos+neg))
Epoch 317 | loss=0.022245
VAL metrics:
  K=10: P=0.0111 R=0.1112 NDCG=0.0571 (sampled(1pos+neg))
  K=20: P=0.0093 R=0.1854 NDCG=0.0757 (sampled(1pos+neg))
Epoch 318 | loss=0.022272
VAL metrics:
  K=10: P=0.0111 R=0.1112 NDCG=0.0571 (sampled(1pos+neg))
  K=20: P=0.0093 R=0.1857 NDCG=0.0757 (sampled(1pos+neg))
  ✅ Saved best model to /home/dsai-st125024/project/Beyond-Binary-Fake-User-Detection-A-Credibility-Aware-Graph-based-Recommender-System/dataset/lightgcn_pipeline_cu_message_parent/model/best_model.pt (val Recall@20=0.1857)
Epoch 319 | loss=0.022119
VAL metrics:
  K=10: P=0.0111 R=0.1110 NDCG=0.0571 (sampled(1pos+neg))
  K=20: P=0.0093 R=0.1857 NDCG=0.0758 (sampled(1pos+neg))
Epoch 320 | loss=0.021714
VAL metrics:
  K=10: P=0.0111 R=0.1114 NDCG=0.0572 (sampled(1pos+neg))
  K=20: P=0.0093 R=0.1857 NDCG=0.0758 (sampled(1pos+neg))
Epoch 321 | loss=0.022016
VAL metrics:
  K=10: P=0.0112 R=0.1116 NDCG=0.0572 (sampled(1pos+neg))
  K=20: P=0.0093 R=0.1855 NDCG=0.0758 (sampled(1pos+neg))
Epoch 322 | loss=0.021619
VAL metrics:
  K=10: P=0.0111 R=0.1115 NDCG=0.0573 (sampled(1pos+neg))
  K=20: P=0.0093 R=0.1851 NDCG=0.0758 (sampled(1pos+neg))
Epoch 323 | loss=0.021495
VAL metrics:
  K=10: P=0.0111 R=0.1115 NDCG=0.0573 (sampled(1pos+neg))
  K=20: P=0.0093 R=0.1854 NDCG=0.0758 (sampled(1pos+neg))
Epoch 324 | loss=0.021272
VAL metrics:
  K=10: P=0.0112 R=0.1115 NDCG=0.0573 (sampled(1pos+neg))
  K=20: P=0.0093 R=0.1854 NDCG=0.0759 (sampled(1pos+neg))
Epoch 325 | loss=0.021367
VAL metrics:
  K=10: P=0.0112 R=0.1116 NDCG=0.0573 (sampled(1pos+neg))
  K=20: P=0.0093 R=0.1852 NDCG=0.0758 (sampled(1pos+neg))
Epoch 326 | loss=0.021398
VAL metrics:
  K=10: P=0.0112 R=0.1118 NDCG=0.0574 (sampled(1pos+neg))
  K=20: P=0.0093 R=0.1856 NDCG=0.0759 (sampled(1pos+neg))
Epoch 327 | loss=0.021178
VAL metrics:
  K=10: P=0.0112 R=0.1116 NDCG=0.0574 (sampled(1pos+neg))
  K=20: P=0.0093 R=0.1854 NDCG=0.0760 (sampled(1pos+neg))
Epoch 328 | loss=0.021172
VAL metrics:
  K=10: P=0.0112 R=0.1118 NDCG=0.0575 (sampled(1pos+neg))
  K=20: P=0.0093 R=0.1857 NDCG=0.0761 (sampled(1pos+neg))
Epoch 329 | loss=0.020818
VAL metrics:
  K=10: P=0.0112 R=0.1121 NDCG=0.0576 (sampled(1pos+neg))
  K=20: P=0.0093 R=0.1858 NDCG=0.0761 (sampled(1pos+neg))
  ✅ Saved best model to /home/dsai-st125024/project/Beyond-Binary-Fake-User-Detection-A-Credibility-Aware-Graph-based-Recommender-System/dataset/lightgcn_pipeline_cu_message_parent/model/best_model.pt (val Recall@20=0.1858)
Epoch 330 | loss=0.020949
VAL metrics:
  K=10: P=0.0112 R=0.1122 NDCG=0.0576 (sampled(1pos+neg))
  K=20: P=0.0093 R=0.1861 NDCG=0.0761 (sampled(1pos+neg))
  ✅ Saved best model to /home/dsai-st125024/project/Beyond-Binary-Fake-User-Detection-A-Credibility-Aware-Graph-based-Recommender-System/dataset/lightgcn_pipeline_cu_message_parent/model/best_model.pt (val Recall@20=0.1861)
Epoch 331 | loss=0.020907
VAL metrics:
  K=10: P=0.0112 R=0.1121 NDCG=0.0576 (sampled(1pos+neg))
  K=20: P=0.0093 R=0.1858 NDCG=0.0761 (sampled(1pos+neg))
Epoch 332 | loss=0.020545
VAL metrics:
  K=10: P=0.0112 R=0.1122 NDCG=0.0577 (sampled(1pos+neg))
  K=20: P=0.0093 R=0.1858 NDCG=0.0762 (sampled(1pos+neg))
Epoch 333 | loss=0.020623
VAL metrics:
  K=10: P=0.0112 R=0.1122 NDCG=0.0577 (sampled(1pos+neg))
  K=20: P=0.0093 R=0.1859 NDCG=0.0762 (sampled(1pos+neg))
Epoch 334 | loss=0.020487
VAL metrics:
  K=10: P=0.0112 R=0.1122 NDCG=0.0577 (sampled(1pos+neg))
  K=20: P=0.0093 R=0.1859 NDCG=0.0763 (sampled(1pos+neg))
Epoch 335 | loss=0.020280
VAL metrics:
  K=10: P=0.0112 R=0.1121 NDCG=0.0577 (sampled(1pos+neg))
  K=20: P=0.0093 R=0.1857 NDCG=0.0762 (sampled(1pos+neg))
Epoch 336 | loss=0.020191
VAL metrics:
  K=10: P=0.0112 R=0.1122 NDCG=0.0577 (sampled(1pos+neg))
  K=20: P=0.0093 R=0.1855 NDCG=0.0762 (sampled(1pos+neg))
Epoch 337 | loss=0.020106
VAL metrics:
  K=10: P=0.0112 R=0.1123 NDCG=0.0578 (sampled(1pos+neg))
  K=20: P=0.0093 R=0.1859 NDCG=0.0763 (sampled(1pos+neg))
Epoch 338 | loss=0.020037
VAL metrics:
  K=10: P=0.0112 R=0.1124 NDCG=0.0579 (sampled(1pos+neg))
  K=20: P=0.0093 R=0.1857 NDCG=0.0763 (sampled(1pos+neg))
Epoch 339 | loss=0.019605
VAL metrics:
  K=10: P=0.0113 R=0.1127 NDCG=0.0580 (sampled(1pos+neg))
  K=20: P=0.0093 R=0.1857 NDCG=0.0764 (sampled(1pos+neg))
Epoch 340 | loss=0.019527
VAL metrics:
  K=10: P=0.0113 R=0.1128 NDCG=0.0581 (sampled(1pos+neg))
  K=20: P=0.0093 R=0.1858 NDCG=0.0764 (sampled(1pos+neg))
Epoch 341 | loss=0.019684
VAL metrics:
  K=10: P=0.0113 R=0.1128 NDCG=0.0581 (sampled(1pos+neg))
  K=20: P=0.0093 R=0.1860 NDCG=0.0765 (sampled(1pos+neg))
Epoch 342 | loss=0.019529
VAL metrics:
  K=10: P=0.0113 R=0.1126 NDCG=0.0581 (sampled(1pos+neg))
  K=20: P=0.0093 R=0.1858 NDCG=0.0765 (sampled(1pos+neg))
Epoch 343 | loss=0.019660
VAL metrics:
  K=10: P=0.0112 R=0.1124 NDCG=0.0581 (sampled(1pos+neg))
  K=20: P=0.0093 R=0.1855 NDCG=0.0764 (sampled(1pos+neg))
Epoch 344 | loss=0.019519
VAL metrics:
  K=10: P=0.0112 R=0.1124 NDCG=0.0581 (sampled(1pos+neg))
  K=20: P=0.0093 R=0.1857 NDCG=0.0765 (sampled(1pos+neg))
Epoch 345 | loss=0.019284
VAL metrics:
  K=10: P=0.0113 R=0.1127 NDCG=0.0582 (sampled(1pos+neg))
  K=20: P=0.0093 R=0.1858 NDCG=0.0766 (sampled(1pos+neg))
Epoch 346 | loss=0.019102
VAL metrics:
  K=10: P=0.0113 R=0.1130 NDCG=0.0583 (sampled(1pos+neg))
  K=20: P=0.0093 R=0.1858 NDCG=0.0766 (sampled(1pos+neg))
Epoch 347 | loss=0.018825
VAL metrics:
  K=10: P=0.0113 R=0.1134 NDCG=0.0585 (sampled(1pos+neg))
  K=20: P=0.0093 R=0.1857 NDCG=0.0766 (sampled(1pos+neg))
Epoch 348 | loss=0.019253
VAL metrics:
  K=10: P=0.0113 R=0.1135 NDCG=0.0585 (sampled(1pos+neg))
  K=20: P=0.0093 R=0.1855 NDCG=0.0766 (sampled(1pos+neg))
Epoch 349 | loss=0.018702
VAL metrics:
  K=10: P=0.0113 R=0.1135 NDCG=0.0585 (sampled(1pos+neg))
  K=20: P=0.0093 R=0.1854 NDCG=0.0766 (sampled(1pos+neg))
Epoch 350 | loss=0.018515
VAL metrics:
  K=10: P=0.0113 R=0.1133 NDCG=0.0585 (sampled(1pos+neg))
  K=20: P=0.0093 R=0.1855 NDCG=0.0766 (sampled(1pos+neg))
Epoch 351 | loss=0.018607
VAL metrics:
  K=10: P=0.0113 R=0.1134 NDCG=0.0586 (sampled(1pos+neg))
  K=20: P=0.0093 R=0.1859 NDCG=0.0768 (sampled(1pos+neg))
Epoch 352 | loss=0.018623
VAL metrics:
  K=10: P=0.0114 R=0.1135 NDCG=0.0586 (sampled(1pos+neg))
  K=20: P=0.0093 R=0.1856 NDCG=0.0767 (sampled(1pos+neg))
Epoch 353 | loss=0.018200
VAL metrics:
  K=10: P=0.0114 R=0.1135 NDCG=0.0586 (sampled(1pos+neg))
  K=20: P=0.0093 R=0.1857 NDCG=0.0767 (sampled(1pos+neg))
Epoch 354 | loss=0.018333
VAL metrics:
  K=10: P=0.0113 R=0.1134 NDCG=0.0585 (sampled(1pos+neg))
  K=20: P=0.0093 R=0.1859 NDCG=0.0767 (sampled(1pos+neg))
Epoch 355 | loss=0.018173
VAL metrics:
  K=10: P=0.0113 R=0.1135 NDCG=0.0586 (sampled(1pos+neg))
  K=20: P=0.0093 R=0.1859 NDCG=0.0768 (sampled(1pos+neg))
Epoch 356 | loss=0.017923
VAL metrics:
  K=10: P=0.0113 R=0.1134 NDCG=0.0586 (sampled(1pos+neg))
  K=20: P=0.0093 R=0.1860 NDCG=0.0768 (sampled(1pos+neg))
Epoch 357 | loss=0.018383
VAL metrics:
  K=10: P=0.0113 R=0.1134 NDCG=0.0586 (sampled(1pos+neg))
  K=20: P=0.0093 R=0.1858 NDCG=0.0768 (sampled(1pos+neg))
Epoch 358 | loss=0.018100
VAL metrics:
  K=10: P=0.0113 R=0.1133 NDCG=0.0586 (sampled(1pos+neg))
  K=20: P=0.0093 R=0.1857 NDCG=0.0768 (sampled(1pos+neg))
Epoch 359 | loss=0.018117
VAL metrics:
  K=10: P=0.0113 R=0.1134 NDCG=0.0586 (sampled(1pos+neg))
  K=20: P=0.0093 R=0.1859 NDCG=0.0768 (sampled(1pos+neg))
Epoch 360 | loss=0.017783
VAL metrics:
  K=10: P=0.0114 R=0.1135 NDCG=0.0586 (sampled(1pos+neg))
  K=20: P=0.0093 R=0.1860 NDCG=0.0768 (sampled(1pos+neg))
Epoch 361 | loss=0.017842
VAL metrics:
  K=10: P=0.0113 R=0.1134 NDCG=0.0587 (sampled(1pos+neg))
  K=20: P=0.0093 R=0.1860 NDCG=0.0769 (sampled(1pos+neg))
Epoch 362 | loss=0.017860
VAL metrics:
  K=10: P=0.0114 R=0.1136 NDCG=0.0587 (sampled(1pos+neg))
  K=20: P=0.0093 R=0.1858 NDCG=0.0768 (sampled(1pos+neg))
Epoch 363 | loss=0.017263
VAL metrics:
  K=10: P=0.0114 R=0.1136 NDCG=0.0587 (sampled(1pos+neg))
  K=20: P=0.0093 R=0.1854 NDCG=0.0768 (sampled(1pos+neg))
Epoch 364 | loss=0.017418
VAL metrics:
  K=10: P=0.0114 R=0.1135 NDCG=0.0587 (sampled(1pos+neg))
  K=20: P=0.0093 R=0.1854 NDCG=0.0767 (sampled(1pos+neg))
Epoch 365 | loss=0.017265
VAL metrics:
  K=10: P=0.0114 R=0.1135 NDCG=0.0587 (sampled(1pos+neg))
  K=20: P=0.0093 R=0.1854 NDCG=0.0768 (sampled(1pos+neg))
Epoch 366 | loss=0.017338
VAL metrics:
  K=10: P=0.0113 R=0.1135 NDCG=0.0586 (sampled(1pos+neg))
  K=20: P=0.0093 R=0.1853 NDCG=0.0767 (sampled(1pos+neg))
Epoch 367 | loss=0.017088
VAL metrics:
  K=10: P=0.0113 R=0.1134 NDCG=0.0587 (sampled(1pos+neg))
  K=20: P=0.0093 R=0.1852 NDCG=0.0767 (sampled(1pos+neg))
Epoch 368 | loss=0.016837
VAL metrics:
  K=10: P=0.0113 R=0.1134 NDCG=0.0587 (sampled(1pos+neg))
  K=20: P=0.0093 R=0.1853 NDCG=0.0768 (sampled(1pos+neg))
Epoch 369 | loss=0.017046
VAL metrics:
  K=10: P=0.0114 R=0.1138 NDCG=0.0588 (sampled(1pos+neg))
  K=20: P=0.0093 R=0.1853 NDCG=0.0767 (sampled(1pos+neg))
Epoch 370 | loss=0.017125
VAL metrics:
  K=10: P=0.0114 R=0.1138 NDCG=0.0588 (sampled(1pos+neg))
  K=20: P=0.0093 R=0.1855 NDCG=0.0768 (sampled(1pos+neg))
Epoch 371 | loss=0.016965
VAL metrics:
  K=10: P=0.0114 R=0.1138 NDCG=0.0588 (sampled(1pos+neg))
  K=20: P=0.0093 R=0.1857 NDCG=0.0769 (sampled(1pos+neg))
Epoch 372 | loss=0.016776
VAL metrics:
  K=10: P=0.0114 R=0.1138 NDCG=0.0588 (sampled(1pos+neg))
  K=20: P=0.0093 R=0.1858 NDCG=0.0769 (sampled(1pos+neg))
Epoch 373 | loss=0.016744
VAL metrics:
  K=10: P=0.0114 R=0.1139 NDCG=0.0589 (sampled(1pos+neg))
  K=20: P=0.0093 R=0.1858 NDCG=0.0769 (sampled(1pos+neg))
Epoch 374 | loss=0.016605
VAL metrics:
  K=10: P=0.0114 R=0.1140 NDCG=0.0590 (sampled(1pos+neg))
  K=20: P=0.0093 R=0.1861 NDCG=0.0771 (sampled(1pos+neg))
  ✅ Saved best model to /home/dsai-st125024/project/Beyond-Binary-Fake-User-Detection-A-Credibility-Aware-Graph-based-Recommender-System/dataset/lightgcn_pipeline_cu_message_parent/model/best_model.pt (val Recall@20=0.1861)
Epoch 375 | loss=0.016851
VAL metrics:
  K=10: P=0.0114 R=0.1140 NDCG=0.0590 (sampled(1pos+neg))
  K=20: P=0.0093 R=0.1863 NDCG=0.0771 (sampled(1pos+neg))
  ✅ Saved best model to /home/dsai-st125024/project/Beyond-Binary-Fake-User-Detection-A-Credibility-Aware-Graph-based-Recommender-System/dataset/lightgcn_pipeline_cu_message_parent/model/best_model.pt (val Recall@20=0.1863)
Epoch 376 | loss=0.016207
VAL metrics:
  K=10: P=0.0114 R=0.1141 NDCG=0.0590 (sampled(1pos+neg))
  K=20: P=0.0093 R=0.1863 NDCG=0.0772 (sampled(1pos+neg))
Epoch 377 | loss=0.016416
VAL metrics:
  K=10: P=0.0114 R=0.1143 NDCG=0.0591 (sampled(1pos+neg))
  K=20: P=0.0093 R=0.1867 NDCG=0.0772 (sampled(1pos+neg))
  ✅ Saved best model to /home/dsai-st125024/project/Beyond-Binary-Fake-User-Detection-A-Credibility-Aware-Graph-based-Recommender-System/dataset/lightgcn_pipeline_cu_message_parent/model/best_model.pt (val Recall@20=0.1867)
Epoch 378 | loss=0.016416
VAL metrics:
  K=10: P=0.0114 R=0.1145 NDCG=0.0591 (sampled(1pos+neg))
  K=20: P=0.0093 R=0.1868 NDCG=0.0773 (sampled(1pos+neg))
  ✅ Saved best model to /home/dsai-st125024/project/Beyond-Binary-Fake-User-Detection-A-Credibility-Aware-Graph-based-Recommender-System/dataset/lightgcn_pipeline_cu_message_parent/model/best_model.pt (val Recall@20=0.1868)
Epoch 379 | loss=0.016074
VAL metrics:
  K=10: P=0.0114 R=0.1144 NDCG=0.0591 (sampled(1pos+neg))
  K=20: P=0.0093 R=0.1865 NDCG=0.0773 (sampled(1pos+neg))
Epoch 380 | loss=0.016186
VAL metrics:
  K=10: P=0.0114 R=0.1143 NDCG=0.0591 (sampled(1pos+neg))
  K=20: P=0.0093 R=0.1865 NDCG=0.0773 (sampled(1pos+neg))
Epoch 381 | loss=0.016046
VAL metrics:
  K=10: P=0.0114 R=0.1141 NDCG=0.0591 (sampled(1pos+neg))
  K=20: P=0.0093 R=0.1867 NDCG=0.0773 (sampled(1pos+neg))
Epoch 382 | loss=0.015890
VAL metrics:
  K=10: P=0.0114 R=0.1138 NDCG=0.0590 (sampled(1pos+neg))
  K=20: P=0.0093 R=0.1865 NDCG=0.0773 (sampled(1pos+neg))
Epoch 383 | loss=0.015973
VAL metrics:
  K=10: P=0.0114 R=0.1140 NDCG=0.0591 (sampled(1pos+neg))
  K=20: P=0.0093 R=0.1867 NDCG=0.0774 (sampled(1pos+neg))
Epoch 384 | loss=0.015940
VAL metrics:
  K=10: P=0.0114 R=0.1140 NDCG=0.0592 (sampled(1pos+neg))
  K=20: P=0.0093 R=0.1865 NDCG=0.0774 (sampled(1pos+neg))
Epoch 385 | loss=0.015777
VAL metrics:
  K=10: P=0.0114 R=0.1138 NDCG=0.0591 (sampled(1pos+neg))
  K=20: P=0.0093 R=0.1864 NDCG=0.0774 (sampled(1pos+neg))
Epoch 386 | loss=0.015962
VAL metrics:
  K=10: P=0.0114 R=0.1141 NDCG=0.0592 (sampled(1pos+neg))
  K=20: P=0.0093 R=0.1867 NDCG=0.0775 (sampled(1pos+neg))
Epoch 387 | loss=0.015524
VAL metrics:
  K=10: P=0.0114 R=0.1140 NDCG=0.0592 (sampled(1pos+neg))
  K=20: P=0.0093 R=0.1868 NDCG=0.0775 (sampled(1pos+neg))
  ✅ Saved best model to /home/dsai-st125024/project/Beyond-Binary-Fake-User-Detection-A-Credibility-Aware-Graph-based-Recommender-System/dataset/lightgcn_pipeline_cu_message_parent/model/best_model.pt (val Recall@20=0.1868)
Epoch 388 | loss=0.015463
VAL metrics:
  K=10: P=0.0114 R=0.1139 NDCG=0.0592 (sampled(1pos+neg))
  K=20: P=0.0093 R=0.1870 NDCG=0.0776 (sampled(1pos+neg))
  ✅ Saved best model to /home/dsai-st125024/project/Beyond-Binary-Fake-User-Detection-A-Credibility-Aware-Graph-based-Recommender-System/dataset/lightgcn_pipeline_cu_message_parent/model/best_model.pt (val Recall@20=0.1870)
Epoch 389 | loss=0.015406
VAL metrics:
  K=10: P=0.0114 R=0.1140 NDCG=0.0593 (sampled(1pos+neg))
  K=20: P=0.0094 R=0.1870 NDCG=0.0777 (sampled(1pos+neg))
  ✅ Saved best model to /home/dsai-st125024/project/Beyond-Binary-Fake-User-Detection-A-Credibility-Aware-Graph-based-Recommender-System/dataset/lightgcn_pipeline_cu_message_parent/model/best_model.pt (val Recall@20=0.1870)
Epoch 390 | loss=0.015624
VAL metrics:
  K=10: P=0.0114 R=0.1136 NDCG=0.0592 (sampled(1pos+neg))
  K=20: P=0.0093 R=0.1870 NDCG=0.0777 (sampled(1pos+neg))
Epoch 391 | loss=0.015599
VAL metrics:
  K=10: P=0.0114 R=0.1139 NDCG=0.0593 (sampled(1pos+neg))
  K=20: P=0.0094 R=0.1871 NDCG=0.0777 (sampled(1pos+neg))
  ✅ Saved best model to /home/dsai-st125024/project/Beyond-Binary-Fake-User-Detection-A-Credibility-Aware-Graph-based-Recommender-System/dataset/lightgcn_pipeline_cu_message_parent/model/best_model.pt (val Recall@20=0.1871)
Epoch 392 | loss=0.015475
VAL metrics:
  K=10: P=0.0114 R=0.1141 NDCG=0.0594 (sampled(1pos+neg))
  K=20: P=0.0094 R=0.1872 NDCG=0.0778 (sampled(1pos+neg))
  ✅ Saved best model to /home/dsai-st125024/project/Beyond-Binary-Fake-User-Detection-A-Credibility-Aware-Graph-based-Recommender-System/dataset/lightgcn_pipeline_cu_message_parent/model/best_model.pt (val Recall@20=0.1872)
Epoch 393 | loss=0.015118
VAL metrics:
  K=10: P=0.0114 R=0.1144 NDCG=0.0595 (sampled(1pos+neg))
  K=20: P=0.0094 R=0.1873 NDCG=0.0779 (sampled(1pos+neg))
  ✅ Saved best model to /home/dsai-st125024/project/Beyond-Binary-Fake-User-Detection-A-Credibility-Aware-Graph-based-Recommender-System/dataset/lightgcn_pipeline_cu_message_parent/model/best_model.pt (val Recall@20=0.1873)
Epoch 394 | loss=0.015514
VAL metrics:
  K=10: P=0.0114 R=0.1144 NDCG=0.0595 (sampled(1pos+neg))
  K=20: P=0.0094 R=0.1876 NDCG=0.0779 (sampled(1pos+neg))
  ✅ Saved best model to /home/dsai-st125024/project/Beyond-Binary-Fake-User-Detection-A-Credibility-Aware-Graph-based-Recommender-System/dataset/lightgcn_pipeline_cu_message_parent/model/best_model.pt (val Recall@20=0.1876)
Epoch 395 | loss=0.015159
VAL metrics:
  K=10: P=0.0114 R=0.1145 NDCG=0.0596 (sampled(1pos+neg))
  K=20: P=0.0094 R=0.1875 NDCG=0.0779 (sampled(1pos+neg))
Epoch 396 | loss=0.015206
VAL metrics:
  K=10: P=0.0115 R=0.1147 NDCG=0.0596 (sampled(1pos+neg))
  K=20: P=0.0094 R=0.1874 NDCG=0.0779 (sampled(1pos+neg))
Epoch 397 | loss=0.014959
VAL metrics:
  K=10: P=0.0115 R=0.1147 NDCG=0.0597 (sampled(1pos+neg))
  K=20: P=0.0094 R=0.1872 NDCG=0.0779 (sampled(1pos+neg))
Epoch 398 | loss=0.015160
VAL metrics:
  K=10: P=0.0115 R=0.1148 NDCG=0.0598 (sampled(1pos+neg))
  K=20: P=0.0094 R=0.1871 NDCG=0.0779 (sampled(1pos+neg))
Epoch 399 | loss=0.014649
VAL metrics:
  K=10: P=0.0115 R=0.1149 NDCG=0.0598 (sampled(1pos+neg))
  K=20: P=0.0094 R=0.1871 NDCG=0.0780 (sampled(1pos+neg))
Epoch 400 | loss=0.014772
VAL metrics:
  K=10: P=0.0115 R=0.1150 NDCG=0.0598 (sampled(1pos+neg))
  K=20: P=0.0093 R=0.1869 NDCG=0.0779 (sampled(1pos+neg))

TEST metrics:
  K=10: P=0.0115 R=0.1151 NDCG=0.0606 (sampled(1pos+neg))
  K=20: P=0.0095 R=0.1894 NDCG=0.0792 (sampled(1pos+neg))
