Graph files not found. Building graph first...
[WARN] Skipping invalid JSON at line 572966
[WARN] Skipping invalid JSON at line 573456
[WARN] Total invalid JSON lines skipped: 2

PASS1 done.
Users: 58867 Items: 261728 Positive edges: 463714
Split counts: {'train': 370745, 'val': 46461, 'test': 46508}
[WARN] Skipping invalid JSON at line 572966
[WARN] Skipping invalid JSON at line 573456
[WARN] Total invalid JSON lines skipped: 2

✅ Saved graph files to: /home/dsai-st125024/project/Beyond-Binary-Fake-User-Detection-A-Credibility-Aware-Graph-based-Recommender-System/dataset/lightgcn_pipeline_parent
Loaded edges. Users=58,867 Items=261,728 Train=370,745 Val=46,461 Test=46,508
Using device: cuda
Epoch 01 | loss=0.693058
VAL metrics:
  K=10: P=0.0126 R=0.1259 NDCG=0.0674 (sampled(1pos+neg))
  K=20: P=0.0106 R=0.2118 NDCG=0.0888 (sampled(1pos+neg))
  ✅ Saved best model to /home/dsai-st125024/project/Beyond-Binary-Fake-User-Detection-A-Credibility-Aware-Graph-based-Recommender-System/dataset/lightgcn_pipeline_parent/model/best_model.pt (val Recall@20=0.2118)
Epoch 02 | loss=0.692322
VAL metrics:
  K=10: P=0.0155 R=0.1548 NDCG=0.0854 (sampled(1pos+neg))
  K=20: P=0.0116 R=0.2328 NDCG=0.1050 (sampled(1pos+neg))
  ✅ Saved best model to /home/dsai-st125024/project/Beyond-Binary-Fake-User-Detection-A-Credibility-Aware-Graph-based-Recommender-System/dataset/lightgcn_pipeline_parent/model/best_model.pt (val Recall@20=0.2328)
Epoch 03 | loss=0.690229
VAL metrics:
  K=10: P=0.0181 R=0.1808 NDCG=0.1023 (sampled(1pos+neg))
  K=20: P=0.0128 R=0.2555 NDCG=0.1210 (sampled(1pos+neg))
  ✅ Saved best model to /home/dsai-st125024/project/Beyond-Binary-Fake-User-Detection-A-Credibility-Aware-Graph-based-Recommender-System/dataset/lightgcn_pipeline_parent/model/best_model.pt (val Recall@20=0.2555)
Epoch 04 | loss=0.686320
VAL metrics:
  K=10: P=0.0197 R=0.1971 NDCG=0.1153 (sampled(1pos+neg))
  K=20: P=0.0135 R=0.2704 NDCG=0.1338 (sampled(1pos+neg))
  ✅ Saved best model to /home/dsai-st125024/project/Beyond-Binary-Fake-User-Detection-A-Credibility-Aware-Graph-based-Recommender-System/dataset/lightgcn_pipeline_parent/model/best_model.pt (val Recall@20=0.2704)
Epoch 05 | loss=0.681084
VAL metrics:
  K=10: P=0.0208 R=0.2075 NDCG=0.1243 (sampled(1pos+neg))
  K=20: P=0.0140 R=0.2796 NDCG=0.1425 (sampled(1pos+neg))
  ✅ Saved best model to /home/dsai-st125024/project/Beyond-Binary-Fake-User-Detection-A-Credibility-Aware-Graph-based-Recommender-System/dataset/lightgcn_pipeline_parent/model/best_model.pt (val Recall@20=0.2796)
Epoch 06 | loss=0.673789
VAL metrics:
  K=10: P=0.0214 R=0.2140 NDCG=0.1317 (sampled(1pos+neg))
  K=20: P=0.0142 R=0.2845 NDCG=0.1495 (sampled(1pos+neg))
  ✅ Saved best model to /home/dsai-st125024/project/Beyond-Binary-Fake-User-Detection-A-Credibility-Aware-Graph-based-Recommender-System/dataset/lightgcn_pipeline_parent/model/best_model.pt (val Recall@20=0.2845)
Epoch 07 | loss=0.665424
VAL metrics:
  K=10: P=0.0221 R=0.2205 NDCG=0.1386 (sampled(1pos+neg))
  K=20: P=0.0144 R=0.2885 NDCG=0.1557 (sampled(1pos+neg))
  ✅ Saved best model to /home/dsai-st125024/project/Beyond-Binary-Fake-User-Detection-A-Credibility-Aware-Graph-based-Recommender-System/dataset/lightgcn_pipeline_parent/model/best_model.pt (val Recall@20=0.2885)
Epoch 08 | loss=0.655314
VAL metrics:
  K=10: P=0.0227 R=0.2268 NDCG=0.1449 (sampled(1pos+neg))
  K=20: P=0.0146 R=0.2930 NDCG=0.1616 (sampled(1pos+neg))
  ✅ Saved best model to /home/dsai-st125024/project/Beyond-Binary-Fake-User-Detection-A-Credibility-Aware-Graph-based-Recommender-System/dataset/lightgcn_pipeline_parent/model/best_model.pt (val Recall@20=0.2930)
Epoch 09 | loss=0.644193
VAL metrics:
  K=10: P=0.0230 R=0.2301 NDCG=0.1495 (sampled(1pos+neg))
  K=20: P=0.0148 R=0.2952 NDCG=0.1658 (sampled(1pos+neg))
  ✅ Saved best model to /home/dsai-st125024/project/Beyond-Binary-Fake-User-Detection-A-Credibility-Aware-Graph-based-Recommender-System/dataset/lightgcn_pipeline_parent/model/best_model.pt (val Recall@20=0.2952)
Epoch 10 | loss=0.631502
VAL metrics:
  K=10: P=0.0233 R=0.2327 NDCG=0.1534 (sampled(1pos+neg))
  K=20: P=0.0148 R=0.2968 NDCG=0.1695 (sampled(1pos+neg))
  ✅ Saved best model to /home/dsai-st125024/project/Beyond-Binary-Fake-User-Detection-A-Credibility-Aware-Graph-based-Recommender-System/dataset/lightgcn_pipeline_parent/model/best_model.pt (val Recall@20=0.2968)
Epoch 11 | loss=0.617886
VAL metrics:
  K=10: P=0.0236 R=0.2357 NDCG=0.1566 (sampled(1pos+neg))
  K=20: P=0.0149 R=0.2990 NDCG=0.1726 (sampled(1pos+neg))
  ✅ Saved best model to /home/dsai-st125024/project/Beyond-Binary-Fake-User-Detection-A-Credibility-Aware-Graph-based-Recommender-System/dataset/lightgcn_pipeline_parent/model/best_model.pt (val Recall@20=0.2990)
Epoch 12 | loss=0.602591
VAL metrics:
  K=10: P=0.0238 R=0.2376 NDCG=0.1593 (sampled(1pos+neg))
  K=20: P=0.0151 R=0.3012 NDCG=0.1753 (sampled(1pos+neg))
  ✅ Saved best model to /home/dsai-st125024/project/Beyond-Binary-Fake-User-Detection-A-Credibility-Aware-Graph-based-Recommender-System/dataset/lightgcn_pipeline_parent/model/best_model.pt (val Recall@20=0.3012)
Epoch 13 | loss=0.586251
VAL metrics:
  K=10: P=0.0240 R=0.2401 NDCG=0.1616 (sampled(1pos+neg))
  K=20: P=0.0151 R=0.3020 NDCG=0.1772 (sampled(1pos+neg))
  ✅ Saved best model to /home/dsai-st125024/project/Beyond-Binary-Fake-User-Detection-A-Credibility-Aware-Graph-based-Recommender-System/dataset/lightgcn_pipeline_parent/model/best_model.pt (val Recall@20=0.3020)
Epoch 14 | loss=0.569610
VAL metrics:
  K=10: P=0.0242 R=0.2424 NDCG=0.1633 (sampled(1pos+neg))
  K=20: P=0.0152 R=0.3040 NDCG=0.1788 (sampled(1pos+neg))
  ✅ Saved best model to /home/dsai-st125024/project/Beyond-Binary-Fake-User-Detection-A-Credibility-Aware-Graph-based-Recommender-System/dataset/lightgcn_pipeline_parent/model/best_model.pt (val Recall@20=0.3040)
Epoch 15 | loss=0.551406
VAL metrics:
  K=10: P=0.0244 R=0.2441 NDCG=0.1651 (sampled(1pos+neg))
  K=20: P=0.0153 R=0.3052 NDCG=0.1805 (sampled(1pos+neg))
  ✅ Saved best model to /home/dsai-st125024/project/Beyond-Binary-Fake-User-Detection-A-Credibility-Aware-Graph-based-Recommender-System/dataset/lightgcn_pipeline_parent/model/best_model.pt (val Recall@20=0.3052)
Epoch 16 | loss=0.533276
VAL metrics:
  K=10: P=0.0246 R=0.2457 NDCG=0.1664 (sampled(1pos+neg))
  K=20: P=0.0153 R=0.3058 NDCG=0.1815 (sampled(1pos+neg))
  ✅ Saved best model to /home/dsai-st125024/project/Beyond-Binary-Fake-User-Detection-A-Credibility-Aware-Graph-based-Recommender-System/dataset/lightgcn_pipeline_parent/model/best_model.pt (val Recall@20=0.3058)
Epoch 17 | loss=0.514469
VAL metrics:
  K=10: P=0.0247 R=0.2469 NDCG=0.1675 (sampled(1pos+neg))
  K=20: P=0.0153 R=0.3063 NDCG=0.1825 (sampled(1pos+neg))
  ✅ Saved best model to /home/dsai-st125024/project/Beyond-Binary-Fake-User-Detection-A-Credibility-Aware-Graph-based-Recommender-System/dataset/lightgcn_pipeline_parent/model/best_model.pt (val Recall@20=0.3063)
Epoch 18 | loss=0.495945
VAL metrics:
  K=10: P=0.0248 R=0.2478 NDCG=0.1685 (sampled(1pos+neg))
  K=20: P=0.0154 R=0.3071 NDCG=0.1835 (sampled(1pos+neg))
  ✅ Saved best model to /home/dsai-st125024/project/Beyond-Binary-Fake-User-Detection-A-Credibility-Aware-Graph-based-Recommender-System/dataset/lightgcn_pipeline_parent/model/best_model.pt (val Recall@20=0.3071)
Epoch 19 | loss=0.477309
VAL metrics:
  K=10: P=0.0250 R=0.2496 NDCG=0.1697 (sampled(1pos+neg))
  K=20: P=0.0154 R=0.3079 NDCG=0.1843 (sampled(1pos+neg))
  ✅ Saved best model to /home/dsai-st125024/project/Beyond-Binary-Fake-User-Detection-A-Credibility-Aware-Graph-based-Recommender-System/dataset/lightgcn_pipeline_parent/model/best_model.pt (val Recall@20=0.3079)
Epoch 20 | loss=0.459177
VAL metrics:
  K=10: P=0.0251 R=0.2509 NDCG=0.1704 (sampled(1pos+neg))
  K=20: P=0.0154 R=0.3086 NDCG=0.1849 (sampled(1pos+neg))
  ✅ Saved best model to /home/dsai-st125024/project/Beyond-Binary-Fake-User-Detection-A-Credibility-Aware-Graph-based-Recommender-System/dataset/lightgcn_pipeline_parent/model/best_model.pt (val Recall@20=0.3086)
Epoch 21 | loss=0.442276
VAL metrics:
  K=10: P=0.0252 R=0.2519 NDCG=0.1712 (sampled(1pos+neg))
  K=20: P=0.0154 R=0.3087 NDCG=0.1855 (sampled(1pos+neg))
  ✅ Saved best model to /home/dsai-st125024/project/Beyond-Binary-Fake-User-Detection-A-Credibility-Aware-Graph-based-Recommender-System/dataset/lightgcn_pipeline_parent/model/best_model.pt (val Recall@20=0.3087)
Epoch 22 | loss=0.422719
VAL metrics:
  K=10: P=0.0252 R=0.2521 NDCG=0.1717 (sampled(1pos+neg))
  K=20: P=0.0154 R=0.3081 NDCG=0.1857 (sampled(1pos+neg))
Epoch 23 | loss=0.406003
VAL metrics:
  K=10: P=0.0252 R=0.2524 NDCG=0.1720 (sampled(1pos+neg))
  K=20: P=0.0154 R=0.3089 NDCG=0.1862 (sampled(1pos+neg))
  ✅ Saved best model to /home/dsai-st125024/project/Beyond-Binary-Fake-User-Detection-A-Credibility-Aware-Graph-based-Recommender-System/dataset/lightgcn_pipeline_parent/model/best_model.pt (val Recall@20=0.3089)
Epoch 24 | loss=0.388510
VAL metrics:
  K=10: P=0.0253 R=0.2527 NDCG=0.1726 (sampled(1pos+neg))
  K=20: P=0.0154 R=0.3088 NDCG=0.1867 (sampled(1pos+neg))
Epoch 25 | loss=0.372401
VAL metrics:
  K=10: P=0.0253 R=0.2531 NDCG=0.1730 (sampled(1pos+neg))
  K=20: P=0.0154 R=0.3090 NDCG=0.1870 (sampled(1pos+neg))
  ✅ Saved best model to /home/dsai-st125024/project/Beyond-Binary-Fake-User-Detection-A-Credibility-Aware-Graph-based-Recommender-System/dataset/lightgcn_pipeline_parent/model/best_model.pt (val Recall@20=0.3090)
Epoch 26 | loss=0.356895
VAL metrics:
  K=10: P=0.0254 R=0.2539 NDCG=0.1734 (sampled(1pos+neg))
  K=20: P=0.0155 R=0.3090 NDCG=0.1872 (sampled(1pos+neg))
  ✅ Saved best model to /home/dsai-st125024/project/Beyond-Binary-Fake-User-Detection-A-Credibility-Aware-Graph-based-Recommender-System/dataset/lightgcn_pipeline_parent/model/best_model.pt (val Recall@20=0.3090)
Epoch 27 | loss=0.341545
VAL metrics:
  K=10: P=0.0255 R=0.2549 NDCG=0.1737 (sampled(1pos+neg))
  K=20: P=0.0155 R=0.3096 NDCG=0.1875 (sampled(1pos+neg))
  ✅ Saved best model to /home/dsai-st125024/project/Beyond-Binary-Fake-User-Detection-A-Credibility-Aware-Graph-based-Recommender-System/dataset/lightgcn_pipeline_parent/model/best_model.pt (val Recall@20=0.3096)
Epoch 28 | loss=0.328656
VAL metrics:
  K=10: P=0.0255 R=0.2552 NDCG=0.1737 (sampled(1pos+neg))
  K=20: P=0.0155 R=0.3096 NDCG=0.1874 (sampled(1pos+neg))
Epoch 29 | loss=0.313995
VAL metrics:
  K=10: P=0.0255 R=0.2548 NDCG=0.1735 (sampled(1pos+neg))
  K=20: P=0.0155 R=0.3100 NDCG=0.1874 (sampled(1pos+neg))
  ✅ Saved best model to /home/dsai-st125024/project/Beyond-Binary-Fake-User-Detection-A-Credibility-Aware-Graph-based-Recommender-System/dataset/lightgcn_pipeline_parent/model/best_model.pt (val Recall@20=0.3100)
Epoch 30 | loss=0.300896
VAL metrics:
  K=10: P=0.0255 R=0.2552 NDCG=0.1738 (sampled(1pos+neg))
  K=20: P=0.0155 R=0.3109 NDCG=0.1877 (sampled(1pos+neg))
  ✅ Saved best model to /home/dsai-st125024/project/Beyond-Binary-Fake-User-Detection-A-Credibility-Aware-Graph-based-Recommender-System/dataset/lightgcn_pipeline_parent/model/best_model.pt (val Recall@20=0.3109)
Epoch 31 | loss=0.288103
VAL metrics:
  K=10: P=0.0256 R=0.2556 NDCG=0.1739 (sampled(1pos+neg))
  K=20: P=0.0156 R=0.3110 NDCG=0.1879 (sampled(1pos+neg))
  ✅ Saved best model to /home/dsai-st125024/project/Beyond-Binary-Fake-User-Detection-A-Credibility-Aware-Graph-based-Recommender-System/dataset/lightgcn_pipeline_parent/model/best_model.pt (val Recall@20=0.3110)
Epoch 32 | loss=0.276685
VAL metrics:
  K=10: P=0.0256 R=0.2557 NDCG=0.1741 (sampled(1pos+neg))
  K=20: P=0.0156 R=0.3111 NDCG=0.1880 (sampled(1pos+neg))
  ✅ Saved best model to /home/dsai-st125024/project/Beyond-Binary-Fake-User-Detection-A-Credibility-Aware-Graph-based-Recommender-System/dataset/lightgcn_pipeline_parent/model/best_model.pt (val Recall@20=0.3111)
Epoch 33 | loss=0.265123
VAL metrics:
  K=10: P=0.0256 R=0.2562 NDCG=0.1743 (sampled(1pos+neg))
  K=20: P=0.0155 R=0.3109 NDCG=0.1880 (sampled(1pos+neg))
Epoch 34 | loss=0.255316
VAL metrics:
  K=10: P=0.0257 R=0.2566 NDCG=0.1744 (sampled(1pos+neg))
  K=20: P=0.0155 R=0.3109 NDCG=0.1880 (sampled(1pos+neg))
Epoch 35 | loss=0.243691
VAL metrics:
  K=10: P=0.0257 R=0.2567 NDCG=0.1743 (sampled(1pos+neg))
  K=20: P=0.0155 R=0.3110 NDCG=0.1879 (sampled(1pos+neg))
Epoch 36 | loss=0.233969
VAL metrics:
  K=10: P=0.0257 R=0.2566 NDCG=0.1743 (sampled(1pos+neg))
  K=20: P=0.0156 R=0.3112 NDCG=0.1881 (sampled(1pos+neg))
  ✅ Saved best model to /home/dsai-st125024/project/Beyond-Binary-Fake-User-Detection-A-Credibility-Aware-Graph-based-Recommender-System/dataset/lightgcn_pipeline_parent/model/best_model.pt (val Recall@20=0.3112)
Epoch 37 | loss=0.225779
VAL metrics:
  K=10: P=0.0257 R=0.2569 NDCG=0.1743 (sampled(1pos+neg))
  K=20: P=0.0156 R=0.3112 NDCG=0.1880 (sampled(1pos+neg))
Epoch 38 | loss=0.216657
VAL metrics:
  K=10: P=0.0257 R=0.2566 NDCG=0.1744 (sampled(1pos+neg))
  K=20: P=0.0156 R=0.3115 NDCG=0.1882 (sampled(1pos+neg))
  ✅ Saved best model to /home/dsai-st125024/project/Beyond-Binary-Fake-User-Detection-A-Credibility-Aware-Graph-based-Recommender-System/dataset/lightgcn_pipeline_parent/model/best_model.pt (val Recall@20=0.3115)
Epoch 39 | loss=0.209541
VAL metrics:
  K=10: P=0.0256 R=0.2562 NDCG=0.1741 (sampled(1pos+neg))
  K=20: P=0.0156 R=0.3111 NDCG=0.1879 (sampled(1pos+neg))
Epoch 40 | loss=0.202217
VAL metrics:
  K=10: P=0.0256 R=0.2563 NDCG=0.1741 (sampled(1pos+neg))
  K=20: P=0.0156 R=0.3110 NDCG=0.1879 (sampled(1pos+neg))
Epoch 41 | loss=0.193151
VAL metrics:
  K=10: P=0.0257 R=0.2565 NDCG=0.1740 (sampled(1pos+neg))
  K=20: P=0.0155 R=0.3107 NDCG=0.1877 (sampled(1pos+neg))
Epoch 42 | loss=0.186330
VAL metrics:
  K=10: P=0.0256 R=0.2564 NDCG=0.1739 (sampled(1pos+neg))
  K=20: P=0.0155 R=0.3105 NDCG=0.1875 (sampled(1pos+neg))
Epoch 43 | loss=0.179122
VAL metrics:
  K=10: P=0.0257 R=0.2565 NDCG=0.1738 (sampled(1pos+neg))
  K=20: P=0.0155 R=0.3108 NDCG=0.1875 (sampled(1pos+neg))
Epoch 44 | loss=0.173575
VAL metrics:
  K=10: P=0.0256 R=0.2564 NDCG=0.1737 (sampled(1pos+neg))
  K=20: P=0.0155 R=0.3106 NDCG=0.1874 (sampled(1pos+neg))
Epoch 45 | loss=0.166715
VAL metrics:
  K=10: P=0.0256 R=0.2560 NDCG=0.1735 (sampled(1pos+neg))
  K=20: P=0.0155 R=0.3102 NDCG=0.1872 (sampled(1pos+neg))
Epoch 46 | loss=0.160496
VAL metrics:
  K=10: P=0.0256 R=0.2557 NDCG=0.1734 (sampled(1pos+neg))
  K=20: P=0.0155 R=0.3105 NDCG=0.1872 (sampled(1pos+neg))
Epoch 47 | loss=0.156663
VAL metrics:
  K=10: P=0.0255 R=0.2555 NDCG=0.1733 (sampled(1pos+neg))
  K=20: P=0.0155 R=0.3103 NDCG=0.1871 (sampled(1pos+neg))
Epoch 48 | loss=0.152160
VAL metrics:
  K=10: P=0.0255 R=0.2555 NDCG=0.1732 (sampled(1pos+neg))
  K=20: P=0.0155 R=0.3103 NDCG=0.1871 (sampled(1pos+neg))
Epoch 49 | loss=0.145778
VAL metrics:
  K=10: P=0.0255 R=0.2551 NDCG=0.1731 (sampled(1pos+neg))
  K=20: P=0.0155 R=0.3101 NDCG=0.1870 (sampled(1pos+neg))
Epoch 50 | loss=0.142077
VAL metrics:
  K=10: P=0.0255 R=0.2554 NDCG=0.1731 (sampled(1pos+neg))
  K=20: P=0.0155 R=0.3102 NDCG=0.1869 (sampled(1pos+neg))
Epoch 51 | loss=0.137560
VAL metrics:
  K=10: P=0.0255 R=0.2552 NDCG=0.1729 (sampled(1pos+neg))
  K=20: P=0.0155 R=0.3097 NDCG=0.1867 (sampled(1pos+neg))
Epoch 52 | loss=0.133052
VAL metrics:
  K=10: P=0.0255 R=0.2550 NDCG=0.1727 (sampled(1pos+neg))
  K=20: P=0.0155 R=0.3101 NDCG=0.1866 (sampled(1pos+neg))
Epoch 53 | loss=0.129401
VAL metrics:
  K=10: P=0.0255 R=0.2551 NDCG=0.1727 (sampled(1pos+neg))
  K=20: P=0.0155 R=0.3102 NDCG=0.1866 (sampled(1pos+neg))
Epoch 54 | loss=0.125160
VAL metrics:
  K=10: P=0.0254 R=0.2543 NDCG=0.1724 (sampled(1pos+neg))
  K=20: P=0.0155 R=0.3106 NDCG=0.1866 (sampled(1pos+neg))
Epoch 55 | loss=0.122633
VAL metrics:
  K=10: P=0.0254 R=0.2542 NDCG=0.1723 (sampled(1pos+neg))
  K=20: P=0.0155 R=0.3106 NDCG=0.1865 (sampled(1pos+neg))
Epoch 56 | loss=0.118287
VAL metrics:
  K=10: P=0.0254 R=0.2540 NDCG=0.1721 (sampled(1pos+neg))
  K=20: P=0.0155 R=0.3101 NDCG=0.1862 (sampled(1pos+neg))
Epoch 57 | loss=0.115325
VAL metrics:
  K=10: P=0.0254 R=0.2537 NDCG=0.1719 (sampled(1pos+neg))
  K=20: P=0.0155 R=0.3100 NDCG=0.1861 (sampled(1pos+neg))
Epoch 58 | loss=0.112324
VAL metrics:
  K=10: P=0.0254 R=0.2536 NDCG=0.1718 (sampled(1pos+neg))
  K=20: P=0.0155 R=0.3096 NDCG=0.1859 (sampled(1pos+neg))
Epoch 59 | loss=0.109515
VAL metrics:
  K=10: P=0.0253 R=0.2534 NDCG=0.1716 (sampled(1pos+neg))
  K=20: P=0.0155 R=0.3098 NDCG=0.1858 (sampled(1pos+neg))
Epoch 60 | loss=0.106753
VAL metrics:
  K=10: P=0.0253 R=0.2531 NDCG=0.1715 (sampled(1pos+neg))
  K=20: P=0.0155 R=0.3098 NDCG=0.1858 (sampled(1pos+neg))
Epoch 61 | loss=0.103353
VAL metrics:
  K=10: P=0.0253 R=0.2530 NDCG=0.1714 (sampled(1pos+neg))
  K=20: P=0.0155 R=0.3096 NDCG=0.1857 (sampled(1pos+neg))
Epoch 62 | loss=0.099504
VAL metrics:
  K=10: P=0.0253 R=0.2529 NDCG=0.1714 (sampled(1pos+neg))
  K=20: P=0.0155 R=0.3096 NDCG=0.1857 (sampled(1pos+neg))
Epoch 63 | loss=0.098055
VAL metrics:
  K=10: P=0.0253 R=0.2528 NDCG=0.1713 (sampled(1pos+neg))
  K=20: P=0.0155 R=0.3098 NDCG=0.1857 (sampled(1pos+neg))
Epoch 64 | loss=0.094949
VAL metrics:
  K=10: P=0.0253 R=0.2530 NDCG=0.1713 (sampled(1pos+neg))
  K=20: P=0.0155 R=0.3094 NDCG=0.1855 (sampled(1pos+neg))
Epoch 65 | loss=0.092978
VAL metrics:
  K=10: P=0.0253 R=0.2525 NDCG=0.1710 (sampled(1pos+neg))
  K=20: P=0.0155 R=0.3095 NDCG=0.1853 (sampled(1pos+neg))
Epoch 66 | loss=0.090478
VAL metrics:
  K=10: P=0.0252 R=0.2519 NDCG=0.1707 (sampled(1pos+neg))
  K=20: P=0.0155 R=0.3091 NDCG=0.1852 (sampled(1pos+neg))
Epoch 67 | loss=0.088522
VAL metrics:
  K=10: P=0.0252 R=0.2520 NDCG=0.1706 (sampled(1pos+neg))
  K=20: P=0.0155 R=0.3094 NDCG=0.1851 (sampled(1pos+neg))
Epoch 68 | loss=0.087016
VAL metrics:
  K=10: P=0.0252 R=0.2520 NDCG=0.1705 (sampled(1pos+neg))
  K=20: P=0.0155 R=0.3092 NDCG=0.1849 (sampled(1pos+neg))
Epoch 69 | loss=0.084061
VAL metrics:
  K=10: P=0.0252 R=0.2516 NDCG=0.1703 (sampled(1pos+neg))
  K=20: P=0.0154 R=0.3089 NDCG=0.1847 (sampled(1pos+neg))
Epoch 70 | loss=0.083049
VAL metrics:
  K=10: P=0.0251 R=0.2509 NDCG=0.1701 (sampled(1pos+neg))
  K=20: P=0.0154 R=0.3089 NDCG=0.1847 (sampled(1pos+neg))
Epoch 71 | loss=0.080302
VAL metrics:
  K=10: P=0.0251 R=0.2514 NDCG=0.1702 (sampled(1pos+neg))
  K=20: P=0.0155 R=0.3092 NDCG=0.1847 (sampled(1pos+neg))
Epoch 72 | loss=0.079890
VAL metrics:
  K=10: P=0.0251 R=0.2514 NDCG=0.1700 (sampled(1pos+neg))
  K=20: P=0.0154 R=0.3086 NDCG=0.1844 (sampled(1pos+neg))
Epoch 73 | loss=0.077903
VAL metrics:
  K=10: P=0.0251 R=0.2509 NDCG=0.1699 (sampled(1pos+neg))
  K=20: P=0.0154 R=0.3086 NDCG=0.1845 (sampled(1pos+neg))
Epoch 74 | loss=0.075153
VAL metrics:
  K=10: P=0.0250 R=0.2502 NDCG=0.1696 (sampled(1pos+neg))
  K=20: P=0.0154 R=0.3084 NDCG=0.1843 (sampled(1pos+neg))
Epoch 75 | loss=0.074732
VAL metrics:
  K=10: P=0.0250 R=0.2501 NDCG=0.1695 (sampled(1pos+neg))
  K=20: P=0.0154 R=0.3083 NDCG=0.1842 (sampled(1pos+neg))
Epoch 76 | loss=0.074107
VAL metrics:
  K=10: P=0.0250 R=0.2500 NDCG=0.1694 (sampled(1pos+neg))
  K=20: P=0.0154 R=0.3082 NDCG=0.1840 (sampled(1pos+neg))
Epoch 77 | loss=0.071024
VAL metrics:
  K=10: P=0.0250 R=0.2498 NDCG=0.1693 (sampled(1pos+neg))
  K=20: P=0.0154 R=0.3081 NDCG=0.1840 (sampled(1pos+neg))
Epoch 78 | loss=0.069864
VAL metrics:
  K=10: P=0.0250 R=0.2498 NDCG=0.1692 (sampled(1pos+neg))
  K=20: P=0.0154 R=0.3080 NDCG=0.1838 (sampled(1pos+neg))
Epoch 79 | loss=0.068158
VAL metrics:
  K=10: P=0.0250 R=0.2496 NDCG=0.1689 (sampled(1pos+neg))
  K=20: P=0.0154 R=0.3080 NDCG=0.1837 (sampled(1pos+neg))
Epoch 80 | loss=0.067604
VAL metrics:
  K=10: P=0.0249 R=0.2493 NDCG=0.1688 (sampled(1pos+neg))
  K=20: P=0.0154 R=0.3075 NDCG=0.1835 (sampled(1pos+neg))
Epoch 81 | loss=0.066147
VAL metrics:
  K=10: P=0.0249 R=0.2493 NDCG=0.1687 (sampled(1pos+neg))
  K=20: P=0.0154 R=0.3074 NDCG=0.1834 (sampled(1pos+neg))
Epoch 82 | loss=0.065210
VAL metrics:
  K=10: P=0.0249 R=0.2492 NDCG=0.1686 (sampled(1pos+neg))
  K=20: P=0.0154 R=0.3074 NDCG=0.1833 (sampled(1pos+neg))
Epoch 83 | loss=0.063980
VAL metrics:
  K=10: P=0.0249 R=0.2489 NDCG=0.1685 (sampled(1pos+neg))
  K=20: P=0.0154 R=0.3073 NDCG=0.1832 (sampled(1pos+neg))
Epoch 84 | loss=0.061545
VAL metrics:
  K=10: P=0.0249 R=0.2486 NDCG=0.1683 (sampled(1pos+neg))
  K=20: P=0.0153 R=0.3069 NDCG=0.1830 (sampled(1pos+neg))
Epoch 85 | loss=0.061366
VAL metrics:
  K=10: P=0.0249 R=0.2490 NDCG=0.1684 (sampled(1pos+neg))
  K=20: P=0.0153 R=0.3069 NDCG=0.1830 (sampled(1pos+neg))
Epoch 86 | loss=0.060896
VAL metrics:
  K=10: P=0.0249 R=0.2488 NDCG=0.1682 (sampled(1pos+neg))
  K=20: P=0.0153 R=0.3069 NDCG=0.1828 (sampled(1pos+neg))
Epoch 87 | loss=0.058911
VAL metrics:
  K=10: P=0.0248 R=0.2484 NDCG=0.1679 (sampled(1pos+neg))
  K=20: P=0.0153 R=0.3064 NDCG=0.1825 (sampled(1pos+neg))
Epoch 88 | loss=0.057993
VAL metrics:
  K=10: P=0.0249 R=0.2486 NDCG=0.1679 (sampled(1pos+neg))
  K=20: P=0.0153 R=0.3063 NDCG=0.1824 (sampled(1pos+neg))
Epoch 89 | loss=0.056778
VAL metrics:
  K=10: P=0.0248 R=0.2480 NDCG=0.1677 (sampled(1pos+neg))
  K=20: P=0.0153 R=0.3060 NDCG=0.1824 (sampled(1pos+neg))
Epoch 90 | loss=0.054950
VAL metrics:
  K=10: P=0.0248 R=0.2479 NDCG=0.1676 (sampled(1pos+neg))
  K=20: P=0.0153 R=0.3058 NDCG=0.1822 (sampled(1pos+neg))
Epoch 91 | loss=0.054271
VAL metrics:
  K=10: P=0.0248 R=0.2479 NDCG=0.1676 (sampled(1pos+neg))
  K=20: P=0.0153 R=0.3058 NDCG=0.1821 (sampled(1pos+neg))
Epoch 92 | loss=0.054491
VAL metrics:
  K=10: P=0.0247 R=0.2474 NDCG=0.1673 (sampled(1pos+neg))
  K=20: P=0.0153 R=0.3052 NDCG=0.1819 (sampled(1pos+neg))
Epoch 93 | loss=0.052992
VAL metrics:
  K=10: P=0.0247 R=0.2472 NDCG=0.1672 (sampled(1pos+neg))
  K=20: P=0.0152 R=0.3049 NDCG=0.1817 (sampled(1pos+neg))
Epoch 94 | loss=0.052610
VAL metrics:
  K=10: P=0.0247 R=0.2472 NDCG=0.1671 (sampled(1pos+neg))
  K=20: P=0.0152 R=0.3048 NDCG=0.1816 (sampled(1pos+neg))
Epoch 95 | loss=0.050247
VAL metrics:
  K=10: P=0.0247 R=0.2470 NDCG=0.1669 (sampled(1pos+neg))
  K=20: P=0.0152 R=0.3050 NDCG=0.1815 (sampled(1pos+neg))
Epoch 96 | loss=0.049475
VAL metrics:
  K=10: P=0.0247 R=0.2469 NDCG=0.1668 (sampled(1pos+neg))
  K=20: P=0.0153 R=0.3050 NDCG=0.1814 (sampled(1pos+neg))
Epoch 97 | loss=0.051160
VAL metrics:
  K=10: P=0.0247 R=0.2469 NDCG=0.1667 (sampled(1pos+neg))
  K=20: P=0.0153 R=0.3050 NDCG=0.1813 (sampled(1pos+neg))
Epoch 98 | loss=0.048934
VAL metrics:
  K=10: P=0.0247 R=0.2467 NDCG=0.1665 (sampled(1pos+neg))
  K=20: P=0.0152 R=0.3049 NDCG=0.1811 (sampled(1pos+neg))
Epoch 99 | loss=0.048853
VAL metrics:
  K=10: P=0.0247 R=0.2467 NDCG=0.1664 (sampled(1pos+neg))
  K=20: P=0.0152 R=0.3046 NDCG=0.1810 (sampled(1pos+neg))
Epoch 100 | loss=0.047687
VAL metrics:
  K=10: P=0.0246 R=0.2465 NDCG=0.1664 (sampled(1pos+neg))
  K=20: P=0.0152 R=0.3046 NDCG=0.1810 (sampled(1pos+neg))
Epoch 101 | loss=0.046433
VAL metrics:
  K=10: P=0.0246 R=0.2464 NDCG=0.1663 (sampled(1pos+neg))
  K=20: P=0.0152 R=0.3048 NDCG=0.1810 (sampled(1pos+neg))
Epoch 102 | loss=0.046691
VAL metrics:
  K=10: P=0.0246 R=0.2463 NDCG=0.1661 (sampled(1pos+neg))
  K=20: P=0.0152 R=0.3046 NDCG=0.1808 (sampled(1pos+neg))
Epoch 103 | loss=0.046296
VAL metrics:
  K=10: P=0.0246 R=0.2458 NDCG=0.1659 (sampled(1pos+neg))
  K=20: P=0.0152 R=0.3046 NDCG=0.1807 (sampled(1pos+neg))
Epoch 104 | loss=0.045066
VAL metrics:
  K=10: P=0.0246 R=0.2459 NDCG=0.1658 (sampled(1pos+neg))
  K=20: P=0.0152 R=0.3044 NDCG=0.1805 (sampled(1pos+neg))
Epoch 105 | loss=0.044189
VAL metrics:
  K=10: P=0.0246 R=0.2459 NDCG=0.1657 (sampled(1pos+neg))
  K=20: P=0.0152 R=0.3045 NDCG=0.1805 (sampled(1pos+neg))
Epoch 106 | loss=0.043740
VAL metrics:
  K=10: P=0.0246 R=0.2459 NDCG=0.1657 (sampled(1pos+neg))
  K=20: P=0.0153 R=0.3050 NDCG=0.1805 (sampled(1pos+neg))
Epoch 107 | loss=0.042802
VAL metrics:
  K=10: P=0.0245 R=0.2455 NDCG=0.1655 (sampled(1pos+neg))
  K=20: P=0.0153 R=0.3050 NDCG=0.1805 (sampled(1pos+neg))
Epoch 108 | loss=0.042405
VAL metrics:
  K=10: P=0.0246 R=0.2456 NDCG=0.1655 (sampled(1pos+neg))
  K=20: P=0.0152 R=0.3049 NDCG=0.1804 (sampled(1pos+neg))
Epoch 109 | loss=0.041739
VAL metrics:
  K=10: P=0.0245 R=0.2455 NDCG=0.1654 (sampled(1pos+neg))
  K=20: P=0.0152 R=0.3041 NDCG=0.1802 (sampled(1pos+neg))
Epoch 110 | loss=0.041249
VAL metrics:
  K=10: P=0.0245 R=0.2455 NDCG=0.1653 (sampled(1pos+neg))
  K=20: P=0.0152 R=0.3037 NDCG=0.1800 (sampled(1pos+neg))
Epoch 111 | loss=0.042056
VAL metrics:
  K=10: P=0.0246 R=0.2457 NDCG=0.1653 (sampled(1pos+neg))
  K=20: P=0.0152 R=0.3036 NDCG=0.1798 (sampled(1pos+neg))
Epoch 112 | loss=0.039969
VAL metrics:
  K=10: P=0.0245 R=0.2454 NDCG=0.1650 (sampled(1pos+neg))
  K=20: P=0.0152 R=0.3034 NDCG=0.1796 (sampled(1pos+neg))
Epoch 113 | loss=0.039468
VAL metrics:
  K=10: P=0.0245 R=0.2453 NDCG=0.1649 (sampled(1pos+neg))
  K=20: P=0.0151 R=0.3028 NDCG=0.1794 (sampled(1pos+neg))
Epoch 114 | loss=0.039637
VAL metrics:
  K=10: P=0.0245 R=0.2452 NDCG=0.1648 (sampled(1pos+neg))
  K=20: P=0.0151 R=0.3030 NDCG=0.1794 (sampled(1pos+neg))
Epoch 115 | loss=0.039308
VAL metrics:
  K=10: P=0.0245 R=0.2450 NDCG=0.1647 (sampled(1pos+neg))
  K=20: P=0.0151 R=0.3026 NDCG=0.1792 (sampled(1pos+neg))
Epoch 116 | loss=0.038960
VAL metrics:
  K=10: P=0.0245 R=0.2447 NDCG=0.1646 (sampled(1pos+neg))
  K=20: P=0.0151 R=0.3027 NDCG=0.1792 (sampled(1pos+neg))
Epoch 117 | loss=0.037866
VAL metrics:
  K=10: P=0.0244 R=0.2445 NDCG=0.1646 (sampled(1pos+neg))
  K=20: P=0.0151 R=0.3022 NDCG=0.1791 (sampled(1pos+neg))
Epoch 118 | loss=0.038145
VAL metrics:
  K=10: P=0.0244 R=0.2441 NDCG=0.1644 (sampled(1pos+neg))
  K=20: P=0.0151 R=0.3020 NDCG=0.1790 (sampled(1pos+neg))
Epoch 119 | loss=0.037344
VAL metrics:
  K=10: P=0.0244 R=0.2440 NDCG=0.1643 (sampled(1pos+neg))
  K=20: P=0.0151 R=0.3015 NDCG=0.1787 (sampled(1pos+neg))
Epoch 120 | loss=0.036753
VAL metrics:
  K=10: P=0.0244 R=0.2439 NDCG=0.1642 (sampled(1pos+neg))
  K=20: P=0.0151 R=0.3015 NDCG=0.1788 (sampled(1pos+neg))
Epoch 121 | loss=0.036676
VAL metrics:
  K=10: P=0.0244 R=0.2440 NDCG=0.1642 (sampled(1pos+neg))
  K=20: P=0.0151 R=0.3018 NDCG=0.1787 (sampled(1pos+neg))
Epoch 122 | loss=0.035681
VAL metrics:
  K=10: P=0.0244 R=0.2438 NDCG=0.1641 (sampled(1pos+neg))
  K=20: P=0.0151 R=0.3016 NDCG=0.1787 (sampled(1pos+neg))
Epoch 123 | loss=0.035411
VAL metrics:
  K=10: P=0.0244 R=0.2437 NDCG=0.1640 (sampled(1pos+neg))
  K=20: P=0.0151 R=0.3012 NDCG=0.1785 (sampled(1pos+neg))
Epoch 124 | loss=0.034873
VAL metrics:
  K=10: P=0.0243 R=0.2434 NDCG=0.1639 (sampled(1pos+neg))
  K=20: P=0.0151 R=0.3012 NDCG=0.1784 (sampled(1pos+neg))
Epoch 125 | loss=0.034469
VAL metrics:
  K=10: P=0.0243 R=0.2432 NDCG=0.1638 (sampled(1pos+neg))
  K=20: P=0.0151 R=0.3011 NDCG=0.1783 (sampled(1pos+neg))
Epoch 126 | loss=0.034656
VAL metrics:
  K=10: P=0.0243 R=0.2431 NDCG=0.1635 (sampled(1pos+neg))
  K=20: P=0.0150 R=0.3009 NDCG=0.1781 (sampled(1pos+neg))
Epoch 127 | loss=0.033508
VAL metrics:
  K=10: P=0.0243 R=0.2427 NDCG=0.1634 (sampled(1pos+neg))
  K=20: P=0.0150 R=0.3009 NDCG=0.1780 (sampled(1pos+neg))
Epoch 128 | loss=0.033533
VAL metrics:
  K=10: P=0.0243 R=0.2427 NDCG=0.1633 (sampled(1pos+neg))
  K=20: P=0.0150 R=0.3008 NDCG=0.1779 (sampled(1pos+neg))
Epoch 129 | loss=0.032589
VAL metrics:
  K=10: P=0.0242 R=0.2424 NDCG=0.1631 (sampled(1pos+neg))
  K=20: P=0.0150 R=0.3006 NDCG=0.1778 (sampled(1pos+neg))
Epoch 130 | loss=0.031035
VAL metrics:
  K=10: P=0.0242 R=0.2423 NDCG=0.1630 (sampled(1pos+neg))
  K=20: P=0.0150 R=0.3001 NDCG=0.1776 (sampled(1pos+neg))
Epoch 131 | loss=0.031593
VAL metrics:
  K=10: P=0.0242 R=0.2421 NDCG=0.1628 (sampled(1pos+neg))
  K=20: P=0.0150 R=0.3002 NDCG=0.1774 (sampled(1pos+neg))
Epoch 132 | loss=0.031059
VAL metrics:
  K=10: P=0.0242 R=0.2419 NDCG=0.1627 (sampled(1pos+neg))
  K=20: P=0.0150 R=0.2998 NDCG=0.1773 (sampled(1pos+neg))
Epoch 133 | loss=0.032402
VAL metrics:
  K=10: P=0.0241 R=0.2413 NDCG=0.1624 (sampled(1pos+neg))
  K=20: P=0.0150 R=0.2998 NDCG=0.1772 (sampled(1pos+neg))
Epoch 134 | loss=0.030898
VAL metrics:
  K=10: P=0.0241 R=0.2411 NDCG=0.1623 (sampled(1pos+neg))
  K=20: P=0.0150 R=0.3000 NDCG=0.1771 (sampled(1pos+neg))
Epoch 135 | loss=0.029983
VAL metrics:
  K=10: P=0.0241 R=0.2409 NDCG=0.1621 (sampled(1pos+neg))
  K=20: P=0.0150 R=0.2999 NDCG=0.1770 (sampled(1pos+neg))
Epoch 136 | loss=0.029916
VAL metrics:
  K=10: P=0.0241 R=0.2408 NDCG=0.1621 (sampled(1pos+neg))
  K=20: P=0.0150 R=0.3000 NDCG=0.1769 (sampled(1pos+neg))
Epoch 137 | loss=0.030771
VAL metrics:
  K=10: P=0.0241 R=0.2408 NDCG=0.1620 (sampled(1pos+neg))
  K=20: P=0.0150 R=0.2996 NDCG=0.1768 (sampled(1pos+neg))
Epoch 138 | loss=0.030511
VAL metrics:
  K=10: P=0.0240 R=0.2403 NDCG=0.1618 (sampled(1pos+neg))
  K=20: P=0.0150 R=0.2993 NDCG=0.1766 (sampled(1pos+neg))
Epoch 139 | loss=0.029605
VAL metrics:
  K=10: P=0.0240 R=0.2403 NDCG=0.1616 (sampled(1pos+neg))
  K=20: P=0.0150 R=0.2992 NDCG=0.1765 (sampled(1pos+neg))
Epoch 140 | loss=0.029930
VAL metrics:
  K=10: P=0.0240 R=0.2401 NDCG=0.1615 (sampled(1pos+neg))
  K=20: P=0.0150 R=0.2991 NDCG=0.1764 (sampled(1pos+neg))
Epoch 141 | loss=0.029412
VAL metrics:
  K=10: P=0.0240 R=0.2399 NDCG=0.1615 (sampled(1pos+neg))
  K=20: P=0.0149 R=0.2987 NDCG=0.1763 (sampled(1pos+neg))
Epoch 142 | loss=0.028911
VAL metrics:
  K=10: P=0.0240 R=0.2397 NDCG=0.1614 (sampled(1pos+neg))
  K=20: P=0.0149 R=0.2984 NDCG=0.1762 (sampled(1pos+neg))
Epoch 143 | loss=0.028781
VAL metrics:
  K=10: P=0.0240 R=0.2397 NDCG=0.1612 (sampled(1pos+neg))
  K=20: P=0.0149 R=0.2983 NDCG=0.1760 (sampled(1pos+neg))
Epoch 144 | loss=0.029204
VAL metrics:
  K=10: P=0.0240 R=0.2396 NDCG=0.1612 (sampled(1pos+neg))
  K=20: P=0.0149 R=0.2984 NDCG=0.1760 (sampled(1pos+neg))
Epoch 145 | loss=0.028463
VAL metrics:
  K=10: P=0.0240 R=0.2395 NDCG=0.1611 (sampled(1pos+neg))
  K=20: P=0.0149 R=0.2985 NDCG=0.1759 (sampled(1pos+neg))
Epoch 146 | loss=0.027431
VAL metrics:
  K=10: P=0.0239 R=0.2393 NDCG=0.1609 (sampled(1pos+neg))
  K=20: P=0.0149 R=0.2982 NDCG=0.1757 (sampled(1pos+neg))
Epoch 147 | loss=0.027156
VAL metrics:
  K=10: P=0.0239 R=0.2390 NDCG=0.1606 (sampled(1pos+neg))
  K=20: P=0.0149 R=0.2979 NDCG=0.1754 (sampled(1pos+neg))
Epoch 148 | loss=0.026445
VAL metrics:
  K=10: P=0.0239 R=0.2389 NDCG=0.1605 (sampled(1pos+neg))
  K=20: P=0.0149 R=0.2978 NDCG=0.1754 (sampled(1pos+neg))
Epoch 149 | loss=0.027248
VAL metrics:
  K=10: P=0.0239 R=0.2390 NDCG=0.1605 (sampled(1pos+neg))
  K=20: P=0.0149 R=0.2977 NDCG=0.1753 (sampled(1pos+neg))
Epoch 150 | loss=0.026278
VAL metrics:
  K=10: P=0.0239 R=0.2386 NDCG=0.1603 (sampled(1pos+neg))
  K=20: P=0.0149 R=0.2980 NDCG=0.1753 (sampled(1pos+neg))
Epoch 151 | loss=0.027364
VAL metrics:
  K=10: P=0.0238 R=0.2383 NDCG=0.1602 (sampled(1pos+neg))
  K=20: P=0.0149 R=0.2982 NDCG=0.1752 (sampled(1pos+neg))
Epoch 152 | loss=0.026041
VAL metrics:
  K=10: P=0.0238 R=0.2383 NDCG=0.1601 (sampled(1pos+neg))
  K=20: P=0.0149 R=0.2980 NDCG=0.1751 (sampled(1pos+neg))
Epoch 153 | loss=0.026106
VAL metrics:
  K=10: P=0.0238 R=0.2380 NDCG=0.1599 (sampled(1pos+neg))
  K=20: P=0.0149 R=0.2980 NDCG=0.1751 (sampled(1pos+neg))
Epoch 154 | loss=0.025119
VAL metrics:
  K=10: P=0.0238 R=0.2377 NDCG=0.1598 (sampled(1pos+neg))
  K=20: P=0.0149 R=0.2976 NDCG=0.1749 (sampled(1pos+neg))
Epoch 155 | loss=0.025241
VAL metrics:
  K=10: P=0.0238 R=0.2376 NDCG=0.1596 (sampled(1pos+neg))
  K=20: P=0.0149 R=0.2972 NDCG=0.1747 (sampled(1pos+neg))
Epoch 156 | loss=0.024816
VAL metrics:
  K=10: P=0.0238 R=0.2377 NDCG=0.1596 (sampled(1pos+neg))
  K=20: P=0.0149 R=0.2972 NDCG=0.1746 (sampled(1pos+neg))
Epoch 157 | loss=0.024562
VAL metrics:
  K=10: P=0.0238 R=0.2379 NDCG=0.1596 (sampled(1pos+neg))
  K=20: P=0.0149 R=0.2974 NDCG=0.1745 (sampled(1pos+neg))
Epoch 158 | loss=0.024271
VAL metrics:
  K=10: P=0.0238 R=0.2377 NDCG=0.1594 (sampled(1pos+neg))
  K=20: P=0.0149 R=0.2972 NDCG=0.1744 (sampled(1pos+neg))
Epoch 159 | loss=0.025333
VAL metrics:
  K=10: P=0.0238 R=0.2377 NDCG=0.1593 (sampled(1pos+neg))
  K=20: P=0.0148 R=0.2968 NDCG=0.1742 (sampled(1pos+neg))
Epoch 160 | loss=0.024044
VAL metrics:
  K=10: P=0.0238 R=0.2376 NDCG=0.1593 (sampled(1pos+neg))
  K=20: P=0.0148 R=0.2967 NDCG=0.1742 (sampled(1pos+neg))
Epoch 161 | loss=0.023507
VAL metrics:
  K=10: P=0.0238 R=0.2376 NDCG=0.1592 (sampled(1pos+neg))
  K=20: P=0.0148 R=0.2963 NDCG=0.1740 (sampled(1pos+neg))
Epoch 162 | loss=0.024528
VAL metrics:
  K=10: P=0.0238 R=0.2375 NDCG=0.1592 (sampled(1pos+neg))
  K=20: P=0.0148 R=0.2961 NDCG=0.1739 (sampled(1pos+neg))
Epoch 163 | loss=0.024625
VAL metrics:
  K=10: P=0.0237 R=0.2374 NDCG=0.1590 (sampled(1pos+neg))
  K=20: P=0.0148 R=0.2959 NDCG=0.1738 (sampled(1pos+neg))
Epoch 164 | loss=0.022894
VAL metrics:
  K=10: P=0.0237 R=0.2372 NDCG=0.1590 (sampled(1pos+neg))
  K=20: P=0.0148 R=0.2961 NDCG=0.1738 (sampled(1pos+neg))
Epoch 165 | loss=0.023440
VAL metrics:
  K=10: P=0.0237 R=0.2372 NDCG=0.1589 (sampled(1pos+neg))
  K=20: P=0.0148 R=0.2962 NDCG=0.1738 (sampled(1pos+neg))
Epoch 166 | loss=0.023320
VAL metrics:
  K=10: P=0.0237 R=0.2369 NDCG=0.1587 (sampled(1pos+neg))
  K=20: P=0.0148 R=0.2962 NDCG=0.1736 (sampled(1pos+neg))
Epoch 167 | loss=0.023393
VAL metrics:
  K=10: P=0.0237 R=0.2368 NDCG=0.1586 (sampled(1pos+neg))
  K=20: P=0.0148 R=0.2960 NDCG=0.1735 (sampled(1pos+neg))
Epoch 168 | loss=0.021567
VAL metrics:
  K=10: P=0.0237 R=0.2367 NDCG=0.1584 (sampled(1pos+neg))
  K=20: P=0.0148 R=0.2963 NDCG=0.1734 (sampled(1pos+neg))
Epoch 169 | loss=0.023144
VAL metrics:
  K=10: P=0.0237 R=0.2365 NDCG=0.1583 (sampled(1pos+neg))
  K=20: P=0.0148 R=0.2959 NDCG=0.1732 (sampled(1pos+neg))
Epoch 170 | loss=0.021757
VAL metrics:
  K=10: P=0.0236 R=0.2362 NDCG=0.1580 (sampled(1pos+neg))
  K=20: P=0.0148 R=0.2959 NDCG=0.1730 (sampled(1pos+neg))
Epoch 171 | loss=0.021850
VAL metrics:
  K=10: P=0.0236 R=0.2361 NDCG=0.1579 (sampled(1pos+neg))
  K=20: P=0.0148 R=0.2959 NDCG=0.1729 (sampled(1pos+neg))
Epoch 172 | loss=0.021733
VAL metrics:
  K=10: P=0.0236 R=0.2357 NDCG=0.1577 (sampled(1pos+neg))
  K=20: P=0.0148 R=0.2958 NDCG=0.1728 (sampled(1pos+neg))
Epoch 173 | loss=0.021332
VAL metrics:
  K=10: P=0.0236 R=0.2355 NDCG=0.1576 (sampled(1pos+neg))
  K=20: P=0.0148 R=0.2956 NDCG=0.1727 (sampled(1pos+neg))
Epoch 174 | loss=0.021717
VAL metrics:
  K=10: P=0.0235 R=0.2353 NDCG=0.1574 (sampled(1pos+neg))
  K=20: P=0.0148 R=0.2954 NDCG=0.1726 (sampled(1pos+neg))
Epoch 175 | loss=0.020920
VAL metrics:
  K=10: P=0.0235 R=0.2349 NDCG=0.1573 (sampled(1pos+neg))
  K=20: P=0.0148 R=0.2953 NDCG=0.1725 (sampled(1pos+neg))
Epoch 176 | loss=0.021528
VAL metrics:
  K=10: P=0.0235 R=0.2349 NDCG=0.1572 (sampled(1pos+neg))
  K=20: P=0.0148 R=0.2954 NDCG=0.1724 (sampled(1pos+neg))
Epoch 177 | loss=0.021539
VAL metrics:
  K=10: P=0.0235 R=0.2348 NDCG=0.1571 (sampled(1pos+neg))
  K=20: P=0.0148 R=0.2951 NDCG=0.1723 (sampled(1pos+neg))
Epoch 178 | loss=0.020542
VAL metrics:
  K=10: P=0.0234 R=0.2344 NDCG=0.1569 (sampled(1pos+neg))
  K=20: P=0.0148 R=0.2952 NDCG=0.1722 (sampled(1pos+neg))
Epoch 179 | loss=0.020764
VAL metrics:
  K=10: P=0.0234 R=0.2341 NDCG=0.1568 (sampled(1pos+neg))
  K=20: P=0.0148 R=0.2952 NDCG=0.1722 (sampled(1pos+neg))
Epoch 180 | loss=0.021708
VAL metrics:
  K=10: P=0.0234 R=0.2342 NDCG=0.1568 (sampled(1pos+neg))
  K=20: P=0.0147 R=0.2949 NDCG=0.1721 (sampled(1pos+neg))
Epoch 181 | loss=0.020986
VAL metrics:
  K=10: P=0.0234 R=0.2339 NDCG=0.1567 (sampled(1pos+neg))
  K=20: P=0.0147 R=0.2949 NDCG=0.1720 (sampled(1pos+neg))
Epoch 182 | loss=0.019985
VAL metrics:
  K=10: P=0.0233 R=0.2335 NDCG=0.1565 (sampled(1pos+neg))
  K=20: P=0.0147 R=0.2949 NDCG=0.1719 (sampled(1pos+neg))
Epoch 183 | loss=0.019974
VAL metrics:
  K=10: P=0.0233 R=0.2330 NDCG=0.1563 (sampled(1pos+neg))
  K=20: P=0.0147 R=0.2950 NDCG=0.1719 (sampled(1pos+neg))
Epoch 184 | loss=0.019717
VAL metrics:
  K=10: P=0.0233 R=0.2331 NDCG=0.1562 (sampled(1pos+neg))
  K=20: P=0.0147 R=0.2949 NDCG=0.1718 (sampled(1pos+neg))
Epoch 185 | loss=0.019549
VAL metrics:
  K=10: P=0.0233 R=0.2331 NDCG=0.1562 (sampled(1pos+neg))
  K=20: P=0.0147 R=0.2946 NDCG=0.1716 (sampled(1pos+neg))
Epoch 186 | loss=0.020187
VAL metrics:
  K=10: P=0.0233 R=0.2329 NDCG=0.1561 (sampled(1pos+neg))
  K=20: P=0.0147 R=0.2940 NDCG=0.1715 (sampled(1pos+neg))
Epoch 187 | loss=0.018973
VAL metrics:
  K=10: P=0.0233 R=0.2330 NDCG=0.1560 (sampled(1pos+neg))
  K=20: P=0.0147 R=0.2938 NDCG=0.1713 (sampled(1pos+neg))
Epoch 188 | loss=0.019000
VAL metrics:
  K=10: P=0.0233 R=0.2333 NDCG=0.1560 (sampled(1pos+neg))
  K=20: P=0.0147 R=0.2939 NDCG=0.1712 (sampled(1pos+neg))
Epoch 189 | loss=0.019321
VAL metrics:
  K=10: P=0.0233 R=0.2335 NDCG=0.1559 (sampled(1pos+neg))
  K=20: P=0.0147 R=0.2940 NDCG=0.1711 (sampled(1pos+neg))
Epoch 190 | loss=0.018674
VAL metrics:
  K=10: P=0.0233 R=0.2331 NDCG=0.1557 (sampled(1pos+neg))
  K=20: P=0.0147 R=0.2936 NDCG=0.1710 (sampled(1pos+neg))
Epoch 191 | loss=0.019403
VAL metrics:
  K=10: P=0.0233 R=0.2330 NDCG=0.1557 (sampled(1pos+neg))
  K=20: P=0.0147 R=0.2937 NDCG=0.1710 (sampled(1pos+neg))
Epoch 192 | loss=0.018012
VAL metrics:
  K=10: P=0.0233 R=0.2327 NDCG=0.1556 (sampled(1pos+neg))
  K=20: P=0.0147 R=0.2934 NDCG=0.1708 (sampled(1pos+neg))
Epoch 193 | loss=0.019059
VAL metrics:
  K=10: P=0.0233 R=0.2326 NDCG=0.1554 (sampled(1pos+neg))
  K=20: P=0.0147 R=0.2933 NDCG=0.1707 (sampled(1pos+neg))
Epoch 194 | loss=0.018993
VAL metrics:
  K=10: P=0.0233 R=0.2328 NDCG=0.1554 (sampled(1pos+neg))
  K=20: P=0.0146 R=0.2930 NDCG=0.1706 (sampled(1pos+neg))
Epoch 195 | loss=0.018318
VAL metrics:
  K=10: P=0.0233 R=0.2328 NDCG=0.1554 (sampled(1pos+neg))
  K=20: P=0.0146 R=0.2926 NDCG=0.1704 (sampled(1pos+neg))
Epoch 196 | loss=0.017882
VAL metrics:
  K=10: P=0.0232 R=0.2325 NDCG=0.1551 (sampled(1pos+neg))
  K=20: P=0.0146 R=0.2924 NDCG=0.1702 (sampled(1pos+neg))
Epoch 197 | loss=0.019968
VAL metrics:
  K=10: P=0.0232 R=0.2323 NDCG=0.1550 (sampled(1pos+neg))
  K=20: P=0.0146 R=0.2923 NDCG=0.1700 (sampled(1pos+neg))
Epoch 198 | loss=0.017787
VAL metrics:
  K=10: P=0.0232 R=0.2321 NDCG=0.1547 (sampled(1pos+neg))
  K=20: P=0.0146 R=0.2922 NDCG=0.1699 (sampled(1pos+neg))
Epoch 199 | loss=0.018280
VAL metrics:
  K=10: P=0.0232 R=0.2321 NDCG=0.1547 (sampled(1pos+neg))
  K=20: P=0.0146 R=0.2921 NDCG=0.1698 (sampled(1pos+neg))
Epoch 200 | loss=0.016712
VAL metrics:
  K=10: P=0.0232 R=0.2317 NDCG=0.1545 (sampled(1pos+neg))
  K=20: P=0.0146 R=0.2923 NDCG=0.1698 (sampled(1pos+neg))
Epoch 201 | loss=0.017330
VAL metrics:
  K=10: P=0.0231 R=0.2314 NDCG=0.1543 (sampled(1pos+neg))
  K=20: P=0.0146 R=0.2919 NDCG=0.1696 (sampled(1pos+neg))
Epoch 202 | loss=0.017850
VAL metrics:
  K=10: P=0.0231 R=0.2312 NDCG=0.1542 (sampled(1pos+neg))
  K=20: P=0.0146 R=0.2916 NDCG=0.1694 (sampled(1pos+neg))
Epoch 203 | loss=0.017168
VAL metrics:
  K=10: P=0.0231 R=0.2310 NDCG=0.1541 (sampled(1pos+neg))
  K=20: P=0.0146 R=0.2916 NDCG=0.1694 (sampled(1pos+neg))
Epoch 204 | loss=0.017275
VAL metrics:
  K=10: P=0.0231 R=0.2308 NDCG=0.1541 (sampled(1pos+neg))
  K=20: P=0.0146 R=0.2916 NDCG=0.1694 (sampled(1pos+neg))
Epoch 205 | loss=0.016963
VAL metrics:
  K=10: P=0.0231 R=0.2308 NDCG=0.1540 (sampled(1pos+neg))
  K=20: P=0.0146 R=0.2918 NDCG=0.1693 (sampled(1pos+neg))
Epoch 206 | loss=0.017374
VAL metrics:
  K=10: P=0.0231 R=0.2308 NDCG=0.1540 (sampled(1pos+neg))
  K=20: P=0.0146 R=0.2917 NDCG=0.1693 (sampled(1pos+neg))
Epoch 207 | loss=0.016745
VAL metrics:
  K=10: P=0.0231 R=0.2306 NDCG=0.1538 (sampled(1pos+neg))
  K=20: P=0.0146 R=0.2919 NDCG=0.1693 (sampled(1pos+neg))
Epoch 208 | loss=0.018325
VAL metrics:
  K=10: P=0.0230 R=0.2303 NDCG=0.1538 (sampled(1pos+neg))
  K=20: P=0.0146 R=0.2918 NDCG=0.1692 (sampled(1pos+neg))
Epoch 209 | loss=0.016209
VAL metrics:
  K=10: P=0.0230 R=0.2301 NDCG=0.1536 (sampled(1pos+neg))
  K=20: P=0.0146 R=0.2915 NDCG=0.1690 (sampled(1pos+neg))
Epoch 210 | loss=0.016681
VAL metrics:
  K=10: P=0.0230 R=0.2299 NDCG=0.1535 (sampled(1pos+neg))
  K=20: P=0.0146 R=0.2913 NDCG=0.1689 (sampled(1pos+neg))
Epoch 211 | loss=0.016370
VAL metrics:
  K=10: P=0.0230 R=0.2300 NDCG=0.1536 (sampled(1pos+neg))
  K=20: P=0.0146 R=0.2913 NDCG=0.1690 (sampled(1pos+neg))
Epoch 212 | loss=0.015504
VAL metrics:
  K=10: P=0.0230 R=0.2298 NDCG=0.1534 (sampled(1pos+neg))
  K=20: P=0.0146 R=0.2913 NDCG=0.1689 (sampled(1pos+neg))
Epoch 213 | loss=0.016424
VAL metrics:
  K=10: P=0.0230 R=0.2298 NDCG=0.1534 (sampled(1pos+neg))
  K=20: P=0.0146 R=0.2911 NDCG=0.1688 (sampled(1pos+neg))
Epoch 214 | loss=0.016360
VAL metrics:
  K=10: P=0.0230 R=0.2298 NDCG=0.1533 (sampled(1pos+neg))
  K=20: P=0.0145 R=0.2910 NDCG=0.1686 (sampled(1pos+neg))
Epoch 215 | loss=0.016325
VAL metrics:
  K=10: P=0.0230 R=0.2298 NDCG=0.1531 (sampled(1pos+neg))
  K=20: P=0.0145 R=0.2906 NDCG=0.1683 (sampled(1pos+neg))
Epoch 216 | loss=0.016160
VAL metrics:
  K=10: P=0.0230 R=0.2296 NDCG=0.1530 (sampled(1pos+neg))
  K=20: P=0.0145 R=0.2906 NDCG=0.1683 (sampled(1pos+neg))
Epoch 217 | loss=0.016293
VAL metrics:
  K=10: P=0.0230 R=0.2295 NDCG=0.1529 (sampled(1pos+neg))
  K=20: P=0.0145 R=0.2904 NDCG=0.1683 (sampled(1pos+neg))
Epoch 218 | loss=0.015557
VAL metrics:
  K=10: P=0.0229 R=0.2290 NDCG=0.1527 (sampled(1pos+neg))
  K=20: P=0.0145 R=0.2904 NDCG=0.1682 (sampled(1pos+neg))
Epoch 219 | loss=0.015776
VAL metrics:
  K=10: P=0.0229 R=0.2288 NDCG=0.1526 (sampled(1pos+neg))
  K=20: P=0.0145 R=0.2902 NDCG=0.1680 (sampled(1pos+neg))
Epoch 220 | loss=0.014899
VAL metrics:
  K=10: P=0.0229 R=0.2288 NDCG=0.1525 (sampled(1pos+neg))
  K=20: P=0.0145 R=0.2901 NDCG=0.1680 (sampled(1pos+neg))
Epoch 221 | loss=0.015541
VAL metrics:
  K=10: P=0.0229 R=0.2289 NDCG=0.1525 (sampled(1pos+neg))
  K=20: P=0.0145 R=0.2900 NDCG=0.1678 (sampled(1pos+neg))
Epoch 222 | loss=0.014844
VAL metrics:
  K=10: P=0.0229 R=0.2290 NDCG=0.1524 (sampled(1pos+neg))
  K=20: P=0.0145 R=0.2900 NDCG=0.1678 (sampled(1pos+neg))
Epoch 223 | loss=0.015990
VAL metrics:
  K=10: P=0.0229 R=0.2288 NDCG=0.1523 (sampled(1pos+neg))
  K=20: P=0.0145 R=0.2902 NDCG=0.1677 (sampled(1pos+neg))
Epoch 224 | loss=0.015727
VAL metrics:
  K=10: P=0.0229 R=0.2289 NDCG=0.1524 (sampled(1pos+neg))
  K=20: P=0.0145 R=0.2899 NDCG=0.1677 (sampled(1pos+neg))
Epoch 225 | loss=0.015230
VAL metrics:
  K=10: P=0.0229 R=0.2289 NDCG=0.1523 (sampled(1pos+neg))
  K=20: P=0.0145 R=0.2896 NDCG=0.1676 (sampled(1pos+neg))
Epoch 226 | loss=0.015391
VAL metrics:
  K=10: P=0.0229 R=0.2287 NDCG=0.1522 (sampled(1pos+neg))
  K=20: P=0.0145 R=0.2894 NDCG=0.1674 (sampled(1pos+neg))
Epoch 227 | loss=0.014923
VAL metrics:
  K=10: P=0.0229 R=0.2287 NDCG=0.1521 (sampled(1pos+neg))
  K=20: P=0.0145 R=0.2890 NDCG=0.1673 (sampled(1pos+neg))
Epoch 228 | loss=0.014956
VAL metrics:
  K=10: P=0.0229 R=0.2285 NDCG=0.1520 (sampled(1pos+neg))
  K=20: P=0.0144 R=0.2886 NDCG=0.1671 (sampled(1pos+neg))
Epoch 229 | loss=0.014968
VAL metrics:
  K=10: P=0.0228 R=0.2281 NDCG=0.1518 (sampled(1pos+neg))
  K=20: P=0.0144 R=0.2885 NDCG=0.1670 (sampled(1pos+neg))
Epoch 230 | loss=0.015138
VAL metrics:
  K=10: P=0.0228 R=0.2280 NDCG=0.1517 (sampled(1pos+neg))
  K=20: P=0.0144 R=0.2882 NDCG=0.1668 (sampled(1pos+neg))
Epoch 231 | loss=0.014382
VAL metrics:
  K=10: P=0.0228 R=0.2279 NDCG=0.1516 (sampled(1pos+neg))
  K=20: P=0.0144 R=0.2882 NDCG=0.1667 (sampled(1pos+neg))
Epoch 232 | loss=0.014485
VAL metrics:
  K=10: P=0.0228 R=0.2276 NDCG=0.1514 (sampled(1pos+neg))
  K=20: P=0.0144 R=0.2881 NDCG=0.1666 (sampled(1pos+neg))
Epoch 233 | loss=0.014374
VAL metrics:
  K=10: P=0.0228 R=0.2278 NDCG=0.1514 (sampled(1pos+neg))
  K=20: P=0.0144 R=0.2884 NDCG=0.1666 (sampled(1pos+neg))
Epoch 234 | loss=0.014011
VAL metrics:
  K=10: P=0.0228 R=0.2276 NDCG=0.1512 (sampled(1pos+neg))
  K=20: P=0.0144 R=0.2882 NDCG=0.1665 (sampled(1pos+neg))
Epoch 235 | loss=0.014570
VAL metrics:
  K=10: P=0.0228 R=0.2275 NDCG=0.1512 (sampled(1pos+neg))
  K=20: P=0.0144 R=0.2881 NDCG=0.1664 (sampled(1pos+neg))
Epoch 236 | loss=0.014779
VAL metrics:
  K=10: P=0.0227 R=0.2271 NDCG=0.1510 (sampled(1pos+neg))
  K=20: P=0.0144 R=0.2878 NDCG=0.1662 (sampled(1pos+neg))
Epoch 237 | loss=0.014484
VAL metrics:
  K=10: P=0.0227 R=0.2270 NDCG=0.1510 (sampled(1pos+neg))
  K=20: P=0.0144 R=0.2876 NDCG=0.1662 (sampled(1pos+neg))
Epoch 238 | loss=0.014422
VAL metrics:
  K=10: P=0.0227 R=0.2268 NDCG=0.1508 (sampled(1pos+neg))
  K=20: P=0.0144 R=0.2878 NDCG=0.1662 (sampled(1pos+neg))
Epoch 239 | loss=0.014474
VAL metrics:
  K=10: P=0.0227 R=0.2267 NDCG=0.1507 (sampled(1pos+neg))
  K=20: P=0.0144 R=0.2878 NDCG=0.1660 (sampled(1pos+neg))
Epoch 240 | loss=0.013666
VAL metrics:
  K=10: P=0.0226 R=0.2263 NDCG=0.1504 (sampled(1pos+neg))
  K=20: P=0.0144 R=0.2877 NDCG=0.1659 (sampled(1pos+neg))
Epoch 241 | loss=0.013320
VAL metrics:
  K=10: P=0.0226 R=0.2259 NDCG=0.1503 (sampled(1pos+neg))
  K=20: P=0.0144 R=0.2874 NDCG=0.1657 (sampled(1pos+neg))
Epoch 242 | loss=0.013489
VAL metrics:
  K=10: P=0.0226 R=0.2260 NDCG=0.1502 (sampled(1pos+neg))
  K=20: P=0.0144 R=0.2872 NDCG=0.1656 (sampled(1pos+neg))
Epoch 243 | loss=0.013781
VAL metrics:
  K=10: P=0.0226 R=0.2257 NDCG=0.1501 (sampled(1pos+neg))
  K=20: P=0.0144 R=0.2870 NDCG=0.1655 (sampled(1pos+neg))
Epoch 244 | loss=0.013441
VAL metrics:
  K=10: P=0.0226 R=0.2255 NDCG=0.1499 (sampled(1pos+neg))
  K=20: P=0.0143 R=0.2866 NDCG=0.1653 (sampled(1pos+neg))
Epoch 245 | loss=0.013668
VAL metrics:
  K=10: P=0.0225 R=0.2253 NDCG=0.1498 (sampled(1pos+neg))
  K=20: P=0.0143 R=0.2867 NDCG=0.1652 (sampled(1pos+neg))
Epoch 246 | loss=0.013864
VAL metrics:
  K=10: P=0.0225 R=0.2251 NDCG=0.1497 (sampled(1pos+neg))
  K=20: P=0.0143 R=0.2867 NDCG=0.1652 (sampled(1pos+neg))
Epoch 247 | loss=0.013856
VAL metrics:
  K=10: P=0.0225 R=0.2249 NDCG=0.1497 (sampled(1pos+neg))
  K=20: P=0.0143 R=0.2864 NDCG=0.1651 (sampled(1pos+neg))
Epoch 248 | loss=0.013833
VAL metrics:
  K=10: P=0.0225 R=0.2248 NDCG=0.1495 (sampled(1pos+neg))
  K=20: P=0.0143 R=0.2863 NDCG=0.1650 (sampled(1pos+neg))
Epoch 249 | loss=0.012972
VAL metrics:
  K=10: P=0.0225 R=0.2249 NDCG=0.1495 (sampled(1pos+neg))
  K=20: P=0.0143 R=0.2862 NDCG=0.1649 (sampled(1pos+neg))
Epoch 250 | loss=0.013996
VAL metrics:
  K=10: P=0.0225 R=0.2251 NDCG=0.1495 (sampled(1pos+neg))
  K=20: P=0.0143 R=0.2862 NDCG=0.1649 (sampled(1pos+neg))
Epoch 251 | loss=0.013603
VAL metrics:
  K=10: P=0.0225 R=0.2249 NDCG=0.1494 (sampled(1pos+neg))
  K=20: P=0.0143 R=0.2861 NDCG=0.1647 (sampled(1pos+neg))
Epoch 252 | loss=0.012930
VAL metrics:
  K=10: P=0.0225 R=0.2248 NDCG=0.1493 (sampled(1pos+neg))
  K=20: P=0.0143 R=0.2862 NDCG=0.1647 (sampled(1pos+neg))
Epoch 253 | loss=0.013033
VAL metrics:
  K=10: P=0.0224 R=0.2244 NDCG=0.1491 (sampled(1pos+neg))
  K=20: P=0.0143 R=0.2858 NDCG=0.1646 (sampled(1pos+neg))
Epoch 254 | loss=0.012812
VAL metrics:
  K=10: P=0.0224 R=0.2245 NDCG=0.1490 (sampled(1pos+neg))
  K=20: P=0.0143 R=0.2858 NDCG=0.1644 (sampled(1pos+neg))
Epoch 255 | loss=0.013120
VAL metrics:
  K=10: P=0.0225 R=0.2246 NDCG=0.1490 (sampled(1pos+neg))
  K=20: P=0.0143 R=0.2854 NDCG=0.1643 (sampled(1pos+neg))
Epoch 256 | loss=0.012535
VAL metrics:
  K=10: P=0.0225 R=0.2245 NDCG=0.1489 (sampled(1pos+neg))
  K=20: P=0.0143 R=0.2855 NDCG=0.1642 (sampled(1pos+neg))
Epoch 257 | loss=0.013085
VAL metrics:
  K=10: P=0.0224 R=0.2245 NDCG=0.1488 (sampled(1pos+neg))
  K=20: P=0.0143 R=0.2857 NDCG=0.1641 (sampled(1pos+neg))
Epoch 258 | loss=0.012372
VAL metrics:
  K=10: P=0.0224 R=0.2244 NDCG=0.1486 (sampled(1pos+neg))
  K=20: P=0.0143 R=0.2856 NDCG=0.1640 (sampled(1pos+neg))
Epoch 259 | loss=0.012758
VAL metrics:
  K=10: P=0.0224 R=0.2242 NDCG=0.1485 (sampled(1pos+neg))
  K=20: P=0.0143 R=0.2853 NDCG=0.1639 (sampled(1pos+neg))
Epoch 260 | loss=0.012229
VAL metrics:
  K=10: P=0.0224 R=0.2239 NDCG=0.1484 (sampled(1pos+neg))
  K=20: P=0.0143 R=0.2853 NDCG=0.1638 (sampled(1pos+neg))
Epoch 261 | loss=0.013267
VAL metrics:
  K=10: P=0.0224 R=0.2240 NDCG=0.1483 (sampled(1pos+neg))
  K=20: P=0.0143 R=0.2850 NDCG=0.1636 (sampled(1pos+neg))
Epoch 262 | loss=0.012735
VAL metrics:
  K=10: P=0.0224 R=0.2236 NDCG=0.1481 (sampled(1pos+neg))
  K=20: P=0.0142 R=0.2849 NDCG=0.1635 (sampled(1pos+neg))
Epoch 263 | loss=0.013079
VAL metrics:
  K=10: P=0.0224 R=0.2236 NDCG=0.1481 (sampled(1pos+neg))
  K=20: P=0.0142 R=0.2848 NDCG=0.1635 (sampled(1pos+neg))
Epoch 264 | loss=0.012249
VAL metrics:
  K=10: P=0.0224 R=0.2235 NDCG=0.1479 (sampled(1pos+neg))
  K=20: P=0.0142 R=0.2846 NDCG=0.1633 (sampled(1pos+neg))
Epoch 265 | loss=0.012522
VAL metrics:
  K=10: P=0.0223 R=0.2232 NDCG=0.1478 (sampled(1pos+neg))
  K=20: P=0.0142 R=0.2847 NDCG=0.1633 (sampled(1pos+neg))
Epoch 266 | loss=0.011670
VAL metrics:
  K=10: P=0.0223 R=0.2229 NDCG=0.1478 (sampled(1pos+neg))
  K=20: P=0.0142 R=0.2846 NDCG=0.1633 (sampled(1pos+neg))
Epoch 267 | loss=0.012773
VAL metrics:
  K=10: P=0.0223 R=0.2227 NDCG=0.1477 (sampled(1pos+neg))
  K=20: P=0.0142 R=0.2842 NDCG=0.1632 (sampled(1pos+neg))
Epoch 268 | loss=0.012854
VAL metrics:
  K=10: P=0.0223 R=0.2227 NDCG=0.1477 (sampled(1pos+neg))
  K=20: P=0.0142 R=0.2841 NDCG=0.1631 (sampled(1pos+neg))
Epoch 269 | loss=0.012430
VAL metrics:
  K=10: P=0.0223 R=0.2226 NDCG=0.1476 (sampled(1pos+neg))
  K=20: P=0.0142 R=0.2837 NDCG=0.1629 (sampled(1pos+neg))
Epoch 270 | loss=0.011448
VAL metrics:
  K=10: P=0.0222 R=0.2222 NDCG=0.1474 (sampled(1pos+neg))
  K=20: P=0.0142 R=0.2837 NDCG=0.1629 (sampled(1pos+neg))
Epoch 271 | loss=0.011808
VAL metrics:
  K=10: P=0.0222 R=0.2220 NDCG=0.1473 (sampled(1pos+neg))
  K=20: P=0.0142 R=0.2836 NDCG=0.1629 (sampled(1pos+neg))
Epoch 272 | loss=0.012295
VAL metrics:
  K=10: P=0.0222 R=0.2218 NDCG=0.1472 (sampled(1pos+neg))
  K=20: P=0.0142 R=0.2836 NDCG=0.1628 (sampled(1pos+neg))
Epoch 273 | loss=0.011703
VAL metrics:
  K=10: P=0.0222 R=0.2216 NDCG=0.1470 (sampled(1pos+neg))
  K=20: P=0.0142 R=0.2835 NDCG=0.1626 (sampled(1pos+neg))
Epoch 274 | loss=0.012209
VAL metrics:
  K=10: P=0.0222 R=0.2218 NDCG=0.1470 (sampled(1pos+neg))
  K=20: P=0.0142 R=0.2835 NDCG=0.1625 (sampled(1pos+neg))
Epoch 275 | loss=0.011961
VAL metrics:
  K=10: P=0.0222 R=0.2219 NDCG=0.1469 (sampled(1pos+neg))
  K=20: P=0.0142 R=0.2833 NDCG=0.1624 (sampled(1pos+neg))
Epoch 276 | loss=0.012340
VAL metrics:
  K=10: P=0.0222 R=0.2219 NDCG=0.1468 (sampled(1pos+neg))
  K=20: P=0.0142 R=0.2833 NDCG=0.1623 (sampled(1pos+neg))
Epoch 277 | loss=0.011375
VAL metrics:
  K=10: P=0.0222 R=0.2218 NDCG=0.1467 (sampled(1pos+neg))
  K=20: P=0.0141 R=0.2829 NDCG=0.1621 (sampled(1pos+neg))
Epoch 278 | loss=0.011734
VAL metrics:
  K=10: P=0.0222 R=0.2219 NDCG=0.1466 (sampled(1pos+neg))
  K=20: P=0.0142 R=0.2830 NDCG=0.1620 (sampled(1pos+neg))
Epoch 279 | loss=0.011746
VAL metrics:
  K=10: P=0.0222 R=0.2215 NDCG=0.1464 (sampled(1pos+neg))
  K=20: P=0.0141 R=0.2828 NDCG=0.1619 (sampled(1pos+neg))
Epoch 280 | loss=0.010812
VAL metrics:
  K=10: P=0.0222 R=0.2216 NDCG=0.1464 (sampled(1pos+neg))
  K=20: P=0.0141 R=0.2826 NDCG=0.1618 (sampled(1pos+neg))
Epoch 281 | loss=0.011906
VAL metrics:
  K=10: P=0.0222 R=0.2216 NDCG=0.1464 (sampled(1pos+neg))
  K=20: P=0.0141 R=0.2825 NDCG=0.1618 (sampled(1pos+neg))
Epoch 282 | loss=0.011560
VAL metrics:
  K=10: P=0.0221 R=0.2213 NDCG=0.1462 (sampled(1pos+neg))
  K=20: P=0.0141 R=0.2823 NDCG=0.1616 (sampled(1pos+neg))
Epoch 283 | loss=0.011754
VAL metrics:
  K=10: P=0.0221 R=0.2210 NDCG=0.1461 (sampled(1pos+neg))
  K=20: P=0.0141 R=0.2825 NDCG=0.1616 (sampled(1pos+neg))
Epoch 284 | loss=0.012296
VAL metrics:
  K=10: P=0.0221 R=0.2207 NDCG=0.1459 (sampled(1pos+neg))
  K=20: P=0.0141 R=0.2827 NDCG=0.1615 (sampled(1pos+neg))
Epoch 285 | loss=0.011886
VAL metrics:
  K=10: P=0.0221 R=0.2208 NDCG=0.1459 (sampled(1pos+neg))
  K=20: P=0.0141 R=0.2826 NDCG=0.1615 (sampled(1pos+neg))
Epoch 286 | loss=0.010900
VAL metrics:
  K=10: P=0.0221 R=0.2205 NDCG=0.1457 (sampled(1pos+neg))
  K=20: P=0.0141 R=0.2826 NDCG=0.1613 (sampled(1pos+neg))
Epoch 287 | loss=0.010504
VAL metrics:
  K=10: P=0.0221 R=0.2207 NDCG=0.1458 (sampled(1pos+neg))
  K=20: P=0.0141 R=0.2825 NDCG=0.1613 (sampled(1pos+neg))
Epoch 288 | loss=0.010890
VAL metrics:
  K=10: P=0.0221 R=0.2206 NDCG=0.1456 (sampled(1pos+neg))
  K=20: P=0.0141 R=0.2824 NDCG=0.1612 (sampled(1pos+neg))
Epoch 289 | loss=0.011012
VAL metrics:
  K=10: P=0.0220 R=0.2202 NDCG=0.1455 (sampled(1pos+neg))
  K=20: P=0.0141 R=0.2821 NDCG=0.1611 (sampled(1pos+neg))
Epoch 290 | loss=0.010979
VAL metrics:
  K=10: P=0.0220 R=0.2202 NDCG=0.1454 (sampled(1pos+neg))
  K=20: P=0.0141 R=0.2819 NDCG=0.1610 (sampled(1pos+neg))
Epoch 291 | loss=0.011078
VAL metrics:
  K=10: P=0.0220 R=0.2197 NDCG=0.1452 (sampled(1pos+neg))
  K=20: P=0.0141 R=0.2819 NDCG=0.1609 (sampled(1pos+neg))
Epoch 292 | loss=0.010526
VAL metrics:
  K=10: P=0.0220 R=0.2197 NDCG=0.1451 (sampled(1pos+neg))
  K=20: P=0.0141 R=0.2821 NDCG=0.1608 (sampled(1pos+neg))
Epoch 293 | loss=0.010724
VAL metrics:
  K=10: P=0.0219 R=0.2193 NDCG=0.1449 (sampled(1pos+neg))
  K=20: P=0.0141 R=0.2821 NDCG=0.1607 (sampled(1pos+neg))
Epoch 294 | loss=0.011305
VAL metrics:
  K=10: P=0.0219 R=0.2195 NDCG=0.1448 (sampled(1pos+neg))
  K=20: P=0.0141 R=0.2819 NDCG=0.1606 (sampled(1pos+neg))
Epoch 295 | loss=0.010777
VAL metrics:
  K=10: P=0.0219 R=0.2192 NDCG=0.1447 (sampled(1pos+neg))
  K=20: P=0.0141 R=0.2821 NDCG=0.1605 (sampled(1pos+neg))
Epoch 296 | loss=0.011091
VAL metrics:
  K=10: P=0.0219 R=0.2192 NDCG=0.1446 (sampled(1pos+neg))
  K=20: P=0.0141 R=0.2819 NDCG=0.1604 (sampled(1pos+neg))
Epoch 297 | loss=0.010392
VAL metrics:
  K=10: P=0.0219 R=0.2192 NDCG=0.1445 (sampled(1pos+neg))
  K=20: P=0.0141 R=0.2815 NDCG=0.1602 (sampled(1pos+neg))
Epoch 298 | loss=0.010890
VAL metrics:
  K=10: P=0.0219 R=0.2191 NDCG=0.1444 (sampled(1pos+neg))
  K=20: P=0.0141 R=0.2815 NDCG=0.1601 (sampled(1pos+neg))
Epoch 299 | loss=0.011048
VAL metrics:
  K=10: P=0.0219 R=0.2190 NDCG=0.1443 (sampled(1pos+neg))
  K=20: P=0.0141 R=0.2812 NDCG=0.1599 (sampled(1pos+neg))
Epoch 300 | loss=0.010240
VAL metrics:
  K=10: P=0.0219 R=0.2189 NDCG=0.1442 (sampled(1pos+neg))
  K=20: P=0.0141 R=0.2812 NDCG=0.1599 (sampled(1pos+neg))
Epoch 301 | loss=0.010110
VAL metrics:
  K=10: P=0.0219 R=0.2188 NDCG=0.1442 (sampled(1pos+neg))
  K=20: P=0.0141 R=0.2811 NDCG=0.1599 (sampled(1pos+neg))
Epoch 302 | loss=0.009835
VAL metrics:
  K=10: P=0.0219 R=0.2188 NDCG=0.1441 (sampled(1pos+neg))
  K=20: P=0.0141 R=0.2813 NDCG=0.1598 (sampled(1pos+neg))
Epoch 303 | loss=0.011462
VAL metrics:
  K=10: P=0.0219 R=0.2187 NDCG=0.1440 (sampled(1pos+neg))
  K=20: P=0.0141 R=0.2812 NDCG=0.1597 (sampled(1pos+neg))
Epoch 304 | loss=0.010981
VAL metrics:
  K=10: P=0.0219 R=0.2185 NDCG=0.1439 (sampled(1pos+neg))
  K=20: P=0.0141 R=0.2812 NDCG=0.1596 (sampled(1pos+neg))
Epoch 305 | loss=0.010585
VAL metrics:
  K=10: P=0.0219 R=0.2185 NDCG=0.1438 (sampled(1pos+neg))
  K=20: P=0.0140 R=0.2810 NDCG=0.1595 (sampled(1pos+neg))
Epoch 306 | loss=0.010384
VAL metrics:
  K=10: P=0.0218 R=0.2183 NDCG=0.1437 (sampled(1pos+neg))
  K=20: P=0.0140 R=0.2808 NDCG=0.1594 (sampled(1pos+neg))
Epoch 307 | loss=0.010261
VAL metrics:
  K=10: P=0.0218 R=0.2180 NDCG=0.1435 (sampled(1pos+neg))
  K=20: P=0.0140 R=0.2807 NDCG=0.1593 (sampled(1pos+neg))
Epoch 308 | loss=0.010548
VAL metrics:
  K=10: P=0.0218 R=0.2180 NDCG=0.1435 (sampled(1pos+neg))
  K=20: P=0.0140 R=0.2806 NDCG=0.1593 (sampled(1pos+neg))
Epoch 309 | loss=0.010054
VAL metrics:
  K=10: P=0.0217 R=0.2175 NDCG=0.1433 (sampled(1pos+neg))
  K=20: P=0.0140 R=0.2806 NDCG=0.1592 (sampled(1pos+neg))
Epoch 310 | loss=0.010401
VAL metrics:
  K=10: P=0.0218 R=0.2176 NDCG=0.1433 (sampled(1pos+neg))
  K=20: P=0.0140 R=0.2807 NDCG=0.1592 (sampled(1pos+neg))
Epoch 311 | loss=0.009711
VAL metrics:
  K=10: P=0.0218 R=0.2175 NDCG=0.1433 (sampled(1pos+neg))
  K=20: P=0.0140 R=0.2807 NDCG=0.1591 (sampled(1pos+neg))
Epoch 312 | loss=0.010322
VAL metrics:
  K=10: P=0.0218 R=0.2176 NDCG=0.1433 (sampled(1pos+neg))
  K=20: P=0.0140 R=0.2803 NDCG=0.1591 (sampled(1pos+neg))
Epoch 313 | loss=0.010074
VAL metrics:
  K=10: P=0.0217 R=0.2174 NDCG=0.1432 (sampled(1pos+neg))
  K=20: P=0.0140 R=0.2803 NDCG=0.1590 (sampled(1pos+neg))
Epoch 314 | loss=0.010576
VAL metrics:
  K=10: P=0.0217 R=0.2174 NDCG=0.1431 (sampled(1pos+neg))
  K=20: P=0.0140 R=0.2801 NDCG=0.1589 (sampled(1pos+neg))
Epoch 315 | loss=0.009672
VAL metrics:
  K=10: P=0.0217 R=0.2173 NDCG=0.1430 (sampled(1pos+neg))
  K=20: P=0.0140 R=0.2802 NDCG=0.1588 (sampled(1pos+neg))
Epoch 316 | loss=0.010094
VAL metrics:
  K=10: P=0.0217 R=0.2169 NDCG=0.1428 (sampled(1pos+neg))
  K=20: P=0.0140 R=0.2801 NDCG=0.1587 (sampled(1pos+neg))
Epoch 317 | loss=0.010351
VAL metrics:
  K=10: P=0.0217 R=0.2168 NDCG=0.1426 (sampled(1pos+neg))
  K=20: P=0.0140 R=0.2802 NDCG=0.1586 (sampled(1pos+neg))
Epoch 318 | loss=0.009572
VAL metrics:
  K=10: P=0.0217 R=0.2165 NDCG=0.1425 (sampled(1pos+neg))
  K=20: P=0.0140 R=0.2801 NDCG=0.1585 (sampled(1pos+neg))
Epoch 319 | loss=0.009426
VAL metrics:
  K=10: P=0.0216 R=0.2164 NDCG=0.1424 (sampled(1pos+neg))
  K=20: P=0.0140 R=0.2799 NDCG=0.1584 (sampled(1pos+neg))
Epoch 320 | loss=0.009746
VAL metrics:
  K=10: P=0.0216 R=0.2162 NDCG=0.1423 (sampled(1pos+neg))
  K=20: P=0.0140 R=0.2798 NDCG=0.1583 (sampled(1pos+neg))
Epoch 321 | loss=0.009286
VAL metrics:
  K=10: P=0.0216 R=0.2161 NDCG=0.1423 (sampled(1pos+neg))
  K=20: P=0.0140 R=0.2797 NDCG=0.1583 (sampled(1pos+neg))
Epoch 322 | loss=0.009096
VAL metrics:
  K=10: P=0.0216 R=0.2158 NDCG=0.1422 (sampled(1pos+neg))
  K=20: P=0.0140 R=0.2798 NDCG=0.1583 (sampled(1pos+neg))
Epoch 323 | loss=0.008758
VAL metrics:
  K=10: P=0.0216 R=0.2159 NDCG=0.1422 (sampled(1pos+neg))
  K=20: P=0.0140 R=0.2799 NDCG=0.1583 (sampled(1pos+neg))
Epoch 324 | loss=0.009599
VAL metrics:
  K=10: P=0.0216 R=0.2159 NDCG=0.1422 (sampled(1pos+neg))
  K=20: P=0.0140 R=0.2800 NDCG=0.1583 (sampled(1pos+neg))
Epoch 325 | loss=0.009457
VAL metrics:
  K=10: P=0.0216 R=0.2160 NDCG=0.1422 (sampled(1pos+neg))
  K=20: P=0.0140 R=0.2797 NDCG=0.1582 (sampled(1pos+neg))
Epoch 326 | loss=0.009130
VAL metrics:
  K=10: P=0.0216 R=0.2158 NDCG=0.1420 (sampled(1pos+neg))
  K=20: P=0.0140 R=0.2796 NDCG=0.1580 (sampled(1pos+neg))
Epoch 327 | loss=0.009718
VAL metrics:
  K=10: P=0.0216 R=0.2156 NDCG=0.1418 (sampled(1pos+neg))
  K=20: P=0.0140 R=0.2796 NDCG=0.1579 (sampled(1pos+neg))
Epoch 328 | loss=0.010064
VAL metrics:
  K=10: P=0.0215 R=0.2155 NDCG=0.1417 (sampled(1pos+neg))
  K=20: P=0.0140 R=0.2796 NDCG=0.1578 (sampled(1pos+neg))
Epoch 329 | loss=0.009508
VAL metrics:
  K=10: P=0.0216 R=0.2155 NDCG=0.1416 (sampled(1pos+neg))
  K=20: P=0.0140 R=0.2795 NDCG=0.1577 (sampled(1pos+neg))
Epoch 330 | loss=0.009629
VAL metrics:
  K=10: P=0.0216 R=0.2156 NDCG=0.1416 (sampled(1pos+neg))
  K=20: P=0.0140 R=0.2794 NDCG=0.1576 (sampled(1pos+neg))
Epoch 331 | loss=0.009123
VAL metrics:
  K=10: P=0.0215 R=0.2153 NDCG=0.1414 (sampled(1pos+neg))
  K=20: P=0.0140 R=0.2793 NDCG=0.1575 (sampled(1pos+neg))
Epoch 332 | loss=0.009375
VAL metrics:
  K=10: P=0.0215 R=0.2151 NDCG=0.1413 (sampled(1pos+neg))
  K=20: P=0.0140 R=0.2791 NDCG=0.1574 (sampled(1pos+neg))
Epoch 333 | loss=0.009486
VAL metrics:
  K=10: P=0.0215 R=0.2147 NDCG=0.1412 (sampled(1pos+neg))
  K=20: P=0.0139 R=0.2789 NDCG=0.1574 (sampled(1pos+neg))
Epoch 334 | loss=0.009020
VAL metrics:
  K=10: P=0.0215 R=0.2147 NDCG=0.1411 (sampled(1pos+neg))
  K=20: P=0.0139 R=0.2788 NDCG=0.1573 (sampled(1pos+neg))
Epoch 335 | loss=0.008875
VAL metrics:
  K=10: P=0.0215 R=0.2146 NDCG=0.1411 (sampled(1pos+neg))
  K=20: P=0.0139 R=0.2789 NDCG=0.1572 (sampled(1pos+neg))
Epoch 336 | loss=0.009173
VAL metrics:
  K=10: P=0.0214 R=0.2144 NDCG=0.1411 (sampled(1pos+neg))
  K=20: P=0.0139 R=0.2788 NDCG=0.1573 (sampled(1pos+neg))
Epoch 337 | loss=0.009195
VAL metrics:
  K=10: P=0.0214 R=0.2141 NDCG=0.1409 (sampled(1pos+neg))
  K=20: P=0.0139 R=0.2786 NDCG=0.1571 (sampled(1pos+neg))
Epoch 338 | loss=0.009621
VAL metrics:
  K=10: P=0.0214 R=0.2143 NDCG=0.1409 (sampled(1pos+neg))
  K=20: P=0.0139 R=0.2783 NDCG=0.1570 (sampled(1pos+neg))
Epoch 339 | loss=0.009221
VAL metrics:
  K=10: P=0.0214 R=0.2144 NDCG=0.1409 (sampled(1pos+neg))
  K=20: P=0.0139 R=0.2783 NDCG=0.1570 (sampled(1pos+neg))
Epoch 340 | loss=0.008574
VAL metrics:
  K=10: P=0.0214 R=0.2142 NDCG=0.1408 (sampled(1pos+neg))
  K=20: P=0.0139 R=0.2780 NDCG=0.1568 (sampled(1pos+neg))
Epoch 341 | loss=0.009514
VAL metrics:
  K=10: P=0.0214 R=0.2142 NDCG=0.1408 (sampled(1pos+neg))
  K=20: P=0.0139 R=0.2780 NDCG=0.1568 (sampled(1pos+neg))
Epoch 342 | loss=0.008930
VAL metrics:
  K=10: P=0.0214 R=0.2142 NDCG=0.1406 (sampled(1pos+neg))
  K=20: P=0.0139 R=0.2780 NDCG=0.1567 (sampled(1pos+neg))
Epoch 343 | loss=0.009588
VAL metrics:
  K=10: P=0.0214 R=0.2140 NDCG=0.1405 (sampled(1pos+neg))
  K=20: P=0.0139 R=0.2778 NDCG=0.1566 (sampled(1pos+neg))
Epoch 344 | loss=0.008776
VAL metrics:
  K=10: P=0.0214 R=0.2136 NDCG=0.1404 (sampled(1pos+neg))
  K=20: P=0.0139 R=0.2780 NDCG=0.1566 (sampled(1pos+neg))
Epoch 345 | loss=0.008791
VAL metrics:
  K=10: P=0.0214 R=0.2136 NDCG=0.1403 (sampled(1pos+neg))
  K=20: P=0.0139 R=0.2780 NDCG=0.1565 (sampled(1pos+neg))
Epoch 346 | loss=0.008861
VAL metrics:
  K=10: P=0.0214 R=0.2136 NDCG=0.1404 (sampled(1pos+neg))
  K=20: P=0.0139 R=0.2776 NDCG=0.1565 (sampled(1pos+neg))
Epoch 347 | loss=0.008772
VAL metrics:
  K=10: P=0.0214 R=0.2135 NDCG=0.1402 (sampled(1pos+neg))
  K=20: P=0.0139 R=0.2777 NDCG=0.1563 (sampled(1pos+neg))
Epoch 348 | loss=0.009555
VAL metrics:
  K=10: P=0.0214 R=0.2136 NDCG=0.1402 (sampled(1pos+neg))
  K=20: P=0.0139 R=0.2774 NDCG=0.1562 (sampled(1pos+neg))
Epoch 349 | loss=0.008518
VAL metrics:
  K=10: P=0.0213 R=0.2133 NDCG=0.1401 (sampled(1pos+neg))
  K=20: P=0.0139 R=0.2772 NDCG=0.1562 (sampled(1pos+neg))
Epoch 350 | loss=0.008251
VAL metrics:
  K=10: P=0.0213 R=0.2134 NDCG=0.1400 (sampled(1pos+neg))
  K=20: P=0.0139 R=0.2773 NDCG=0.1561 (sampled(1pos+neg))
Epoch 351 | loss=0.009221
VAL metrics:
  K=10: P=0.0214 R=0.2136 NDCG=0.1401 (sampled(1pos+neg))
  K=20: P=0.0139 R=0.2771 NDCG=0.1560 (sampled(1pos+neg))
Epoch 352 | loss=0.008588
VAL metrics:
  K=10: P=0.0214 R=0.2136 NDCG=0.1400 (sampled(1pos+neg))
  K=20: P=0.0139 R=0.2771 NDCG=0.1560 (sampled(1pos+neg))
Epoch 353 | loss=0.008575
VAL metrics:
  K=10: P=0.0213 R=0.2133 NDCG=0.1399 (sampled(1pos+neg))
  K=20: P=0.0138 R=0.2770 NDCG=0.1559 (sampled(1pos+neg))
Epoch 354 | loss=0.008538
VAL metrics:
  K=10: P=0.0213 R=0.2132 NDCG=0.1398 (sampled(1pos+neg))
  K=20: P=0.0139 R=0.2770 NDCG=0.1558 (sampled(1pos+neg))
Epoch 355 | loss=0.009040
VAL metrics:
  K=10: P=0.0213 R=0.2131 NDCG=0.1397 (sampled(1pos+neg))
  K=20: P=0.0139 R=0.2771 NDCG=0.1558 (sampled(1pos+neg))
Epoch 356 | loss=0.008680
VAL metrics:
  K=10: P=0.0213 R=0.2132 NDCG=0.1396 (sampled(1pos+neg))
  K=20: P=0.0138 R=0.2768 NDCG=0.1556 (sampled(1pos+neg))
Epoch 357 | loss=0.008335
VAL metrics:
  K=10: P=0.0213 R=0.2132 NDCG=0.1395 (sampled(1pos+neg))
  K=20: P=0.0138 R=0.2768 NDCG=0.1555 (sampled(1pos+neg))
Epoch 358 | loss=0.008330
VAL metrics:
  K=10: P=0.0213 R=0.2131 NDCG=0.1395 (sampled(1pos+neg))
  K=20: P=0.0138 R=0.2767 NDCG=0.1554 (sampled(1pos+neg))
Epoch 359 | loss=0.008383
VAL metrics:
  K=10: P=0.0213 R=0.2127 NDCG=0.1393 (sampled(1pos+neg))
  K=20: P=0.0138 R=0.2768 NDCG=0.1554 (sampled(1pos+neg))
Epoch 360 | loss=0.008751
VAL metrics:
  K=10: P=0.0213 R=0.2128 NDCG=0.1393 (sampled(1pos+neg))
  K=20: P=0.0138 R=0.2769 NDCG=0.1554 (sampled(1pos+neg))
Epoch 361 | loss=0.008166
VAL metrics:
  K=10: P=0.0213 R=0.2129 NDCG=0.1393 (sampled(1pos+neg))
  K=20: P=0.0139 R=0.2771 NDCG=0.1554 (sampled(1pos+neg))
Epoch 362 | loss=0.008596
VAL metrics:
  K=10: P=0.0213 R=0.2128 NDCG=0.1392 (sampled(1pos+neg))
  K=20: P=0.0139 R=0.2770 NDCG=0.1553 (sampled(1pos+neg))
Epoch 363 | loss=0.008175
VAL metrics:
  K=10: P=0.0213 R=0.2127 NDCG=0.1390 (sampled(1pos+neg))
  K=20: P=0.0139 R=0.2772 NDCG=0.1552 (sampled(1pos+neg))
Epoch 364 | loss=0.008800
VAL metrics:
  K=10: P=0.0213 R=0.2128 NDCG=0.1389 (sampled(1pos+neg))
  K=20: P=0.0139 R=0.2771 NDCG=0.1550 (sampled(1pos+neg))
Epoch 365 | loss=0.007903
VAL metrics:
  K=10: P=0.0213 R=0.2125 NDCG=0.1389 (sampled(1pos+neg))
  K=20: P=0.0139 R=0.2771 NDCG=0.1551 (sampled(1pos+neg))
Epoch 366 | loss=0.008209
VAL metrics:
  K=10: P=0.0213 R=0.2125 NDCG=0.1388 (sampled(1pos+neg))
  K=20: P=0.0138 R=0.2766 NDCG=0.1549 (sampled(1pos+neg))
Epoch 367 | loss=0.008202
VAL metrics:
  K=10: P=0.0212 R=0.2123 NDCG=0.1387 (sampled(1pos+neg))
  K=20: P=0.0138 R=0.2766 NDCG=0.1549 (sampled(1pos+neg))
Epoch 368 | loss=0.008004
VAL metrics:
  K=10: P=0.0212 R=0.2121 NDCG=0.1386 (sampled(1pos+neg))
  K=20: P=0.0138 R=0.2760 NDCG=0.1547 (sampled(1pos+neg))
Epoch 369 | loss=0.007958
VAL metrics:
  K=10: P=0.0212 R=0.2120 NDCG=0.1386 (sampled(1pos+neg))
  K=20: P=0.0138 R=0.2761 NDCG=0.1547 (sampled(1pos+neg))
Epoch 370 | loss=0.008010
VAL metrics:
  K=10: P=0.0212 R=0.2119 NDCG=0.1386 (sampled(1pos+neg))
  K=20: P=0.0138 R=0.2758 NDCG=0.1546 (sampled(1pos+neg))
Epoch 371 | loss=0.007795
VAL metrics:
  K=10: P=0.0212 R=0.2116 NDCG=0.1384 (sampled(1pos+neg))
  K=20: P=0.0138 R=0.2759 NDCG=0.1546 (sampled(1pos+neg))
Epoch 372 | loss=0.008996
VAL metrics:
  K=10: P=0.0211 R=0.2114 NDCG=0.1384 (sampled(1pos+neg))
  K=20: P=0.0138 R=0.2760 NDCG=0.1546 (sampled(1pos+neg))
Epoch 373 | loss=0.008188
VAL metrics:
  K=10: P=0.0212 R=0.2116 NDCG=0.1383 (sampled(1pos+neg))
  K=20: P=0.0138 R=0.2757 NDCG=0.1545 (sampled(1pos+neg))
Epoch 374 | loss=0.007767
VAL metrics:
  K=10: P=0.0211 R=0.2115 NDCG=0.1384 (sampled(1pos+neg))
  K=20: P=0.0138 R=0.2758 NDCG=0.1545 (sampled(1pos+neg))
Epoch 375 | loss=0.008025
VAL metrics:
  K=10: P=0.0211 R=0.2115 NDCG=0.1383 (sampled(1pos+neg))
  K=20: P=0.0138 R=0.2760 NDCG=0.1545 (sampled(1pos+neg))
Epoch 376 | loss=0.008163
VAL metrics:
  K=10: P=0.0211 R=0.2112 NDCG=0.1382 (sampled(1pos+neg))
  K=20: P=0.0138 R=0.2761 NDCG=0.1545 (sampled(1pos+neg))
Epoch 377 | loss=0.007949
VAL metrics:
  K=10: P=0.0211 R=0.2112 NDCG=0.1382 (sampled(1pos+neg))
  K=20: P=0.0138 R=0.2761 NDCG=0.1545 (sampled(1pos+neg))
Epoch 378 | loss=0.008002
VAL metrics:
  K=10: P=0.0211 R=0.2111 NDCG=0.1381 (sampled(1pos+neg))
  K=20: P=0.0138 R=0.2760 NDCG=0.1544 (sampled(1pos+neg))
Epoch 379 | loss=0.008388
VAL metrics:
  K=10: P=0.0211 R=0.2110 NDCG=0.1380 (sampled(1pos+neg))
  K=20: P=0.0138 R=0.2760 NDCG=0.1543 (sampled(1pos+neg))
Epoch 380 | loss=0.007770
VAL metrics:
  K=10: P=0.0211 R=0.2107 NDCG=0.1377 (sampled(1pos+neg))
  K=20: P=0.0138 R=0.2756 NDCG=0.1540 (sampled(1pos+neg))
Epoch 381 | loss=0.007784
VAL metrics:
  K=10: P=0.0211 R=0.2105 NDCG=0.1376 (sampled(1pos+neg))
  K=20: P=0.0138 R=0.2754 NDCG=0.1539 (sampled(1pos+neg))
Epoch 382 | loss=0.007977
VAL metrics:
  K=10: P=0.0210 R=0.2104 NDCG=0.1376 (sampled(1pos+neg))
  K=20: P=0.0138 R=0.2753 NDCG=0.1539 (sampled(1pos+neg))
Epoch 383 | loss=0.007522
VAL metrics:
  K=10: P=0.0210 R=0.2103 NDCG=0.1376 (sampled(1pos+neg))
  K=20: P=0.0138 R=0.2752 NDCG=0.1539 (sampled(1pos+neg))
Epoch 384 | loss=0.007481
VAL metrics:
  K=10: P=0.0210 R=0.2103 NDCG=0.1375 (sampled(1pos+neg))
  K=20: P=0.0137 R=0.2749 NDCG=0.1538 (sampled(1pos+neg))
Epoch 385 | loss=0.007942
VAL metrics:
  K=10: P=0.0210 R=0.2103 NDCG=0.1375 (sampled(1pos+neg))
  K=20: P=0.0137 R=0.2746 NDCG=0.1536 (sampled(1pos+neg))
Epoch 386 | loss=0.008120
VAL metrics:
  K=10: P=0.0210 R=0.2101 NDCG=0.1373 (sampled(1pos+neg))
  K=20: P=0.0137 R=0.2745 NDCG=0.1535 (sampled(1pos+neg))
Epoch 387 | loss=0.007230
VAL metrics:
  K=10: P=0.0210 R=0.2103 NDCG=0.1372 (sampled(1pos+neg))
  K=20: P=0.0137 R=0.2744 NDCG=0.1533 (sampled(1pos+neg))
Epoch 388 | loss=0.007640
VAL metrics:
  K=10: P=0.0210 R=0.2102 NDCG=0.1372 (sampled(1pos+neg))
  K=20: P=0.0137 R=0.2741 NDCG=0.1533 (sampled(1pos+neg))
Epoch 389 | loss=0.007892
VAL metrics:
  K=10: P=0.0210 R=0.2102 NDCG=0.1371 (sampled(1pos+neg))
  K=20: P=0.0137 R=0.2743 NDCG=0.1532 (sampled(1pos+neg))
Epoch 390 | loss=0.007975
VAL metrics:
  K=10: P=0.0210 R=0.2102 NDCG=0.1370 (sampled(1pos+neg))
  K=20: P=0.0137 R=0.2743 NDCG=0.1531 (sampled(1pos+neg))
Epoch 391 | loss=0.008028
VAL metrics:
  K=10: P=0.0210 R=0.2100 NDCG=0.1369 (sampled(1pos+neg))
  K=20: P=0.0137 R=0.2744 NDCG=0.1531 (sampled(1pos+neg))
Epoch 392 | loss=0.008364
VAL metrics:
  K=10: P=0.0210 R=0.2099 NDCG=0.1368 (sampled(1pos+neg))
  K=20: P=0.0137 R=0.2742 NDCG=0.1529 (sampled(1pos+neg))
Epoch 393 | loss=0.007624
VAL metrics:
  K=10: P=0.0210 R=0.2096 NDCG=0.1366 (sampled(1pos+neg))
  K=20: P=0.0137 R=0.2741 NDCG=0.1528 (sampled(1pos+neg))
Epoch 394 | loss=0.007595
VAL metrics:
  K=10: P=0.0210 R=0.2095 NDCG=0.1365 (sampled(1pos+neg))
  K=20: P=0.0137 R=0.2741 NDCG=0.1527 (sampled(1pos+neg))
Epoch 395 | loss=0.007240
VAL metrics:
  K=10: P=0.0209 R=0.2095 NDCG=0.1365 (sampled(1pos+neg))
  K=20: P=0.0137 R=0.2740 NDCG=0.1527 (sampled(1pos+neg))
Epoch 396 | loss=0.007343
VAL metrics:
  K=10: P=0.0209 R=0.2092 NDCG=0.1364 (sampled(1pos+neg))
  K=20: P=0.0137 R=0.2738 NDCG=0.1526 (sampled(1pos+neg))
Epoch 397 | loss=0.007663
VAL metrics:
  K=10: P=0.0209 R=0.2092 NDCG=0.1363 (sampled(1pos+neg))
  K=20: P=0.0137 R=0.2734 NDCG=0.1524 (sampled(1pos+neg))
Epoch 398 | loss=0.007744
VAL metrics:
  K=10: P=0.0209 R=0.2090 NDCG=0.1362 (sampled(1pos+neg))
  K=20: P=0.0137 R=0.2733 NDCG=0.1524 (sampled(1pos+neg))
Epoch 399 | loss=0.007539
VAL metrics:
  K=10: P=0.0209 R=0.2088 NDCG=0.1362 (sampled(1pos+neg))
  K=20: P=0.0137 R=0.2733 NDCG=0.1524 (sampled(1pos+neg))
Epoch 400 | loss=0.007528
VAL metrics:
  K=10: P=0.0209 R=0.2088 NDCG=0.1362 (sampled(1pos+neg))
  K=20: P=0.0137 R=0.2732 NDCG=0.1524 (sampled(1pos+neg))

TEST metrics:
  K=10: P=0.0254 R=0.2540 NDCG=0.1722 (sampled(1pos+neg))
  K=20: P=0.0155 R=0.3099 NDCG=0.1862 (sampled(1pos+neg))
