Graph files exist. Skipping construction.
Loaded edges. Users=58,867 Items=261,728 Train=370,745 Val=46,461 Test=46,508
Using device: cuda
Epoch 01 | loss=0.693058
VAL metrics:
  K=10: P=0.0126 R=0.1259 NDCG=0.0674 (sampled(1pos+neg))
  K=20: P=0.0106 R=0.2118 NDCG=0.0888 (sampled(1pos+neg))
  ✅ Saved best model to /home/dsai-st125024/project/Beyond-Binary-Fake-User-Detection-A-Credibility-Aware-Graph-based-Recommender-System/dataset/lightgcn_pipeline_parent/model/best_model.pt (val Recall@20=0.2118)
Epoch 02 | loss=0.692322
VAL metrics:
  K=10: P=0.0155 R=0.1548 NDCG=0.0854 (sampled(1pos+neg))
  K=20: P=0.0116 R=0.2328 NDCG=0.1050 (sampled(1pos+neg))
  ✅ Saved best model to /home/dsai-st125024/project/Beyond-Binary-Fake-User-Detection-A-Credibility-Aware-Graph-based-Recommender-System/dataset/lightgcn_pipeline_parent/model/best_model.pt (val Recall@20=0.2328)
Epoch 03 | loss=0.690229
VAL metrics:
  K=10: P=0.0181 R=0.1808 NDCG=0.1023 (sampled(1pos+neg))
  K=20: P=0.0128 R=0.2555 NDCG=0.1210 (sampled(1pos+neg))
  ✅ Saved best model to /home/dsai-st125024/project/Beyond-Binary-Fake-User-Detection-A-Credibility-Aware-Graph-based-Recommender-System/dataset/lightgcn_pipeline_parent/model/best_model.pt (val Recall@20=0.2555)
Epoch 04 | loss=0.686320
VAL metrics:
  K=10: P=0.0197 R=0.1971 NDCG=0.1153 (sampled(1pos+neg))
  K=20: P=0.0135 R=0.2704 NDCG=0.1338 (sampled(1pos+neg))
  ✅ Saved best model to /home/dsai-st125024/project/Beyond-Binary-Fake-User-Detection-A-Credibility-Aware-Graph-based-Recommender-System/dataset/lightgcn_pipeline_parent/model/best_model.pt (val Recall@20=0.2704)
Epoch 05 | loss=0.681084
VAL metrics:
  K=10: P=0.0208 R=0.2075 NDCG=0.1243 (sampled(1pos+neg))
  K=20: P=0.0140 R=0.2796 NDCG=0.1425 (sampled(1pos+neg))
  ✅ Saved best model to /home/dsai-st125024/project/Beyond-Binary-Fake-User-Detection-A-Credibility-Aware-Graph-based-Recommender-System/dataset/lightgcn_pipeline_parent/model/best_model.pt (val Recall@20=0.2796)
Epoch 06 | loss=0.673789
VAL metrics:
  K=10: P=0.0214 R=0.2140 NDCG=0.1317 (sampled(1pos+neg))
  K=20: P=0.0142 R=0.2845 NDCG=0.1495 (sampled(1pos+neg))
  ✅ Saved best model to /home/dsai-st125024/project/Beyond-Binary-Fake-User-Detection-A-Credibility-Aware-Graph-based-Recommender-System/dataset/lightgcn_pipeline_parent/model/best_model.pt (val Recall@20=0.2845)
Epoch 07 | loss=0.665424
VAL metrics:
  K=10: P=0.0221 R=0.2205 NDCG=0.1386 (sampled(1pos+neg))
  K=20: P=0.0144 R=0.2885 NDCG=0.1557 (sampled(1pos+neg))
  ✅ Saved best model to /home/dsai-st125024/project/Beyond-Binary-Fake-User-Detection-A-Credibility-Aware-Graph-based-Recommender-System/dataset/lightgcn_pipeline_parent/model/best_model.pt (val Recall@20=0.2885)
Epoch 08 | loss=0.655314
VAL metrics:
  K=10: P=0.0227 R=0.2268 NDCG=0.1449 (sampled(1pos+neg))
  K=20: P=0.0146 R=0.2930 NDCG=0.1616 (sampled(1pos+neg))
  ✅ Saved best model to /home/dsai-st125024/project/Beyond-Binary-Fake-User-Detection-A-Credibility-Aware-Graph-based-Recommender-System/dataset/lightgcn_pipeline_parent/model/best_model.pt (val Recall@20=0.2930)
Epoch 09 | loss=0.644193
VAL metrics:
  K=10: P=0.0230 R=0.2301 NDCG=0.1495 (sampled(1pos+neg))
  K=20: P=0.0148 R=0.2952 NDCG=0.1658 (sampled(1pos+neg))
  ✅ Saved best model to /home/dsai-st125024/project/Beyond-Binary-Fake-User-Detection-A-Credibility-Aware-Graph-based-Recommender-System/dataset/lightgcn_pipeline_parent/model/best_model.pt (val Recall@20=0.2952)
Epoch 10 | loss=0.631502
VAL metrics:
  K=10: P=0.0233 R=0.2327 NDCG=0.1534 (sampled(1pos+neg))
  K=20: P=0.0148 R=0.2968 NDCG=0.1695 (sampled(1pos+neg))
  ✅ Saved best model to /home/dsai-st125024/project/Beyond-Binary-Fake-User-Detection-A-Credibility-Aware-Graph-based-Recommender-System/dataset/lightgcn_pipeline_parent/model/best_model.pt (val Recall@20=0.2968)
Epoch 11 | loss=0.617886
VAL metrics:
  K=10: P=0.0236 R=0.2357 NDCG=0.1566 (sampled(1pos+neg))
  K=20: P=0.0149 R=0.2990 NDCG=0.1726 (sampled(1pos+neg))
  ✅ Saved best model to /home/dsai-st125024/project/Beyond-Binary-Fake-User-Detection-A-Credibility-Aware-Graph-based-Recommender-System/dataset/lightgcn_pipeline_parent/model/best_model.pt (val Recall@20=0.2990)
Epoch 12 | loss=0.602591
VAL metrics:
  K=10: P=0.0238 R=0.2376 NDCG=0.1593 (sampled(1pos+neg))
  K=20: P=0.0151 R=0.3012 NDCG=0.1753 (sampled(1pos+neg))
  ✅ Saved best model to /home/dsai-st125024/project/Beyond-Binary-Fake-User-Detection-A-Credibility-Aware-Graph-based-Recommender-System/dataset/lightgcn_pipeline_parent/model/best_model.pt (val Recall@20=0.3012)
Epoch 13 | loss=0.586251
VAL metrics:
  K=10: P=0.0240 R=0.2401 NDCG=0.1616 (sampled(1pos+neg))
  K=20: P=0.0151 R=0.3020 NDCG=0.1772 (sampled(1pos+neg))
  ✅ Saved best model to /home/dsai-st125024/project/Beyond-Binary-Fake-User-Detection-A-Credibility-Aware-Graph-based-Recommender-System/dataset/lightgcn_pipeline_parent/model/best_model.pt (val Recall@20=0.3020)
Epoch 14 | loss=0.569610
VAL metrics:
  K=10: P=0.0242 R=0.2424 NDCG=0.1633 (sampled(1pos+neg))
  K=20: P=0.0152 R=0.3040 NDCG=0.1788 (sampled(1pos+neg))
  ✅ Saved best model to /home/dsai-st125024/project/Beyond-Binary-Fake-User-Detection-A-Credibility-Aware-Graph-based-Recommender-System/dataset/lightgcn_pipeline_parent/model/best_model.pt (val Recall@20=0.3040)
Epoch 15 | loss=0.551406
VAL metrics:
  K=10: P=0.0244 R=0.2441 NDCG=0.1651 (sampled(1pos+neg))
  K=20: P=0.0153 R=0.3052 NDCG=0.1805 (sampled(1pos+neg))
  ✅ Saved best model to /home/dsai-st125024/project/Beyond-Binary-Fake-User-Detection-A-Credibility-Aware-Graph-based-Recommender-System/dataset/lightgcn_pipeline_parent/model/best_model.pt (val Recall@20=0.3052)
Epoch 16 | loss=0.533276
VAL metrics:
  K=10: P=0.0246 R=0.2457 NDCG=0.1664 (sampled(1pos+neg))
  K=20: P=0.0153 R=0.3058 NDCG=0.1815 (sampled(1pos+neg))
  ✅ Saved best model to /home/dsai-st125024/project/Beyond-Binary-Fake-User-Detection-A-Credibility-Aware-Graph-based-Recommender-System/dataset/lightgcn_pipeline_parent/model/best_model.pt (val Recall@20=0.3058)
Epoch 17 | loss=0.514469
VAL metrics:
  K=10: P=0.0247 R=0.2469 NDCG=0.1675 (sampled(1pos+neg))
  K=20: P=0.0153 R=0.3063 NDCG=0.1825 (sampled(1pos+neg))
  ✅ Saved best model to /home/dsai-st125024/project/Beyond-Binary-Fake-User-Detection-A-Credibility-Aware-Graph-based-Recommender-System/dataset/lightgcn_pipeline_parent/model/best_model.pt (val Recall@20=0.3063)
Epoch 18 | loss=0.495945
VAL metrics:
  K=10: P=0.0248 R=0.2478 NDCG=0.1685 (sampled(1pos+neg))
  K=20: P=0.0154 R=0.3071 NDCG=0.1835 (sampled(1pos+neg))
  ✅ Saved best model to /home/dsai-st125024/project/Beyond-Binary-Fake-User-Detection-A-Credibility-Aware-Graph-based-Recommender-System/dataset/lightgcn_pipeline_parent/model/best_model.pt (val Recall@20=0.3071)
Epoch 19 | loss=0.477309
VAL metrics:
  K=10: P=0.0250 R=0.2496 NDCG=0.1697 (sampled(1pos+neg))
  K=20: P=0.0154 R=0.3079 NDCG=0.1843 (sampled(1pos+neg))
  ✅ Saved best model to /home/dsai-st125024/project/Beyond-Binary-Fake-User-Detection-A-Credibility-Aware-Graph-based-Recommender-System/dataset/lightgcn_pipeline_parent/model/best_model.pt (val Recall@20=0.3079)
Epoch 20 | loss=0.459177
VAL metrics:
  K=10: P=0.0251 R=0.2509 NDCG=0.1704 (sampled(1pos+neg))
  K=20: P=0.0154 R=0.3086 NDCG=0.1849 (sampled(1pos+neg))
  ✅ Saved best model to /home/dsai-st125024/project/Beyond-Binary-Fake-User-Detection-A-Credibility-Aware-Graph-based-Recommender-System/dataset/lightgcn_pipeline_parent/model/best_model.pt (val Recall@20=0.3086)
Epoch 21 | loss=0.442276
VAL metrics:
  K=10: P=0.0252 R=0.2519 NDCG=0.1712 (sampled(1pos+neg))
  K=20: P=0.0154 R=0.3087 NDCG=0.1855 (sampled(1pos+neg))
  ✅ Saved best model to /home/dsai-st125024/project/Beyond-Binary-Fake-User-Detection-A-Credibility-Aware-Graph-based-Recommender-System/dataset/lightgcn_pipeline_parent/model/best_model.pt (val Recall@20=0.3087)
Epoch 22 | loss=0.422719
VAL metrics:
  K=10: P=0.0252 R=0.2521 NDCG=0.1717 (sampled(1pos+neg))
  K=20: P=0.0154 R=0.3081 NDCG=0.1857 (sampled(1pos+neg))
Epoch 23 | loss=0.406003
VAL metrics:
  K=10: P=0.0252 R=0.2524 NDCG=0.1720 (sampled(1pos+neg))
  K=20: P=0.0154 R=0.3089 NDCG=0.1862 (sampled(1pos+neg))
  ✅ Saved best model to /home/dsai-st125024/project/Beyond-Binary-Fake-User-Detection-A-Credibility-Aware-Graph-based-Recommender-System/dataset/lightgcn_pipeline_parent/model/best_model.pt (val Recall@20=0.3089)
Epoch 24 | loss=0.388510
VAL metrics:
  K=10: P=0.0253 R=0.2527 NDCG=0.1726 (sampled(1pos+neg))
  K=20: P=0.0154 R=0.3088 NDCG=0.1867 (sampled(1pos+neg))
Epoch 25 | loss=0.372401
VAL metrics:
  K=10: P=0.0253 R=0.2531 NDCG=0.1730 (sampled(1pos+neg))
  K=20: P=0.0154 R=0.3090 NDCG=0.1870 (sampled(1pos+neg))
  ✅ Saved best model to /home/dsai-st125024/project/Beyond-Binary-Fake-User-Detection-A-Credibility-Aware-Graph-based-Recommender-System/dataset/lightgcn_pipeline_parent/model/best_model.pt (val Recall@20=0.3090)
Epoch 26 | loss=0.356895
VAL metrics:
  K=10: P=0.0254 R=0.2539 NDCG=0.1734 (sampled(1pos+neg))
  K=20: P=0.0155 R=0.3090 NDCG=0.1872 (sampled(1pos+neg))
  ✅ Saved best model to /home/dsai-st125024/project/Beyond-Binary-Fake-User-Detection-A-Credibility-Aware-Graph-based-Recommender-System/dataset/lightgcn_pipeline_parent/model/best_model.pt (val Recall@20=0.3090)
Epoch 27 | loss=0.341545
VAL metrics:
  K=10: P=0.0255 R=0.2549 NDCG=0.1737 (sampled(1pos+neg))
  K=20: P=0.0155 R=0.3096 NDCG=0.1875 (sampled(1pos+neg))
  ✅ Saved best model to /home/dsai-st125024/project/Beyond-Binary-Fake-User-Detection-A-Credibility-Aware-Graph-based-Recommender-System/dataset/lightgcn_pipeline_parent/model/best_model.pt (val Recall@20=0.3096)
Epoch 28 | loss=0.328656
VAL metrics:
  K=10: P=0.0255 R=0.2552 NDCG=0.1737 (sampled(1pos+neg))
  K=20: P=0.0155 R=0.3096 NDCG=0.1874 (sampled(1pos+neg))
Epoch 29 | loss=0.313995
VAL metrics:
  K=10: P=0.0255 R=0.2548 NDCG=0.1735 (sampled(1pos+neg))
  K=20: P=0.0155 R=0.3100 NDCG=0.1874 (sampled(1pos+neg))
  ✅ Saved best model to /home/dsai-st125024/project/Beyond-Binary-Fake-User-Detection-A-Credibility-Aware-Graph-based-Recommender-System/dataset/lightgcn_pipeline_parent/model/best_model.pt (val Recall@20=0.3100)
Epoch 30 | loss=0.300896
VAL metrics:
  K=10: P=0.0255 R=0.2552 NDCG=0.1738 (sampled(1pos+neg))
  K=20: P=0.0155 R=0.3109 NDCG=0.1877 (sampled(1pos+neg))
  ✅ Saved best model to /home/dsai-st125024/project/Beyond-Binary-Fake-User-Detection-A-Credibility-Aware-Graph-based-Recommender-System/dataset/lightgcn_pipeline_parent/model/best_model.pt (val Recall@20=0.3109)
Epoch 31 | loss=0.288103
VAL metrics:
  K=10: P=0.0256 R=0.2556 NDCG=0.1739 (sampled(1pos+neg))
  K=20: P=0.0156 R=0.3110 NDCG=0.1879 (sampled(1pos+neg))
  ✅ Saved best model to /home/dsai-st125024/project/Beyond-Binary-Fake-User-Detection-A-Credibility-Aware-Graph-based-Recommender-System/dataset/lightgcn_pipeline_parent/model/best_model.pt (val Recall@20=0.3110)
Epoch 32 | loss=0.276685
VAL metrics:
  K=10: P=0.0256 R=0.2557 NDCG=0.1741 (sampled(1pos+neg))
  K=20: P=0.0156 R=0.3111 NDCG=0.1880 (sampled(1pos+neg))
  ✅ Saved best model to /home/dsai-st125024/project/Beyond-Binary-Fake-User-Detection-A-Credibility-Aware-Graph-based-Recommender-System/dataset/lightgcn_pipeline_parent/model/best_model.pt (val Recall@20=0.3111)
Epoch 33 | loss=0.265123
VAL metrics:
  K=10: P=0.0256 R=0.2562 NDCG=0.1743 (sampled(1pos+neg))
  K=20: P=0.0155 R=0.3109 NDCG=0.1880 (sampled(1pos+neg))
Epoch 34 | loss=0.255316
VAL metrics:
  K=10: P=0.0257 R=0.2566 NDCG=0.1744 (sampled(1pos+neg))
  K=20: P=0.0155 R=0.3109 NDCG=0.1880 (sampled(1pos+neg))
Epoch 35 | loss=0.243691
VAL metrics:
  K=10: P=0.0257 R=0.2567 NDCG=0.1743 (sampled(1pos+neg))
  K=20: P=0.0155 R=0.3110 NDCG=0.1879 (sampled(1pos+neg))
Epoch 36 | loss=0.233969
VAL metrics:
  K=10: P=0.0257 R=0.2566 NDCG=0.1743 (sampled(1pos+neg))
  K=20: P=0.0156 R=0.3112 NDCG=0.1881 (sampled(1pos+neg))
  ✅ Saved best model to /home/dsai-st125024/project/Beyond-Binary-Fake-User-Detection-A-Credibility-Aware-Graph-based-Recommender-System/dataset/lightgcn_pipeline_parent/model/best_model.pt (val Recall@20=0.3112)
Epoch 37 | loss=0.225779
VAL metrics:
  K=10: P=0.0257 R=0.2569 NDCG=0.1743 (sampled(1pos+neg))
  K=20: P=0.0156 R=0.3112 NDCG=0.1880 (sampled(1pos+neg))
Epoch 38 | loss=0.216657
VAL metrics:
  K=10: P=0.0257 R=0.2566 NDCG=0.1744 (sampled(1pos+neg))
  K=20: P=0.0156 R=0.3115 NDCG=0.1882 (sampled(1pos+neg))
  ✅ Saved best model to /home/dsai-st125024/project/Beyond-Binary-Fake-User-Detection-A-Credibility-Aware-Graph-based-Recommender-System/dataset/lightgcn_pipeline_parent/model/best_model.pt (val Recall@20=0.3115)
Epoch 39 | loss=0.209541
VAL metrics:
  K=10: P=0.0256 R=0.2562 NDCG=0.1741 (sampled(1pos+neg))
  K=20: P=0.0156 R=0.3111 NDCG=0.1879 (sampled(1pos+neg))
Epoch 40 | loss=0.202217
VAL metrics:
  K=10: P=0.0256 R=0.2563 NDCG=0.1741 (sampled(1pos+neg))
  K=20: P=0.0156 R=0.3110 NDCG=0.1879 (sampled(1pos+neg))
Epoch 41 | loss=0.193151
VAL metrics:
  K=10: P=0.0257 R=0.2565 NDCG=0.1740 (sampled(1pos+neg))
  K=20: P=0.0155 R=0.3107 NDCG=0.1877 (sampled(1pos+neg))
Epoch 42 | loss=0.186330
VAL metrics:
  K=10: P=0.0256 R=0.2564 NDCG=0.1739 (sampled(1pos+neg))
  K=20: P=0.0155 R=0.3105 NDCG=0.1875 (sampled(1pos+neg))
Epoch 43 | loss=0.179122
VAL metrics:
  K=10: P=0.0257 R=0.2565 NDCG=0.1738 (sampled(1pos+neg))
  K=20: P=0.0155 R=0.3108 NDCG=0.1875 (sampled(1pos+neg))
Epoch 44 | loss=0.173575
VAL metrics:
  K=10: P=0.0256 R=0.2564 NDCG=0.1737 (sampled(1pos+neg))
  K=20: P=0.0155 R=0.3106 NDCG=0.1874 (sampled(1pos+neg))
Epoch 45 | loss=0.166715
VAL metrics:
  K=10: P=0.0256 R=0.2560 NDCG=0.1735 (sampled(1pos+neg))
  K=20: P=0.0155 R=0.3102 NDCG=0.1872 (sampled(1pos+neg))
Epoch 46 | loss=0.160496
VAL metrics:
  K=10: P=0.0256 R=0.2557 NDCG=0.1734 (sampled(1pos+neg))
  K=20: P=0.0155 R=0.3105 NDCG=0.1872 (sampled(1pos+neg))
Epoch 47 | loss=0.156663
VAL metrics:
  K=10: P=0.0255 R=0.2555 NDCG=0.1733 (sampled(1pos+neg))
  K=20: P=0.0155 R=0.3103 NDCG=0.1871 (sampled(1pos+neg))
Epoch 48 | loss=0.152160
VAL metrics:
  K=10: P=0.0255 R=0.2555 NDCG=0.1732 (sampled(1pos+neg))
  K=20: P=0.0155 R=0.3103 NDCG=0.1871 (sampled(1pos+neg))
Epoch 49 | loss=0.145778
VAL metrics:
  K=10: P=0.0255 R=0.2551 NDCG=0.1731 (sampled(1pos+neg))
  K=20: P=0.0155 R=0.3101 NDCG=0.1870 (sampled(1pos+neg))
Epoch 50 | loss=0.142077
VAL metrics:
  K=10: P=0.0255 R=0.2554 NDCG=0.1731 (sampled(1pos+neg))
  K=20: P=0.0155 R=0.3102 NDCG=0.1869 (sampled(1pos+neg))
Epoch 51 | loss=0.137560
VAL metrics:
  K=10: P=0.0255 R=0.2552 NDCG=0.1729 (sampled(1pos+neg))
  K=20: P=0.0155 R=0.3097 NDCG=0.1867 (sampled(1pos+neg))
Epoch 52 | loss=0.133052
VAL metrics:
  K=10: P=0.0255 R=0.2550 NDCG=0.1727 (sampled(1pos+neg))
  K=20: P=0.0155 R=0.3101 NDCG=0.1866 (sampled(1pos+neg))
Epoch 53 | loss=0.129401
VAL metrics:
  K=10: P=0.0255 R=0.2551 NDCG=0.1727 (sampled(1pos+neg))
  K=20: P=0.0155 R=0.3102 NDCG=0.1866 (sampled(1pos+neg))
Epoch 54 | loss=0.125160
VAL metrics:
  K=10: P=0.0254 R=0.2543 NDCG=0.1724 (sampled(1pos+neg))
  K=20: P=0.0155 R=0.3106 NDCG=0.1866 (sampled(1pos+neg))
Epoch 55 | loss=0.122633
VAL metrics:
  K=10: P=0.0254 R=0.2542 NDCG=0.1723 (sampled(1pos+neg))
  K=20: P=0.0155 R=0.3106 NDCG=0.1865 (sampled(1pos+neg))
Epoch 56 | loss=0.118287
VAL metrics:
  K=10: P=0.0254 R=0.2540 NDCG=0.1721 (sampled(1pos+neg))
  K=20: P=0.0155 R=0.3101 NDCG=0.1862 (sampled(1pos+neg))
Epoch 57 | loss=0.115325
VAL metrics:
  K=10: P=0.0254 R=0.2537 NDCG=0.1719 (sampled(1pos+neg))
  K=20: P=0.0155 R=0.3100 NDCG=0.1861 (sampled(1pos+neg))
Epoch 58 | loss=0.112324
VAL metrics:
  K=10: P=0.0254 R=0.2536 NDCG=0.1718 (sampled(1pos+neg))
  K=20: P=0.0155 R=0.3096 NDCG=0.1859 (sampled(1pos+neg))
Epoch 59 | loss=0.109515
VAL metrics:
  K=10: P=0.0253 R=0.2534 NDCG=0.1716 (sampled(1pos+neg))
  K=20: P=0.0155 R=0.3098 NDCG=0.1858 (sampled(1pos+neg))
Epoch 60 | loss=0.106753
VAL metrics:
  K=10: P=0.0253 R=0.2531 NDCG=0.1715 (sampled(1pos+neg))
  K=20: P=0.0155 R=0.3098 NDCG=0.1858 (sampled(1pos+neg))
Epoch 61 | loss=0.103353
VAL metrics:
  K=10: P=0.0253 R=0.2530 NDCG=0.1714 (sampled(1pos+neg))
  K=20: P=0.0155 R=0.3096 NDCG=0.1857 (sampled(1pos+neg))
Epoch 62 | loss=0.099504
VAL metrics:
  K=10: P=0.0253 R=0.2529 NDCG=0.1714 (sampled(1pos+neg))
  K=20: P=0.0155 R=0.3096 NDCG=0.1857 (sampled(1pos+neg))
Epoch 63 | loss=0.098055
VAL metrics:
  K=10: P=0.0253 R=0.2528 NDCG=0.1713 (sampled(1pos+neg))
  K=20: P=0.0155 R=0.3098 NDCG=0.1857 (sampled(1pos+neg))
Epoch 64 | loss=0.094949
VAL metrics:
  K=10: P=0.0253 R=0.2530 NDCG=0.1713 (sampled(1pos+neg))
  K=20: P=0.0155 R=0.3094 NDCG=0.1855 (sampled(1pos+neg))
Epoch 65 | loss=0.092978
VAL metrics:
  K=10: P=0.0253 R=0.2525 NDCG=0.1710 (sampled(1pos+neg))
  K=20: P=0.0155 R=0.3095 NDCG=0.1853 (sampled(1pos+neg))
Epoch 66 | loss=0.090478
VAL metrics:
  K=10: P=0.0252 R=0.2519 NDCG=0.1707 (sampled(1pos+neg))
  K=20: P=0.0155 R=0.3091 NDCG=0.1852 (sampled(1pos+neg))
Epoch 67 | loss=0.088522
VAL metrics:
  K=10: P=0.0252 R=0.2520 NDCG=0.1706 (sampled(1pos+neg))
  K=20: P=0.0155 R=0.3094 NDCG=0.1851 (sampled(1pos+neg))
Epoch 68 | loss=0.087016
VAL metrics:
  K=10: P=0.0252 R=0.2520 NDCG=0.1705 (sampled(1pos+neg))
  K=20: P=0.0155 R=0.3092 NDCG=0.1849 (sampled(1pos+neg))
Epoch 69 | loss=0.084061
VAL metrics:
  K=10: P=0.0252 R=0.2516 NDCG=0.1703 (sampled(1pos+neg))
  K=20: P=0.0154 R=0.3089 NDCG=0.1847 (sampled(1pos+neg))
Epoch 70 | loss=0.083049
VAL metrics:
  K=10: P=0.0251 R=0.2509 NDCG=0.1701 (sampled(1pos+neg))
  K=20: P=0.0154 R=0.3089 NDCG=0.1847 (sampled(1pos+neg))
Epoch 71 | loss=0.080302
VAL metrics:
  K=10: P=0.0251 R=0.2514 NDCG=0.1702 (sampled(1pos+neg))
  K=20: P=0.0155 R=0.3092 NDCG=0.1847 (sampled(1pos+neg))
Epoch 72 | loss=0.079890
VAL metrics:
  K=10: P=0.0251 R=0.2514 NDCG=0.1700 (sampled(1pos+neg))
  K=20: P=0.0154 R=0.3086 NDCG=0.1844 (sampled(1pos+neg))
Epoch 73 | loss=0.077903
VAL metrics:
  K=10: P=0.0251 R=0.2509 NDCG=0.1699 (sampled(1pos+neg))
  K=20: P=0.0154 R=0.3086 NDCG=0.1845 (sampled(1pos+neg))
Epoch 74 | loss=0.075153
VAL metrics:
  K=10: P=0.0250 R=0.2502 NDCG=0.1696 (sampled(1pos+neg))
  K=20: P=0.0154 R=0.3084 NDCG=0.1843 (sampled(1pos+neg))
Epoch 75 | loss=0.074732
VAL metrics:
  K=10: P=0.0250 R=0.2501 NDCG=0.1695 (sampled(1pos+neg))
  K=20: P=0.0154 R=0.3083 NDCG=0.1842 (sampled(1pos+neg))
Epoch 76 | loss=0.074107
VAL metrics:
  K=10: P=0.0250 R=0.2500 NDCG=0.1694 (sampled(1pos+neg))
  K=20: P=0.0154 R=0.3082 NDCG=0.1840 (sampled(1pos+neg))
Epoch 77 | loss=0.071024
VAL metrics:
  K=10: P=0.0250 R=0.2498 NDCG=0.1693 (sampled(1pos+neg))
  K=20: P=0.0154 R=0.3081 NDCG=0.1840 (sampled(1pos+neg))
Epoch 78 | loss=0.069864
VAL metrics:
  K=10: P=0.0250 R=0.2498 NDCG=0.1692 (sampled(1pos+neg))
  K=20: P=0.0154 R=0.3080 NDCG=0.1838 (sampled(1pos+neg))
Epoch 79 | loss=0.068158
VAL metrics:
  K=10: P=0.0250 R=0.2496 NDCG=0.1689 (sampled(1pos+neg))
  K=20: P=0.0154 R=0.3080 NDCG=0.1837 (sampled(1pos+neg))
Epoch 80 | loss=0.067604
VAL metrics:
  K=10: P=0.0249 R=0.2493 NDCG=0.1688 (sampled(1pos+neg))
  K=20: P=0.0154 R=0.3075 NDCG=0.1835 (sampled(1pos+neg))
Epoch 81 | loss=0.066147
VAL metrics:
  K=10: P=0.0249 R=0.2493 NDCG=0.1687 (sampled(1pos+neg))
  K=20: P=0.0154 R=0.3074 NDCG=0.1834 (sampled(1pos+neg))
Epoch 82 | loss=0.065210
VAL metrics:
  K=10: P=0.0249 R=0.2492 NDCG=0.1686 (sampled(1pos+neg))
  K=20: P=0.0154 R=0.3074 NDCG=0.1833 (sampled(1pos+neg))
Epoch 83 | loss=0.063980
VAL metrics:
  K=10: P=0.0249 R=0.2489 NDCG=0.1685 (sampled(1pos+neg))
  K=20: P=0.0154 R=0.3073 NDCG=0.1832 (sampled(1pos+neg))
Epoch 84 | loss=0.061545
VAL metrics:
  K=10: P=0.0249 R=0.2486 NDCG=0.1683 (sampled(1pos+neg))
  K=20: P=0.0153 R=0.3069 NDCG=0.1830 (sampled(1pos+neg))
Epoch 85 | loss=0.061366
VAL metrics:
  K=10: P=0.0249 R=0.2490 NDCG=0.1684 (sampled(1pos+neg))
  K=20: P=0.0153 R=0.3069 NDCG=0.1830 (sampled(1pos+neg))
Epoch 86 | loss=0.060896
VAL metrics:
  K=10: P=0.0249 R=0.2488 NDCG=0.1682 (sampled(1pos+neg))
  K=20: P=0.0153 R=0.3069 NDCG=0.1828 (sampled(1pos+neg))
Epoch 87 | loss=0.058911
VAL metrics:
  K=10: P=0.0248 R=0.2484 NDCG=0.1679 (sampled(1pos+neg))
  K=20: P=0.0153 R=0.3064 NDCG=0.1825 (sampled(1pos+neg))
Epoch 88 | loss=0.057993
VAL metrics:
  K=10: P=0.0249 R=0.2486 NDCG=0.1679 (sampled(1pos+neg))
  K=20: P=0.0153 R=0.3063 NDCG=0.1824 (sampled(1pos+neg))
Epoch 89 | loss=0.056778
VAL metrics:
  K=10: P=0.0248 R=0.2480 NDCG=0.1677 (sampled(1pos+neg))
  K=20: P=0.0153 R=0.3060 NDCG=0.1824 (sampled(1pos+neg))
Epoch 90 | loss=0.054950
VAL metrics:
  K=10: P=0.0248 R=0.2479 NDCG=0.1676 (sampled(1pos+neg))
  K=20: P=0.0153 R=0.3058 NDCG=0.1822 (sampled(1pos+neg))
Epoch 91 | loss=0.054271
VAL metrics:
  K=10: P=0.0248 R=0.2479 NDCG=0.1676 (sampled(1pos+neg))
  K=20: P=0.0153 R=0.3058 NDCG=0.1821 (sampled(1pos+neg))
Epoch 92 | loss=0.054491
VAL metrics:
  K=10: P=0.0247 R=0.2474 NDCG=0.1673 (sampled(1pos+neg))
  K=20: P=0.0153 R=0.3052 NDCG=0.1819 (sampled(1pos+neg))
Epoch 93 | loss=0.052992
VAL metrics:
  K=10: P=0.0247 R=0.2472 NDCG=0.1672 (sampled(1pos+neg))
  K=20: P=0.0152 R=0.3049 NDCG=0.1817 (sampled(1pos+neg))
Epoch 94 | loss=0.052610
VAL metrics:
  K=10: P=0.0247 R=0.2472 NDCG=0.1671 (sampled(1pos+neg))
  K=20: P=0.0152 R=0.3048 NDCG=0.1816 (sampled(1pos+neg))
Epoch 95 | loss=0.050247
VAL metrics:
  K=10: P=0.0247 R=0.2470 NDCG=0.1669 (sampled(1pos+neg))
  K=20: P=0.0152 R=0.3050 NDCG=0.1815 (sampled(1pos+neg))
Epoch 96 | loss=0.049475
VAL metrics:
  K=10: P=0.0247 R=0.2469 NDCG=0.1668 (sampled(1pos+neg))
  K=20: P=0.0153 R=0.3050 NDCG=0.1814 (sampled(1pos+neg))
Epoch 97 | loss=0.051160
VAL metrics:
  K=10: P=0.0247 R=0.2469 NDCG=0.1667 (sampled(1pos+neg))
  K=20: P=0.0153 R=0.3050 NDCG=0.1813 (sampled(1pos+neg))
Epoch 98 | loss=0.048934
VAL metrics:
  K=10: P=0.0247 R=0.2467 NDCG=0.1665 (sampled(1pos+neg))
  K=20: P=0.0152 R=0.3049 NDCG=0.1811 (sampled(1pos+neg))
Epoch 99 | loss=0.048853
VAL metrics:
  K=10: P=0.0247 R=0.2467 NDCG=0.1664 (sampled(1pos+neg))
  K=20: P=0.0152 R=0.3046 NDCG=0.1810 (sampled(1pos+neg))
Epoch 100 | loss=0.047687
VAL metrics:
  K=10: P=0.0246 R=0.2465 NDCG=0.1664 (sampled(1pos+neg))
  K=20: P=0.0152 R=0.3046 NDCG=0.1810 (sampled(1pos+neg))
Epoch 101 | loss=0.046433
VAL metrics:
  K=10: P=0.0246 R=0.2464 NDCG=0.1663 (sampled(1pos+neg))
  K=20: P=0.0152 R=0.3048 NDCG=0.1810 (sampled(1pos+neg))
Epoch 102 | loss=0.046691
VAL metrics:
  K=10: P=0.0246 R=0.2463 NDCG=0.1661 (sampled(1pos+neg))
  K=20: P=0.0152 R=0.3046 NDCG=0.1808 (sampled(1pos+neg))
Epoch 103 | loss=0.046296
VAL metrics:
  K=10: P=0.0246 R=0.2458 NDCG=0.1659 (sampled(1pos+neg))
  K=20: P=0.0152 R=0.3046 NDCG=0.1807 (sampled(1pos+neg))
Epoch 104 | loss=0.045066
VAL metrics:
  K=10: P=0.0246 R=0.2459 NDCG=0.1658 (sampled(1pos+neg))
  K=20: P=0.0152 R=0.3044 NDCG=0.1805 (sampled(1pos+neg))
Epoch 105 | loss=0.044189
VAL metrics:
  K=10: P=0.0246 R=0.2459 NDCG=0.1657 (sampled(1pos+neg))
  K=20: P=0.0152 R=0.3045 NDCG=0.1805 (sampled(1pos+neg))
Epoch 106 | loss=0.043740
VAL metrics:
  K=10: P=0.0246 R=0.2459 NDCG=0.1657 (sampled(1pos+neg))
  K=20: P=0.0153 R=0.3050 NDCG=0.1805 (sampled(1pos+neg))
Epoch 107 | loss=0.042802
VAL metrics:
  K=10: P=0.0245 R=0.2455 NDCG=0.1655 (sampled(1pos+neg))
  K=20: P=0.0153 R=0.3050 NDCG=0.1805 (sampled(1pos+neg))
Epoch 108 | loss=0.042405
VAL metrics:
  K=10: P=0.0246 R=0.2456 NDCG=0.1655 (sampled(1pos+neg))
  K=20: P=0.0152 R=0.3049 NDCG=0.1804 (sampled(1pos+neg))
Epoch 109 | loss=0.041739
VAL metrics:
  K=10: P=0.0245 R=0.2455 NDCG=0.1654 (sampled(1pos+neg))
  K=20: P=0.0152 R=0.3041 NDCG=0.1802 (sampled(1pos+neg))
Epoch 110 | loss=0.041249
VAL metrics:
  K=10: P=0.0245 R=0.2455 NDCG=0.1653 (sampled(1pos+neg))
  K=20: P=0.0152 R=0.3037 NDCG=0.1800 (sampled(1pos+neg))
Epoch 111 | loss=0.042056
VAL metrics:
  K=10: P=0.0246 R=0.2457 NDCG=0.1653 (sampled(1pos+neg))
  K=20: P=0.0152 R=0.3036 NDCG=0.1798 (sampled(1pos+neg))
Epoch 112 | loss=0.039969
VAL metrics:
  K=10: P=0.0245 R=0.2454 NDCG=0.1650 (sampled(1pos+neg))
  K=20: P=0.0152 R=0.3034 NDCG=0.1796 (sampled(1pos+neg))
Epoch 113 | loss=0.039468
VAL metrics:
  K=10: P=0.0245 R=0.2453 NDCG=0.1649 (sampled(1pos+neg))
  K=20: P=0.0151 R=0.3028 NDCG=0.1794 (sampled(1pos+neg))
Epoch 114 | loss=0.039637
VAL metrics:
  K=10: P=0.0245 R=0.2452 NDCG=0.1648 (sampled(1pos+neg))
  K=20: P=0.0151 R=0.3030 NDCG=0.1794 (sampled(1pos+neg))
Epoch 115 | loss=0.039308
VAL metrics:
  K=10: P=0.0245 R=0.2450 NDCG=0.1647 (sampled(1pos+neg))
  K=20: P=0.0151 R=0.3026 NDCG=0.1792 (sampled(1pos+neg))
Epoch 116 | loss=0.038960
VAL metrics:
  K=10: P=0.0245 R=0.2447 NDCG=0.1646 (sampled(1pos+neg))
  K=20: P=0.0151 R=0.3027 NDCG=0.1792 (sampled(1pos+neg))
Epoch 117 | loss=0.037866
VAL metrics:
  K=10: P=0.0244 R=0.2445 NDCG=0.1646 (sampled(1pos+neg))
  K=20: P=0.0151 R=0.3022 NDCG=0.1791 (sampled(1pos+neg))
Epoch 118 | loss=0.038145
VAL metrics:
  K=10: P=0.0244 R=0.2441 NDCG=0.1644 (sampled(1pos+neg))
  K=20: P=0.0151 R=0.3020 NDCG=0.1790 (sampled(1pos+neg))
Epoch 119 | loss=0.037344
VAL metrics:
  K=10: P=0.0244 R=0.2440 NDCG=0.1643 (sampled(1pos+neg))
  K=20: P=0.0151 R=0.3015 NDCG=0.1787 (sampled(1pos+neg))
Epoch 120 | loss=0.036753
VAL metrics:
  K=10: P=0.0244 R=0.2439 NDCG=0.1642 (sampled(1pos+neg))
  K=20: P=0.0151 R=0.3015 NDCG=0.1788 (sampled(1pos+neg))
Epoch 121 | loss=0.036676
VAL metrics:
  K=10: P=0.0244 R=0.2440 NDCG=0.1642 (sampled(1pos+neg))
  K=20: P=0.0151 R=0.3018 NDCG=0.1787 (sampled(1pos+neg))
Epoch 122 | loss=0.035681
VAL metrics:
  K=10: P=0.0244 R=0.2438 NDCG=0.1641 (sampled(1pos+neg))
  K=20: P=0.0151 R=0.3016 NDCG=0.1787 (sampled(1pos+neg))
Epoch 123 | loss=0.035411
VAL metrics:
  K=10: P=0.0244 R=0.2437 NDCG=0.1640 (sampled(1pos+neg))
  K=20: P=0.0151 R=0.3012 NDCG=0.1785 (sampled(1pos+neg))
Epoch 124 | loss=0.034873
VAL metrics:
  K=10: P=0.0243 R=0.2434 NDCG=0.1639 (sampled(1pos+neg))
  K=20: P=0.0151 R=0.3012 NDCG=0.1784 (sampled(1pos+neg))
Epoch 125 | loss=0.034469
VAL metrics:
  K=10: P=0.0243 R=0.2432 NDCG=0.1638 (sampled(1pos+neg))
  K=20: P=0.0151 R=0.3011 NDCG=0.1783 (sampled(1pos+neg))
Epoch 126 | loss=0.034656
VAL metrics:
  K=10: P=0.0243 R=0.2431 NDCG=0.1635 (sampled(1pos+neg))
  K=20: P=0.0150 R=0.3009 NDCG=0.1781 (sampled(1pos+neg))
Epoch 127 | loss=0.033508
VAL metrics:
  K=10: P=0.0243 R=0.2427 NDCG=0.1634 (sampled(1pos+neg))
  K=20: P=0.0150 R=0.3009 NDCG=0.1780 (sampled(1pos+neg))
Epoch 128 | loss=0.033533
VAL metrics:
  K=10: P=0.0243 R=0.2427 NDCG=0.1633 (sampled(1pos+neg))
  K=20: P=0.0150 R=0.3008 NDCG=0.1779 (sampled(1pos+neg))
Epoch 129 | loss=0.032589
VAL metrics:
  K=10: P=0.0242 R=0.2424 NDCG=0.1631 (sampled(1pos+neg))
  K=20: P=0.0150 R=0.3006 NDCG=0.1778 (sampled(1pos+neg))
Epoch 130 | loss=0.031035
VAL metrics:
  K=10: P=0.0242 R=0.2423 NDCG=0.1630 (sampled(1pos+neg))
  K=20: P=0.0150 R=0.3001 NDCG=0.1776 (sampled(1pos+neg))
Epoch 131 | loss=0.031593
VAL metrics:
  K=10: P=0.0242 R=0.2421 NDCG=0.1628 (sampled(1pos+neg))
  K=20: P=0.0150 R=0.3002 NDCG=0.1774 (sampled(1pos+neg))
Epoch 132 | loss=0.031059
VAL metrics:
  K=10: P=0.0242 R=0.2419 NDCG=0.1627 (sampled(1pos+neg))
  K=20: P=0.0150 R=0.2998 NDCG=0.1773 (sampled(1pos+neg))
Epoch 133 | loss=0.032402
VAL metrics:
  K=10: P=0.0241 R=0.2413 NDCG=0.1624 (sampled(1pos+neg))
  K=20: P=0.0150 R=0.2998 NDCG=0.1772 (sampled(1pos+neg))
Epoch 134 | loss=0.030898
VAL metrics:
  K=10: P=0.0241 R=0.2411 NDCG=0.1623 (sampled(1pos+neg))
  K=20: P=0.0150 R=0.3000 NDCG=0.1771 (sampled(1pos+neg))
Epoch 135 | loss=0.029983
VAL metrics:
  K=10: P=0.0241 R=0.2409 NDCG=0.1621 (sampled(1pos+neg))
  K=20: P=0.0150 R=0.2999 NDCG=0.1770 (sampled(1pos+neg))
Epoch 136 | loss=0.029916
VAL metrics:
  K=10: P=0.0241 R=0.2408 NDCG=0.1621 (sampled(1pos+neg))
  K=20: P=0.0150 R=0.3000 NDCG=0.1769 (sampled(1pos+neg))
Epoch 137 | loss=0.030771
VAL metrics:
  K=10: P=0.0241 R=0.2408 NDCG=0.1620 (sampled(1pos+neg))
  K=20: P=0.0150 R=0.2996 NDCG=0.1768 (sampled(1pos+neg))
Epoch 138 | loss=0.030511
VAL metrics:
  K=10: P=0.0240 R=0.2403 NDCG=0.1618 (sampled(1pos+neg))
  K=20: P=0.0150 R=0.2993 NDCG=0.1766 (sampled(1pos+neg))
Epoch 139 | loss=0.029605
VAL metrics:
  K=10: P=0.0240 R=0.2403 NDCG=0.1616 (sampled(1pos+neg))
  K=20: P=0.0150 R=0.2992 NDCG=0.1765 (sampled(1pos+neg))
Epoch 140 | loss=0.029930
VAL metrics:
  K=10: P=0.0240 R=0.2401 NDCG=0.1615 (sampled(1pos+neg))
  K=20: P=0.0150 R=0.2991 NDCG=0.1764 (sampled(1pos+neg))
Epoch 141 | loss=0.029412
VAL metrics:
  K=10: P=0.0240 R=0.2399 NDCG=0.1615 (sampled(1pos+neg))
  K=20: P=0.0149 R=0.2987 NDCG=0.1763 (sampled(1pos+neg))
Epoch 142 | loss=0.028911
VAL metrics:
  K=10: P=0.0240 R=0.2397 NDCG=0.1614 (sampled(1pos+neg))
  K=20: P=0.0149 R=0.2984 NDCG=0.1762 (sampled(1pos+neg))
Epoch 143 | loss=0.028781
VAL metrics:
  K=10: P=0.0240 R=0.2397 NDCG=0.1612 (sampled(1pos+neg))
  K=20: P=0.0149 R=0.2983 NDCG=0.1760 (sampled(1pos+neg))
Epoch 144 | loss=0.029204
VAL metrics:
  K=10: P=0.0240 R=0.2396 NDCG=0.1612 (sampled(1pos+neg))
  K=20: P=0.0149 R=0.2984 NDCG=0.1760 (sampled(1pos+neg))
Epoch 145 | loss=0.028463
VAL metrics:
  K=10: P=0.0240 R=0.2395 NDCG=0.1611 (sampled(1pos+neg))
  K=20: P=0.0149 R=0.2985 NDCG=0.1759 (sampled(1pos+neg))
Epoch 146 | loss=0.027431
VAL metrics:
  K=10: P=0.0239 R=0.2393 NDCG=0.1609 (sampled(1pos+neg))
  K=20: P=0.0149 R=0.2982 NDCG=0.1757 (sampled(1pos+neg))
Epoch 147 | loss=0.027156
VAL metrics:
  K=10: P=0.0239 R=0.2390 NDCG=0.1606 (sampled(1pos+neg))
  K=20: P=0.0149 R=0.2979 NDCG=0.1754 (sampled(1pos+neg))
Epoch 148 | loss=0.026445
VAL metrics:
  K=10: P=0.0239 R=0.2389 NDCG=0.1605 (sampled(1pos+neg))
  K=20: P=0.0149 R=0.2978 NDCG=0.1754 (sampled(1pos+neg))
Epoch 149 | loss=0.027248
VAL metrics:
  K=10: P=0.0239 R=0.2390 NDCG=0.1605 (sampled(1pos+neg))
  K=20: P=0.0149 R=0.2977 NDCG=0.1753 (sampled(1pos+neg))
Epoch 150 | loss=0.026278
VAL metrics:
  K=10: P=0.0239 R=0.2386 NDCG=0.1603 (sampled(1pos+neg))
  K=20: P=0.0149 R=0.2980 NDCG=0.1753 (sampled(1pos+neg))
Epoch 151 | loss=0.027364
VAL metrics:
  K=10: P=0.0238 R=0.2383 NDCG=0.1602 (sampled(1pos+neg))
  K=20: P=0.0149 R=0.2982 NDCG=0.1752 (sampled(1pos+neg))
Epoch 152 | loss=0.026041
VAL metrics:
  K=10: P=0.0238 R=0.2383 NDCG=0.1601 (sampled(1pos+neg))
  K=20: P=0.0149 R=0.2980 NDCG=0.1751 (sampled(1pos+neg))
Epoch 153 | loss=0.026106
VAL metrics:
  K=10: P=0.0238 R=0.2380 NDCG=0.1599 (sampled(1pos+neg))
  K=20: P=0.0149 R=0.2980 NDCG=0.1751 (sampled(1pos+neg))
Epoch 154 | loss=0.025119
VAL metrics:
  K=10: P=0.0238 R=0.2377 NDCG=0.1598 (sampled(1pos+neg))
  K=20: P=0.0149 R=0.2976 NDCG=0.1749 (sampled(1pos+neg))
Epoch 155 | loss=0.025241
VAL metrics:
  K=10: P=0.0238 R=0.2376 NDCG=0.1596 (sampled(1pos+neg))
  K=20: P=0.0149 R=0.2972 NDCG=0.1747 (sampled(1pos+neg))
Epoch 156 | loss=0.024816
VAL metrics:
  K=10: P=0.0238 R=0.2377 NDCG=0.1596 (sampled(1pos+neg))
  K=20: P=0.0149 R=0.2972 NDCG=0.1746 (sampled(1pos+neg))
Epoch 157 | loss=0.024562
VAL metrics:
  K=10: P=0.0238 R=0.2379 NDCG=0.1596 (sampled(1pos+neg))
  K=20: P=0.0149 R=0.2974 NDCG=0.1746 (sampled(1pos+neg))
Epoch 158 | loss=0.024271
VAL metrics:
  K=10: P=0.0238 R=0.2377 NDCG=0.1594 (sampled(1pos+neg))
  K=20: P=0.0149 R=0.2972 NDCG=0.1744 (sampled(1pos+neg))
Epoch 159 | loss=0.025333
VAL metrics:
  K=10: P=0.0238 R=0.2377 NDCG=0.1593 (sampled(1pos+neg))
  K=20: P=0.0148 R=0.2968 NDCG=0.1742 (sampled(1pos+neg))
Epoch 160 | loss=0.024044
VAL metrics:
  K=10: P=0.0238 R=0.2376 NDCG=0.1593 (sampled(1pos+neg))
  K=20: P=0.0148 R=0.2967 NDCG=0.1742 (sampled(1pos+neg))
Epoch 161 | loss=0.023507
VAL metrics:
  K=10: P=0.0238 R=0.2376 NDCG=0.1592 (sampled(1pos+neg))
  K=20: P=0.0148 R=0.2963 NDCG=0.1740 (sampled(1pos+neg))
Epoch 162 | loss=0.024528
VAL metrics:
  K=10: P=0.0238 R=0.2375 NDCG=0.1592 (sampled(1pos+neg))
  K=20: P=0.0148 R=0.2961 NDCG=0.1739 (sampled(1pos+neg))
Epoch 163 | loss=0.024625
VAL metrics:
  K=10: P=0.0237 R=0.2374 NDCG=0.1590 (sampled(1pos+neg))
  K=20: P=0.0148 R=0.2959 NDCG=0.1738 (sampled(1pos+neg))
Epoch 164 | loss=0.022894
VAL metrics:
  K=10: P=0.0237 R=0.2372 NDCG=0.1590 (sampled(1pos+neg))
  K=20: P=0.0148 R=0.2961 NDCG=0.1738 (sampled(1pos+neg))
Epoch 165 | loss=0.023440
VAL metrics:
  K=10: P=0.0237 R=0.2372 NDCG=0.1589 (sampled(1pos+neg))
  K=20: P=0.0148 R=0.2962 NDCG=0.1738 (sampled(1pos+neg))
Epoch 166 | loss=0.023320
VAL metrics:
  K=10: P=0.0237 R=0.2369 NDCG=0.1587 (sampled(1pos+neg))
  K=20: P=0.0148 R=0.2962 NDCG=0.1736 (sampled(1pos+neg))
Epoch 167 | loss=0.023393
VAL metrics:
  K=10: P=0.0237 R=0.2368 NDCG=0.1586 (sampled(1pos+neg))
  K=20: P=0.0148 R=0.2960 NDCG=0.1735 (sampled(1pos+neg))
Epoch 168 | loss=0.021567
VAL metrics:
  K=10: P=0.0237 R=0.2367 NDCG=0.1584 (sampled(1pos+neg))
  K=20: P=0.0148 R=0.2963 NDCG=0.1734 (sampled(1pos+neg))
Epoch 169 | loss=0.023144
VAL metrics:
  K=10: P=0.0237 R=0.2365 NDCG=0.1583 (sampled(1pos+neg))
  K=20: P=0.0148 R=0.2959 NDCG=0.1732 (sampled(1pos+neg))
Epoch 170 | loss=0.021757
VAL metrics:
  K=10: P=0.0236 R=0.2362 NDCG=0.1580 (sampled(1pos+neg))
  K=20: P=0.0148 R=0.2959 NDCG=0.1730 (sampled(1pos+neg))
Epoch 171 | loss=0.021850
VAL metrics:
  K=10: P=0.0236 R=0.2361 NDCG=0.1579 (sampled(1pos+neg))
  K=20: P=0.0148 R=0.2959 NDCG=0.1729 (sampled(1pos+neg))
Epoch 172 | loss=0.021733
VAL metrics:
  K=10: P=0.0236 R=0.2357 NDCG=0.1577 (sampled(1pos+neg))
  K=20: P=0.0148 R=0.2958 NDCG=0.1728 (sampled(1pos+neg))
Epoch 173 | loss=0.021332
VAL metrics:
  K=10: P=0.0236 R=0.2355 NDCG=0.1576 (sampled(1pos+neg))
  K=20: P=0.0148 R=0.2956 NDCG=0.1727 (sampled(1pos+neg))
Epoch 174 | loss=0.021717
VAL metrics:
  K=10: P=0.0235 R=0.2353 NDCG=0.1574 (sampled(1pos+neg))
  K=20: P=0.0148 R=0.2954 NDCG=0.1726 (sampled(1pos+neg))
Epoch 175 | loss=0.020920
VAL metrics:
  K=10: P=0.0235 R=0.2349 NDCG=0.1573 (sampled(1pos+neg))
  K=20: P=0.0148 R=0.2953 NDCG=0.1725 (sampled(1pos+neg))
Epoch 176 | loss=0.021528
VAL metrics:
  K=10: P=0.0235 R=0.2349 NDCG=0.1572 (sampled(1pos+neg))
  K=20: P=0.0148 R=0.2954 NDCG=0.1724 (sampled(1pos+neg))
Epoch 177 | loss=0.021539
VAL metrics:
  K=10: P=0.0235 R=0.2348 NDCG=0.1571 (sampled(1pos+neg))
  K=20: P=0.0148 R=0.2951 NDCG=0.1723 (sampled(1pos+neg))
Epoch 178 | loss=0.020542
VAL metrics:
  K=10: P=0.0234 R=0.2344 NDCG=0.1569 (sampled(1pos+neg))
  K=20: P=0.0148 R=0.2952 NDCG=0.1722 (sampled(1pos+neg))
Epoch 179 | loss=0.020764
VAL metrics:
  K=10: P=0.0234 R=0.2341 NDCG=0.1568 (sampled(1pos+neg))
  K=20: P=0.0148 R=0.2952 NDCG=0.1722 (sampled(1pos+neg))
Epoch 180 | loss=0.021708
VAL metrics:
  K=10: P=0.0234 R=0.2342 NDCG=0.1568 (sampled(1pos+neg))
  K=20: P=0.0147 R=0.2949 NDCG=0.1721 (sampled(1pos+neg))
Epoch 181 | loss=0.020986
VAL metrics:
  K=10: P=0.0234 R=0.2339 NDCG=0.1567 (sampled(1pos+neg))
  K=20: P=0.0147 R=0.2949 NDCG=0.1720 (sampled(1pos+neg))
Epoch 182 | loss=0.019985
VAL metrics:
  K=10: P=0.0233 R=0.2335 NDCG=0.1565 (sampled(1pos+neg))
  K=20: P=0.0147 R=0.2949 NDCG=0.1719 (sampled(1pos+neg))
Epoch 183 | loss=0.019974
VAL metrics:
  K=10: P=0.0233 R=0.2330 NDCG=0.1563 (sampled(1pos+neg))
  K=20: P=0.0147 R=0.2950 NDCG=0.1719 (sampled(1pos+neg))
Epoch 184 | loss=0.019717
VAL metrics:
  K=10: P=0.0233 R=0.2331 NDCG=0.1562 (sampled(1pos+neg))
  K=20: P=0.0147 R=0.2949 NDCG=0.1718 (sampled(1pos+neg))
Epoch 185 | loss=0.019549
VAL metrics:
  K=10: P=0.0233 R=0.2331 NDCG=0.1562 (sampled(1pos+neg))
  K=20: P=0.0147 R=0.2946 NDCG=0.1716 (sampled(1pos+neg))
Epoch 186 | loss=0.020187
VAL metrics:
  K=10: P=0.0233 R=0.2329 NDCG=0.1561 (sampled(1pos+neg))
  K=20: P=0.0147 R=0.2940 NDCG=0.1715 (sampled(1pos+neg))
Epoch 187 | loss=0.018973
VAL metrics:
  K=10: P=0.0233 R=0.2330 NDCG=0.1560 (sampled(1pos+neg))
  K=20: P=0.0147 R=0.2938 NDCG=0.1713 (sampled(1pos+neg))
Epoch 188 | loss=0.019000
VAL metrics:
  K=10: P=0.0233 R=0.2333 NDCG=0.1560 (sampled(1pos+neg))
  K=20: P=0.0147 R=0.2939 NDCG=0.1712 (sampled(1pos+neg))
Epoch 189 | loss=0.019321
VAL metrics:
  K=10: P=0.0233 R=0.2335 NDCG=0.1559 (sampled(1pos+neg))
  K=20: P=0.0147 R=0.2940 NDCG=0.1711 (sampled(1pos+neg))
Epoch 190 | loss=0.018674
VAL metrics:
  K=10: P=0.0233 R=0.2331 NDCG=0.1557 (sampled(1pos+neg))
  K=20: P=0.0147 R=0.2936 NDCG=0.1710 (sampled(1pos+neg))
Epoch 191 | loss=0.019403
VAL metrics:
  K=10: P=0.0233 R=0.2330 NDCG=0.1557 (sampled(1pos+neg))
  K=20: P=0.0147 R=0.2937 NDCG=0.1710 (sampled(1pos+neg))
Epoch 192 | loss=0.018012
VAL metrics:
  K=10: P=0.0233 R=0.2327 NDCG=0.1556 (sampled(1pos+neg))
  K=20: P=0.0147 R=0.2934 NDCG=0.1708 (sampled(1pos+neg))
Epoch 193 | loss=0.019059
VAL metrics:
  K=10: P=0.0233 R=0.2326 NDCG=0.1554 (sampled(1pos+neg))
  K=20: P=0.0147 R=0.2933 NDCG=0.1707 (sampled(1pos+neg))
Epoch 194 | loss=0.018993
VAL metrics:
  K=10: P=0.0233 R=0.2328 NDCG=0.1554 (sampled(1pos+neg))
  K=20: P=0.0146 R=0.2930 NDCG=0.1706 (sampled(1pos+neg))
Epoch 195 | loss=0.018318
VAL metrics:
  K=10: P=0.0233 R=0.2328 NDCG=0.1554 (sampled(1pos+neg))
  K=20: P=0.0146 R=0.2926 NDCG=0.1704 (sampled(1pos+neg))
Epoch 196 | loss=0.017882
VAL metrics:
  K=10: P=0.0232 R=0.2325 NDCG=0.1551 (sampled(1pos+neg))
  K=20: P=0.0146 R=0.2924 NDCG=0.1702 (sampled(1pos+neg))
Epoch 197 | loss=0.019968
VAL metrics:
  K=10: P=0.0232 R=0.2323 NDCG=0.1550 (sampled(1pos+neg))
  K=20: P=0.0146 R=0.2923 NDCG=0.1700 (sampled(1pos+neg))
Epoch 198 | loss=0.017787
VAL metrics:
  K=10: P=0.0232 R=0.2321 NDCG=0.1547 (sampled(1pos+neg))
  K=20: P=0.0146 R=0.2922 NDCG=0.1699 (sampled(1pos+neg))
Epoch 199 | loss=0.018280
VAL metrics:
  K=10: P=0.0232 R=0.2321 NDCG=0.1547 (sampled(1pos+neg))
  K=20: P=0.0146 R=0.2921 NDCG=0.1698 (sampled(1pos+neg))
Epoch 200 | loss=0.016712
VAL metrics:
  K=10: P=0.0232 R=0.2317 NDCG=0.1545 (sampled(1pos+neg))
  K=20: P=0.0146 R=0.2923 NDCG=0.1698 (sampled(1pos+neg))

TEST metrics:
  K=10: P=0.0254 R=0.2540 NDCG=0.1722 (sampled(1pos+neg))
  K=20: P=0.0155 R=0.3099 NDCG=0.1862 (sampled(1pos+neg))
