Graph files exist. Skipping construction.
Loaded edges. Users=58,867 Items=261,728 Train=370,745 Val=46,461 Test=46,508
Using device: cuda
[CRED] Cred CSV not found: /home/dsai-st125024/project/Beyond-Binary-Fake-User-Detection-A-Credibility-Aware-Graph-based-Recommender-System/dataset/graph_pyg_parent_asin/credibility_scores_minmax.csv -> using all ones.
[NEG-E] item_deg percentiles: p10=0 p50=1 p90=2 p99=10 max=1965
[NEG-E] mix_pop=0.7 gamma=0.75
Epoch 01 | loss=0.692831
VAL metrics:
  K=10: P=0.0137 R=0.1371 NDCG=0.0717 (sampled(1pos+neg))
  K=20: P=0.0110 R=0.2202 NDCG=0.0925 (sampled(1pos+neg))
  ✅ Saved best model to /home/dsai-st125024/project/Beyond-Binary-Fake-User-Detection-A-Credibility-Aware-Graph-based-Recommender-System/dataset/lightgcn_pipeline_cu_message_parent/model/best_model.pt (val Recall@20=0.2202)
Epoch 02 | loss=0.691728
VAL metrics:
  K=10: P=0.0194 R=0.1940 NDCG=0.1145 (sampled(1pos+neg))
  K=20: P=0.0137 R=0.2739 NDCG=0.1346 (sampled(1pos+neg))
  ✅ Saved best model to /home/dsai-st125024/project/Beyond-Binary-Fake-User-Detection-A-Credibility-Aware-Graph-based-Recommender-System/dataset/lightgcn_pipeline_cu_message_parent/model/best_model.pt (val Recall@20=0.2739)
Epoch 03 | loss=0.689104
VAL metrics:
  K=10: P=0.0234 R=0.2340 NDCG=0.1474 (sampled(1pos+neg))
  K=20: P=0.0155 R=0.3093 NDCG=0.1663 (sampled(1pos+neg))
  ✅ Saved best model to /home/dsai-st125024/project/Beyond-Binary-Fake-User-Detection-A-Credibility-Aware-Graph-based-Recommender-System/dataset/lightgcn_pipeline_cu_message_parent/model/best_model.pt (val Recall@20=0.3093)
Epoch 04 | loss=0.685001
VAL metrics:
  K=10: P=0.0254 R=0.2537 NDCG=0.1644 (sampled(1pos+neg))
  K=20: P=0.0163 R=0.3257 NDCG=0.1825 (sampled(1pos+neg))
  ✅ Saved best model to /home/dsai-st125024/project/Beyond-Binary-Fake-User-Detection-A-Credibility-Aware-Graph-based-Recommender-System/dataset/lightgcn_pipeline_cu_message_parent/model/best_model.pt (val Recall@20=0.3257)
Epoch 05 | loss=0.679387
VAL metrics:
  K=10: P=0.0265 R=0.2647 NDCG=0.1749 (sampled(1pos+neg))
  K=20: P=0.0167 R=0.3337 NDCG=0.1923 (sampled(1pos+neg))
  ✅ Saved best model to /home/dsai-st125024/project/Beyond-Binary-Fake-User-Detection-A-Credibility-Aware-Graph-based-Recommender-System/dataset/lightgcn_pipeline_cu_message_parent/model/best_model.pt (val Recall@20=0.3337)
Epoch 06 | loss=0.672715
VAL metrics:
  K=10: P=0.0272 R=0.2718 NDCG=0.1815 (sampled(1pos+neg))
  K=20: P=0.0169 R=0.3386 NDCG=0.1983 (sampled(1pos+neg))
  ✅ Saved best model to /home/dsai-st125024/project/Beyond-Binary-Fake-User-Detection-A-Credibility-Aware-Graph-based-Recommender-System/dataset/lightgcn_pipeline_cu_message_parent/model/best_model.pt (val Recall@20=0.3386)
Epoch 07 | loss=0.665147
VAL metrics:
  K=10: P=0.0276 R=0.2757 NDCG=0.1848 (sampled(1pos+neg))
  K=20: P=0.0171 R=0.3421 NDCG=0.2015 (sampled(1pos+neg))
  ✅ Saved best model to /home/dsai-st125024/project/Beyond-Binary-Fake-User-Detection-A-Credibility-Aware-Graph-based-Recommender-System/dataset/lightgcn_pipeline_cu_message_parent/model/best_model.pt (val Recall@20=0.3421)
Epoch 08 | loss=0.656985
VAL metrics:
  K=10: P=0.0278 R=0.2778 NDCG=0.1872 (sampled(1pos+neg))
  K=20: P=0.0172 R=0.3447 NDCG=0.2040 (sampled(1pos+neg))
  ✅ Saved best model to /home/dsai-st125024/project/Beyond-Binary-Fake-User-Detection-A-Credibility-Aware-Graph-based-Recommender-System/dataset/lightgcn_pipeline_cu_message_parent/model/best_model.pt (val Recall@20=0.3447)
Epoch 09 | loss=0.647309
VAL metrics:
  K=10: P=0.0281 R=0.2807 NDCG=0.1894 (sampled(1pos+neg))
  K=20: P=0.0173 R=0.3467 NDCG=0.2060 (sampled(1pos+neg))
  ✅ Saved best model to /home/dsai-st125024/project/Beyond-Binary-Fake-User-Detection-A-Credibility-Aware-Graph-based-Recommender-System/dataset/lightgcn_pipeline_cu_message_parent/model/best_model.pt (val Recall@20=0.3467)
Epoch 10 | loss=0.636976
VAL metrics:
  K=10: P=0.0283 R=0.2830 NDCG=0.1913 (sampled(1pos+neg))
  K=20: P=0.0173 R=0.3460 NDCG=0.2072 (sampled(1pos+neg))
Epoch 11 | loss=0.624885
VAL metrics:
  K=10: P=0.0284 R=0.2839 NDCG=0.1922 (sampled(1pos+neg))
  K=20: P=0.0173 R=0.3468 NDCG=0.2080 (sampled(1pos+neg))
  ✅ Saved best model to /home/dsai-st125024/project/Beyond-Binary-Fake-User-Detection-A-Credibility-Aware-Graph-based-Recommender-System/dataset/lightgcn_pipeline_cu_message_parent/model/best_model.pt (val Recall@20=0.3468)
Epoch 12 | loss=0.613026
VAL metrics:
  K=10: P=0.0285 R=0.2848 NDCG=0.1928 (sampled(1pos+neg))
  K=20: P=0.0174 R=0.3478 NDCG=0.2086 (sampled(1pos+neg))
  ✅ Saved best model to /home/dsai-st125024/project/Beyond-Binary-Fake-User-Detection-A-Credibility-Aware-Graph-based-Recommender-System/dataset/lightgcn_pipeline_cu_message_parent/model/best_model.pt (val Recall@20=0.3478)
Epoch 13 | loss=0.599453
VAL metrics:
  K=10: P=0.0285 R=0.2848 NDCG=0.1932 (sampled(1pos+neg))
  K=20: P=0.0174 R=0.3477 NDCG=0.2091 (sampled(1pos+neg))
Epoch 14 | loss=0.585196
VAL metrics:
  K=10: P=0.0285 R=0.2853 NDCG=0.1938 (sampled(1pos+neg))
  K=20: P=0.0174 R=0.3472 NDCG=0.2094 (sampled(1pos+neg))
Epoch 15 | loss=0.572126
VAL metrics:
  K=10: P=0.0286 R=0.2856 NDCG=0.1940 (sampled(1pos+neg))
  K=20: P=0.0174 R=0.3472 NDCG=0.2095 (sampled(1pos+neg))
Epoch 16 | loss=0.558891
VAL metrics:
  K=10: P=0.0286 R=0.2857 NDCG=0.1942 (sampled(1pos+neg))
  K=20: P=0.0174 R=0.3471 NDCG=0.2096 (sampled(1pos+neg))
Epoch 17 | loss=0.544332
VAL metrics:
  K=10: P=0.0286 R=0.2865 NDCG=0.1944 (sampled(1pos+neg))
  K=20: P=0.0173 R=0.3467 NDCG=0.2095 (sampled(1pos+neg))
Epoch 18 | loss=0.529587
VAL metrics:
  K=10: P=0.0286 R=0.2856 NDCG=0.1942 (sampled(1pos+neg))
  K=20: P=0.0173 R=0.3466 NDCG=0.2095 (sampled(1pos+neg))
Epoch 19 | loss=0.517649
VAL metrics:
  K=10: P=0.0286 R=0.2858 NDCG=0.1942 (sampled(1pos+neg))
  K=20: P=0.0173 R=0.3463 NDCG=0.2093 (sampled(1pos+neg))
Epoch 20 | loss=0.503904
VAL metrics:
  K=10: P=0.0285 R=0.2853 NDCG=0.1940 (sampled(1pos+neg))
  K=20: P=0.0172 R=0.3449 NDCG=0.2090 (sampled(1pos+neg))
Epoch 21 | loss=0.491283
VAL metrics:
  K=10: P=0.0285 R=0.2846 NDCG=0.1938 (sampled(1pos+neg))
  K=20: P=0.0172 R=0.3440 NDCG=0.2087 (sampled(1pos+neg))
Epoch 22 | loss=0.477655
VAL metrics:
  K=10: P=0.0284 R=0.2841 NDCG=0.1934 (sampled(1pos+neg))
  K=20: P=0.0172 R=0.3436 NDCG=0.2084 (sampled(1pos+neg))
Epoch 23 | loss=0.464719
VAL metrics:
  K=10: P=0.0284 R=0.2842 NDCG=0.1933 (sampled(1pos+neg))
  K=20: P=0.0172 R=0.3436 NDCG=0.2082 (sampled(1pos+neg))
Epoch 24 | loss=0.453390
VAL metrics:
  K=10: P=0.0284 R=0.2838 NDCG=0.1931 (sampled(1pos+neg))
  K=20: P=0.0171 R=0.3430 NDCG=0.2080 (sampled(1pos+neg))
Epoch 25 | loss=0.441024
VAL metrics:
  K=10: P=0.0284 R=0.2837 NDCG=0.1930 (sampled(1pos+neg))
  K=20: P=0.0171 R=0.3426 NDCG=0.2078 (sampled(1pos+neg))
Epoch 26 | loss=0.429501
VAL metrics:
  K=10: P=0.0284 R=0.2835 NDCG=0.1929 (sampled(1pos+neg))
  K=20: P=0.0171 R=0.3426 NDCG=0.2077 (sampled(1pos+neg))
Epoch 27 | loss=0.418846
VAL metrics:
  K=10: P=0.0283 R=0.2835 NDCG=0.1926 (sampled(1pos+neg))
  K=20: P=0.0171 R=0.3419 NDCG=0.2073 (sampled(1pos+neg))
Epoch 28 | loss=0.410435
VAL metrics:
  K=10: P=0.0283 R=0.2826 NDCG=0.1924 (sampled(1pos+neg))
  K=20: P=0.0171 R=0.3418 NDCG=0.2072 (sampled(1pos+neg))
Epoch 29 | loss=0.401280
VAL metrics:
  K=10: P=0.0283 R=0.2827 NDCG=0.1922 (sampled(1pos+neg))
  K=20: P=0.0170 R=0.3408 NDCG=0.2068 (sampled(1pos+neg))
Epoch 30 | loss=0.388435
VAL metrics:
  K=10: P=0.0282 R=0.2824 NDCG=0.1918 (sampled(1pos+neg))
  K=20: P=0.0170 R=0.3399 NDCG=0.2063 (sampled(1pos+neg))
Epoch 31 | loss=0.379942
VAL metrics:
  K=10: P=0.0282 R=0.2821 NDCG=0.1916 (sampled(1pos+neg))
  K=20: P=0.0170 R=0.3400 NDCG=0.2061 (sampled(1pos+neg))
Epoch 32 | loss=0.372827
VAL metrics:
  K=10: P=0.0282 R=0.2817 NDCG=0.1912 (sampled(1pos+neg))
  K=20: P=0.0170 R=0.3391 NDCG=0.2056 (sampled(1pos+neg))
Epoch 33 | loss=0.364102
VAL metrics:
  K=10: P=0.0281 R=0.2812 NDCG=0.1912 (sampled(1pos+neg))
  K=20: P=0.0169 R=0.3385 NDCG=0.2056 (sampled(1pos+neg))
Epoch 34 | loss=0.356359
VAL metrics:
  K=10: P=0.0281 R=0.2808 NDCG=0.1909 (sampled(1pos+neg))
  K=20: P=0.0169 R=0.3381 NDCG=0.2052 (sampled(1pos+neg))
Epoch 35 | loss=0.347071
VAL metrics:
  K=10: P=0.0280 R=0.2804 NDCG=0.1907 (sampled(1pos+neg))
  K=20: P=0.0169 R=0.3372 NDCG=0.2050 (sampled(1pos+neg))
Epoch 36 | loss=0.338050
VAL metrics:
  K=10: P=0.0280 R=0.2799 NDCG=0.1905 (sampled(1pos+neg))
  K=20: P=0.0169 R=0.3370 NDCG=0.2049 (sampled(1pos+neg))
Epoch 37 | loss=0.332640
VAL metrics:
  K=10: P=0.0280 R=0.2797 NDCG=0.1902 (sampled(1pos+neg))
  K=20: P=0.0168 R=0.3367 NDCG=0.2045 (sampled(1pos+neg))
Epoch 38 | loss=0.323654
VAL metrics:
  K=10: P=0.0279 R=0.2795 NDCG=0.1900 (sampled(1pos+neg))
  K=20: P=0.0168 R=0.3366 NDCG=0.2043 (sampled(1pos+neg))
Epoch 39 | loss=0.320047
VAL metrics:
  K=10: P=0.0279 R=0.2790 NDCG=0.1896 (sampled(1pos+neg))
  K=20: P=0.0168 R=0.3361 NDCG=0.2039 (sampled(1pos+neg))
Epoch 40 | loss=0.310835
VAL metrics:
  K=10: P=0.0279 R=0.2789 NDCG=0.1895 (sampled(1pos+neg))
  K=20: P=0.0168 R=0.3353 NDCG=0.2036 (sampled(1pos+neg))
Epoch 41 | loss=0.307104
VAL metrics:
  K=10: P=0.0278 R=0.2783 NDCG=0.1890 (sampled(1pos+neg))
  K=20: P=0.0168 R=0.3350 NDCG=0.2033 (sampled(1pos+neg))
Epoch 42 | loss=0.298519
VAL metrics:
  K=10: P=0.0278 R=0.2779 NDCG=0.1888 (sampled(1pos+neg))
  K=20: P=0.0167 R=0.3347 NDCG=0.2030 (sampled(1pos+neg))
Epoch 43 | loss=0.293295
VAL metrics:
  K=10: P=0.0277 R=0.2775 NDCG=0.1885 (sampled(1pos+neg))
  K=20: P=0.0167 R=0.3343 NDCG=0.2028 (sampled(1pos+neg))
Epoch 44 | loss=0.290567
VAL metrics:
  K=10: P=0.0277 R=0.2768 NDCG=0.1882 (sampled(1pos+neg))
  K=20: P=0.0167 R=0.3335 NDCG=0.2024 (sampled(1pos+neg))
Epoch 45 | loss=0.284793
VAL metrics:
  K=10: P=0.0277 R=0.2766 NDCG=0.1880 (sampled(1pos+neg))
  K=20: P=0.0167 R=0.3332 NDCG=0.2022 (sampled(1pos+neg))
Epoch 46 | loss=0.280403
VAL metrics:
  K=10: P=0.0276 R=0.2765 NDCG=0.1878 (sampled(1pos+neg))
  K=20: P=0.0167 R=0.3330 NDCG=0.2020 (sampled(1pos+neg))
Epoch 47 | loss=0.275844
VAL metrics:
  K=10: P=0.0276 R=0.2763 NDCG=0.1876 (sampled(1pos+neg))
  K=20: P=0.0166 R=0.3319 NDCG=0.2016 (sampled(1pos+neg))
Epoch 48 | loss=0.269600
VAL metrics:
  K=10: P=0.0277 R=0.2765 NDCG=0.1876 (sampled(1pos+neg))
  K=20: P=0.0166 R=0.3317 NDCG=0.2014 (sampled(1pos+neg))
Epoch 49 | loss=0.265515
VAL metrics:
  K=10: P=0.0276 R=0.2763 NDCG=0.1873 (sampled(1pos+neg))
  K=20: P=0.0166 R=0.3311 NDCG=0.2011 (sampled(1pos+neg))
Epoch 50 | loss=0.259029
VAL metrics:
  K=10: P=0.0276 R=0.2763 NDCG=0.1871 (sampled(1pos+neg))
  K=20: P=0.0165 R=0.3308 NDCG=0.2009 (sampled(1pos+neg))
Epoch 51 | loss=0.256314
VAL metrics:
  K=10: P=0.0276 R=0.2759 NDCG=0.1868 (sampled(1pos+neg))
  K=20: P=0.0165 R=0.3304 NDCG=0.2005 (sampled(1pos+neg))
Epoch 52 | loss=0.249966
VAL metrics:
  K=10: P=0.0275 R=0.2754 NDCG=0.1863 (sampled(1pos+neg))
  K=20: P=0.0165 R=0.3305 NDCG=0.2002 (sampled(1pos+neg))
Epoch 53 | loss=0.245609
VAL metrics:
  K=10: P=0.0275 R=0.2746 NDCG=0.1858 (sampled(1pos+neg))
  K=20: P=0.0165 R=0.3300 NDCG=0.1998 (sampled(1pos+neg))
Epoch 54 | loss=0.242310
VAL metrics:
  K=10: P=0.0274 R=0.2741 NDCG=0.1854 (sampled(1pos+neg))
  K=20: P=0.0165 R=0.3298 NDCG=0.1995 (sampled(1pos+neg))
Epoch 55 | loss=0.239512
VAL metrics:
  K=10: P=0.0274 R=0.2739 NDCG=0.1851 (sampled(1pos+neg))
  K=20: P=0.0165 R=0.3300 NDCG=0.1992 (sampled(1pos+neg))
Epoch 56 | loss=0.238342
VAL metrics:
  K=10: P=0.0273 R=0.2731 NDCG=0.1848 (sampled(1pos+neg))
  K=20: P=0.0165 R=0.3296 NDCG=0.1990 (sampled(1pos+neg))
Epoch 57 | loss=0.231231
VAL metrics:
  K=10: P=0.0272 R=0.2724 NDCG=0.1845 (sampled(1pos+neg))
  K=20: P=0.0165 R=0.3295 NDCG=0.1989 (sampled(1pos+neg))
Epoch 58 | loss=0.229379
VAL metrics:
  K=10: P=0.0272 R=0.2717 NDCG=0.1842 (sampled(1pos+neg))
  K=20: P=0.0164 R=0.3289 NDCG=0.1987 (sampled(1pos+neg))
Epoch 59 | loss=0.221807
VAL metrics:
  K=10: P=0.0272 R=0.2717 NDCG=0.1841 (sampled(1pos+neg))
  K=20: P=0.0164 R=0.3282 NDCG=0.1983 (sampled(1pos+neg))
Epoch 60 | loss=0.218598
VAL metrics:
  K=10: P=0.0272 R=0.2716 NDCG=0.1838 (sampled(1pos+neg))
  K=20: P=0.0164 R=0.3278 NDCG=0.1980 (sampled(1pos+neg))
Epoch 61 | loss=0.219936
VAL metrics:
  K=10: P=0.0272 R=0.2716 NDCG=0.1837 (sampled(1pos+neg))
  K=20: P=0.0164 R=0.3275 NDCG=0.1978 (sampled(1pos+neg))
Epoch 62 | loss=0.214683
VAL metrics:
  K=10: P=0.0271 R=0.2711 NDCG=0.1833 (sampled(1pos+neg))
  K=20: P=0.0164 R=0.3270 NDCG=0.1974 (sampled(1pos+neg))
Epoch 63 | loss=0.210483
VAL metrics:
  K=10: P=0.0271 R=0.2706 NDCG=0.1830 (sampled(1pos+neg))
  K=20: P=0.0164 R=0.3274 NDCG=0.1972 (sampled(1pos+neg))
Epoch 64 | loss=0.207103
VAL metrics:
  K=10: P=0.0270 R=0.2702 NDCG=0.1825 (sampled(1pos+neg))
  K=20: P=0.0163 R=0.3268 NDCG=0.1968 (sampled(1pos+neg))
Epoch 65 | loss=0.202089
VAL metrics:
  K=10: P=0.0270 R=0.2699 NDCG=0.1822 (sampled(1pos+neg))
  K=20: P=0.0163 R=0.3268 NDCG=0.1965 (sampled(1pos+neg))
Epoch 66 | loss=0.203180
VAL metrics:
  K=10: P=0.0270 R=0.2696 NDCG=0.1818 (sampled(1pos+neg))
  K=20: P=0.0163 R=0.3266 NDCG=0.1962 (sampled(1pos+neg))
Epoch 67 | loss=0.198624
VAL metrics:
  K=10: P=0.0269 R=0.2693 NDCG=0.1816 (sampled(1pos+neg))
  K=20: P=0.0163 R=0.3264 NDCG=0.1959 (sampled(1pos+neg))
Epoch 68 | loss=0.198180
VAL metrics:
  K=10: P=0.0269 R=0.2692 NDCG=0.1813 (sampled(1pos+neg))
  K=20: P=0.0163 R=0.3260 NDCG=0.1956 (sampled(1pos+neg))
Epoch 69 | loss=0.193931
VAL metrics:
  K=10: P=0.0269 R=0.2686 NDCG=0.1808 (sampled(1pos+neg))
  K=20: P=0.0163 R=0.3257 NDCG=0.1952 (sampled(1pos+neg))
Epoch 70 | loss=0.189423
VAL metrics:
  K=10: P=0.0269 R=0.2686 NDCG=0.1807 (sampled(1pos+neg))
  K=20: P=0.0163 R=0.3254 NDCG=0.1950 (sampled(1pos+neg))
Epoch 71 | loss=0.189167
VAL metrics:
  K=10: P=0.0268 R=0.2678 NDCG=0.1802 (sampled(1pos+neg))
  K=20: P=0.0162 R=0.3247 NDCG=0.1945 (sampled(1pos+neg))
Epoch 72 | loss=0.183502
VAL metrics:
  K=10: P=0.0267 R=0.2672 NDCG=0.1798 (sampled(1pos+neg))
  K=20: P=0.0162 R=0.3244 NDCG=0.1942 (sampled(1pos+neg))
Epoch 73 | loss=0.182634
VAL metrics:
  K=10: P=0.0267 R=0.2674 NDCG=0.1797 (sampled(1pos+neg))
  K=20: P=0.0162 R=0.3240 NDCG=0.1940 (sampled(1pos+neg))
Epoch 74 | loss=0.182118
VAL metrics:
  K=10: P=0.0267 R=0.2669 NDCG=0.1793 (sampled(1pos+neg))
  K=20: P=0.0162 R=0.3232 NDCG=0.1935 (sampled(1pos+neg))
Epoch 75 | loss=0.181978
VAL metrics:
  K=10: P=0.0267 R=0.2665 NDCG=0.1791 (sampled(1pos+neg))
  K=20: P=0.0161 R=0.3229 NDCG=0.1933 (sampled(1pos+neg))
Epoch 76 | loss=0.174546
VAL metrics:
  K=10: P=0.0266 R=0.2662 NDCG=0.1789 (sampled(1pos+neg))
  K=20: P=0.0161 R=0.3225 NDCG=0.1931 (sampled(1pos+neg))
Epoch 77 | loss=0.174165
VAL metrics:
  K=10: P=0.0266 R=0.2656 NDCG=0.1787 (sampled(1pos+neg))
  K=20: P=0.0161 R=0.3222 NDCG=0.1929 (sampled(1pos+neg))
Epoch 78 | loss=0.172808
VAL metrics:
  K=10: P=0.0266 R=0.2656 NDCG=0.1787 (sampled(1pos+neg))
  K=20: P=0.0161 R=0.3223 NDCG=0.1929 (sampled(1pos+neg))
Epoch 79 | loss=0.169628
VAL metrics:
  K=10: P=0.0265 R=0.2655 NDCG=0.1784 (sampled(1pos+neg))
  K=20: P=0.0161 R=0.3221 NDCG=0.1927 (sampled(1pos+neg))
Epoch 80 | loss=0.167624
VAL metrics:
  K=10: P=0.0265 R=0.2651 NDCG=0.1780 (sampled(1pos+neg))
  K=20: P=0.0161 R=0.3218 NDCG=0.1923 (sampled(1pos+neg))
Epoch 81 | loss=0.165404
VAL metrics:
  K=10: P=0.0265 R=0.2648 NDCG=0.1778 (sampled(1pos+neg))
  K=20: P=0.0161 R=0.3219 NDCG=0.1921 (sampled(1pos+neg))
Epoch 82 | loss=0.164877
VAL metrics:
  K=10: P=0.0265 R=0.2647 NDCG=0.1775 (sampled(1pos+neg))
  K=20: P=0.0161 R=0.3218 NDCG=0.1919 (sampled(1pos+neg))
Epoch 83 | loss=0.160785
VAL metrics:
  K=10: P=0.0264 R=0.2640 NDCG=0.1771 (sampled(1pos+neg))
  K=20: P=0.0161 R=0.3213 NDCG=0.1915 (sampled(1pos+neg))
Epoch 84 | loss=0.159543
VAL metrics:
  K=10: P=0.0264 R=0.2639 NDCG=0.1770 (sampled(1pos+neg))
  K=20: P=0.0161 R=0.3211 NDCG=0.1914 (sampled(1pos+neg))
Epoch 85 | loss=0.154508
VAL metrics:
  K=10: P=0.0264 R=0.2638 NDCG=0.1768 (sampled(1pos+neg))
  K=20: P=0.0160 R=0.3209 NDCG=0.1911 (sampled(1pos+neg))
Epoch 86 | loss=0.157381
VAL metrics:
  K=10: P=0.0263 R=0.2632 NDCG=0.1762 (sampled(1pos+neg))
  K=20: P=0.0160 R=0.3206 NDCG=0.1906 (sampled(1pos+neg))
Epoch 87 | loss=0.153425
VAL metrics:
  K=10: P=0.0263 R=0.2626 NDCG=0.1757 (sampled(1pos+neg))
  K=20: P=0.0160 R=0.3200 NDCG=0.1902 (sampled(1pos+neg))
Epoch 88 | loss=0.152523
VAL metrics:
  K=10: P=0.0263 R=0.2625 NDCG=0.1755 (sampled(1pos+neg))
  K=20: P=0.0160 R=0.3203 NDCG=0.1900 (sampled(1pos+neg))
Epoch 89 | loss=0.150852
VAL metrics:
  K=10: P=0.0262 R=0.2623 NDCG=0.1752 (sampled(1pos+neg))
  K=20: P=0.0160 R=0.3199 NDCG=0.1897 (sampled(1pos+neg))
Epoch 90 | loss=0.149352
VAL metrics:
  K=10: P=0.0262 R=0.2616 NDCG=0.1749 (sampled(1pos+neg))
  K=20: P=0.0160 R=0.3200 NDCG=0.1896 (sampled(1pos+neg))
Epoch 91 | loss=0.146850
VAL metrics:
  K=10: P=0.0261 R=0.2607 NDCG=0.1744 (sampled(1pos+neg))
  K=20: P=0.0160 R=0.3193 NDCG=0.1892 (sampled(1pos+neg))
Epoch 92 | loss=0.144942
VAL metrics:
  K=10: P=0.0260 R=0.2605 NDCG=0.1742 (sampled(1pos+neg))
  K=20: P=0.0160 R=0.3192 NDCG=0.1890 (sampled(1pos+neg))
Epoch 93 | loss=0.144549
VAL metrics:
  K=10: P=0.0261 R=0.2606 NDCG=0.1740 (sampled(1pos+neg))
  K=20: P=0.0159 R=0.3188 NDCG=0.1887 (sampled(1pos+neg))
Epoch 94 | loss=0.143001
VAL metrics:
  K=10: P=0.0260 R=0.2601 NDCG=0.1736 (sampled(1pos+neg))
  K=20: P=0.0159 R=0.3183 NDCG=0.1883 (sampled(1pos+neg))
Epoch 95 | loss=0.142394
VAL metrics:
  K=10: P=0.0260 R=0.2598 NDCG=0.1734 (sampled(1pos+neg))
  K=20: P=0.0159 R=0.3183 NDCG=0.1881 (sampled(1pos+neg))
Epoch 96 | loss=0.137070
VAL metrics:
  K=10: P=0.0259 R=0.2595 NDCG=0.1732 (sampled(1pos+neg))
  K=20: P=0.0159 R=0.3182 NDCG=0.1880 (sampled(1pos+neg))
Epoch 97 | loss=0.137770
VAL metrics:
  K=10: P=0.0260 R=0.2595 NDCG=0.1730 (sampled(1pos+neg))
  K=20: P=0.0159 R=0.3180 NDCG=0.1877 (sampled(1pos+neg))
Epoch 98 | loss=0.135441
VAL metrics:
  K=10: P=0.0259 R=0.2588 NDCG=0.1727 (sampled(1pos+neg))
  K=20: P=0.0159 R=0.3174 NDCG=0.1875 (sampled(1pos+neg))
Epoch 99 | loss=0.133773
VAL metrics:
  K=10: P=0.0258 R=0.2582 NDCG=0.1723 (sampled(1pos+neg))
  K=20: P=0.0159 R=0.3172 NDCG=0.1872 (sampled(1pos+neg))
Epoch 100 | loss=0.133666
VAL metrics:
  K=10: P=0.0258 R=0.2582 NDCG=0.1722 (sampled(1pos+neg))
  K=20: P=0.0158 R=0.3166 NDCG=0.1869 (sampled(1pos+neg))
Epoch 101 | loss=0.131814
VAL metrics:
  K=10: P=0.0258 R=0.2578 NDCG=0.1718 (sampled(1pos+neg))
  K=20: P=0.0158 R=0.3161 NDCG=0.1865 (sampled(1pos+neg))
Epoch 102 | loss=0.130605
VAL metrics:
  K=10: P=0.0257 R=0.2575 NDCG=0.1715 (sampled(1pos+neg))
  K=20: P=0.0158 R=0.3162 NDCG=0.1864 (sampled(1pos+neg))
Epoch 103 | loss=0.129568
VAL metrics:
  K=10: P=0.0257 R=0.2571 NDCG=0.1713 (sampled(1pos+neg))
  K=20: P=0.0158 R=0.3158 NDCG=0.1861 (sampled(1pos+neg))
Epoch 104 | loss=0.126203
VAL metrics:
  K=10: P=0.0257 R=0.2571 NDCG=0.1712 (sampled(1pos+neg))
  K=20: P=0.0158 R=0.3154 NDCG=0.1859 (sampled(1pos+neg))
Epoch 105 | loss=0.126574
VAL metrics:
  K=10: P=0.0257 R=0.2565 NDCG=0.1708 (sampled(1pos+neg))
  K=20: P=0.0157 R=0.3148 NDCG=0.1855 (sampled(1pos+neg))
Epoch 106 | loss=0.124444
VAL metrics:
  K=10: P=0.0256 R=0.2560 NDCG=0.1705 (sampled(1pos+neg))
  K=20: P=0.0157 R=0.3147 NDCG=0.1853 (sampled(1pos+neg))
Epoch 107 | loss=0.120430
VAL metrics:
  K=10: P=0.0256 R=0.2557 NDCG=0.1700 (sampled(1pos+neg))
  K=20: P=0.0157 R=0.3142 NDCG=0.1848 (sampled(1pos+neg))
Epoch 108 | loss=0.122340
VAL metrics:
  K=10: P=0.0255 R=0.2554 NDCG=0.1700 (sampled(1pos+neg))
  K=20: P=0.0157 R=0.3140 NDCG=0.1848 (sampled(1pos+neg))
Epoch 109 | loss=0.121241
VAL metrics:
  K=10: P=0.0255 R=0.2547 NDCG=0.1697 (sampled(1pos+neg))
  K=20: P=0.0157 R=0.3135 NDCG=0.1846 (sampled(1pos+neg))
Epoch 110 | loss=0.119215
VAL metrics:
  K=10: P=0.0254 R=0.2544 NDCG=0.1694 (sampled(1pos+neg))
  K=20: P=0.0157 R=0.3133 NDCG=0.1843 (sampled(1pos+neg))
Epoch 111 | loss=0.118330
VAL metrics:
  K=10: P=0.0255 R=0.2547 NDCG=0.1693 (sampled(1pos+neg))
  K=20: P=0.0156 R=0.3129 NDCG=0.1840 (sampled(1pos+neg))
Epoch 112 | loss=0.118037
VAL metrics:
  K=10: P=0.0254 R=0.2544 NDCG=0.1690 (sampled(1pos+neg))
  K=20: P=0.0156 R=0.3129 NDCG=0.1837 (sampled(1pos+neg))
Epoch 113 | loss=0.117975
VAL metrics:
  K=10: P=0.0254 R=0.2537 NDCG=0.1685 (sampled(1pos+neg))
  K=20: P=0.0156 R=0.3128 NDCG=0.1834 (sampled(1pos+neg))
Epoch 114 | loss=0.113851
VAL metrics:
  K=10: P=0.0253 R=0.2532 NDCG=0.1682 (sampled(1pos+neg))
  K=20: P=0.0156 R=0.3129 NDCG=0.1832 (sampled(1pos+neg))
Epoch 115 | loss=0.114711
VAL metrics:
  K=10: P=0.0253 R=0.2528 NDCG=0.1679 (sampled(1pos+neg))
  K=20: P=0.0156 R=0.3128 NDCG=0.1831 (sampled(1pos+neg))
Epoch 116 | loss=0.112779
VAL metrics:
  K=10: P=0.0252 R=0.2520 NDCG=0.1675 (sampled(1pos+neg))
  K=20: P=0.0156 R=0.3121 NDCG=0.1827 (sampled(1pos+neg))
Epoch 117 | loss=0.111002
VAL metrics:
  K=10: P=0.0252 R=0.2517 NDCG=0.1672 (sampled(1pos+neg))
  K=20: P=0.0156 R=0.3121 NDCG=0.1824 (sampled(1pos+neg))
Epoch 118 | loss=0.110267
VAL metrics:
  K=10: P=0.0251 R=0.2513 NDCG=0.1669 (sampled(1pos+neg))
  K=20: P=0.0156 R=0.3121 NDCG=0.1823 (sampled(1pos+neg))
Epoch 119 | loss=0.109111
VAL metrics:
  K=10: P=0.0251 R=0.2509 NDCG=0.1667 (sampled(1pos+neg))
  K=20: P=0.0156 R=0.3121 NDCG=0.1821 (sampled(1pos+neg))
Epoch 120 | loss=0.107306
VAL metrics:
  K=10: P=0.0250 R=0.2505 NDCG=0.1664 (sampled(1pos+neg))
  K=20: P=0.0156 R=0.3116 NDCG=0.1818 (sampled(1pos+neg))
Epoch 121 | loss=0.107466
VAL metrics:
  K=10: P=0.0250 R=0.2501 NDCG=0.1661 (sampled(1pos+neg))
  K=20: P=0.0156 R=0.3114 NDCG=0.1816 (sampled(1pos+neg))
Epoch 122 | loss=0.106482
VAL metrics:
  K=10: P=0.0250 R=0.2499 NDCG=0.1660 (sampled(1pos+neg))
  K=20: P=0.0156 R=0.3114 NDCG=0.1815 (sampled(1pos+neg))
Epoch 123 | loss=0.106853
VAL metrics:
  K=10: P=0.0250 R=0.2499 NDCG=0.1658 (sampled(1pos+neg))
  K=20: P=0.0155 R=0.3108 NDCG=0.1812 (sampled(1pos+neg))
Epoch 124 | loss=0.103717
VAL metrics:
  K=10: P=0.0250 R=0.2498 NDCG=0.1656 (sampled(1pos+neg))
  K=20: P=0.0155 R=0.3103 NDCG=0.1809 (sampled(1pos+neg))
Epoch 125 | loss=0.102621
VAL metrics:
  K=10: P=0.0249 R=0.2493 NDCG=0.1653 (sampled(1pos+neg))
  K=20: P=0.0155 R=0.3101 NDCG=0.1806 (sampled(1pos+neg))
Epoch 126 | loss=0.103217
VAL metrics:
  K=10: P=0.0249 R=0.2490 NDCG=0.1650 (sampled(1pos+neg))
  K=20: P=0.0155 R=0.3096 NDCG=0.1803 (sampled(1pos+neg))
Epoch 127 | loss=0.101815
VAL metrics:
  K=10: P=0.0248 R=0.2483 NDCG=0.1647 (sampled(1pos+neg))
  K=20: P=0.0155 R=0.3095 NDCG=0.1802 (sampled(1pos+neg))
Epoch 128 | loss=0.102031
VAL metrics:
  K=10: P=0.0248 R=0.2477 NDCG=0.1643 (sampled(1pos+neg))
  K=20: P=0.0155 R=0.3093 NDCG=0.1798 (sampled(1pos+neg))
Epoch 129 | loss=0.100379
VAL metrics:
  K=10: P=0.0247 R=0.2475 NDCG=0.1639 (sampled(1pos+neg))
  K=20: P=0.0155 R=0.3095 NDCG=0.1796 (sampled(1pos+neg))
Epoch 130 | loss=0.099146
VAL metrics:
  K=10: P=0.0247 R=0.2472 NDCG=0.1637 (sampled(1pos+neg))
  K=20: P=0.0155 R=0.3092 NDCG=0.1794 (sampled(1pos+neg))
Epoch 131 | loss=0.096758
VAL metrics:
  K=10: P=0.0247 R=0.2468 NDCG=0.1634 (sampled(1pos+neg))
  K=20: P=0.0154 R=0.3088 NDCG=0.1790 (sampled(1pos+neg))
Epoch 132 | loss=0.098161
VAL metrics:
  K=10: P=0.0247 R=0.2466 NDCG=0.1630 (sampled(1pos+neg))
  K=20: P=0.0154 R=0.3087 NDCG=0.1787 (sampled(1pos+neg))
Epoch 133 | loss=0.095729
VAL metrics:
  K=10: P=0.0247 R=0.2466 NDCG=0.1629 (sampled(1pos+neg))
  K=20: P=0.0154 R=0.3087 NDCG=0.1785 (sampled(1pos+neg))
Epoch 134 | loss=0.095232
VAL metrics:
  K=10: P=0.0246 R=0.2464 NDCG=0.1628 (sampled(1pos+neg))
  K=20: P=0.0154 R=0.3086 NDCG=0.1785 (sampled(1pos+neg))
Epoch 135 | loss=0.093426
VAL metrics:
  K=10: P=0.0246 R=0.2464 NDCG=0.1627 (sampled(1pos+neg))
  K=20: P=0.0154 R=0.3081 NDCG=0.1782 (sampled(1pos+neg))
Epoch 136 | loss=0.093602
VAL metrics:
  K=10: P=0.0246 R=0.2463 NDCG=0.1625 (sampled(1pos+neg))
  K=20: P=0.0154 R=0.3077 NDCG=0.1780 (sampled(1pos+neg))
Epoch 137 | loss=0.090956
VAL metrics:
  K=10: P=0.0246 R=0.2459 NDCG=0.1622 (sampled(1pos+neg))
  K=20: P=0.0154 R=0.3071 NDCG=0.1777 (sampled(1pos+neg))
Epoch 138 | loss=0.091278
VAL metrics:
  K=10: P=0.0246 R=0.2458 NDCG=0.1621 (sampled(1pos+neg))
  K=20: P=0.0153 R=0.3069 NDCG=0.1775 (sampled(1pos+neg))
Epoch 139 | loss=0.090367
VAL metrics:
  K=10: P=0.0246 R=0.2457 NDCG=0.1620 (sampled(1pos+neg))
  K=20: P=0.0153 R=0.3069 NDCG=0.1774 (sampled(1pos+neg))
Epoch 140 | loss=0.089468
VAL metrics:
  K=10: P=0.0245 R=0.2455 NDCG=0.1618 (sampled(1pos+neg))
  K=20: P=0.0153 R=0.3066 NDCG=0.1772 (sampled(1pos+neg))
Epoch 141 | loss=0.089188
VAL metrics:
  K=10: P=0.0245 R=0.2454 NDCG=0.1616 (sampled(1pos+neg))
  K=20: P=0.0153 R=0.3061 NDCG=0.1769 (sampled(1pos+neg))
Epoch 142 | loss=0.090838
VAL metrics:
  K=10: P=0.0245 R=0.2453 NDCG=0.1614 (sampled(1pos+neg))
  K=20: P=0.0153 R=0.3057 NDCG=0.1766 (sampled(1pos+neg))
Epoch 143 | loss=0.086895
VAL metrics:
  K=10: P=0.0245 R=0.2450 NDCG=0.1612 (sampled(1pos+neg))
  K=20: P=0.0153 R=0.3053 NDCG=0.1763 (sampled(1pos+neg))
Epoch 144 | loss=0.087708
VAL metrics:
  K=10: P=0.0245 R=0.2447 NDCG=0.1610 (sampled(1pos+neg))
  K=20: P=0.0153 R=0.3054 NDCG=0.1763 (sampled(1pos+neg))
Epoch 145 | loss=0.086644
VAL metrics:
  K=10: P=0.0244 R=0.2444 NDCG=0.1607 (sampled(1pos+neg))
  K=20: P=0.0153 R=0.3051 NDCG=0.1760 (sampled(1pos+neg))
Epoch 146 | loss=0.085963
VAL metrics:
  K=10: P=0.0244 R=0.2438 NDCG=0.1602 (sampled(1pos+neg))
  K=20: P=0.0152 R=0.3050 NDCG=0.1756 (sampled(1pos+neg))
Epoch 147 | loss=0.085296
VAL metrics:
  K=10: P=0.0243 R=0.2433 NDCG=0.1599 (sampled(1pos+neg))
  K=20: P=0.0152 R=0.3045 NDCG=0.1753 (sampled(1pos+neg))
Epoch 148 | loss=0.083457
VAL metrics:
  K=10: P=0.0243 R=0.2431 NDCG=0.1597 (sampled(1pos+neg))
  K=20: P=0.0152 R=0.3045 NDCG=0.1752 (sampled(1pos+neg))
Epoch 149 | loss=0.083098
VAL metrics:
  K=10: P=0.0243 R=0.2430 NDCG=0.1595 (sampled(1pos+neg))
  K=20: P=0.0152 R=0.3044 NDCG=0.1750 (sampled(1pos+neg))
Epoch 150 | loss=0.085373
VAL metrics:
  K=10: P=0.0243 R=0.2427 NDCG=0.1593 (sampled(1pos+neg))
  K=20: P=0.0152 R=0.3037 NDCG=0.1747 (sampled(1pos+neg))
Epoch 151 | loss=0.080756
VAL metrics:
  K=10: P=0.0242 R=0.2423 NDCG=0.1592 (sampled(1pos+neg))
  K=20: P=0.0152 R=0.3033 NDCG=0.1746 (sampled(1pos+neg))
Epoch 152 | loss=0.080962
VAL metrics:
  K=10: P=0.0242 R=0.2424 NDCG=0.1592 (sampled(1pos+neg))
  K=20: P=0.0152 R=0.3030 NDCG=0.1744 (sampled(1pos+neg))
Epoch 153 | loss=0.080488
VAL metrics:
  K=10: P=0.0242 R=0.2422 NDCG=0.1589 (sampled(1pos+neg))
  K=20: P=0.0151 R=0.3027 NDCG=0.1742 (sampled(1pos+neg))
Epoch 154 | loss=0.079893
VAL metrics:
  K=10: P=0.0242 R=0.2419 NDCG=0.1586 (sampled(1pos+neg))
  K=20: P=0.0151 R=0.3023 NDCG=0.1739 (sampled(1pos+neg))
Epoch 155 | loss=0.080570
VAL metrics:
  K=10: P=0.0242 R=0.2421 NDCG=0.1583 (sampled(1pos+neg))
  K=20: P=0.0151 R=0.3024 NDCG=0.1736 (sampled(1pos+neg))
Epoch 156 | loss=0.078264
VAL metrics:
  K=10: P=0.0242 R=0.2417 NDCG=0.1583 (sampled(1pos+neg))
  K=20: P=0.0151 R=0.3019 NDCG=0.1735 (sampled(1pos+neg))
Epoch 157 | loss=0.078908
VAL metrics:
  K=10: P=0.0241 R=0.2412 NDCG=0.1581 (sampled(1pos+neg))
  K=20: P=0.0151 R=0.3013 NDCG=0.1733 (sampled(1pos+neg))
Epoch 158 | loss=0.076231
VAL metrics:
  K=10: P=0.0240 R=0.2404 NDCG=0.1578 (sampled(1pos+neg))
  K=20: P=0.0151 R=0.3012 NDCG=0.1732 (sampled(1pos+neg))
Epoch 159 | loss=0.077792
VAL metrics:
  K=10: P=0.0240 R=0.2404 NDCG=0.1576 (sampled(1pos+neg))
  K=20: P=0.0150 R=0.3009 NDCG=0.1728 (sampled(1pos+neg))
Epoch 160 | loss=0.078218
VAL metrics:
  K=10: P=0.0240 R=0.2404 NDCG=0.1575 (sampled(1pos+neg))
  K=20: P=0.0150 R=0.3005 NDCG=0.1727 (sampled(1pos+neg))
Epoch 161 | loss=0.076403
VAL metrics:
  K=10: P=0.0240 R=0.2401 NDCG=0.1573 (sampled(1pos+neg))
  K=20: P=0.0150 R=0.3008 NDCG=0.1726 (sampled(1pos+neg))
Epoch 162 | loss=0.076040
VAL metrics:
  K=10: P=0.0240 R=0.2401 NDCG=0.1571 (sampled(1pos+neg))
  K=20: P=0.0150 R=0.3003 NDCG=0.1723 (sampled(1pos+neg))
Epoch 163 | loss=0.074960
VAL metrics:
  K=10: P=0.0240 R=0.2398 NDCG=0.1568 (sampled(1pos+neg))
  K=20: P=0.0150 R=0.3004 NDCG=0.1721 (sampled(1pos+neg))
Epoch 164 | loss=0.073031
VAL metrics:
  K=10: P=0.0240 R=0.2395 NDCG=0.1566 (sampled(1pos+neg))
  K=20: P=0.0150 R=0.2999 NDCG=0.1718 (sampled(1pos+neg))
Epoch 165 | loss=0.072684
VAL metrics:
  K=10: P=0.0239 R=0.2394 NDCG=0.1565 (sampled(1pos+neg))
  K=20: P=0.0150 R=0.2995 NDCG=0.1716 (sampled(1pos+neg))
Epoch 166 | loss=0.072668
VAL metrics:
  K=10: P=0.0239 R=0.2392 NDCG=0.1561 (sampled(1pos+neg))
  K=20: P=0.0150 R=0.2994 NDCG=0.1713 (sampled(1pos+neg))
Epoch 167 | loss=0.072399
VAL metrics:
  K=10: P=0.0239 R=0.2388 NDCG=0.1558 (sampled(1pos+neg))
  K=20: P=0.0150 R=0.2993 NDCG=0.1710 (sampled(1pos+neg))
Epoch 168 | loss=0.070575
VAL metrics:
  K=10: P=0.0239 R=0.2388 NDCG=0.1557 (sampled(1pos+neg))
  K=20: P=0.0149 R=0.2988 NDCG=0.1709 (sampled(1pos+neg))
Epoch 169 | loss=0.071221
VAL metrics:
  K=10: P=0.0239 R=0.2385 NDCG=0.1555 (sampled(1pos+neg))
  K=20: P=0.0149 R=0.2987 NDCG=0.1707 (sampled(1pos+neg))
Epoch 170 | loss=0.071650
VAL metrics:
  K=10: P=0.0239 R=0.2385 NDCG=0.1554 (sampled(1pos+neg))
  K=20: P=0.0149 R=0.2985 NDCG=0.1705 (sampled(1pos+neg))
Epoch 171 | loss=0.072087
VAL metrics:
  K=10: P=0.0238 R=0.2384 NDCG=0.1552 (sampled(1pos+neg))
  K=20: P=0.0149 R=0.2981 NDCG=0.1702 (sampled(1pos+neg))
Epoch 172 | loss=0.069549
VAL metrics:
  K=10: P=0.0238 R=0.2376 NDCG=0.1547 (sampled(1pos+neg))
  K=20: P=0.0149 R=0.2981 NDCG=0.1700 (sampled(1pos+neg))
Epoch 173 | loss=0.069213
VAL metrics:
  K=10: P=0.0237 R=0.2374 NDCG=0.1545 (sampled(1pos+neg))
  K=20: P=0.0149 R=0.2983 NDCG=0.1699 (sampled(1pos+neg))
Epoch 174 | loss=0.068181
VAL metrics:
  K=10: P=0.0237 R=0.2374 NDCG=0.1544 (sampled(1pos+neg))
  K=20: P=0.0149 R=0.2983 NDCG=0.1698 (sampled(1pos+neg))
Epoch 175 | loss=0.066470
VAL metrics:
  K=10: P=0.0238 R=0.2376 NDCG=0.1544 (sampled(1pos+neg))
  K=20: P=0.0149 R=0.2980 NDCG=0.1696 (sampled(1pos+neg))
Epoch 176 | loss=0.069116
VAL metrics:
  K=10: P=0.0237 R=0.2372 NDCG=0.1542 (sampled(1pos+neg))
  K=20: P=0.0149 R=0.2977 NDCG=0.1694 (sampled(1pos+neg))
Epoch 177 | loss=0.066288
VAL metrics:
  K=10: P=0.0237 R=0.2369 NDCG=0.1541 (sampled(1pos+neg))
  K=20: P=0.0149 R=0.2975 NDCG=0.1693 (sampled(1pos+neg))
Epoch 178 | loss=0.066273
VAL metrics:
  K=10: P=0.0237 R=0.2371 NDCG=0.1538 (sampled(1pos+neg))
  K=20: P=0.0149 R=0.2978 NDCG=0.1691 (sampled(1pos+neg))
Epoch 179 | loss=0.067046
VAL metrics:
  K=10: P=0.0237 R=0.2369 NDCG=0.1536 (sampled(1pos+neg))
  K=20: P=0.0149 R=0.2973 NDCG=0.1688 (sampled(1pos+neg))
Epoch 180 | loss=0.066922
VAL metrics:
  K=10: P=0.0237 R=0.2365 NDCG=0.1534 (sampled(1pos+neg))
  K=20: P=0.0149 R=0.2972 NDCG=0.1687 (sampled(1pos+neg))
Epoch 181 | loss=0.064930
VAL metrics:
  K=10: P=0.0236 R=0.2362 NDCG=0.1533 (sampled(1pos+neg))
  K=20: P=0.0148 R=0.2970 NDCG=0.1686 (sampled(1pos+neg))
Epoch 182 | loss=0.064584
VAL metrics:
  K=10: P=0.0236 R=0.2362 NDCG=0.1531 (sampled(1pos+neg))
  K=20: P=0.0148 R=0.2969 NDCG=0.1684 (sampled(1pos+neg))
Epoch 183 | loss=0.065856
VAL metrics:
  K=10: P=0.0236 R=0.2362 NDCG=0.1528 (sampled(1pos+neg))
  K=20: P=0.0148 R=0.2967 NDCG=0.1680 (sampled(1pos+neg))
Epoch 184 | loss=0.064921
VAL metrics:
  K=10: P=0.0236 R=0.2361 NDCG=0.1526 (sampled(1pos+neg))
  K=20: P=0.0148 R=0.2963 NDCG=0.1678 (sampled(1pos+neg))
Epoch 185 | loss=0.063895
VAL metrics:
  K=10: P=0.0236 R=0.2357 NDCG=0.1523 (sampled(1pos+neg))
  K=20: P=0.0148 R=0.2965 NDCG=0.1676 (sampled(1pos+neg))
Epoch 186 | loss=0.063965
VAL metrics:
  K=10: P=0.0235 R=0.2353 NDCG=0.1522 (sampled(1pos+neg))
  K=20: P=0.0148 R=0.2965 NDCG=0.1676 (sampled(1pos+neg))
Epoch 187 | loss=0.062745
VAL metrics:
  K=10: P=0.0235 R=0.2351 NDCG=0.1520 (sampled(1pos+neg))
  K=20: P=0.0148 R=0.2964 NDCG=0.1674 (sampled(1pos+neg))
Epoch 188 | loss=0.063278
VAL metrics:
  K=10: P=0.0234 R=0.2345 NDCG=0.1516 (sampled(1pos+neg))
  K=20: P=0.0148 R=0.2959 NDCG=0.1671 (sampled(1pos+neg))
Epoch 189 | loss=0.060271
VAL metrics:
  K=10: P=0.0234 R=0.2342 NDCG=0.1514 (sampled(1pos+neg))
  K=20: P=0.0148 R=0.2958 NDCG=0.1669 (sampled(1pos+neg))
Epoch 190 | loss=0.061251
VAL metrics:
  K=10: P=0.0234 R=0.2338 NDCG=0.1513 (sampled(1pos+neg))
  K=20: P=0.0148 R=0.2956 NDCG=0.1669 (sampled(1pos+neg))
Epoch 191 | loss=0.060955
VAL metrics:
  K=10: P=0.0234 R=0.2336 NDCG=0.1511 (sampled(1pos+neg))
  K=20: P=0.0148 R=0.2952 NDCG=0.1666 (sampled(1pos+neg))
Epoch 192 | loss=0.061046
VAL metrics:
  K=10: P=0.0234 R=0.2336 NDCG=0.1511 (sampled(1pos+neg))
  K=20: P=0.0147 R=0.2950 NDCG=0.1665 (sampled(1pos+neg))
Epoch 193 | loss=0.060305
VAL metrics:
  K=10: P=0.0233 R=0.2335 NDCG=0.1509 (sampled(1pos+neg))
  K=20: P=0.0147 R=0.2948 NDCG=0.1663 (sampled(1pos+neg))
Epoch 194 | loss=0.059043
VAL metrics:
  K=10: P=0.0233 R=0.2330 NDCG=0.1506 (sampled(1pos+neg))
  K=20: P=0.0147 R=0.2945 NDCG=0.1661 (sampled(1pos+neg))
Epoch 195 | loss=0.058462
VAL metrics:
  K=10: P=0.0233 R=0.2327 NDCG=0.1504 (sampled(1pos+neg))
  K=20: P=0.0147 R=0.2942 NDCG=0.1658 (sampled(1pos+neg))
Epoch 196 | loss=0.059077
VAL metrics:
  K=10: P=0.0232 R=0.2325 NDCG=0.1502 (sampled(1pos+neg))
  K=20: P=0.0147 R=0.2939 NDCG=0.1657 (sampled(1pos+neg))
Epoch 197 | loss=0.057450
VAL metrics:
  K=10: P=0.0232 R=0.2317 NDCG=0.1499 (sampled(1pos+neg))
  K=20: P=0.0147 R=0.2932 NDCG=0.1654 (sampled(1pos+neg))
Epoch 198 | loss=0.058438
VAL metrics:
  K=10: P=0.0232 R=0.2318 NDCG=0.1498 (sampled(1pos+neg))
  K=20: P=0.0147 R=0.2932 NDCG=0.1653 (sampled(1pos+neg))
Epoch 199 | loss=0.057022
VAL metrics:
  K=10: P=0.0232 R=0.2316 NDCG=0.1496 (sampled(1pos+neg))
  K=20: P=0.0146 R=0.2928 NDCG=0.1650 (sampled(1pos+neg))
Epoch 200 | loss=0.055663
VAL metrics:
  K=10: P=0.0232 R=0.2316 NDCG=0.1495 (sampled(1pos+neg))
  K=20: P=0.0146 R=0.2929 NDCG=0.1650 (sampled(1pos+neg))
Epoch 201 | loss=0.058757
VAL metrics:
  K=10: P=0.0232 R=0.2318 NDCG=0.1494 (sampled(1pos+neg))
  K=20: P=0.0146 R=0.2927 NDCG=0.1647 (sampled(1pos+neg))
Epoch 202 | loss=0.055791
VAL metrics:
  K=10: P=0.0231 R=0.2315 NDCG=0.1491 (sampled(1pos+neg))
  K=20: P=0.0146 R=0.2922 NDCG=0.1644 (sampled(1pos+neg))
Epoch 203 | loss=0.055527
VAL metrics:
  K=10: P=0.0231 R=0.2312 NDCG=0.1489 (sampled(1pos+neg))
  K=20: P=0.0146 R=0.2917 NDCG=0.1642 (sampled(1pos+neg))
Epoch 204 | loss=0.057356
VAL metrics:
  K=10: P=0.0231 R=0.2309 NDCG=0.1487 (sampled(1pos+neg))
  K=20: P=0.0146 R=0.2917 NDCG=0.1640 (sampled(1pos+neg))
Epoch 205 | loss=0.054390
VAL metrics:
  K=10: P=0.0231 R=0.2308 NDCG=0.1484 (sampled(1pos+neg))
  K=20: P=0.0146 R=0.2913 NDCG=0.1637 (sampled(1pos+neg))
Epoch 206 | loss=0.056133
VAL metrics:
  K=10: P=0.0231 R=0.2307 NDCG=0.1482 (sampled(1pos+neg))
  K=20: P=0.0145 R=0.2910 NDCG=0.1634 (sampled(1pos+neg))
Epoch 207 | loss=0.055076
VAL metrics:
  K=10: P=0.0230 R=0.2303 NDCG=0.1481 (sampled(1pos+neg))
  K=20: P=0.0145 R=0.2905 NDCG=0.1633 (sampled(1pos+neg))
Epoch 208 | loss=0.055595
VAL metrics:
  K=10: P=0.0230 R=0.2299 NDCG=0.1480 (sampled(1pos+neg))
  K=20: P=0.0145 R=0.2908 NDCG=0.1633 (sampled(1pos+neg))
Epoch 209 | loss=0.053312
VAL metrics:
  K=10: P=0.0230 R=0.2296 NDCG=0.1476 (sampled(1pos+neg))
  K=20: P=0.0145 R=0.2908 NDCG=0.1631 (sampled(1pos+neg))
Epoch 210 | loss=0.052796
VAL metrics:
  K=10: P=0.0229 R=0.2294 NDCG=0.1475 (sampled(1pos+neg))
  K=20: P=0.0145 R=0.2905 NDCG=0.1629 (sampled(1pos+neg))
Epoch 211 | loss=0.054034
VAL metrics:
  K=10: P=0.0229 R=0.2291 NDCG=0.1471 (sampled(1pos+neg))
  K=20: P=0.0145 R=0.2902 NDCG=0.1625 (sampled(1pos+neg))
Epoch 212 | loss=0.052680
VAL metrics:
  K=10: P=0.0228 R=0.2284 NDCG=0.1468 (sampled(1pos+neg))
  K=20: P=0.0145 R=0.2900 NDCG=0.1623 (sampled(1pos+neg))
Epoch 213 | loss=0.052346
VAL metrics:
  K=10: P=0.0228 R=0.2283 NDCG=0.1467 (sampled(1pos+neg))
  K=20: P=0.0145 R=0.2899 NDCG=0.1623 (sampled(1pos+neg))
Epoch 214 | loss=0.052079
VAL metrics:
  K=10: P=0.0228 R=0.2282 NDCG=0.1466 (sampled(1pos+neg))
  K=20: P=0.0145 R=0.2898 NDCG=0.1621 (sampled(1pos+neg))
Epoch 215 | loss=0.053379
VAL metrics:
  K=10: P=0.0228 R=0.2280 NDCG=0.1464 (sampled(1pos+neg))
  K=20: P=0.0145 R=0.2895 NDCG=0.1620 (sampled(1pos+neg))
Epoch 216 | loss=0.051140
VAL metrics:
  K=10: P=0.0228 R=0.2275 NDCG=0.1462 (sampled(1pos+neg))
  K=20: P=0.0145 R=0.2894 NDCG=0.1618 (sampled(1pos+neg))
Epoch 217 | loss=0.051832
VAL metrics:
  K=10: P=0.0227 R=0.2272 NDCG=0.1461 (sampled(1pos+neg))
  K=20: P=0.0145 R=0.2892 NDCG=0.1617 (sampled(1pos+neg))
Epoch 218 | loss=0.050981
VAL metrics:
  K=10: P=0.0227 R=0.2270 NDCG=0.1459 (sampled(1pos+neg))
  K=20: P=0.0145 R=0.2891 NDCG=0.1616 (sampled(1pos+neg))
Epoch 219 | loss=0.049906
VAL metrics:
  K=10: P=0.0227 R=0.2266 NDCG=0.1457 (sampled(1pos+neg))
  K=20: P=0.0145 R=0.2890 NDCG=0.1614 (sampled(1pos+neg))
Epoch 220 | loss=0.048870
VAL metrics:
  K=10: P=0.0226 R=0.2263 NDCG=0.1454 (sampled(1pos+neg))
  K=20: P=0.0144 R=0.2888 NDCG=0.1612 (sampled(1pos+neg))
Epoch 221 | loss=0.049876
VAL metrics:
  K=10: P=0.0226 R=0.2263 NDCG=0.1453 (sampled(1pos+neg))
  K=20: P=0.0144 R=0.2886 NDCG=0.1610 (sampled(1pos+neg))
Epoch 222 | loss=0.049358
VAL metrics:
  K=10: P=0.0226 R=0.2261 NDCG=0.1451 (sampled(1pos+neg))
  K=20: P=0.0144 R=0.2886 NDCG=0.1609 (sampled(1pos+neg))
Epoch 223 | loss=0.048920
VAL metrics:
  K=10: P=0.0226 R=0.2261 NDCG=0.1451 (sampled(1pos+neg))
  K=20: P=0.0144 R=0.2885 NDCG=0.1608 (sampled(1pos+neg))
Epoch 224 | loss=0.049008
VAL metrics:
  K=10: P=0.0226 R=0.2257 NDCG=0.1447 (sampled(1pos+neg))
  K=20: P=0.0144 R=0.2883 NDCG=0.1605 (sampled(1pos+neg))
Epoch 225 | loss=0.048115
VAL metrics:
  K=10: P=0.0225 R=0.2254 NDCG=0.1445 (sampled(1pos+neg))
  K=20: P=0.0144 R=0.2881 NDCG=0.1603 (sampled(1pos+neg))
Epoch 226 | loss=0.047660
VAL metrics:
  K=10: P=0.0225 R=0.2251 NDCG=0.1443 (sampled(1pos+neg))
  K=20: P=0.0144 R=0.2878 NDCG=0.1601 (sampled(1pos+neg))
Epoch 227 | loss=0.047337
VAL metrics:
  K=10: P=0.0225 R=0.2249 NDCG=0.1442 (sampled(1pos+neg))
  K=20: P=0.0144 R=0.2874 NDCG=0.1599 (sampled(1pos+neg))
Epoch 228 | loss=0.046283
VAL metrics:
  K=10: P=0.0225 R=0.2249 NDCG=0.1440 (sampled(1pos+neg))
  K=20: P=0.0144 R=0.2874 NDCG=0.1597 (sampled(1pos+neg))
Epoch 229 | loss=0.047865
VAL metrics:
  K=10: P=0.0225 R=0.2248 NDCG=0.1438 (sampled(1pos+neg))
  K=20: P=0.0144 R=0.2874 NDCG=0.1596 (sampled(1pos+neg))
Epoch 230 | loss=0.046836
VAL metrics:
  K=10: P=0.0224 R=0.2243 NDCG=0.1434 (sampled(1pos+neg))
  K=20: P=0.0144 R=0.2873 NDCG=0.1593 (sampled(1pos+neg))
Epoch 231 | loss=0.046983
VAL metrics:
  K=10: P=0.0224 R=0.2241 NDCG=0.1431 (sampled(1pos+neg))
  K=20: P=0.0143 R=0.2870 NDCG=0.1589 (sampled(1pos+neg))
Epoch 232 | loss=0.045772
VAL metrics:
  K=10: P=0.0224 R=0.2236 NDCG=0.1429 (sampled(1pos+neg))
  K=20: P=0.0144 R=0.2872 NDCG=0.1589 (sampled(1pos+neg))
Epoch 233 | loss=0.046442
VAL metrics:
  K=10: P=0.0224 R=0.2236 NDCG=0.1428 (sampled(1pos+neg))
  K=20: P=0.0144 R=0.2871 NDCG=0.1587 (sampled(1pos+neg))
Epoch 234 | loss=0.044776
VAL metrics:
  K=10: P=0.0223 R=0.2235 NDCG=0.1426 (sampled(1pos+neg))
  K=20: P=0.0144 R=0.2870 NDCG=0.1586 (sampled(1pos+neg))
Epoch 235 | loss=0.045008
VAL metrics:
  K=10: P=0.0223 R=0.2231 NDCG=0.1423 (sampled(1pos+neg))
  K=20: P=0.0143 R=0.2867 NDCG=0.1583 (sampled(1pos+neg))
Epoch 236 | loss=0.047450
VAL metrics:
  K=10: P=0.0223 R=0.2226 NDCG=0.1421 (sampled(1pos+neg))
  K=20: P=0.0143 R=0.2863 NDCG=0.1582 (sampled(1pos+neg))
Epoch 237 | loss=0.044759
VAL metrics:
  K=10: P=0.0223 R=0.2226 NDCG=0.1421 (sampled(1pos+neg))
  K=20: P=0.0143 R=0.2863 NDCG=0.1581 (sampled(1pos+neg))
Epoch 238 | loss=0.043351
VAL metrics:
  K=10: P=0.0223 R=0.2227 NDCG=0.1420 (sampled(1pos+neg))
  K=20: P=0.0143 R=0.2861 NDCG=0.1579 (sampled(1pos+neg))
Epoch 239 | loss=0.044396
VAL metrics:
  K=10: P=0.0223 R=0.2225 NDCG=0.1418 (sampled(1pos+neg))
  K=20: P=0.0143 R=0.2857 NDCG=0.1577 (sampled(1pos+neg))
Epoch 240 | loss=0.043924
VAL metrics:
  K=10: P=0.0222 R=0.2223 NDCG=0.1417 (sampled(1pos+neg))
  K=20: P=0.0143 R=0.2851 NDCG=0.1575 (sampled(1pos+neg))
Epoch 241 | loss=0.043944
VAL metrics:
  K=10: P=0.0222 R=0.2218 NDCG=0.1414 (sampled(1pos+neg))
  K=20: P=0.0143 R=0.2851 NDCG=0.1574 (sampled(1pos+neg))
Epoch 242 | loss=0.042831
VAL metrics:
  K=10: P=0.0222 R=0.2215 NDCG=0.1413 (sampled(1pos+neg))
  K=20: P=0.0142 R=0.2847 NDCG=0.1572 (sampled(1pos+neg))
Epoch 243 | loss=0.042280
VAL metrics:
  K=10: P=0.0222 R=0.2215 NDCG=0.1412 (sampled(1pos+neg))
  K=20: P=0.0142 R=0.2846 NDCG=0.1571 (sampled(1pos+neg))
Epoch 244 | loss=0.041869
VAL metrics:
  K=10: P=0.0222 R=0.2216 NDCG=0.1411 (sampled(1pos+neg))
  K=20: P=0.0142 R=0.2845 NDCG=0.1569 (sampled(1pos+neg))
Epoch 245 | loss=0.042992
VAL metrics:
  K=10: P=0.0221 R=0.2215 NDCG=0.1410 (sampled(1pos+neg))
  K=20: P=0.0142 R=0.2844 NDCG=0.1568 (sampled(1pos+neg))
Epoch 246 | loss=0.043225
VAL metrics:
  K=10: P=0.0221 R=0.2214 NDCG=0.1409 (sampled(1pos+neg))
  K=20: P=0.0142 R=0.2843 NDCG=0.1568 (sampled(1pos+neg))
Epoch 247 | loss=0.042011
VAL metrics:
  K=10: P=0.0221 R=0.2210 NDCG=0.1407 (sampled(1pos+neg))
  K=20: P=0.0142 R=0.2841 NDCG=0.1566 (sampled(1pos+neg))
Epoch 248 | loss=0.042612
VAL metrics:
  K=10: P=0.0221 R=0.2208 NDCG=0.1405 (sampled(1pos+neg))
  K=20: P=0.0142 R=0.2842 NDCG=0.1565 (sampled(1pos+neg))
Epoch 249 | loss=0.041453
VAL metrics:
  K=10: P=0.0220 R=0.2205 NDCG=0.1403 (sampled(1pos+neg))
  K=20: P=0.0142 R=0.2838 NDCG=0.1562 (sampled(1pos+neg))
Epoch 250 | loss=0.041713
VAL metrics:
  K=10: P=0.0220 R=0.2202 NDCG=0.1401 (sampled(1pos+neg))
  K=20: P=0.0142 R=0.2836 NDCG=0.1561 (sampled(1pos+neg))
Epoch 251 | loss=0.041455
VAL metrics:
  K=10: P=0.0220 R=0.2201 NDCG=0.1400 (sampled(1pos+neg))
  K=20: P=0.0142 R=0.2835 NDCG=0.1560 (sampled(1pos+neg))
Epoch 252 | loss=0.039624
VAL metrics:
  K=10: P=0.0220 R=0.2196 NDCG=0.1398 (sampled(1pos+neg))
  K=20: P=0.0142 R=0.2836 NDCG=0.1559 (sampled(1pos+neg))
Epoch 253 | loss=0.040292
VAL metrics:
  K=10: P=0.0219 R=0.2192 NDCG=0.1395 (sampled(1pos+neg))
  K=20: P=0.0142 R=0.2836 NDCG=0.1557 (sampled(1pos+neg))
Epoch 254 | loss=0.040276
VAL metrics:
  K=10: P=0.0219 R=0.2193 NDCG=0.1395 (sampled(1pos+neg))
  K=20: P=0.0142 R=0.2833 NDCG=0.1556 (sampled(1pos+neg))
Epoch 255 | loss=0.041048
VAL metrics:
  K=10: P=0.0219 R=0.2193 NDCG=0.1393 (sampled(1pos+neg))
  K=20: P=0.0142 R=0.2833 NDCG=0.1554 (sampled(1pos+neg))
Epoch 256 | loss=0.039685
VAL metrics:
  K=10: P=0.0219 R=0.2189 NDCG=0.1391 (sampled(1pos+neg))
  K=20: P=0.0142 R=0.2831 NDCG=0.1553 (sampled(1pos+neg))
Epoch 257 | loss=0.039897
VAL metrics:
  K=10: P=0.0219 R=0.2188 NDCG=0.1390 (sampled(1pos+neg))
  K=20: P=0.0141 R=0.2828 NDCG=0.1551 (sampled(1pos+neg))
Epoch 258 | loss=0.038668
VAL metrics:
  K=10: P=0.0219 R=0.2188 NDCG=0.1388 (sampled(1pos+neg))
  K=20: P=0.0141 R=0.2824 NDCG=0.1549 (sampled(1pos+neg))
Epoch 259 | loss=0.039903
VAL metrics:
  K=10: P=0.0218 R=0.2183 NDCG=0.1385 (sampled(1pos+neg))
  K=20: P=0.0141 R=0.2826 NDCG=0.1548 (sampled(1pos+neg))
Epoch 260 | loss=0.039178
VAL metrics:
  K=10: P=0.0218 R=0.2181 NDCG=0.1385 (sampled(1pos+neg))
  K=20: P=0.0141 R=0.2824 NDCG=0.1546 (sampled(1pos+neg))
Epoch 261 | loss=0.039254
VAL metrics:
  K=10: P=0.0218 R=0.2180 NDCG=0.1384 (sampled(1pos+neg))
  K=20: P=0.0141 R=0.2821 NDCG=0.1545 (sampled(1pos+neg))
Epoch 262 | loss=0.038874
VAL metrics:
  K=10: P=0.0218 R=0.2179 NDCG=0.1383 (sampled(1pos+neg))
  K=20: P=0.0141 R=0.2819 NDCG=0.1544 (sampled(1pos+neg))
Epoch 263 | loss=0.039508
VAL metrics:
  K=10: P=0.0218 R=0.2179 NDCG=0.1382 (sampled(1pos+neg))
  K=20: P=0.0141 R=0.2817 NDCG=0.1543 (sampled(1pos+neg))
Epoch 264 | loss=0.037179
VAL metrics:
  K=10: P=0.0217 R=0.2174 NDCG=0.1379 (sampled(1pos+neg))
  K=20: P=0.0141 R=0.2816 NDCG=0.1541 (sampled(1pos+neg))
Epoch 265 | loss=0.037746
VAL metrics:
  K=10: P=0.0217 R=0.2173 NDCG=0.1377 (sampled(1pos+neg))
  K=20: P=0.0141 R=0.2812 NDCG=0.1538 (sampled(1pos+neg))
Epoch 266 | loss=0.038261
VAL metrics:
  K=10: P=0.0217 R=0.2170 NDCG=0.1374 (sampled(1pos+neg))
  K=20: P=0.0141 R=0.2811 NDCG=0.1536 (sampled(1pos+neg))
Epoch 267 | loss=0.037468
VAL metrics:
  K=10: P=0.0217 R=0.2166 NDCG=0.1373 (sampled(1pos+neg))
  K=20: P=0.0140 R=0.2810 NDCG=0.1535 (sampled(1pos+neg))
Epoch 268 | loss=0.035816
VAL metrics:
  K=10: P=0.0216 R=0.2164 NDCG=0.1372 (sampled(1pos+neg))
  K=20: P=0.0140 R=0.2808 NDCG=0.1534 (sampled(1pos+neg))
Epoch 269 | loss=0.038169
VAL metrics:
  K=10: P=0.0216 R=0.2160 NDCG=0.1369 (sampled(1pos+neg))
  K=20: P=0.0140 R=0.2806 NDCG=0.1533 (sampled(1pos+neg))
Epoch 270 | loss=0.035821
VAL metrics:
  K=10: P=0.0216 R=0.2158 NDCG=0.1369 (sampled(1pos+neg))
  K=20: P=0.0140 R=0.2804 NDCG=0.1532 (sampled(1pos+neg))
Epoch 271 | loss=0.038133
VAL metrics:
  K=10: P=0.0216 R=0.2155 NDCG=0.1368 (sampled(1pos+neg))
  K=20: P=0.0140 R=0.2807 NDCG=0.1532 (sampled(1pos+neg))
Epoch 272 | loss=0.037121
VAL metrics:
  K=10: P=0.0216 R=0.2156 NDCG=0.1365 (sampled(1pos+neg))
  K=20: P=0.0140 R=0.2804 NDCG=0.1529 (sampled(1pos+neg))
Epoch 273 | loss=0.037827
VAL metrics:
  K=10: P=0.0215 R=0.2154 NDCG=0.1364 (sampled(1pos+neg))
  K=20: P=0.0140 R=0.2803 NDCG=0.1528 (sampled(1pos+neg))
Epoch 274 | loss=0.036569
VAL metrics:
  K=10: P=0.0215 R=0.2150 NDCG=0.1362 (sampled(1pos+neg))
  K=20: P=0.0140 R=0.2800 NDCG=0.1526 (sampled(1pos+neg))
Epoch 275 | loss=0.037468
VAL metrics:
  K=10: P=0.0215 R=0.2146 NDCG=0.1359 (sampled(1pos+neg))
  K=20: P=0.0140 R=0.2798 NDCG=0.1523 (sampled(1pos+neg))
Epoch 276 | loss=0.036127
VAL metrics:
  K=10: P=0.0214 R=0.2143 NDCG=0.1356 (sampled(1pos+neg))
  K=20: P=0.0140 R=0.2794 NDCG=0.1521 (sampled(1pos+neg))
Epoch 277 | loss=0.035499
VAL metrics:
  K=10: P=0.0214 R=0.2142 NDCG=0.1355 (sampled(1pos+neg))
  K=20: P=0.0140 R=0.2791 NDCG=0.1519 (sampled(1pos+neg))
Epoch 278 | loss=0.035498
VAL metrics:
  K=10: P=0.0214 R=0.2142 NDCG=0.1353 (sampled(1pos+neg))
  K=20: P=0.0139 R=0.2788 NDCG=0.1516 (sampled(1pos+neg))
Epoch 279 | loss=0.035419
VAL metrics:
  K=10: P=0.0214 R=0.2141 NDCG=0.1352 (sampled(1pos+neg))
  K=20: P=0.0139 R=0.2784 NDCG=0.1514 (sampled(1pos+neg))
Epoch 280 | loss=0.035454
VAL metrics:
  K=10: P=0.0214 R=0.2138 NDCG=0.1351 (sampled(1pos+neg))
  K=20: P=0.0139 R=0.2782 NDCG=0.1514 (sampled(1pos+neg))
Epoch 281 | loss=0.034153
VAL metrics:
  K=10: P=0.0214 R=0.2138 NDCG=0.1349 (sampled(1pos+neg))
  K=20: P=0.0139 R=0.2782 NDCG=0.1512 (sampled(1pos+neg))
Epoch 282 | loss=0.034571
VAL metrics:
  K=10: P=0.0214 R=0.2137 NDCG=0.1348 (sampled(1pos+neg))
  K=20: P=0.0139 R=0.2783 NDCG=0.1511 (sampled(1pos+neg))
Epoch 283 | loss=0.034553
VAL metrics:
  K=10: P=0.0213 R=0.2135 NDCG=0.1347 (sampled(1pos+neg))
  K=20: P=0.0139 R=0.2781 NDCG=0.1510 (sampled(1pos+neg))
Epoch 284 | loss=0.033822
VAL metrics:
  K=10: P=0.0213 R=0.2133 NDCG=0.1345 (sampled(1pos+neg))
  K=20: P=0.0139 R=0.2777 NDCG=0.1508 (sampled(1pos+neg))
Epoch 285 | loss=0.035079
VAL metrics:
  K=10: P=0.0213 R=0.2132 NDCG=0.1344 (sampled(1pos+neg))
  K=20: P=0.0139 R=0.2775 NDCG=0.1506 (sampled(1pos+neg))
Epoch 286 | loss=0.034049
VAL metrics:
  K=10: P=0.0213 R=0.2127 NDCG=0.1341 (sampled(1pos+neg))
  K=20: P=0.0139 R=0.2771 NDCG=0.1504 (sampled(1pos+neg))
Epoch 287 | loss=0.034504
VAL metrics:
  K=10: P=0.0213 R=0.2126 NDCG=0.1341 (sampled(1pos+neg))
  K=20: P=0.0138 R=0.2769 NDCG=0.1503 (sampled(1pos+neg))
Epoch 288 | loss=0.033473
VAL metrics:
  K=10: P=0.0213 R=0.2127 NDCG=0.1340 (sampled(1pos+neg))
  K=20: P=0.0138 R=0.2766 NDCG=0.1501 (sampled(1pos+neg))
Epoch 289 | loss=0.033898
VAL metrics:
  K=10: P=0.0213 R=0.2127 NDCG=0.1339 (sampled(1pos+neg))
  K=20: P=0.0138 R=0.2763 NDCG=0.1500 (sampled(1pos+neg))
Epoch 290 | loss=0.033044
VAL metrics:
  K=10: P=0.0213 R=0.2128 NDCG=0.1339 (sampled(1pos+neg))
  K=20: P=0.0138 R=0.2764 NDCG=0.1499 (sampled(1pos+neg))
Epoch 291 | loss=0.032466
VAL metrics:
  K=10: P=0.0212 R=0.2124 NDCG=0.1337 (sampled(1pos+neg))
  K=20: P=0.0138 R=0.2764 NDCG=0.1499 (sampled(1pos+neg))
Epoch 292 | loss=0.031797
VAL metrics:
  K=10: P=0.0212 R=0.2123 NDCG=0.1337 (sampled(1pos+neg))
  K=20: P=0.0138 R=0.2761 NDCG=0.1498 (sampled(1pos+neg))
Epoch 293 | loss=0.033759
VAL metrics:
  K=10: P=0.0212 R=0.2121 NDCG=0.1336 (sampled(1pos+neg))
  K=20: P=0.0138 R=0.2759 NDCG=0.1497 (sampled(1pos+neg))
Epoch 294 | loss=0.032273
VAL metrics:
  K=10: P=0.0212 R=0.2118 NDCG=0.1334 (sampled(1pos+neg))
  K=20: P=0.0138 R=0.2757 NDCG=0.1495 (sampled(1pos+neg))
Epoch 295 | loss=0.032406
VAL metrics:
  K=10: P=0.0212 R=0.2116 NDCG=0.1331 (sampled(1pos+neg))
  K=20: P=0.0138 R=0.2752 NDCG=0.1491 (sampled(1pos+neg))
Epoch 296 | loss=0.031342
VAL metrics:
  K=10: P=0.0211 R=0.2114 NDCG=0.1330 (sampled(1pos+neg))
  K=20: P=0.0138 R=0.2752 NDCG=0.1491 (sampled(1pos+neg))
Epoch 297 | loss=0.033420
VAL metrics:
  K=10: P=0.0211 R=0.2114 NDCG=0.1329 (sampled(1pos+neg))
  K=20: P=0.0138 R=0.2750 NDCG=0.1490 (sampled(1pos+neg))
Epoch 298 | loss=0.032633
VAL metrics:
  K=10: P=0.0211 R=0.2111 NDCG=0.1327 (sampled(1pos+neg))
  K=20: P=0.0138 R=0.2750 NDCG=0.1488 (sampled(1pos+neg))
Epoch 299 | loss=0.030313
VAL metrics:
  K=10: P=0.0211 R=0.2109 NDCG=0.1326 (sampled(1pos+neg))
  K=20: P=0.0137 R=0.2749 NDCG=0.1487 (sampled(1pos+neg))
Epoch 300 | loss=0.031263
VAL metrics:
  K=10: P=0.0211 R=0.2108 NDCG=0.1324 (sampled(1pos+neg))
  K=20: P=0.0137 R=0.2748 NDCG=0.1485 (sampled(1pos+neg))
Epoch 301 | loss=0.030991
VAL metrics:
  K=10: P=0.0211 R=0.2107 NDCG=0.1323 (sampled(1pos+neg))
  K=20: P=0.0137 R=0.2744 NDCG=0.1483 (sampled(1pos+neg))
Epoch 302 | loss=0.031124
VAL metrics:
  K=10: P=0.0211 R=0.2106 NDCG=0.1321 (sampled(1pos+neg))
  K=20: P=0.0137 R=0.2748 NDCG=0.1483 (sampled(1pos+neg))
Epoch 303 | loss=0.031163
VAL metrics:
  K=10: P=0.0210 R=0.2104 NDCG=0.1320 (sampled(1pos+neg))
  K=20: P=0.0137 R=0.2746 NDCG=0.1481 (sampled(1pos+neg))
Epoch 304 | loss=0.031722
VAL metrics:
  K=10: P=0.0210 R=0.2101 NDCG=0.1318 (sampled(1pos+neg))
  K=20: P=0.0137 R=0.2744 NDCG=0.1481 (sampled(1pos+neg))
Epoch 305 | loss=0.030894
VAL metrics:
  K=10: P=0.0210 R=0.2099 NDCG=0.1316 (sampled(1pos+neg))
  K=20: P=0.0137 R=0.2740 NDCG=0.1478 (sampled(1pos+neg))
Epoch 306 | loss=0.030299
VAL metrics:
  K=10: P=0.0210 R=0.2099 NDCG=0.1315 (sampled(1pos+neg))
  K=20: P=0.0137 R=0.2736 NDCG=0.1476 (sampled(1pos+neg))
Epoch 307 | loss=0.031327
VAL metrics:
  K=10: P=0.0210 R=0.2098 NDCG=0.1314 (sampled(1pos+neg))
  K=20: P=0.0137 R=0.2733 NDCG=0.1474 (sampled(1pos+neg))
Epoch 308 | loss=0.030862
VAL metrics:
  K=10: P=0.0210 R=0.2098 NDCG=0.1313 (sampled(1pos+neg))
  K=20: P=0.0137 R=0.2731 NDCG=0.1472 (sampled(1pos+neg))
Epoch 309 | loss=0.030584
VAL metrics:
  K=10: P=0.0210 R=0.2096 NDCG=0.1313 (sampled(1pos+neg))
  K=20: P=0.0136 R=0.2729 NDCG=0.1472 (sampled(1pos+neg))
Epoch 310 | loss=0.029740
VAL metrics:
  K=10: P=0.0210 R=0.2096 NDCG=0.1312 (sampled(1pos+neg))
  K=20: P=0.0136 R=0.2728 NDCG=0.1471 (sampled(1pos+neg))
Epoch 311 | loss=0.030646
VAL metrics:
  K=10: P=0.0209 R=0.2092 NDCG=0.1310 (sampled(1pos+neg))
  K=20: P=0.0136 R=0.2728 NDCG=0.1470 (sampled(1pos+neg))
Epoch 312 | loss=0.031114
VAL metrics:
  K=10: P=0.0209 R=0.2091 NDCG=0.1308 (sampled(1pos+neg))
  K=20: P=0.0136 R=0.2727 NDCG=0.1469 (sampled(1pos+neg))
Epoch 313 | loss=0.029573
VAL metrics:
  K=10: P=0.0209 R=0.2089 NDCG=0.1306 (sampled(1pos+neg))
  K=20: P=0.0136 R=0.2726 NDCG=0.1467 (sampled(1pos+neg))
Epoch 314 | loss=0.029423
VAL metrics:
  K=10: P=0.0209 R=0.2087 NDCG=0.1305 (sampled(1pos+neg))
  K=20: P=0.0136 R=0.2724 NDCG=0.1465 (sampled(1pos+neg))
Epoch 315 | loss=0.029839
VAL metrics:
  K=10: P=0.0209 R=0.2086 NDCG=0.1304 (sampled(1pos+neg))
  K=20: P=0.0136 R=0.2723 NDCG=0.1464 (sampled(1pos+neg))
Epoch 316 | loss=0.029834
VAL metrics:
  K=10: P=0.0209 R=0.2087 NDCG=0.1303 (sampled(1pos+neg))
  K=20: P=0.0136 R=0.2719 NDCG=0.1462 (sampled(1pos+neg))
Epoch 317 | loss=0.029742
VAL metrics:
  K=10: P=0.0208 R=0.2082 NDCG=0.1301 (sampled(1pos+neg))
  K=20: P=0.0136 R=0.2721 NDCG=0.1462 (sampled(1pos+neg))
Epoch 318 | loss=0.029682
VAL metrics:
  K=10: P=0.0208 R=0.2081 NDCG=0.1300 (sampled(1pos+neg))
  K=20: P=0.0136 R=0.2718 NDCG=0.1461 (sampled(1pos+neg))
Epoch 319 | loss=0.029326
VAL metrics:
  K=10: P=0.0208 R=0.2080 NDCG=0.1300 (sampled(1pos+neg))
  K=20: P=0.0136 R=0.2716 NDCG=0.1460 (sampled(1pos+neg))
Epoch 320 | loss=0.028486
VAL metrics:
  K=10: P=0.0208 R=0.2077 NDCG=0.1298 (sampled(1pos+neg))
  K=20: P=0.0136 R=0.2712 NDCG=0.1459 (sampled(1pos+neg))
Epoch 321 | loss=0.028663
VAL metrics:
  K=10: P=0.0207 R=0.2075 NDCG=0.1298 (sampled(1pos+neg))
  K=20: P=0.0136 R=0.2711 NDCG=0.1459 (sampled(1pos+neg))
Epoch 322 | loss=0.028164
VAL metrics:
  K=10: P=0.0207 R=0.2074 NDCG=0.1298 (sampled(1pos+neg))
  K=20: P=0.0136 R=0.2711 NDCG=0.1458 (sampled(1pos+neg))
Epoch 323 | loss=0.027417
VAL metrics:
  K=10: P=0.0207 R=0.2073 NDCG=0.1296 (sampled(1pos+neg))
  K=20: P=0.0136 R=0.2711 NDCG=0.1457 (sampled(1pos+neg))
Epoch 324 | loss=0.028111
VAL metrics:
  K=10: P=0.0207 R=0.2074 NDCG=0.1295 (sampled(1pos+neg))
  K=20: P=0.0136 R=0.2711 NDCG=0.1455 (sampled(1pos+neg))
Epoch 325 | loss=0.027923
VAL metrics:
  K=10: P=0.0207 R=0.2072 NDCG=0.1295 (sampled(1pos+neg))
  K=20: P=0.0135 R=0.2706 NDCG=0.1454 (sampled(1pos+neg))
Epoch 326 | loss=0.026740
VAL metrics:
  K=10: P=0.0207 R=0.2073 NDCG=0.1294 (sampled(1pos+neg))
  K=20: P=0.0135 R=0.2706 NDCG=0.1454 (sampled(1pos+neg))
Epoch 327 | loss=0.028381
VAL metrics:
  K=10: P=0.0207 R=0.2072 NDCG=0.1293 (sampled(1pos+neg))
  K=20: P=0.0135 R=0.2702 NDCG=0.1452 (sampled(1pos+neg))
Epoch 328 | loss=0.026251
VAL metrics:
  K=10: P=0.0207 R=0.2068 NDCG=0.1290 (sampled(1pos+neg))
  K=20: P=0.0135 R=0.2701 NDCG=0.1450 (sampled(1pos+neg))
Epoch 329 | loss=0.027152
VAL metrics:
  K=10: P=0.0207 R=0.2068 NDCG=0.1288 (sampled(1pos+neg))
  K=20: P=0.0135 R=0.2702 NDCG=0.1448 (sampled(1pos+neg))
Epoch 330 | loss=0.026297
VAL metrics:
  K=10: P=0.0206 R=0.2064 NDCG=0.1287 (sampled(1pos+neg))
  K=20: P=0.0135 R=0.2701 NDCG=0.1447 (sampled(1pos+neg))
Epoch 331 | loss=0.026611
VAL metrics:
  K=10: P=0.0206 R=0.2064 NDCG=0.1286 (sampled(1pos+neg))
  K=20: P=0.0135 R=0.2696 NDCG=0.1445 (sampled(1pos+neg))
Epoch 332 | loss=0.028494
VAL metrics:
  K=10: P=0.0206 R=0.2065 NDCG=0.1286 (sampled(1pos+neg))
  K=20: P=0.0135 R=0.2698 NDCG=0.1445 (sampled(1pos+neg))
Epoch 333 | loss=0.026591
VAL metrics:
  K=10: P=0.0206 R=0.2064 NDCG=0.1285 (sampled(1pos+neg))
  K=20: P=0.0135 R=0.2695 NDCG=0.1444 (sampled(1pos+neg))
Epoch 334 | loss=0.026936
VAL metrics:
  K=10: P=0.0206 R=0.2061 NDCG=0.1283 (sampled(1pos+neg))
  K=20: P=0.0135 R=0.2693 NDCG=0.1442 (sampled(1pos+neg))
Epoch 335 | loss=0.026080
VAL metrics:
  K=10: P=0.0206 R=0.2059 NDCG=0.1282 (sampled(1pos+neg))
  K=20: P=0.0135 R=0.2692 NDCG=0.1441 (sampled(1pos+neg))
Epoch 336 | loss=0.026111
VAL metrics:
  K=10: P=0.0206 R=0.2056 NDCG=0.1280 (sampled(1pos+neg))
  K=20: P=0.0135 R=0.2690 NDCG=0.1440 (sampled(1pos+neg))
Epoch 337 | loss=0.026160
VAL metrics:
  K=10: P=0.0205 R=0.2054 NDCG=0.1279 (sampled(1pos+neg))
  K=20: P=0.0135 R=0.2691 NDCG=0.1440 (sampled(1pos+neg))
Epoch 338 | loss=0.026128
VAL metrics:
  K=10: P=0.0205 R=0.2054 NDCG=0.1278 (sampled(1pos+neg))
  K=20: P=0.0134 R=0.2690 NDCG=0.1439 (sampled(1pos+neg))
Epoch 339 | loss=0.026196
VAL metrics:
  K=10: P=0.0205 R=0.2054 NDCG=0.1277 (sampled(1pos+neg))
  K=20: P=0.0134 R=0.2688 NDCG=0.1436 (sampled(1pos+neg))
Epoch 340 | loss=0.026929
VAL metrics:
  K=10: P=0.0205 R=0.2050 NDCG=0.1274 (sampled(1pos+neg))
  K=20: P=0.0134 R=0.2686 NDCG=0.1434 (sampled(1pos+neg))
Epoch 341 | loss=0.025086
VAL metrics:
  K=10: P=0.0205 R=0.2049 NDCG=0.1273 (sampled(1pos+neg))
  K=20: P=0.0134 R=0.2684 NDCG=0.1433 (sampled(1pos+neg))
Epoch 342 | loss=0.026054
VAL metrics:
  K=10: P=0.0204 R=0.2044 NDCG=0.1271 (sampled(1pos+neg))
  K=20: P=0.0134 R=0.2683 NDCG=0.1432 (sampled(1pos+neg))
Epoch 343 | loss=0.025426
VAL metrics:
  K=10: P=0.0204 R=0.2042 NDCG=0.1271 (sampled(1pos+neg))
  K=20: P=0.0134 R=0.2682 NDCG=0.1432 (sampled(1pos+neg))
Epoch 344 | loss=0.026122
VAL metrics:
  K=10: P=0.0204 R=0.2041 NDCG=0.1270 (sampled(1pos+neg))
  K=20: P=0.0134 R=0.2684 NDCG=0.1432 (sampled(1pos+neg))
Epoch 345 | loss=0.026075
VAL metrics:
  K=10: P=0.0204 R=0.2041 NDCG=0.1269 (sampled(1pos+neg))
  K=20: P=0.0134 R=0.2685 NDCG=0.1431 (sampled(1pos+neg))
Epoch 346 | loss=0.025881
VAL metrics:
  K=10: P=0.0204 R=0.2038 NDCG=0.1267 (sampled(1pos+neg))
  K=20: P=0.0134 R=0.2681 NDCG=0.1429 (sampled(1pos+neg))
Epoch 347 | loss=0.025600
VAL metrics:
  K=10: P=0.0204 R=0.2038 NDCG=0.1266 (sampled(1pos+neg))
  K=20: P=0.0134 R=0.2682 NDCG=0.1428 (sampled(1pos+neg))
Epoch 348 | loss=0.025286
VAL metrics:
  K=10: P=0.0204 R=0.2037 NDCG=0.1265 (sampled(1pos+neg))
  K=20: P=0.0134 R=0.2680 NDCG=0.1427 (sampled(1pos+neg))
Epoch 349 | loss=0.026714
VAL metrics:
  K=10: P=0.0204 R=0.2036 NDCG=0.1264 (sampled(1pos+neg))
  K=20: P=0.0134 R=0.2679 NDCG=0.1426 (sampled(1pos+neg))
Epoch 350 | loss=0.026146
VAL metrics:
  K=10: P=0.0204 R=0.2038 NDCG=0.1265 (sampled(1pos+neg))
  K=20: P=0.0134 R=0.2678 NDCG=0.1425 (sampled(1pos+neg))
Epoch 351 | loss=0.024615
VAL metrics:
  K=10: P=0.0204 R=0.2035 NDCG=0.1263 (sampled(1pos+neg))
  K=20: P=0.0134 R=0.2679 NDCG=0.1425 (sampled(1pos+neg))
Epoch 352 | loss=0.025433
VAL metrics:
  K=10: P=0.0203 R=0.2035 NDCG=0.1262 (sampled(1pos+neg))
  K=20: P=0.0134 R=0.2679 NDCG=0.1424 (sampled(1pos+neg))
Epoch 353 | loss=0.025786
VAL metrics:
  K=10: P=0.0203 R=0.2035 NDCG=0.1261 (sampled(1pos+neg))
  K=20: P=0.0134 R=0.2677 NDCG=0.1422 (sampled(1pos+neg))
Epoch 354 | loss=0.024590
VAL metrics:
  K=10: P=0.0203 R=0.2033 NDCG=0.1260 (sampled(1pos+neg))
  K=20: P=0.0134 R=0.2675 NDCG=0.1421 (sampled(1pos+neg))
Epoch 355 | loss=0.024465
VAL metrics:
  K=10: P=0.0203 R=0.2033 NDCG=0.1260 (sampled(1pos+neg))
  K=20: P=0.0134 R=0.2672 NDCG=0.1421 (sampled(1pos+neg))
Epoch 356 | loss=0.023873
VAL metrics:
  K=10: P=0.0203 R=0.2033 NDCG=0.1259 (sampled(1pos+neg))
  K=20: P=0.0133 R=0.2669 NDCG=0.1419 (sampled(1pos+neg))
Epoch 357 | loss=0.023839
VAL metrics:
  K=10: P=0.0203 R=0.2032 NDCG=0.1259 (sampled(1pos+neg))
  K=20: P=0.0133 R=0.2669 NDCG=0.1419 (sampled(1pos+neg))
Epoch 358 | loss=0.023408
VAL metrics:
  K=10: P=0.0203 R=0.2032 NDCG=0.1257 (sampled(1pos+neg))
  K=20: P=0.0133 R=0.2667 NDCG=0.1417 (sampled(1pos+neg))
Epoch 359 | loss=0.023770
VAL metrics:
  K=10: P=0.0203 R=0.2028 NDCG=0.1256 (sampled(1pos+neg))
  K=20: P=0.0133 R=0.2663 NDCG=0.1416 (sampled(1pos+neg))
Epoch 360 | loss=0.022934
VAL metrics:
  K=10: P=0.0202 R=0.2023 NDCG=0.1254 (sampled(1pos+neg))
  K=20: P=0.0133 R=0.2661 NDCG=0.1414 (sampled(1pos+neg))
Epoch 361 | loss=0.024188
VAL metrics:
  K=10: P=0.0202 R=0.2022 NDCG=0.1253 (sampled(1pos+neg))
  K=20: P=0.0133 R=0.2662 NDCG=0.1414 (sampled(1pos+neg))
Epoch 362 | loss=0.023927
VAL metrics:
  K=10: P=0.0202 R=0.2018 NDCG=0.1251 (sampled(1pos+neg))
  K=20: P=0.0133 R=0.2659 NDCG=0.1413 (sampled(1pos+neg))
Epoch 363 | loss=0.024794
VAL metrics:
  K=10: P=0.0202 R=0.2019 NDCG=0.1251 (sampled(1pos+neg))
  K=20: P=0.0133 R=0.2656 NDCG=0.1412 (sampled(1pos+neg))
Epoch 364 | loss=0.023119
VAL metrics:
  K=10: P=0.0202 R=0.2016 NDCG=0.1250 (sampled(1pos+neg))
  K=20: P=0.0133 R=0.2655 NDCG=0.1411 (sampled(1pos+neg))
Epoch 365 | loss=0.024170
VAL metrics:
  K=10: P=0.0202 R=0.2016 NDCG=0.1250 (sampled(1pos+neg))
  K=20: P=0.0133 R=0.2656 NDCG=0.1411 (sampled(1pos+neg))
Epoch 366 | loss=0.023196
VAL metrics:
  K=10: P=0.0201 R=0.2013 NDCG=0.1248 (sampled(1pos+neg))
  K=20: P=0.0133 R=0.2655 NDCG=0.1410 (sampled(1pos+neg))
Epoch 367 | loss=0.021997
VAL metrics:
  K=10: P=0.0201 R=0.2012 NDCG=0.1247 (sampled(1pos+neg))
  K=20: P=0.0133 R=0.2654 NDCG=0.1408 (sampled(1pos+neg))
Epoch 368 | loss=0.023501
VAL metrics:
  K=10: P=0.0201 R=0.2010 NDCG=0.1246 (sampled(1pos+neg))
  K=20: P=0.0132 R=0.2650 NDCG=0.1407 (sampled(1pos+neg))
Epoch 369 | loss=0.023516
VAL metrics:
  K=10: P=0.0200 R=0.2004 NDCG=0.1243 (sampled(1pos+neg))
  K=20: P=0.0133 R=0.2651 NDCG=0.1406 (sampled(1pos+neg))
Epoch 370 | loss=0.022985
VAL metrics:
  K=10: P=0.0200 R=0.2005 NDCG=0.1243 (sampled(1pos+neg))
  K=20: P=0.0132 R=0.2648 NDCG=0.1405 (sampled(1pos+neg))
Epoch 371 | loss=0.022688
VAL metrics:
  K=10: P=0.0200 R=0.2004 NDCG=0.1242 (sampled(1pos+neg))
  K=20: P=0.0132 R=0.2648 NDCG=0.1404 (sampled(1pos+neg))
Epoch 372 | loss=0.023047
VAL metrics:
  K=10: P=0.0200 R=0.2005 NDCG=0.1242 (sampled(1pos+neg))
  K=20: P=0.0132 R=0.2646 NDCG=0.1403 (sampled(1pos+neg))
Epoch 373 | loss=0.023674
VAL metrics:
  K=10: P=0.0200 R=0.2002 NDCG=0.1240 (sampled(1pos+neg))
  K=20: P=0.0132 R=0.2644 NDCG=0.1402 (sampled(1pos+neg))
Epoch 374 | loss=0.023132
VAL metrics:
  K=10: P=0.0200 R=0.2001 NDCG=0.1240 (sampled(1pos+neg))
  K=20: P=0.0132 R=0.2644 NDCG=0.1402 (sampled(1pos+neg))
Epoch 375 | loss=0.023706
VAL metrics:
  K=10: P=0.0200 R=0.2000 NDCG=0.1239 (sampled(1pos+neg))
  K=20: P=0.0132 R=0.2642 NDCG=0.1400 (sampled(1pos+neg))
Epoch 376 | loss=0.022696
VAL metrics:
  K=10: P=0.0200 R=0.1998 NDCG=0.1237 (sampled(1pos+neg))
  K=20: P=0.0132 R=0.2641 NDCG=0.1399 (sampled(1pos+neg))
Epoch 377 | loss=0.022279
VAL metrics:
  K=10: P=0.0200 R=0.1997 NDCG=0.1237 (sampled(1pos+neg))
  K=20: P=0.0132 R=0.2642 NDCG=0.1399 (sampled(1pos+neg))
Epoch 378 | loss=0.021270
VAL metrics:
  K=10: P=0.0200 R=0.1995 NDCG=0.1236 (sampled(1pos+neg))
  K=20: P=0.0132 R=0.2640 NDCG=0.1398 (sampled(1pos+neg))
Epoch 379 | loss=0.021234
VAL metrics:
  K=10: P=0.0199 R=0.1991 NDCG=0.1234 (sampled(1pos+neg))
  K=20: P=0.0132 R=0.2639 NDCG=0.1397 (sampled(1pos+neg))
Epoch 380 | loss=0.023563
VAL metrics:
  K=10: P=0.0199 R=0.1989 NDCG=0.1232 (sampled(1pos+neg))
  K=20: P=0.0132 R=0.2637 NDCG=0.1396 (sampled(1pos+neg))
Epoch 381 | loss=0.022799
VAL metrics:
  K=10: P=0.0199 R=0.1989 NDCG=0.1231 (sampled(1pos+neg))
  K=20: P=0.0132 R=0.2636 NDCG=0.1394 (sampled(1pos+neg))
Epoch 382 | loss=0.021398
VAL metrics:
  K=10: P=0.0199 R=0.1990 NDCG=0.1230 (sampled(1pos+neg))
  K=20: P=0.0132 R=0.2637 NDCG=0.1392 (sampled(1pos+neg))
Epoch 383 | loss=0.021886
VAL metrics:
  K=10: P=0.0199 R=0.1987 NDCG=0.1228 (sampled(1pos+neg))
  K=20: P=0.0132 R=0.2636 NDCG=0.1392 (sampled(1pos+neg))
Epoch 384 | loss=0.020704
VAL metrics:
  K=10: P=0.0199 R=0.1986 NDCG=0.1228 (sampled(1pos+neg))
  K=20: P=0.0132 R=0.2632 NDCG=0.1391 (sampled(1pos+neg))
Epoch 385 | loss=0.021499
VAL metrics:
  K=10: P=0.0199 R=0.1987 NDCG=0.1228 (sampled(1pos+neg))
  K=20: P=0.0132 R=0.2633 NDCG=0.1390 (sampled(1pos+neg))
Epoch 386 | loss=0.022279
VAL metrics:
  K=10: P=0.0199 R=0.1987 NDCG=0.1228 (sampled(1pos+neg))
  K=20: P=0.0131 R=0.2629 NDCG=0.1390 (sampled(1pos+neg))
Epoch 387 | loss=0.021088
VAL metrics:
  K=10: P=0.0199 R=0.1986 NDCG=0.1227 (sampled(1pos+neg))
  K=20: P=0.0132 R=0.2631 NDCG=0.1389 (sampled(1pos+neg))
Epoch 388 | loss=0.022372
VAL metrics:
  K=10: P=0.0198 R=0.1984 NDCG=0.1226 (sampled(1pos+neg))
  K=20: P=0.0131 R=0.2629 NDCG=0.1388 (sampled(1pos+neg))
Epoch 389 | loss=0.021548
VAL metrics:
  K=10: P=0.0198 R=0.1982 NDCG=0.1225 (sampled(1pos+neg))
  K=20: P=0.0131 R=0.2630 NDCG=0.1388 (sampled(1pos+neg))
Epoch 390 | loss=0.021149
VAL metrics:
  K=10: P=0.0198 R=0.1983 NDCG=0.1224 (sampled(1pos+neg))
  K=20: P=0.0131 R=0.2627 NDCG=0.1386 (sampled(1pos+neg))
Epoch 391 | loss=0.020713
VAL metrics:
  K=10: P=0.0198 R=0.1983 NDCG=0.1224 (sampled(1pos+neg))
  K=20: P=0.0131 R=0.2624 NDCG=0.1385 (sampled(1pos+neg))
Epoch 392 | loss=0.020673
VAL metrics:
  K=10: P=0.0198 R=0.1982 NDCG=0.1223 (sampled(1pos+neg))
  K=20: P=0.0131 R=0.2621 NDCG=0.1384 (sampled(1pos+neg))
Epoch 393 | loss=0.020587
VAL metrics:
  K=10: P=0.0198 R=0.1980 NDCG=0.1222 (sampled(1pos+neg))
  K=20: P=0.0131 R=0.2619 NDCG=0.1383 (sampled(1pos+neg))
Epoch 394 | loss=0.020911
VAL metrics:
  K=10: P=0.0198 R=0.1977 NDCG=0.1220 (sampled(1pos+neg))
  K=20: P=0.0131 R=0.2619 NDCG=0.1382 (sampled(1pos+neg))
Epoch 395 | loss=0.021340
VAL metrics:
  K=10: P=0.0197 R=0.1974 NDCG=0.1219 (sampled(1pos+neg))
  K=20: P=0.0131 R=0.2620 NDCG=0.1381 (sampled(1pos+neg))
Epoch 396 | loss=0.020049
VAL metrics:
  K=10: P=0.0197 R=0.1972 NDCG=0.1219 (sampled(1pos+neg))
  K=20: P=0.0131 R=0.2619 NDCG=0.1382 (sampled(1pos+neg))
Epoch 397 | loss=0.020768
VAL metrics:
  K=10: P=0.0197 R=0.1972 NDCG=0.1219 (sampled(1pos+neg))
  K=20: P=0.0131 R=0.2619 NDCG=0.1382 (sampled(1pos+neg))
Epoch 398 | loss=0.020283
VAL metrics:
  K=10: P=0.0197 R=0.1971 NDCG=0.1218 (sampled(1pos+neg))
  K=20: P=0.0131 R=0.2618 NDCG=0.1381 (sampled(1pos+neg))
Epoch 399 | loss=0.020534
VAL metrics:
  K=10: P=0.0197 R=0.1971 NDCG=0.1218 (sampled(1pos+neg))
  K=20: P=0.0131 R=0.2617 NDCG=0.1380 (sampled(1pos+neg))
Epoch 400 | loss=0.020899
VAL metrics:
  K=10: P=0.0197 R=0.1971 NDCG=0.1218 (sampled(1pos+neg))
  K=20: P=0.0131 R=0.2615 NDCG=0.1380 (sampled(1pos+neg))

TEST metrics:
  K=10: P=0.0284 R=0.2843 NDCG=0.1918 (sampled(1pos+neg))
  K=20: P=0.0174 R=0.3483 NDCG=0.2079 (sampled(1pos+neg))
